==========================================
Single-core Simulation
Test case: ST64_RANDOM_TEST_64X32
==========================================
===============================          0 Column Results    ======================================
Item0   Comp Pass! error percent: 0.000000%, golden result: 4.663444, dut result: 4.663444
===============================          1 Column Results    ======================================
Item0   Comp Pass! error percent: 0.000043%, golden result: 0.552688, dut result: 0.552688
Item1   Comp Pass! error percent: 0.000011%, golden result: 4.248001, dut result: 4.248000
===============================          2 Column Results    ======================================
Item0   Comp Pass! error percent: 0.000021%, golden result: 0.575293, dut result: 0.575293
Item1   Comp Pass! error percent: 0.000000%, golden result: 0.426109, dut result: 0.426109
Item2   Comp Pass! error percent: 0.000011%, golden result: 4.449481, dut result: 4.449481
===============================          3 Column Results    ======================================
Item0   Comp Pass! error percent: 0.000056%, golden result: 0.422142, dut result: 0.422142
Item1   Comp Pass! error percent: 0.000000%, golden result: 0.155380, dut result: 0.155380
Item2   Comp Pass! error percent: 0.000010%, golden result: 0.588514, dut result: 0.588514
Item3   Comp Pass! error percent: 0.000009%, golden result: 5.051720, dut result: 5.051720
===============================          4 Column Results    ======================================
Item0   Comp Pass! error percent: 0.000014%, golden result: 1.714133, dut result: 1.714133
Item1   Comp Pass! error percent: 0.000014%, golden result: 0.434773, dut result: 0.434773
Item2   Comp Pass! error percent: 0.000023%, golden result: 0.524331, dut result: 0.524332
Item3   Comp Pass! error percent: 0.000015%, golden result: 0.813626, dut result: 0.813626
Item4   Comp Pass! error percent: 0.000012%, golden result: 3.922576, dut result: 3.922577
===============================          5 Column Results    ======================================
Item0   Comp Pass! error percent: 0.000072%, golden result: 0.374481, dut result: 0.374481
Item1   Comp Pass! error percent: 0.000117%, golden result: 0.408160, dut result: 0.408160
Item2   Comp Pass! error percent: 0.000000%, golden result: 0.153010, dut result: 0.153010
Item3   Comp Pass! error percent: 0.000015%, golden result: 0.778778, dut result: 0.778778
Item4   Comp Pass! error percent: 0.000010%, golden result: 0.607804, dut result: 0.607804
Item5   Comp Pass! error percent: 0.000019%, golden result: 4.967845, dut result: 4.967844
===============================          6 Column Results    ======================================
Item0   Comp Pass! error percent: 0.000022%, golden result: 0.819465, dut result: 0.819465
Item1   Comp Pass! error percent: 0.000217%, golden result: 0.034358, dut result: 0.034358
Item2   Comp Pass! error percent: 0.000008%, golden result: 0.720492, dut result: 0.720492
Item3   Comp Pass! error percent: 0.000000%, golden result: 1.218404, dut result: 1.218404
Item4   Comp Pass! error percent: 0.000185%, golden result: 0.113012, dut result: 0.113012
Item5   Comp Pass! error percent: 0.000021%, golden result: 0.419178, dut result: 0.419178
Item6   Comp Pass! error percent: 0.000011%, golden result: 4.317022, dut result: 4.317022
===============================          7 Column Results    ======================================
Item0   Comp Pass! error percent: 0.000020%, golden result: 0.447245, dut result: 0.447245
Item1   Comp Pass! error percent: 0.000056%, golden result: 0.212931, dut result: 0.212931
Item2   Comp Pass! error percent: 0.000092%, golden result: 0.519988, dut result: 0.519987
Item3   Comp Pass! error percent: 0.000199%, golden result: 0.059952, dut result: 0.059951
Item4   Comp Pass! error percent: 0.000043%, golden result: 0.552054, dut result: 0.552054
Item5   Comp Pass! error percent: 0.000016%, golden result: 0.761883, dut result: 0.761883
Item6   Comp Pass! error percent: 0.000023%, golden result: 0.198234, dut result: 0.198234
Item7   Comp Pass! error percent: 0.000000%, golden result: 4.239243, dut result: 4.239243
===============================          8 Column Results    ======================================
Item0   Comp Pass! error percent: 0.000000%, golden result: 0.035236, dut result: 0.035236
Item1   Comp Pass! error percent: 0.000042%, golden result: 0.142415, dut result: 0.142415
Item2   Comp Pass! error percent: 0.000015%, golden result: 1.578826, dut result: 1.578825
Item3   Comp Pass! error percent: 0.000025%, golden result: 0.478134, dut result: 0.478134
Item4   Comp Pass! error percent: 0.000015%, golden result: 0.770199, dut result: 0.770199
Item5   Comp Pass! error percent: 0.000152%, golden result: 0.019614, dut result: 0.019614
Item6   Comp Pass! error percent: 0.000042%, golden result: 0.284171, dut result: 0.284171
Item7   Comp Pass! error percent: 0.000056%, golden result: 0.212126, dut result: 0.212126
Item8   Comp Pass! error percent: 0.000018%, golden result: 3.898572, dut result: 3.898572
===============================          9 Column Results    ======================================
Item0   Comp Pass! error percent: 0.000358%, golden result: 0.116466, dut result: 0.116467
Item1   Comp Pass! error percent: 0.000436%, golden result: 0.027351, dut result: 0.027351
Item2   Comp Pass! error percent: 0.000030%, golden result: 0.997604, dut result: 0.997604
Item3   Comp Pass! error percent: 0.000018%, golden result: 0.322635, dut result: 0.322635
Item4   Comp Pass! error percent: 0.000018%, golden result: 1.291760, dut result: 1.291760
Item5   Comp Pass! error percent: 0.000000%, golden result: 0.723540, dut result: 0.723540
Item6   Comp Pass! error percent: 0.000029%, golden result: 0.625290, dut result: 0.625290
Item7   Comp Pass! error percent: 0.000007%, golden result: 0.852119, dut result: 0.852119
Item8   Comp Pass! error percent: 0.000000%, golden result: 0.361151, dut result: 0.361151
Item9   Comp Pass! error percent: 0.000011%, golden result: 4.298661, dut result: 4.298661
===============================         10 Column Results    ======================================
Item0   Comp Pass! error percent: 0.000018%, golden result: 0.974099, dut result: 0.974099
Item1   Comp Pass! error percent: 0.000000%, golden result: 0.758743, dut result: 0.758743
Item2   Comp Pass! error percent: 0.000176%, golden result: 0.067565, dut result: 0.067565
Item3   Comp Pass! error percent: 0.000025%, golden result: 0.235122, dut result: 0.235122
Item4   Comp Pass! error percent: 0.000258%, golden result: 0.115604, dut result: 0.115604
Item5   Comp Pass! error percent: 0.000911%, golden result: 0.039261, dut result: 0.039261
Item6   Comp Pass! error percent: 0.000512%, golden result: 0.011640, dut result: 0.011640
Item7   Comp Pass! error percent: 0.000000%, golden result: 0.206552, dut result: 0.206552
Item8   Comp Pass! error percent: 0.000035%, golden result: 0.128904, dut result: 0.128904
Item9   Comp Pass! error percent: 0.000019%, golden result: 0.320047, dut result: 0.320047
Item10  Comp Pass! error percent: 0.000010%, golden result: 4.555960, dut result: 4.555961
===============================         11 Column Results    ======================================
Item0   Comp Pass! error percent: 0.000050%, golden result: 0.355656, dut result: 0.355656
Item1   Comp Pass! error percent: 0.000033%, golden result: 0.181554, dut result: 0.181554
Item2   Comp Pass! error percent: 0.000023%, golden result: 0.524587, dut result: 0.524587
Item3   Comp Pass! error percent: 0.000014%, golden result: 0.439285, dut result: 0.439285
Item4   Comp Pass! error percent: 0.000091%, golden result: 0.458720, dut result: 0.458720
Item5   Comp Pass! error percent: 0.000036%, golden result: 0.125277, dut result: 0.125277
Item6   Comp Pass! error percent: 0.000032%, golden result: 0.278853, dut result: 0.278852
Item7   Comp Pass! error percent: 0.000000%, golden result: 0.013535, dut result: 0.013535
Item8   Comp Pass! error percent: 0.000000%, golden result: 0.923700, dut result: 0.923700
Item9   Comp Pass! error percent: 0.000006%, golden result: 0.948320, dut result: 0.948320
Item10  Comp Pass! error percent: 0.000038%, golden result: 0.475503, dut result: 0.475503
Item11  Comp Pass! error percent: 0.000000%, golden result: 4.277446, dut result: 4.277446
===============================         12 Column Results    ======================================
Item0   Comp Pass! error percent: 0.000037%, golden result: 1.297583, dut result: 1.297584
Item1   Comp Pass! error percent: 0.000008%, golden result: 0.786907, dut result: 0.786907
Item2   Comp Pass! error percent: 0.000056%, golden result: 0.264644, dut result: 0.264644
Item3   Comp Pass! error percent: 0.000340%, golden result: 0.070126, dut result: 0.070126
Item4   Comp Pass! error percent: 0.000137%, golden result: 0.434063, dut result: 0.434064
Item5   Comp Pass! error percent: 0.000029%, golden result: 0.819563, dut result: 0.819563
Item6   Comp Pass! error percent: 0.000065%, golden result: 0.411739, dut result: 0.411739
Item7   Comp Pass! error percent: 0.000051%, golden result: 0.234062, dut result: 0.234062
Item8   Comp Pass! error percent: 0.000134%, golden result: 0.223056, dut result: 0.223056
Item9   Comp Pass! error percent: 0.000020%, golden result: 0.607730, dut result: 0.607730
Item10  Comp Pass! error percent: 0.000000%, golden result: 0.056506, dut result: 0.056506
Item11  Comp Pass! error percent: 0.001239%, golden result: 0.033665, dut result: 0.033665
Item12  Comp Pass! error percent: 0.000011%, golden result: 4.149587, dut result: 4.149588
===============================         13 Column Results    ======================================
Item0   Comp Pass! error percent: 0.000066%, golden result: 0.360098, dut result: 0.360099
Item1   Comp Pass! error percent: 0.000011%, golden result: 0.567107, dut result: 0.567107
Item2   Comp Pass! error percent: 0.000000%, golden result: 1.015962, dut result: 1.015962
Item3   Comp Pass! error percent: 0.000013%, golden result: 0.474711, dut result: 0.474711
Item4   Comp Pass! error percent: 0.000086%, golden result: 0.138850, dut result: 0.138850
Item5   Comp Pass! error percent: 0.000007%, golden result: 0.404635, dut result: 0.404635
Item6   Comp Pass! error percent: 0.000037%, golden result: 0.319878, dut result: 0.319878
Item7   Comp Pass! error percent: 0.000030%, golden result: 0.587758, dut result: 0.587758
Item8   Comp Pass! error percent: 0.000021%, golden result: 0.868736, dut result: 0.868737
Item9   Comp Pass! error percent: 0.000462%, golden result: 0.009677, dut result: 0.009677
Item10  Comp Pass! error percent: 0.000012%, golden result: 1.017412, dut result: 1.017412
Item11  Comp Pass! error percent: 0.000009%, golden result: 1.302612, dut result: 1.302612
Item12  Comp Pass! error percent: 0.000283%, golden result: 0.084109, dut result: 0.084109
Item13  Comp Pass! error percent: 0.000018%, golden result: 3.960439, dut result: 3.960440
===============================         14 Column Results    ======================================
Item0   Comp Pass! error percent: 0.000017%, golden result: 0.708658, dut result: 0.708658
Item1   Comp Pass! error percent: 0.000021%, golden result: 0.563780, dut result: 0.563780
Item2   Comp Pass! error percent: 0.000061%, golden result: 0.194786, dut result: 0.194786
Item3   Comp Pass! error percent: 0.000039%, golden result: 0.772315, dut result: 0.772315
Item4   Comp Pass! error percent: 0.000042%, golden result: 0.282611, dut result: 0.282611
Item5   Comp Pass! error percent: 0.000078%, golden result: 0.383947, dut result: 0.383947
Item6   Comp Pass! error percent: 0.000046%, golden result: 0.388651, dut result: 0.388651
Item7   Comp Pass! error percent: 0.000009%, golden result: 0.326411, dut result: 0.326411
Item8   Comp Pass! error percent: 0.000000%, golden result: 0.488401, dut result: 0.488401
Item9   Comp Pass! error percent: 0.000021%, golden result: 0.428630, dut result: 0.428630
Item10  Comp Pass! error percent: 0.000131%, golden result: 0.250214, dut result: 0.250214
Item11  Comp Pass! error percent: 0.000034%, golden result: 0.867481, dut result: 0.867481
Item12  Comp Pass! error percent: 0.000249%, golden result: 0.119896, dut result: 0.119896
Item13  Comp Pass! error percent: 0.000043%, golden result: 0.205878, dut result: 0.205878
Item14  Comp Pass! error percent: 0.000011%, golden result: 4.410868, dut result: 4.410867
===============================         15 Column Results    ======================================
Item0   Comp Pass! error percent: 0.000021%, golden result: 0.211882, dut result: 0.211882
Item1   Comp Pass! error percent: 0.000000%, golden result: 0.637292, dut result: 0.637292
Item2   Comp Pass! error percent: 0.000000%, golden result: 0.956689, dut result: 0.956689
Item3   Comp Pass! error percent: 0.000014%, golden result: 0.830433, dut result: 0.830433
Item4   Comp Pass! error percent: 0.000035%, golden result: 0.687588, dut result: 0.687588
Item5   Comp Pass! error percent: 0.000011%, golden result: 0.263440, dut result: 0.263440
Item6   Comp Pass! error percent: 0.000019%, golden result: 0.640494, dut result: 0.640494
Item7   Comp Pass! error percent: 0.000071%, golden result: 0.336145, dut result: 0.336145
Item8   Comp Pass! error percent: 0.000013%, golden result: 0.916846, dut result: 0.916846
Item9   Comp Pass! error percent: 0.000433%, golden result: 0.061915, dut result: 0.061915
Item10  Comp Pass! error percent: 0.000000%, golden result: 0.607017, dut result: 0.607017
Item11  Comp Pass! error percent: 0.000014%, golden result: 0.828697, dut result: 0.828698
Item12  Comp Pass! error percent: 0.000293%, golden result: 0.081374, dut result: 0.081374
Item13  Comp Pass! error percent: 0.000054%, golden result: 0.083208, dut result: 0.083208
Item14  Comp Pass! error percent: 0.000109%, golden result: 0.027376, dut result: 0.027376
Item15  Comp Pass! error percent: 0.000013%, golden result: 3.682577, dut result: 3.682578
===============================         16 Column Results    ======================================
Item0   Comp Pass! error percent: 0.000012%, golden result: 1.006654, dut result: 1.006654
Item1   Comp Pass! error percent: 0.000021%, golden result: 1.149042, dut result: 1.149042
Item2   Comp Pass! error percent: 0.000023%, golden result: 0.263964, dut result: 0.263964
Item3   Comp Pass! error percent: 0.000219%, golden result: 0.081467, dut result: 0.081467
Item4   Comp Pass! error percent: 0.000045%, golden result: 0.527183, dut result: 0.527183
Item5   Comp Pass! error percent: 0.000109%, golden result: 0.163423, dut result: 0.163423
Item6   Comp Pass! error percent: 0.001936%, golden result: 0.007698, dut result: 0.007698
Item7   Comp Pass! error percent: 0.000009%, golden result: 0.344257, dut result: 0.344257
Item8   Comp Pass! error percent: 0.000023%, golden result: 0.777293, dut result: 0.777293
Item9   Comp Pass! error percent: 0.000073%, golden result: 0.081913, dut result: 0.081913
Item10  Comp Pass! error percent: 0.000007%, golden result: 0.447910, dut result: 0.447910
Item11  Comp Pass! error percent: 0.000022%, golden result: 1.061236, dut result: 1.061236
Item12  Comp Pass! error percent: 0.000070%, golden result: 0.084888, dut result: 0.084888
Item13  Comp Pass! error percent: 0.000173%, golden result: 0.034460, dut result: 0.034460
Item14  Comp Pass! error percent: 0.000026%, golden result: 0.230104, dut result: 0.230104
Item15  Comp Pass! error percent: 0.000046%, golden result: 0.453226, dut result: 0.453227
Item16  Comp Pass! error percent: 0.000012%, golden result: 3.945232, dut result: 3.945233
===============================         17 Column Results    ======================================
Item0   Comp Pass! error percent: 0.000039%, golden result: 0.605788, dut result: 0.605788
Item1   Comp Pass! error percent: 0.000037%, golden result: 0.318341, dut result: 0.318340
Item2   Comp Pass! error percent: 0.000072%, golden result: 0.186684, dut result: 0.186684
Item3   Comp Pass! error percent: 0.000018%, golden result: 0.490754, dut result: 0.490754
Item4   Comp Pass! error percent: 0.003641%, golden result: 0.006549, dut result: 0.006549
Item5   Comp Pass! error percent: 0.000084%, golden result: 0.569632, dut result: 0.569631
Item6   Comp Pass! error percent: 0.000144%, golden result: 0.186393, dut result: 0.186393
Item7   Comp Pass! error percent: 0.000088%, golden result: 0.168586, dut result: 0.168586
Item8   Comp Pass! error percent: 0.000022%, golden result: 1.102473, dut result: 1.102473
Item9   Comp Pass! error percent: 0.000131%, golden result: 0.091319, dut result: 0.091319
Item10  Comp Pass! error percent: 0.000040%, golden result: 0.300011, dut result: 0.300011
Item11  Comp Pass! error percent: 0.000144%, golden result: 0.268630, dut result: 0.268630
Item12  Comp Pass! error percent: 0.000038%, golden result: 0.632792, dut result: 0.632793
Item13  Comp Pass! error percent: 0.000045%, golden result: 0.787571, dut result: 0.787571
Item14  Comp Pass! error percent: 0.000006%, golden result: 1.900270, dut result: 1.900270
Item15  Comp Pass! error percent: 0.000026%, golden result: 0.114274, dut result: 0.114274
Item16  Comp Pass! error percent: 0.000035%, golden result: 0.343957, dut result: 0.343957
Item17  Comp Pass! error percent: 0.000012%, golden result: 4.033582, dut result: 4.033583
===============================         18 Column Results    ======================================
Item0   Comp Pass! error percent: 0.000030%, golden result: 0.244825, dut result: 0.244825
Item1   Comp Pass! error percent: 0.000011%, golden result: 0.540967, dut result: 0.540967
Item2   Comp Pass! error percent: 0.000088%, golden result: 0.068013, dut result: 0.068013
Item3   Comp Pass! error percent: 0.000008%, golden result: 0.712185, dut result: 0.712185
Item4   Comp Pass! error percent: 0.000056%, golden result: 1.272862, dut result: 1.272863
Item5   Comp Pass! error percent: 0.000092%, golden result: 0.129828, dut result: 0.129828
Item6   Comp Pass! error percent: 0.000062%, golden result: 0.676465, dut result: 0.676466
Item7   Comp Pass! error percent: 0.000066%, golden result: 0.270148, dut result: 0.270148
Item8   Comp Pass! error percent: 0.000070%, golden result: 0.676429, dut result: 0.676430
Item9   Comp Pass! error percent: 0.000006%, golden result: 0.973260, dut result: 0.973260
Item10  Comp Pass! error percent: 0.000292%, golden result: 0.122377, dut result: 0.122377
Item11  Comp Pass! error percent: 0.000012%, golden result: 0.500858, dut result: 0.500858
Item12  Comp Pass! error percent: 0.000224%, golden result: 0.186355, dut result: 0.186356
Item13  Comp Pass! error percent: 0.000052%, golden result: 1.142428, dut result: 1.142429
Item14  Comp Pass! error percent: 0.000000%, golden result: 0.354110, dut result: 0.354110
Item15  Comp Pass! error percent: 0.000056%, golden result: 0.317712, dut result: 0.317712
Item16  Comp Pass! error percent: 0.000090%, golden result: 0.990788, dut result: 0.990789
Item17  Comp Pass! error percent: 0.000033%, golden result: 0.357989, dut result: 0.357989
Item18  Comp Pass! error percent: 0.000006%, golden result: 3.765335, dut result: 3.765334
===============================         19 Column Results    ======================================
Item0   Comp Pass! error percent: 0.000035%, golden result: 0.255436, dut result: 0.255436
Item1   Comp Pass! error percent: 0.000012%, golden result: 0.515002, dut result: 0.515002
Item2   Comp Pass! error percent: 0.000533%, golden result: 0.055898, dut result: 0.055898
Item3   Comp Pass! error percent: 0.000019%, golden result: 0.475619, dut result: 0.475619
Item4   Comp Pass! error percent: 0.000020%, golden result: 0.220682, dut result: 0.220682
Item5   Comp Pass! error percent: 0.000082%, golden result: 0.290517, dut result: 0.290517
Item6   Comp Pass! error percent: 0.000026%, golden result: 0.230396, dut result: 0.230396
Item7   Comp Pass! error percent: 0.000000%, golden result: 0.809330, dut result: 0.809330
Item8   Comp Pass! error percent: 0.000030%, golden result: 0.391889, dut result: 0.391889
Item9   Comp Pass! error percent: 0.000000%, golden result: 0.383716, dut result: 0.383716
Item10  Comp Pass! error percent: 0.000059%, golden result: 0.711035, dut result: 0.711036
Item11  Comp Pass! error percent: 0.000074%, golden result: 0.484470, dut result: 0.484469
Item12  Comp Pass! error percent: 0.000034%, golden result: 0.710071, dut result: 0.710070
Item13  Comp Pass! error percent: 0.000031%, golden result: 0.143637, dut result: 0.143637
Item14  Comp Pass! error percent: 0.000036%, golden result: 0.103425, dut result: 0.103425
Item15  Comp Pass! error percent: 0.000097%, golden result: 0.244972, dut result: 0.244972
Item16  Comp Pass! error percent: 0.000011%, golden result: 1.086888, dut result: 1.086888
Item17  Comp Pass! error percent: 0.000000%, golden result: 0.618924, dut result: 0.618924
Item18  Comp Pass! error percent: 0.000261%, golden result: 0.091353, dut result: 0.091353
Item19  Comp Pass! error percent: 0.000011%, golden result: 4.456358, dut result: 4.456358
===============================         20 Column Results    ======================================
Item0   Comp Pass! error percent: 0.000062%, golden result: 0.577127, dut result: 0.577127
Item1   Comp Pass! error percent: 0.000008%, golden result: 0.708758, dut result: 0.708758
Item2   Comp Pass! error percent: 0.000000%, golden result: 0.219194, dut result: 0.219194
Item3   Comp Pass! error percent: 0.000029%, golden result: 0.411530, dut result: 0.411530
Item4   Comp Pass! error percent: 0.000000%, golden result: 0.910846, dut result: 0.910846
Item5   Comp Pass! error percent: 0.000000%, golden result: 0.322146, dut result: 0.322146
Item6   Comp Pass! error percent: 0.000025%, golden result: 0.725321, dut result: 0.725321
Item7   Comp Pass! error percent: 0.000044%, golden result: 0.683051, dut result: 0.683051
Item8   Comp Pass! error percent: 0.000202%, golden result: 0.088565, dut result: 0.088565
Item9   Comp Pass! error percent: 0.000037%, golden result: 0.079951, dut result: 0.079951
Item10  Comp Pass! error percent: 0.000010%, golden result: 0.601377, dut result: 0.601377
Item11  Comp Pass! error percent: 0.000015%, golden result: 0.805632, dut result: 0.805632
Item12  Comp Pass! error percent: 0.000024%, golden result: 1.012796, dut result: 1.012797
Item13  Comp Pass! error percent: 0.000017%, golden result: 1.394543, dut result: 1.394543
Item14  Comp Pass! error percent: 0.000009%, golden result: 0.323916, dut result: 0.323916
Item15  Comp Pass! error percent: 0.000068%, golden result: 0.263033, dut result: 0.263033
Item16  Comp Pass! error percent: 0.000008%, golden result: 0.370547, dut result: 0.370547
Item17  Comp Pass! error percent: 0.000060%, golden result: 0.394608, dut result: 0.394608
Item18  Comp Pass! error percent: 0.000035%, golden result: 0.858707, dut result: 0.858707
Item19  Comp Pass! error percent: 0.000256%, golden result: 0.116227, dut result: 0.116226
Item20  Comp Pass! error percent: 0.000007%, golden result: 3.327135, dut result: 3.327135
===============================         21 Column Results    ======================================
Item0   Comp Pass! error percent: 0.000030%, golden result: 0.798088, dut result: 0.798088
Item1   Comp Pass! error percent: 0.000015%, golden result: 0.813930, dut result: 0.813930
Item2   Comp Pass! error percent: 0.000000%, golden result: 0.019079, dut result: 0.019079
Item3   Comp Pass! error percent: 0.000000%, golden result: 0.925627, dut result: 0.925627
Item4   Comp Pass! error percent: 0.000030%, golden result: 0.781953, dut result: 0.781953
Item5   Comp Pass! error percent: 0.000032%, golden result: 0.552917, dut result: 0.552917
Item6   Comp Pass! error percent: 0.000011%, golden result: 0.527854, dut result: 0.527854
Item7   Comp Pass! error percent: 0.000000%, golden result: 1.039118, dut result: 1.039118
Item8   Comp Pass! error percent: 0.000022%, golden result: 1.070606, dut result: 1.070606
Item9   Comp Pass! error percent: 0.000021%, golden result: 0.561555, dut result: 0.561555
Item10  Comp Pass! error percent: 0.000053%, golden result: 0.792075, dut result: 0.792075
Item11  Comp Pass! error percent: 0.000103%, golden result: 0.115496, dut result: 0.115496
Item12  Comp Pass! error percent: 0.000101%, golden result: 0.707939, dut result: 0.707940
Item13  Comp Pass! error percent: 0.000078%, golden result: 0.304435, dut result: 0.304435
Item14  Comp Pass! error percent: 0.000926%, golden result: 0.016094, dut result: 0.016094
Item15  Comp Pass! error percent: 0.000024%, golden result: 0.743909, dut result: 0.743910
Item16  Comp Pass! error percent: 0.000026%, golden result: 0.930331, dut result: 0.930331
Item17  Comp Pass! error percent: 0.000016%, golden result: 0.184603, dut result: 0.184603
Item18  Comp Pass! error percent: 0.000031%, golden result: 0.573461, dut result: 0.573461
Item19  Comp Pass! error percent: 0.000018%, golden result: 0.329039, dut result: 0.329039
Item20  Comp Pass! error percent: 0.000050%, golden result: 0.149082, dut result: 0.149082
Item21  Comp Pass! error percent: 0.000000%, golden result: 3.646686, dut result: 3.646686
===============================         22 Column Results    ======================================
Item0   Comp Pass! error percent: 0.000013%, golden result: 0.942233, dut result: 0.942233
Item1   Comp Pass! error percent: 0.000070%, golden result: 0.214338, dut result: 0.214338
Item2   Comp Pass! error percent: 0.000000%, golden result: 0.947198, dut result: 0.947198
Item3   Comp Pass! error percent: 0.000011%, golden result: 0.269656, dut result: 0.269656
Item4   Comp Pass! error percent: 0.000008%, golden result: 0.381187, dut result: 0.381187
Item5   Comp Pass! error percent: 0.000000%, golden result: 1.406427, dut result: 1.406427
Item6   Comp Pass! error percent: 0.000035%, golden result: 0.683708, dut result: 0.683708
Item7   Comp Pass! error percent: 0.000000%, golden result: 1.088963, dut result: 1.088963
Item8   Comp Pass! error percent: 0.000020%, golden result: 0.295965, dut result: 0.295965
Item9   Comp Pass! error percent: 0.000026%, golden result: 0.899775, dut result: 0.899775
Item10  Comp Pass! error percent: 0.000035%, golden result: 0.171263, dut result: 0.171263
Item11  Comp Pass! error percent: 0.000116%, golden result: 0.409673, dut result: 0.409674
Item12  Comp Pass! error percent: 0.000110%, golden result: 0.203116, dut result: 0.203116
Item13  Comp Pass! error percent: 0.000099%, golden result: 0.722853, dut result: 0.722854
Item14  Comp Pass! error percent: 0.000000%, golden result: 0.145808, dut result: 0.145808
Item15  Comp Pass! error percent: 0.000013%, golden result: 0.452568, dut result: 0.452568
Item16  Comp Pass! error percent: 0.000184%, golden result: 0.129897, dut result: 0.129896
Item17  Comp Pass! error percent: 0.000100%, golden result: 0.297928, dut result: 0.297928
Item18  Comp Pass! error percent: 0.000334%, golden result: 0.035729, dut result: 0.035729
Item19  Comp Pass! error percent: 0.000107%, golden result: 0.167579, dut result: 0.167579
Item20  Comp Pass! error percent: 0.000071%, golden result: 0.674933, dut result: 0.674934
Item21  Comp Pass! error percent: 0.000062%, golden result: 0.119608, dut result: 0.119608
Item22  Comp Pass! error percent: 0.000013%, golden result: 3.784164, dut result: 3.784163
===============================         23 Column Results    ======================================
Item0   Comp Pass! error percent: 0.000018%, golden result: 0.667449, dut result: 0.667449
Item1   Comp Pass! error percent: 0.000026%, golden result: 1.351127, dut result: 1.351128
Item2   Comp Pass! error percent: 0.000060%, golden result: 0.394081, dut result: 0.394081
Item3   Comp Pass! error percent: 0.000007%, golden result: 0.868628, dut result: 0.868629
Item4   Comp Pass! error percent: 0.000058%, golden result: 0.257347, dut result: 0.257347
Item5   Comp Pass! error percent: 0.000015%, golden result: 0.789365, dut result: 0.789365
Item6   Comp Pass! error percent: 0.000047%, golden result: 0.378525, dut result: 0.378526
Item7   Comp Pass! error percent: 0.000000%, golden result: 0.837172, dut result: 0.837172
Item8   Comp Pass! error percent: 0.000513%, golden result: 0.029059, dut result: 0.029059
Item9   Comp Pass! error percent: 0.000121%, golden result: 0.098705, dut result: 0.098705
Item10  Comp Pass! error percent: 0.000012%, golden result: 0.997232, dut result: 0.997232
Item11  Comp Pass! error percent: 0.000000%, golden result: 0.528398, dut result: 0.528398
Item12  Comp Pass! error percent: 0.000017%, golden result: 0.351172, dut result: 0.351172
Item13  Comp Pass! error percent: 0.000020%, golden result: 0.603189, dut result: 0.603189
Item14  Comp Pass! error percent: 0.000025%, golden result: 0.717329, dut result: 0.717329
Item15  Comp Pass! error percent: 0.000042%, golden result: 0.571445, dut result: 0.571445
Item16  Comp Pass! error percent: 0.000163%, golden result: 0.021688, dut result: 0.021688
Item17  Comp Pass! error percent: 0.000000%, golden result: 0.731381, dut result: 0.731381
Item18  Comp Pass! error percent: 0.000071%, golden result: 0.584149, dut result: 0.584150
Item19  Comp Pass! error percent: 0.000017%, golden result: 0.360967, dut result: 0.360967
Item20  Comp Pass! error percent: 0.000155%, golden result: 0.038408, dut result: 0.038408
Item21  Comp Pass! error percent: 0.000086%, golden result: 0.311615, dut result: 0.311615
Item22  Comp Pass! error percent: 0.000091%, golden result: 0.458932, dut result: 0.458933
Item23  Comp Pass! error percent: 0.000007%, golden result: 3.498151, dut result: 3.498151
===============================         24 Column Results    ======================================
Item0   Comp Pass! error percent: 0.000043%, golden result: 0.418751, dut result: 0.418752
Item1   Comp Pass! error percent: 0.000910%, golden result: 0.008187, dut result: 0.008187
Item2   Comp Pass! error percent: 0.000062%, golden result: 0.290330, dut result: 0.290330
Item3   Comp Pass! error percent: 0.000070%, golden result: 0.084893, dut result: 0.084893
Item4   Comp Pass! error percent: 0.000163%, golden result: 0.082209, dut result: 0.082209
Item5   Comp Pass! error percent: 0.000019%, golden result: 0.956751, dut result: 0.956751
Item6   Comp Pass! error percent: 0.000031%, golden result: 0.194556, dut result: 0.194556
Item7   Comp Pass! error percent: 0.000106%, golden result: 0.168226, dut result: 0.168226
Item8   Comp Pass! error percent: 0.000065%, golden result: 0.092271, dut result: 0.092271
Item9   Comp Pass! error percent: 0.000030%, golden result: 0.588194, dut result: 0.588194
Item10  Comp Pass! error percent: 0.000076%, golden result: 0.786587, dut result: 0.786586
Item11  Comp Pass! error percent: 0.000009%, golden result: 0.658142, dut result: 0.658142
Item12  Comp Pass! error percent: 0.000220%, golden result: 0.162794, dut result: 0.162794
Item13  Comp Pass! error percent: 0.000103%, golden result: 0.172925, dut result: 0.172925
Item14  Comp Pass! error percent: 0.000015%, golden result: 1.612592, dut result: 1.612592
Item15  Comp Pass! error percent: 0.000186%, golden result: 0.192178, dut result: 0.192177
Item16  Comp Pass! error percent: 0.000000%, golden result: 0.092694, dut result: 0.092694
Item17  Comp Pass! error percent: 0.000079%, golden result: 0.602215, dut result: 0.602216
Item18  Comp Pass! error percent: 0.000045%, golden result: 0.466635, dut result: 0.466635
Item19  Comp Pass! error percent: 0.000039%, golden result: 0.384264, dut result: 0.384264
Item20  Comp Pass! error percent: 0.000171%, golden result: 0.104559, dut result: 0.104559
Item21  Comp Pass! error percent: 0.000045%, golden result: 0.797964, dut result: 0.797964
Item22  Comp Pass! error percent: 0.000026%, golden result: 0.341124, dut result: 0.341124
Item23  Comp Pass! error percent: 0.000017%, golden result: 0.697851, dut result: 0.697851
Item24  Comp Pass! error percent: 0.000000%, golden result: 3.612127, dut result: 3.612127
===============================         25 Column Results    ======================================
Item0   Comp Pass! error percent: 0.000027%, golden result: 1.340379, dut result: 1.340379
Item1   Comp Pass! error percent: 0.000020%, golden result: 0.883594, dut result: 0.883595
Item2   Comp Pass! error percent: 0.000028%, golden result: 0.081061, dut result: 0.081061
Item3   Comp Pass! error percent: 0.000025%, golden result: 0.725089, dut result: 0.725089
Item4   Comp Pass! error percent: 0.000022%, golden result: 0.135562, dut result: 0.135562
Item5   Comp Pass! error percent: 0.000000%, golden result: 0.288132, dut result: 0.288132
Item6   Comp Pass! error percent: 0.000030%, golden result: 0.099366, dut result: 0.099366
Item7   Comp Pass! error percent: 0.000080%, golden result: 0.186546, dut result: 0.186546
Item8   Comp Pass! error percent: 0.000074%, golden result: 0.160723, dut result: 0.160723
Item9   Comp Pass! error percent: 0.000067%, golden result: 0.265667, dut result: 0.265667
Item10  Comp Pass! error percent: 0.000317%, golden result: 0.093868, dut result: 0.093869
Item11  Comp Pass! error percent: 0.000000%, golden result: 0.555695, dut result: 0.555695
Item12  Comp Pass! error percent: 0.000237%, golden result: 0.075303, dut result: 0.075303
Item13  Comp Pass! error percent: 0.000031%, golden result: 1.159552, dut result: 1.159552
Item14  Comp Pass! error percent: 0.000018%, golden result: 1.359545, dut result: 1.359545
Item15  Comp Pass! error percent: 0.000007%, golden result: 0.845990, dut result: 0.845990
Item16  Comp Pass! error percent: 0.000046%, golden result: 0.261144, dut result: 0.261144
Item17  Comp Pass! error percent: 0.000000%, golden result: 1.262334, dut result: 1.262334
Item18  Comp Pass! error percent: 0.000024%, golden result: 1.012622, dut result: 1.012622
Item19  Comp Pass! error percent: 0.000199%, golden result: 0.330010, dut result: 0.330010
Item20  Comp Pass! error percent: 0.000096%, golden result: 0.279125, dut result: 0.279125
Item21  Comp Pass! error percent: 0.000030%, golden result: 0.300267, dut result: 0.300267
Item22  Comp Pass! error percent: 0.000013%, golden result: 0.447318, dut result: 0.447318
Item23  Comp Pass! error percent: 0.000084%, golden result: 0.570261, dut result: 0.570261
Item24  Comp Pass! error percent: 0.000085%, golden result: 0.279685, dut result: 0.279685
Item25  Comp Pass! error percent: 0.000028%, golden result: 3.417180, dut result: 3.417181
===============================         26 Column Results    ======================================
Item0   Comp Pass! error percent: 0.000103%, golden result: 0.290338, dut result: 0.290338
Item1   Comp Pass! error percent: 0.000029%, golden result: 0.823150, dut result: 0.823151
Item2   Comp Pass! error percent: 0.000155%, golden result: 0.115091, dut result: 0.115090
Item3   Comp Pass! error percent: 0.000734%, golden result: 0.030445, dut result: 0.030444
Item4   Comp Pass! error percent: 0.000027%, golden result: 0.434728, dut result: 0.434729
Item5   Comp Pass! error percent: 0.000031%, golden result: 0.779026, dut result: 0.779026
Item6   Comp Pass! error percent: 0.000009%, golden result: 0.692498, dut result: 0.692498
Item7   Comp Pass! error percent: 0.000000%, golden result: 0.901277, dut result: 0.901277
Item8   Comp Pass! error percent: 0.000094%, golden result: 0.019792, dut result: 0.019792
Item9   Comp Pass! error percent: 0.001011%, golden result: 0.005898, dut result: 0.005897
Item10  Comp Pass! error percent: 0.000081%, golden result: 0.813870, dut result: 0.813871
Item11  Comp Pass! error percent: 0.000000%, golden result: 0.631854, dut result: 0.631854
Item12  Comp Pass! error percent: 0.000000%, golden result: 0.559605, dut result: 0.559605
Item13  Comp Pass! error percent: 0.000011%, golden result: 1.047567, dut result: 1.047567
Item14  Comp Pass! error percent: 0.000050%, golden result: 0.296732, dut result: 0.296732
Item15  Comp Pass! error percent: 0.000087%, golden result: 0.378101, dut result: 0.378101
Item16  Comp Pass! error percent: 0.000030%, golden result: 0.991499, dut result: 0.991499
Item17  Comp Pass! error percent: 0.000014%, golden result: 0.109594, dut result: 0.109594
Item18  Comp Pass! error percent: 0.000046%, golden result: 0.520820, dut result: 0.520819
Item19  Comp Pass! error percent: 0.000042%, golden result: 0.285769, dut result: 0.285769
Item20  Comp Pass! error percent: 0.000207%, golden result: 0.151491, dut result: 0.151491
Item21  Comp Pass! error percent: 0.000465%, golden result: 0.144055, dut result: 0.144056
Item22  Comp Pass! error percent: 0.000050%, golden result: 0.593772, dut result: 0.593772
Item23  Comp Pass! error percent: 0.000036%, golden result: 0.408862, dut result: 0.408862
Item24  Comp Pass! error percent: 0.000033%, golden result: 0.915114, dut result: 0.915114
Item25  Comp Pass! error percent: 0.000162%, golden result: 0.313429, dut result: 0.313428
Item26  Comp Pass! error percent: 0.000006%, golden result: 3.742908, dut result: 3.742908
===============================         27 Column Results    ======================================
Item0   Comp Pass! error percent: 0.000059%, golden result: 0.302159, dut result: 0.302159
Item1   Comp Pass! error percent: 0.000025%, golden result: 0.707075, dut result: 0.707075
Item2   Comp Pass! error percent: 0.000026%, golden result: 0.684217, dut result: 0.684217
Item3   Comp Pass! error percent: 0.000181%, golden result: 0.164734, dut result: 0.164734
Item4   Comp Pass! error percent: 0.000031%, golden result: 0.388690, dut result: 0.388690
Item5   Comp Pass! error percent: 0.000035%, golden result: 0.684618, dut result: 0.684618
Item6   Comp Pass! error percent: 0.000009%, golden result: 0.643069, dut result: 0.643069
Item7   Comp Pass! error percent: 0.000097%, golden result: 0.108069, dut result: 0.108069
Item8   Comp Pass! error percent: 0.000026%, golden result: 0.680235, dut result: 0.680236
Item9   Comp Pass! error percent: 0.000000%, golden result: 0.502089, dut result: 0.502089
Item10  Comp Pass! error percent: 0.000025%, golden result: 0.237232, dut result: 0.237232
Item11  Comp Pass! error percent: 0.000018%, golden result: 0.335324, dut result: 0.335324
Item12  Comp Pass! error percent: 0.000063%, golden result: 0.237194, dut result: 0.237194
Item13  Comp Pass! error percent: 0.000024%, golden result: 0.735538, dut result: 0.735538
Item14  Comp Pass! error percent: 0.000027%, golden result: 0.893964, dut result: 0.893964
Item15  Comp Pass! error percent: 0.000131%, golden result: 0.102351, dut result: 0.102351
Item16  Comp Pass! error percent: 0.000009%, golden result: 0.316818, dut result: 0.316818
Item17  Comp Pass! error percent: 0.001617%, golden result: 0.021201, dut result: 0.021201
Item18  Comp Pass! error percent: 0.000008%, golden result: 0.708378, dut result: 0.708378
Item19  Comp Pass! error percent: 0.000109%, golden result: 0.382825, dut result: 0.382825
Item20  Comp Pass! error percent: 0.000092%, golden result: 0.193963, dut result: 0.193963
Item21  Comp Pass! error percent: 0.000031%, golden result: 0.573262, dut result: 0.573262
Item22  Comp Pass! error percent: 0.000075%, golden result: 0.474095, dut result: 0.474095
Item23  Comp Pass! error percent: 0.000868%, golden result: 0.068698, dut result: 0.068699
Item24  Comp Pass! error percent: 0.000000%, golden result: 0.398401, dut result: 0.398401
Item25  Comp Pass! error percent: 0.000090%, golden result: 0.232814, dut result: 0.232814
Item26  Comp Pass! error percent: 0.000097%, golden result: 0.199853, dut result: 0.199853
Item27  Comp Pass! error percent: 0.000013%, golden result: 3.695784, dut result: 3.695784
===============================         28 Column Results    ======================================
Item0   Comp Pass! error percent: 0.000000%, golden result: 1.041091, dut result: 1.041091
Item1   Comp Pass! error percent: 0.000026%, golden result: 0.451490, dut result: 0.451490
Item2   Comp Pass! error percent: 0.000000%, golden result: 0.960935, dut result: 0.960935
Item3   Comp Pass! error percent: 0.000009%, golden result: 0.338218, dut result: 0.338218
Item4   Comp Pass! error percent: 0.000039%, golden result: 0.771305, dut result: 0.771305
Item5   Comp Pass! error percent: 0.000052%, golden result: 0.454183, dut result: 0.454184
Item6   Comp Pass! error percent: 0.000010%, golden result: 1.181592, dut result: 1.181592
Item7   Comp Pass! error percent: 0.000054%, golden result: 0.440563, dut result: 0.440563
Item8   Comp Pass! error percent: 0.000097%, golden result: 0.122404, dut result: 0.122404
Item9   Comp Pass! error percent: 0.000000%, golden result: 0.984522, dut result: 0.984522
Item10  Comp Pass! error percent: 0.000013%, golden result: 0.945188, dut result: 0.945187
Item11  Comp Pass! error percent: 0.000026%, golden result: 0.928692, dut result: 0.928693
Item12  Comp Pass! error percent: 0.000027%, golden result: 0.441837, dut result: 0.441837
Item13  Comp Pass! error percent: 0.000017%, golden result: 0.713371, dut result: 0.713371
Item14  Comp Pass! error percent: 0.000097%, golden result: 0.061175, dut result: 0.061175
Item15  Comp Pass! error percent: 0.000034%, golden result: 0.533425, dut result: 0.533425
Item16  Comp Pass! error percent: 0.000475%, golden result: 0.025075, dut result: 0.025075
Item17  Comp Pass! error percent: 0.000009%, golden result: 0.320190, dut result: 0.320190
Item18  Comp Pass! error percent: 0.000122%, golden result: 0.243942, dut result: 0.243943
Item19  Comp Pass! error percent: 0.000018%, golden result: 0.654541, dut result: 0.654541
Item20  Comp Pass! error percent: 0.000019%, golden result: 0.921217, dut result: 0.921217
Item21  Comp Pass! error percent: 0.000083%, golden result: 0.252507, dut result: 0.252507
Item22  Comp Pass! error percent: 0.000054%, golden result: 0.880192, dut result: 0.880192
Item23  Comp Pass! error percent: 0.000063%, golden result: 0.950842, dut result: 0.950842
Item24  Comp Pass! error percent: 0.000054%, golden result: 0.332249, dut result: 0.332248
Item25  Comp Pass! error percent: 0.000128%, golden result: 0.198524, dut result: 0.198523
Item26  Comp Pass! error percent: 0.000204%, golden result: 0.496877, dut result: 0.496878
Item27  Comp Pass! error percent: 0.000050%, golden result: 0.720338, dut result: 0.720337
Item28  Comp Pass! error percent: 0.000014%, golden result: 3.375669, dut result: 3.375670
===============================         29 Column Results    ======================================
Item0   Comp Pass! error percent: 0.000018%, golden result: 0.169041, dut result: 0.169041
Item1   Comp Pass! error percent: 0.000021%, golden result: 1.145175, dut result: 1.145176
Item2   Comp Pass! error percent: 0.000000%, golden result: 0.825440, dut result: 0.825440
Item3   Comp Pass! error percent: 0.000044%, golden result: 0.675349, dut result: 0.675349
Item4   Comp Pass! error percent: 0.000014%, golden result: 0.420109, dut result: 0.420109
Item5   Comp Pass! error percent: 0.000008%, golden result: 1.448816, dut result: 1.448816
Item6   Comp Pass! error percent: 0.000100%, golden result: 0.178267, dut result: 0.178267
Item7   Comp Pass! error percent: 0.000028%, golden result: 0.321420, dut result: 0.321420
Item8   Comp Pass! error percent: 0.000000%, golden result: 0.150973, dut result: 0.150973
Item9   Comp Pass! error percent: 0.000031%, golden result: 0.774021, dut result: 0.774021
Item10  Comp Pass! error percent: 0.000089%, golden result: 0.269320, dut result: 0.269320
Item11  Comp Pass! error percent: 0.000022%, golden result: 0.268566, dut result: 0.268566
Item12  Comp Pass! error percent: 0.000048%, golden result: 0.494027, dut result: 0.494027
Item13  Comp Pass! error percent: 0.000108%, golden result: 0.165390, dut result: 0.165390
Item14  Comp Pass! error percent: 0.000161%, golden result: 0.222584, dut result: 0.222584
Item15  Comp Pass! error percent: 0.000019%, golden result: 0.644192, dut result: 0.644192
Item16  Comp Pass! error percent: 0.000030%, golden result: 0.492679, dut result: 0.492679
Item17  Comp Pass! error percent: 0.000020%, golden result: 0.299480, dut result: 0.299480
Item18  Comp Pass! error percent: 0.000122%, golden result: 0.097909, dut result: 0.097909
Item19  Comp Pass! error percent: 0.000000%, golden result: 0.669476, dut result: 0.669476
Item20  Comp Pass! error percent: 0.000070%, golden result: 0.678913, dut result: 0.678913
Item21  Comp Pass! error percent: 0.000092%, golden result: 0.389910, dut result: 0.389909
Item22  Comp Pass! error percent: 0.000055%, golden result: 0.967155, dut result: 0.967154
Item23  Comp Pass! error percent: 0.000000%, golden result: 1.005933, dut result: 1.005933
Item24  Comp Pass! error percent: 0.000000%, golden result: 0.791297, dut result: 0.791297
Item25  Comp Pass! error percent: 0.000039%, golden result: 0.306916, dut result: 0.306916
Item26  Comp Pass! error percent: 0.000026%, golden result: 0.465506, dut result: 0.465507
Item27  Comp Pass! error percent: 0.000009%, golden result: 0.651204, dut result: 0.651204
Item28  Comp Pass! error percent: 0.000132%, golden result: 0.294403, dut result: 0.294402
Item29  Comp Pass! error percent: 0.000006%, golden result: 3.826517, dut result: 3.826517
===============================         30 Column Results    ======================================
Item0   Comp Pass! error percent: 0.000109%, golden result: 0.381363, dut result: 0.381362
Item1   Comp Pass! error percent: 0.000077%, golden result: 0.194736, dut result: 0.194736
Item2   Comp Pass! error percent: 0.010621%, golden result: 0.001122, dut result: 0.001122
Item3   Comp Pass! error percent: 0.000042%, golden result: 0.280732, dut result: 0.280732
Item4   Comp Pass! error percent: 0.000000%, golden result: 0.516989, dut result: 0.516989
Item5   Comp Pass! error percent: 0.000117%, golden result: 0.356821, dut result: 0.356821
Item6   Comp Pass! error percent: 0.000030%, golden result: 0.489499, dut result: 0.489499
Item7   Comp Pass! error percent: 0.000012%, golden result: 0.479240, dut result: 0.479240
Item8   Comp Pass! error percent: 0.000041%, golden result: 0.287271, dut result: 0.287271
Item9   Comp Pass! error percent: 0.000021%, golden result: 0.831865, dut result: 0.831865
Item10  Comp Pass! error percent: 0.000053%, golden result: 0.446112, dut result: 0.446113
Item11  Comp Pass! error percent: 0.002858%, golden result: 0.006256, dut result: 0.006256
Item12  Comp Pass! error percent: 0.000024%, golden result: 0.505649, dut result: 0.505649
Item13  Comp Pass! error percent: 0.000014%, golden result: 0.848301, dut result: 0.848301
Item14  Comp Pass! error percent: 0.000000%, golden result: 0.914371, dut result: 0.914371
Item15  Comp Pass! error percent: 0.000036%, golden result: 0.820811, dut result: 0.820811
Item16  Comp Pass! error percent: 0.000000%, golden result: 1.442760, dut result: 1.442760
Item17  Comp Pass! error percent: 0.000132%, golden result: 0.451554, dut result: 0.451555
Item18  Comp Pass! error percent: 0.000146%, golden result: 0.194161, dut result: 0.194161
Item19  Comp Pass! error percent: 0.000026%, golden result: 0.683172, dut result: 0.683172
Item20  Comp Pass! error percent: 0.000055%, golden result: 0.325854, dut result: 0.325853
Item21  Comp Pass! error percent: 0.000019%, golden result: 0.616028, dut result: 0.616028
Item22  Comp Pass! error percent: 0.000055%, golden result: 0.754836, dut result: 0.754836
Item23  Comp Pass! error percent: 0.000042%, golden result: 0.713457, dut result: 0.713457
Item24  Comp Pass! error percent: 0.001756%, golden result: 0.033952, dut result: 0.033951
Item25  Comp Pass! error percent: 0.000045%, golden result: 0.267794, dut result: 0.267794
Item26  Comp Pass! error percent: 0.000102%, golden result: 0.116364, dut result: 0.116364
Item27  Comp Pass! error percent: 0.000665%, golden result: 0.035848, dut result: 0.035847
Item28  Comp Pass! error percent: 0.000071%, golden result: 0.500336, dut result: 0.500336
Item29  Comp Pass! error percent: 0.000036%, golden result: 0.669079, dut result: 0.669079
Item30  Comp Pass! error percent: 0.000015%, golden result: 3.255733, dut result: 3.255733
===============================         31 Column Results    ======================================
Item0   Comp Pass! error percent: 0.000028%, golden result: 0.160389, dut result: 0.160389
Item1   Comp Pass! error percent: 0.000024%, golden result: 0.992998, dut result: 0.992999
Item2   Comp Pass! error percent: 0.000006%, golden result: 0.483288, dut result: 0.483288
Item3   Comp Pass! error percent: 0.000000%, golden result: 0.660159, dut result: 0.660159
Item4   Comp Pass! error percent: 0.000018%, golden result: 0.339381, dut result: 0.339381
Item5   Comp Pass! error percent: 0.000035%, golden result: 0.335910, dut result: 0.335910
Item6   Comp Pass! error percent: 0.000063%, golden result: 0.189047, dut result: 0.189047
Item7   Comp Pass! error percent: 0.000089%, golden result: 0.133197, dut result: 0.133198
Item8   Comp Pass! error percent: 0.000138%, golden result: 0.130045, dut result: 0.130045
Item9   Comp Pass! error percent: 0.000114%, golden result: 0.472430, dut result: 0.472429
Item10  Comp Pass! error percent: 0.000018%, golden result: 0.670017, dut result: 0.670017
Item11  Comp Pass! error percent: 0.000012%, golden result: 0.496821, dut result: 0.496821
Item12  Comp Pass! error percent: 0.000000%, golden result: 0.152224, dut result: 0.152224
Item13  Comp Pass! error percent: 0.000765%, golden result: 0.015576, dut result: 0.015576
Item14  Comp Pass! error percent: 0.000016%, golden result: 0.374786, dut result: 0.374786
Item15  Comp Pass! error percent: 0.000015%, golden result: 0.780929, dut result: 0.780929
Item16  Comp Pass! error percent: 0.000015%, golden result: 0.812063, dut result: 0.812063
Item17  Comp Pass! error percent: 0.000025%, golden result: 0.701432, dut result: 0.701432
Item18  Comp Pass! error percent: 0.000112%, golden result: 0.453153, dut result: 0.453152
Item19  Comp Pass! error percent: 0.000157%, golden result: 0.113600, dut result: 0.113600
Item20  Comp Pass! error percent: 0.000007%, golden result: 0.200419, dut result: 0.200419
Item21  Comp Pass! error percent: 0.000027%, golden result: 0.663712, dut result: 0.663711
Item22  Comp Pass! error percent: 0.000088%, golden result: 0.102054, dut result: 0.102054
Item23  Comp Pass! error percent: 0.000000%, golden result: 1.015028, dut result: 1.015028
Item24  Comp Pass! error percent: 0.000031%, golden result: 0.976065, dut result: 0.976064
Item25  Comp Pass! error percent: 0.000096%, golden result: 0.217189, dut result: 0.217189
Item26  Comp Pass! error percent: 0.000137%, golden result: 0.261608, dut result: 0.261608
Item27  Comp Pass! error percent: 0.000028%, golden result: 0.648580, dut result: 0.648580
Item28  Comp Pass! error percent: 0.000131%, golden result: 0.192898, dut result: 0.192898
Item29  Comp Pass! error percent: 0.000086%, golden result: 0.207849, dut result: 0.207849
Item30  Comp Pass! error percent: 0.000017%, golden result: 0.704439, dut result: 0.704439
Item31  Comp Pass! error percent: 0.000000%, golden result: 2.974356, dut result: 2.974356
