==========================================
Single-core Simulation
Test case: ST32_RANDOM_TEST_32X16
==========================================
===============================          0 Column Results    ======================================
Item0   Comp Pass! error percent: 0.000000%, golden result: 2.536212, dut result: 2.536212
===============================          1 Column Results    ======================================
Item0   Comp Pass! error percent: 0.000008%, golden result: 0.784290, dut result: 0.784291
Item1   Comp Pass! error percent: 0.000000%, golden result: 3.283030, dut result: 3.283030
===============================          2 Column Results    ======================================
Item0   Comp Pass! error percent: 0.000034%, golden result: 0.522702, dut result: 0.522703
Item1   Comp Pass! error percent: 0.000105%, golden result: 0.028470, dut result: 0.028470
Item2   Comp Pass! error percent: 0.000007%, golden result: 3.345829, dut result: 3.345828
===============================          3 Column Results    ======================================
Item0   Comp Pass! error percent: 0.000034%, golden result: 0.352300, dut result: 0.352300
Item1   Comp Pass! error percent: 0.000051%, golden result: 0.350442, dut result: 0.350442
Item2   Comp Pass! error percent: 0.000043%, golden result: 0.275349, dut result: 0.275349
Item3   Comp Pass! error percent: 0.000020%, golden result: 3.647185, dut result: 3.647185
===============================          4 Column Results    ======================================
Item0   Comp Pass! error percent: 0.000034%, golden result: 0.263377, dut result: 0.263377
Item1   Comp Pass! error percent: 0.000009%, golden result: 0.338383, dut result: 0.338383
Item2   Comp Pass! error percent: 0.000508%, golden result: 0.011743, dut result: 0.011743
Item3   Comp Pass! error percent: 0.000011%, golden result: 0.545252, dut result: 0.545252
Item4   Comp Pass! error percent: 0.000010%, golden result: 2.495921, dut result: 2.495921
===============================          5 Column Results    ======================================
Item0   Comp Pass! error percent: 0.000017%, golden result: 1.367217, dut result: 1.367217
Item1   Comp Pass! error percent: 0.000195%, golden result: 0.030624, dut result: 0.030624
Item2   Comp Pass! error percent: 0.000021%, golden result: 1.128265, dut result: 1.128265
Item3   Comp Pass! error percent: 0.000027%, golden result: 0.446927, dut result: 0.446926
Item4   Comp Pass! error percent: 0.000076%, golden result: 0.431735, dut result: 0.431735
Item5   Comp Pass! error percent: 0.000009%, golden result: 2.525792, dut result: 2.525792
===============================          6 Column Results    ======================================
Item0   Comp Pass! error percent: 0.000014%, golden result: 0.211384, dut result: 0.211384
Item1   Comp Pass! error percent: 0.000011%, golden result: 0.547484, dut result: 0.547484
Item2   Comp Pass! error percent: 0.000000%, golden result: 0.034252, dut result: 0.034252
Item3   Comp Pass! error percent: 0.000013%, golden result: 0.448651, dut result: 0.448651
Item4   Comp Pass! error percent: 0.000048%, golden result: 1.249615, dut result: 1.249616
Item5   Comp Pass! error percent: 0.000026%, golden result: 0.454707, dut result: 0.454707
Item6   Comp Pass! error percent: 0.000008%, golden result: 3.149746, dut result: 3.149746
===============================          7 Column Results    ======================================
Item0   Comp Pass! error percent: 0.000021%, golden result: 0.426684, dut result: 0.426684
Item1   Comp Pass! error percent: 0.000008%, golden result: 1.439313, dut result: 1.439313
Item2   Comp Pass! error percent: 0.000023%, golden result: 1.048031, dut result: 1.048032
Item3   Comp Pass! error percent: 0.000280%, golden result: 0.085196, dut result: 0.085196
Item4   Comp Pass! error percent: 0.000054%, golden result: 0.769555, dut result: 0.769556
Item5   Comp Pass! error percent: 0.000032%, golden result: 0.551043, dut result: 0.551043
Item6   Comp Pass! error percent: 0.000035%, golden result: 0.506126, dut result: 0.506126
Item7   Comp Pass! error percent: 0.000016%, golden result: 2.931565, dut result: 2.931566
===============================          8 Column Results    ======================================
Item0   Comp Pass! error percent: 0.000027%, golden result: 0.874026, dut result: 0.874027
Item1   Comp Pass! error percent: 0.000176%, golden result: 0.101689, dut result: 0.101689
Item2   Comp Pass! error percent: 0.000132%, golden result: 0.090631, dut result: 0.090631
Item3   Comp Pass! error percent: 0.000040%, golden result: 0.296744, dut result: 0.296744
Item4   Comp Pass! error percent: 0.000032%, golden result: 0.463957, dut result: 0.463957
Item5   Comp Pass! error percent: 0.000024%, golden result: 0.494593, dut result: 0.494593
Item6   Comp Pass! error percent: 0.000028%, golden result: 0.634177, dut result: 0.634177
Item7   Comp Pass! error percent: 0.000008%, golden result: 0.724909, dut result: 0.724909
Item8   Comp Pass! error percent: 0.000007%, golden result: 3.423787, dut result: 3.423787
===============================          9 Column Results    ======================================
Item0   Comp Pass! error percent: 0.000006%, golden result: 0.480398, dut result: 0.480398
Item1   Comp Pass! error percent: 0.000087%, golden result: 0.137348, dut result: 0.137348
Item2   Comp Pass! error percent: 0.000324%, golden result: 0.036829, dut result: 0.036829
Item3   Comp Pass! error percent: 0.000030%, golden result: 0.606045, dut result: 0.606044
Item4   Comp Pass! error percent: 0.000053%, golden result: 0.559171, dut result: 0.559171
Item5   Comp Pass! error percent: 0.000108%, golden result: 0.276800, dut result: 0.276800
Item6   Comp Pass! error percent: 0.000295%, golden result: 0.060650, dut result: 0.060650
Item7   Comp Pass! error percent: 0.000021%, golden result: 1.129010, dut result: 1.129010
Item8   Comp Pass! error percent: 0.000332%, golden result: 0.035921, dut result: 0.035921
Item9   Comp Pass! error percent: 0.000009%, golden result: 2.747465, dut result: 2.747466
===============================         10 Column Results    ======================================
Item0   Comp Pass! error percent: 0.000061%, golden result: 0.145797, dut result: 0.145797
Item1   Comp Pass! error percent: 0.000009%, golden result: 1.268524, dut result: 1.268524
Item2   Comp Pass! error percent: 0.000065%, golden result: 0.638774, dut result: 0.638775
Item3   Comp Pass! error percent: 0.000000%, golden result: 0.334244, dut result: 0.334244
Item4   Comp Pass! error percent: 0.000015%, golden result: 0.201929, dut result: 0.201929
Item5   Comp Pass! error percent: 0.000047%, golden result: 0.314378, dut result: 0.314378
Item6   Comp Pass! error percent: 0.000052%, golden result: 0.684050, dut result: 0.684050
Item7   Comp Pass! error percent: 0.000000%, golden result: 1.023206, dut result: 1.023206
Item8   Comp Pass! error percent: 0.000078%, golden result: 0.038408, dut result: 0.038408
Item9   Comp Pass! error percent: 0.000073%, golden result: 0.163757, dut result: 0.163757
Item10  Comp Pass! error percent: 0.000009%, golden result: 2.653549, dut result: 2.653549
===============================         11 Column Results    ======================================
Item0   Comp Pass! error percent: 0.000043%, golden result: 0.686219, dut result: 0.686219
Item1   Comp Pass! error percent: 0.000056%, golden result: 0.214609, dut result: 0.214610
Item2   Comp Pass! error percent: 0.000316%, golden result: 0.075340, dut result: 0.075340
Item3   Comp Pass! error percent: 0.000050%, golden result: 0.413316, dut result: 0.413316
Item4   Comp Pass! error percent: 0.000034%, golden result: 0.701264, dut result: 0.701264
Item5   Comp Pass! error percent: 0.000009%, golden result: 1.339078, dut result: 1.339078
Item6   Comp Pass! error percent: 0.000000%, golden result: 0.596798, dut result: 0.596798
Item7   Comp Pass! error percent: 0.001427%, golden result: 0.011483, dut result: 0.011483
Item8   Comp Pass! error percent: 0.000000%, golden result: 0.127346, dut result: 0.127346
Item9   Comp Pass! error percent: 0.000368%, golden result: 0.121454, dut result: 0.121455
Item10  Comp Pass! error percent: 0.000013%, golden result: 0.883487, dut result: 0.883487
Item11  Comp Pass! error percent: 0.000000%, golden result: 2.829597, dut result: 2.829597
===============================         12 Column Results    ======================================
Item0   Comp Pass! error percent: 0.000021%, golden result: 1.726892, dut result: 1.726893
Item1   Comp Pass! error percent: 0.000210%, golden result: 0.035495, dut result: 0.035495
Item2   Comp Pass! error percent: 0.000200%, golden result: 0.178647, dut result: 0.178648
Item3   Comp Pass! error percent: 0.000030%, golden result: 0.801972, dut result: 0.801973
Item4   Comp Pass! error percent: 0.000042%, golden result: 0.843987, dut result: 0.843988
Item5   Comp Pass! error percent: 0.000277%, golden result: 0.150471, dut result: 0.150470
Item6   Comp Pass! error percent: 0.000016%, golden result: 0.759346, dut result: 0.759346
Item7   Comp Pass! error percent: 0.000031%, golden result: 0.381845, dut result: 0.381844
Item8   Comp Pass! error percent: 0.000000%, golden result: 0.542162, dut result: 0.542162
Item9   Comp Pass! error percent: 0.000083%, golden result: 0.648281, dut result: 0.648281
Item10  Comp Pass! error percent: 0.000083%, golden result: 0.071908, dut result: 0.071908
Item11  Comp Pass! error percent: 0.000036%, golden result: 0.492545, dut result: 0.492545
Item12  Comp Pass! error percent: 0.000000%, golden result: 2.068101, dut result: 2.068101
===============================         13 Column Results    ======================================
Item0   Comp Pass! error percent: 0.000041%, golden result: 0.218576, dut result: 0.218576
Item1   Comp Pass! error percent: 0.000009%, golden result: 0.656392, dut result: 0.656392
Item2   Comp Pass! error percent: 0.000103%, golden result: 0.203396, dut result: 0.203396
Item3   Comp Pass! error percent: 0.000009%, golden result: 0.691963, dut result: 0.691963
Item4   Comp Pass! error percent: 0.000046%, golden result: 1.570327, dut result: 1.570327
Item5   Comp Pass! error percent: 0.000061%, golden result: 0.195740, dut result: 0.195740
Item6   Comp Pass! error percent: 0.000047%, golden result: 0.630740, dut result: 0.630740
Item7   Comp Pass! error percent: 0.000118%, golden result: 0.404451, dut result: 0.404451
Item8   Comp Pass! error percent: 0.000047%, golden result: 0.763144, dut result: 0.763144
Item9   Comp Pass! error percent: 0.000079%, golden result: 0.754495, dut result: 0.754495
Item10  Comp Pass! error percent: 0.000097%, golden result: 0.061594, dut result: 0.061594
Item11  Comp Pass! error percent: 0.000021%, golden result: 0.432036, dut result: 0.432036
Item12  Comp Pass! error percent: 0.000270%, golden result: 0.110471, dut result: 0.110471
Item13  Comp Pass! error percent: 0.000018%, golden result: 2.616466, dut result: 2.616466
===============================         14 Column Results    ======================================
Item0   Comp Pass! error percent: 0.000027%, golden result: 0.439700, dut result: 0.439701
Item1   Comp Pass! error percent: 0.000041%, golden result: 0.294295, dut result: 0.294295
Item2   Comp Pass! error percent: 0.000068%, golden result: 0.351056, dut result: 0.351057
Item3   Comp Pass! error percent: 0.000006%, golden result: 0.941233, dut result: 0.941233
Item4   Comp Pass! error percent: 0.000021%, golden result: 0.562698, dut result: 0.562698
Item5   Comp Pass! error percent: 0.000042%, golden result: 0.142397, dut result: 0.142397
Item6   Comp Pass! error percent: 0.000104%, golden result: 0.287756, dut result: 0.287756
Item7   Comp Pass! error percent: 0.000032%, golden result: 0.558408, dut result: 0.558408
Item8   Comp Pass! error percent: 0.000021%, golden result: 1.126991, dut result: 1.126991
Item9   Comp Pass! error percent: 0.000192%, golden result: 0.371860, dut result: 0.371861
Item10  Comp Pass! error percent: 0.000100%, golden result: 0.595601, dut result: 0.595601
Item11  Comp Pass! error percent: 0.000055%, golden result: 1.089738, dut result: 1.089738
Item12  Comp Pass! error percent: 0.000114%, golden result: 0.393365, dut result: 0.393365
Item13  Comp Pass! error percent: 0.000030%, golden result: 0.597717, dut result: 0.597717
Item14  Comp Pass! error percent: 0.000000%, golden result: 2.369654, dut result: 2.369654
===============================         15 Column Results    ======================================
Item0   Comp Pass! error percent: 0.002664%, golden result: 0.004475, dut result: 0.004475
Item1   Comp Pass! error percent: 0.000028%, golden result: 0.316713, dut result: 0.316713
Item2   Comp Pass! error percent: 0.000073%, golden result: 0.982535, dut result: 0.982536
Item3   Comp Pass! error percent: 0.000008%, golden result: 0.767546, dut result: 0.767546
Item4   Comp Pass! error percent: 0.000029%, golden result: 0.407814, dut result: 0.407814
Item5   Comp Pass! error percent: 0.000007%, golden result: 0.811831, dut result: 0.811830
Item6   Comp Pass! error percent: 0.000037%, golden result: 0.200971, dut result: 0.200972
Item7   Comp Pass! error percent: 0.000070%, golden result: 0.085040, dut result: 0.085040
Item8   Comp Pass! error percent: 0.000011%, golden result: 0.520578, dut result: 0.520578
Item9   Comp Pass! error percent: 0.000064%, golden result: 0.234131, dut result: 0.234131
Item10  Comp Pass! error percent: 0.000018%, golden result: 0.657819, dut result: 0.657819
Item11  Comp Pass! error percent: 0.000034%, golden result: 0.702905, dut result: 0.702906
Item12  Comp Pass! error percent: 0.000086%, golden result: 0.113219, dut result: 0.113219
Item13  Comp Pass! error percent: 0.000053%, golden result: 0.226640, dut result: 0.226640
Item14  Comp Pass! error percent: 0.000067%, golden result: 0.714263, dut result: 0.714262
Item15  Comp Pass! error percent: 0.000011%, golden result: 2.135440, dut result: 2.135440
