==========================================
Single-core Simulation
Test case: ST16_RANDOM_TEST_16X8
==========================================
===============================          0 Column Results    ======================================
Item0   Comp Pass! error percent: 0.000017%, golden result: 2.825767, dut result: 2.825767
===============================          1 Column Results    ======================================
Item0   Comp Pass! error percent: 0.000011%, golden result: 1.059615, dut result: 1.059615
Item1   Comp Pass! error percent: 0.000000%, golden result: 2.287245, dut result: 2.287245
===============================          2 Column Results    ======================================
Item0   Comp Pass! error percent: 0.000026%, golden result: 0.338813, dut result: 0.338813
Item1   Comp Pass! error percent: 0.000060%, golden result: 0.199236, dut result: 0.199236
Item2   Comp Pass! error percent: 0.000000%, golden result: 2.256391, dut result: 2.256391
===============================          3 Column Results    ======================================
Item0   Comp Pass! error percent: 0.000014%, golden result: 0.840293, dut result: 0.840293
Item1   Comp Pass! error percent: 0.000000%, golden result: 0.087883, dut result: 0.087883
Item2   Comp Pass! error percent: 0.000089%, golden result: 0.235316, dut result: 0.235316
Item3   Comp Pass! error percent: 0.000000%, golden result: 1.749381, dut result: 1.749381
===============================          4 Column Results    ======================================
Item0   Comp Pass! error percent: 0.000024%, golden result: 0.250662, dut result: 0.250662
Item1   Comp Pass! error percent: 0.000031%, golden result: 0.570968, dut result: 0.570968
Item2   Comp Pass! error percent: 0.000204%, golden result: 0.021947, dut result: 0.021947
Item3   Comp Pass! error percent: 0.000017%, golden result: 0.694401, dut result: 0.694400
Item4   Comp Pass! error percent: 0.000011%, golden result: 2.169314, dut result: 2.169314
===============================          5 Column Results    ======================================
Item0   Comp Pass! error percent: 0.000000%, golden result: 0.506271, dut result: 0.506271
Item1   Comp Pass! error percent: 0.000013%, golden result: 0.951116, dut result: 0.951116
Item2   Comp Pass! error percent: 0.000006%, golden result: 0.464816, dut result: 0.464816
Item3   Comp Pass! error percent: 0.000028%, golden result: 0.419551, dut result: 0.419552
Item4   Comp Pass! error percent: 0.000000%, golden result: 0.390055, dut result: 0.390055
Item5   Comp Pass! error percent: 0.000006%, golden result: 1.862604, dut result: 1.862604
===============================          6 Column Results    ======================================
Item0   Comp Pass! error percent: 0.000016%, golden result: 0.380990, dut result: 0.380990
Item1   Comp Pass! error percent: 0.000012%, golden result: 0.969746, dut result: 0.969746
Item2   Comp Pass! error percent: 0.000008%, golden result: 0.390883, dut result: 0.390882
Item3   Comp Pass! error percent: 0.000013%, golden result: 0.923749, dut result: 0.923749
Item4   Comp Pass! error percent: 0.000389%, golden result: 0.045996, dut result: 0.045995
Item5   Comp Pass! error percent: 0.000421%, golden result: 0.014173, dut result: 0.014173
Item6   Comp Pass! error percent: 0.000035%, golden result: 1.355392, dut result: 1.355393
===============================          7 Column Results    ======================================
Item0   Comp Pass! error percent: 0.000020%, golden result: 0.888189, dut result: 0.888190
Item1   Comp Pass! error percent: 0.000011%, golden result: 1.053779, dut result: 1.053779
Item2   Comp Pass! error percent: 0.000036%, golden result: 0.499233, dut result: 0.499234
Item3   Comp Pass! error percent: 0.000013%, golden result: 0.947127, dut result: 0.947127
Item4   Comp Pass! error percent: 0.000010%, golden result: 1.245473, dut result: 1.245473
Item5   Comp Pass! error percent: 0.000252%, golden result: 0.118488, dut result: 0.118488
Item6   Comp Pass! error percent: 0.000018%, golden result: 0.670070, dut result: 0.670070
Item7   Comp Pass! error percent: 0.000021%, golden result: 1.724607, dut result: 1.724607
