==========================================
Single-core Simulation
Test case: ST16_RANDOM_TEST_24X8
==========================================
===============================          0 Column Results    ======================================
Item0   Comp Pass! error percent: 0.000009%, golden result: 2.621188, dut result: 2.621188
===============================          1 Column Results    ======================================
Item0   Comp Pass! error percent: 0.000000%, golden result: 1.208108, dut result: 1.208108
Item1   Comp Pass! error percent: 0.000009%, golden result: 2.571652, dut result: 2.571652
===============================          2 Column Results    ======================================
Item0   Comp Pass! error percent: 0.000010%, golden result: 0.607841, dut result: 0.607841
Item1   Comp Pass! error percent: 0.000080%, golden result: 0.037046, dut result: 0.037046
Item2   Comp Pass! error percent: 0.000023%, golden result: 3.132788, dut result: 3.132789
===============================          3 Column Results    ======================================
Item0   Comp Pass! error percent: 0.000048%, golden result: 0.492297, dut result: 0.492297
Item1   Comp Pass! error percent: 0.000020%, golden result: 1.222453, dut result: 1.222453
Item2   Comp Pass! error percent: 0.000051%, golden result: 0.058259, dut result: 0.058259
Item3   Comp Pass! error percent: 0.000000%, golden result: 2.611229, dut result: 2.611229
===============================          4 Column Results    ======================================
Item0   Comp Pass! error percent: 0.000048%, golden result: 0.123605, dut result: 0.123605
Item1   Comp Pass! error percent: 0.000076%, golden result: 0.136762, dut result: 0.136762
Item2   Comp Pass! error percent: 0.000013%, golden result: 0.454304, dut result: 0.454304
Item3   Comp Pass! error percent: 0.000000%, golden result: 0.587032, dut result: 0.587032
Item4   Comp Pass! error percent: 0.000020%, golden result: 2.408409, dut result: 2.408410
===============================          5 Column Results    ======================================
Item0   Comp Pass! error percent: 0.000053%, golden result: 0.337561, dut result: 0.337561
Item1   Comp Pass! error percent: 0.000055%, golden result: 0.869985, dut result: 0.869986
Item2   Comp Pass! error percent: 0.000058%, golden result: 0.153901, dut result: 0.153901
Item3   Comp Pass! error percent: 0.000000%, golden result: 0.462098, dut result: 0.462098
Item4   Comp Pass! error percent: 0.000023%, golden result: 0.764379, dut result: 0.764379
Item5   Comp Pass! error percent: 0.000008%, golden result: 2.825317, dut result: 2.825316
===============================          6 Column Results    ======================================
Item0   Comp Pass! error percent: 0.000094%, golden result: 0.031854, dut result: 0.031854
Item1   Comp Pass! error percent: 0.000022%, golden result: 0.274444, dut result: 0.274444
Item2   Comp Pass! error percent: 0.000006%, golden result: 0.232732, dut result: 0.232732
Item3   Comp Pass! error percent: 0.001878%, golden result: 0.012694, dut result: 0.012694
Item4   Comp Pass! error percent: 0.000000%, golden result: 0.297646, dut result: 0.297646
Item5   Comp Pass! error percent: 0.000021%, golden result: 0.572030, dut result: 0.572030
Item6   Comp Pass! error percent: 0.000010%, golden result: 2.298088, dut result: 2.298088
===============================          7 Column Results    ======================================
Item0   Comp Pass! error percent: 0.000032%, golden result: 0.371399, dut result: 0.371399
Item1   Comp Pass! error percent: 0.000000%, golden result: 0.304417, dut result: 0.304417
Item2   Comp Pass! error percent: 0.000164%, golden result: 0.290732, dut result: 0.290733
Item3   Comp Pass! error percent: 0.000027%, golden result: 0.660957, dut result: 0.660957
Item4   Comp Pass! error percent: 0.000016%, golden result: 0.765062, dut result: 0.765062
Item5   Comp Pass! error percent: 0.000018%, golden result: 0.658339, dut result: 0.658339
Item6   Comp Pass! error percent: 0.000013%, golden result: 1.854733, dut result: 1.854733
Item7   Comp Pass! error percent: 0.000000%, golden result: 2.311409, dut result: 2.311409
