==========================================
Dual-core Simulation
Test case: ST32_RANDOM_TEST_128X16
==========================================
===============================          0 Column Results    ======================================
Item0   Comp Pass! error percent: 0.000000%, golden result: 6.609853, dut result: 6.609853
===============================          1 Column Results    ======================================
Item0   Comp Pass! error percent: 0.000009%, golden result: 0.318623, dut result: 0.318623
Item1   Comp Pass! error percent: 0.000000%, golden result: 6.627459, dut result: 6.627459
===============================          2 Column Results    ======================================
Item0   Comp Pass! error percent: 0.000012%, golden result: 0.994001, dut result: 0.994001
Item1   Comp Pass! error percent: 0.000018%, golden result: 0.673174, dut result: 0.673174
Item2   Comp Pass! error percent: 0.000008%, golden result: 6.006243, dut result: 6.006243
===============================          3 Column Results    ======================================
Item0   Comp Pass! error percent: 0.000049%, golden result: 0.422702, dut result: 0.422702
Item1   Comp Pass! error percent: 0.000056%, golden result: 0.319827, dut result: 0.319827
Item2   Comp Pass! error percent: 0.000104%, golden result: 0.315101, dut result: 0.315101
Item3   Comp Pass! error percent: 0.000000%, golden result: 6.408992, dut result: 6.408992
===============================          4 Column Results    ======================================
Item0   Comp Pass! error percent: 0.000052%, golden result: 0.086257, dut result: 0.086257
Item1   Comp Pass! error percent: 0.000030%, golden result: 0.201322, dut result: 0.201322
Item2   Comp Pass! error percent: 0.000083%, golden result: 0.143085, dut result: 0.143084
Item3   Comp Pass! error percent: 0.000036%, golden result: 0.500876, dut result: 0.500876
Item4   Comp Pass! error percent: 0.000025%, golden result: 5.830101, dut result: 5.830099
===============================          5 Column Results    ======================================
Item0   Comp Pass! error percent: 0.000119%, golden result: 0.087352, dut result: 0.087352
Item1   Comp Pass! error percent: 0.000010%, golden result: 0.579929, dut result: 0.579929
Item2   Comp Pass! error percent: 0.000000%, golden result: 0.869241, dut result: 0.869241
Item3   Comp Pass! error percent: 0.000020%, golden result: 0.600950, dut result: 0.600949
Item4   Comp Pass! error percent: 0.000016%, golden result: 0.371127, dut result: 0.371127
Item5   Comp Pass! error percent: 0.000023%, golden result: 6.287190, dut result: 6.287189
===============================          6 Column Results    ======================================
Item0   Comp Pass! error percent: 0.000000%, golden result: 0.037238, dut result: 0.037238
Item1   Comp Pass! error percent: 0.000027%, golden result: 0.893245, dut result: 0.893245
Item2   Comp Pass! error percent: 0.000018%, golden result: 0.326043, dut result: 0.326043
Item3   Comp Pass! error percent: 0.000023%, golden result: 0.785377, dut result: 0.785377
Item4   Comp Pass! error percent: 0.000067%, golden result: 0.443882, dut result: 0.443882
Item5   Comp Pass! error percent: 0.000067%, golden result: 0.714145, dut result: 0.714146
Item6   Comp Pass! error percent: 0.000008%, golden result: 6.051799, dut result: 6.051799
===============================          7 Column Results    ======================================
Item0   Comp Pass! error percent: 0.000018%, golden result: 0.328354, dut result: 0.328354
Item1   Comp Pass! error percent: 0.000030%, golden result: 0.593257, dut result: 0.593257
Item2   Comp Pass! error percent: 0.000519%, golden result: 0.120520, dut result: 0.120521
Item3   Comp Pass! error percent: 0.000000%, golden result: 0.635477, dut result: 0.635477
Item4   Comp Pass! error percent: 0.000079%, golden result: 0.753974, dut result: 0.753973
Item5   Comp Pass! error percent: 0.000070%, golden result: 0.509411, dut result: 0.509411
Item6   Comp Pass! error percent: 0.000034%, golden result: 0.519468, dut result: 0.519468
Item7   Comp Pass! error percent: 0.000008%, golden result: 6.233490, dut result: 6.233491
===============================          8 Column Results    ======================================
Item0   Comp Pass! error percent: 0.000052%, golden result: 0.456292, dut result: 0.456292
Item1   Comp Pass! error percent: 0.000007%, golden result: 0.871032, dut result: 0.871032
Item2   Comp Pass! error percent: 0.000218%, golden result: 0.273340, dut result: 0.273341
Item3   Comp Pass! error percent: 0.000065%, golden result: 0.274267, dut result: 0.274268
Item4   Comp Pass! error percent: 0.000014%, golden result: 0.840590, dut result: 0.840591
Item5   Comp Pass! error percent: 0.000031%, golden result: 0.390455, dut result: 0.390455
Item6   Comp Pass! error percent: 0.000109%, golden result: 0.299974, dut result: 0.299975
Item7   Comp Pass! error percent: 0.000018%, golden result: 0.671454, dut result: 0.671454
Item8   Comp Pass! error percent: 0.000000%, golden result: 6.213933, dut result: 6.213933
===============================          9 Column Results    ======================================
Item0   Comp Pass! error percent: 0.000035%, golden result: 0.678071, dut result: 0.678071
Item1   Comp Pass! error percent: 0.000039%, golden result: 0.610623, dut result: 0.610623
Item2   Comp Pass! error percent: 0.000181%, golden result: 0.156309, dut result: 0.156310
Item3   Comp Pass! error percent: 0.000054%, golden result: 0.766172, dut result: 0.766172
Item4   Comp Pass! error percent: 0.000058%, golden result: 0.257130, dut result: 0.257130
Item5   Comp Pass! error percent: 0.000033%, golden result: 0.538561, dut result: 0.538561
Item6   Comp Pass! error percent: 0.000068%, golden result: 0.132358, dut result: 0.132358
Item7   Comp Pass! error percent: 0.000000%, golden result: 0.560764, dut result: 0.560764
Item8   Comp Pass! error percent: 0.000009%, golden result: 0.663526, dut result: 0.663526
Item9   Comp Pass! error percent: 0.000016%, golden result: 5.993007, dut result: 5.993006
===============================         10 Column Results    ======================================
Item0   Comp Pass! error percent: 0.000045%, golden result: 0.165147, dut result: 0.165147
Item1   Comp Pass! error percent: 0.000033%, golden result: 0.067150, dut result: 0.067150
Item2   Comp Pass! error percent: 0.000034%, golden result: 0.705144, dut result: 0.705144
Item3   Comp Pass! error percent: 0.000018%, golden result: 0.654757, dut result: 0.654757
Item4   Comp Pass! error percent: 0.000035%, golden result: 0.126837, dut result: 0.126836
Item5   Comp Pass! error percent: 0.000019%, golden result: 0.623653, dut result: 0.623653
Item6   Comp Pass! error percent: 0.000036%, golden result: 0.328082, dut result: 0.328082
Item7   Comp Pass! error percent: 0.000042%, golden result: 0.859947, dut result: 0.859947
Item8   Comp Pass! error percent: 0.000040%, golden result: 0.296517, dut result: 0.296517
Item9   Comp Pass! error percent: 0.000120%, golden result: 0.247601, dut result: 0.247601
Item10  Comp Pass! error percent: 0.000037%, golden result: 6.461133, dut result: 6.461135
===============================         11 Column Results    ======================================
Item0   Comp Pass! error percent: 0.000024%, golden result: 0.251999, dut result: 0.251999
Item1   Comp Pass! error percent: 0.000029%, golden result: 0.616863, dut result: 0.616864
Item2   Comp Pass! error percent: 0.000108%, golden result: 0.110035, dut result: 0.110035
Item3   Comp Pass! error percent: 0.000000%, golden result: 0.501510, dut result: 0.501510
Item4   Comp Pass! error percent: 0.000011%, golden result: 1.048685, dut result: 1.048685
Item5   Comp Pass! error percent: 0.000069%, golden result: 0.692260, dut result: 0.692260
Item6   Comp Pass! error percent: 0.000026%, golden result: 0.912602, dut result: 0.912603
Item7   Comp Pass! error percent: 0.000027%, golden result: 0.663673, dut result: 0.663674
Item8   Comp Pass! error percent: 0.000066%, golden result: 0.907309, dut result: 0.907309
Item9   Comp Pass! error percent: 0.000017%, golden result: 0.704375, dut result: 0.704374
Item10  Comp Pass! error percent: 0.000000%, golden result: 0.235755, dut result: 0.235755
Item11  Comp Pass! error percent: 0.000008%, golden result: 6.122071, dut result: 6.122070
===============================         12 Column Results    ======================================
Item0   Comp Pass! error percent: 0.000330%, golden result: 0.049641, dut result: 0.049641
Item1   Comp Pass! error percent: 0.000013%, golden result: 0.444698, dut result: 0.444698
Item2   Comp Pass! error percent: 0.000015%, golden result: 0.396512, dut result: 0.396512
Item3   Comp Pass! error percent: 0.000018%, golden result: 1.302722, dut result: 1.302722
Item4   Comp Pass! error percent: 0.000034%, golden result: 0.704835, dut result: 0.704835
Item5   Comp Pass! error percent: 0.000131%, golden result: 0.545312, dut result: 0.545311
Item6   Comp Pass! error percent: 0.000060%, golden result: 0.791819, dut result: 0.791819
Item7   Comp Pass! error percent: 0.000025%, golden result: 0.945570, dut result: 0.945570
Item8   Comp Pass! error percent: 0.000006%, golden result: 0.246505, dut result: 0.246505
Item9   Comp Pass! error percent: 0.000077%, golden result: 0.269719, dut result: 0.269719
Item10  Comp Pass! error percent: 0.000110%, golden result: 0.597322, dut result: 0.597323
Item11  Comp Pass! error percent: 0.000020%, golden result: 0.591087, dut result: 0.591088
Item12  Comp Pass! error percent: 0.000008%, golden result: 5.719885, dut result: 5.719886
===============================         13 Column Results    ======================================
Item0   Comp Pass! error percent: 0.000012%, golden result: 1.942448, dut result: 1.942447
Item1   Comp Pass! error percent: 0.000016%, golden result: 0.363174, dut result: 0.363174
Item2   Comp Pass! error percent: 0.000034%, golden result: 1.415078, dut result: 1.415078
Item3   Comp Pass! error percent: 0.000049%, golden result: 0.612876, dut result: 0.612876
Item4   Comp Pass! error percent: 0.000030%, golden result: 0.793899, dut result: 0.793899
Item5   Comp Pass! error percent: 0.000216%, golden result: 0.206873, dut result: 0.206872
Item6   Comp Pass! error percent: 0.000008%, golden result: 0.360013, dut result: 0.360014
Item7   Comp Pass! error percent: 0.000218%, golden result: 0.041105, dut result: 0.041105
Item8   Comp Pass! error percent: 0.001005%, golden result: 0.022238, dut result: 0.022238
Item9   Comp Pass! error percent: 0.000158%, golden result: 0.226773, dut result: 0.226773
Item10  Comp Pass! error percent: 0.000053%, golden result: 0.336612, dut result: 0.336612
Item11  Comp Pass! error percent: 0.000021%, golden result: 0.140639, dut result: 0.140639
Item12  Comp Pass! error percent: 0.000054%, golden result: 0.138023, dut result: 0.138023
Item13  Comp Pass! error percent: 0.000000%, golden result: 6.086235, dut result: 6.086235
===============================         14 Column Results    ======================================
Item0   Comp Pass! error percent: 0.000022%, golden result: 0.545929, dut result: 0.545929
Item1   Comp Pass! error percent: 0.000573%, golden result: 0.044187, dut result: 0.044188
Item2   Comp Pass! error percent: 0.000200%, golden result: 0.055783, dut result: 0.055783
Item3   Comp Pass! error percent: 0.000036%, golden result: 0.492902, dut result: 0.492902
Item4   Comp Pass! error percent: 0.000084%, golden result: 0.356734, dut result: 0.356734
Item5   Comp Pass! error percent: 0.000000%, golden result: 1.048752, dut result: 1.048752
Item6   Comp Pass! error percent: 0.000072%, golden result: 0.453875, dut result: 0.453875
Item7   Comp Pass! error percent: 0.000011%, golden result: 0.277890, dut result: 0.277890
Item8   Comp Pass! error percent: 0.000009%, golden result: 0.642405, dut result: 0.642405
Item9   Comp Pass! error percent: 0.000014%, golden result: 0.104202, dut result: 0.104202
Item10  Comp Pass! error percent: 0.000011%, golden result: 1.059427, dut result: 1.059427
Item11  Comp Pass! error percent: 0.000145%, golden result: 0.247381, dut result: 0.247381
Item12  Comp Pass! error percent: 0.000275%, golden result: 0.092070, dut result: 0.092069
Item13  Comp Pass! error percent: 0.000013%, golden result: 0.893237, dut result: 0.893238
Item14  Comp Pass! error percent: 0.000000%, golden result: 6.449797, dut result: 6.449797
===============================         15 Column Results    ======================================
Item0   Comp Pass! error percent: 0.000042%, golden result: 1.141251, dut result: 1.141250
Item1   Comp Pass! error percent: 0.000044%, golden result: 0.235607, dut result: 0.235607
Item2   Comp Pass! error percent: 0.000142%, golden result: 0.357489, dut result: 0.357489
Item3   Comp Pass! error percent: 0.000119%, golden result: 0.299363, dut result: 0.299364
Item4   Comp Pass! error percent: 0.000013%, golden result: 0.919927, dut result: 0.919927
Item5   Comp Pass! error percent: 0.000043%, golden result: 0.560610, dut result: 0.560610
Item6   Comp Pass! error percent: 0.000057%, golden result: 0.208171, dut result: 0.208171
Item7   Comp Pass! error percent: 0.000022%, golden result: 1.067096, dut result: 1.067097
Item8   Comp Pass! error percent: 0.000042%, golden result: 0.492054, dut result: 0.492054
Item9   Comp Pass! error percent: 0.000179%, golden result: 0.299632, dut result: 0.299631
Item10  Comp Pass! error percent: 0.000048%, golden result: 0.619890, dut result: 0.619890
Item11  Comp Pass! error percent: 0.000012%, golden result: 0.978867, dut result: 0.978867
Item12  Comp Pass! error percent: 0.000580%, golden result: 0.107962, dut result: 0.107961
Item13  Comp Pass! error percent: 0.000063%, golden result: 0.662348, dut result: 0.662347
Item14  Comp Pass! error percent: 0.000027%, golden result: 0.437197, dut result: 0.437197
Item15  Comp Pass! error percent: 0.000024%, golden result: 5.935234, dut result: 5.935232
