==========================================
Dual-core Simulation
Test case: ST64_RANDOM_TEST_128X32
==========================================
===============================          0 Column Results    ======================================
Item0   Comp Pass! error percent: 0.000022%, golden result: 6.447417, dut result: 6.447418
===============================          1 Column Results    ======================================
Item0   Comp Pass! error percent: 0.000060%, golden result: 0.991499, dut result: 0.991500
Item1   Comp Pass! error percent: 0.000007%, golden result: 6.771700, dut result: 6.771701
===============================          2 Column Results    ======================================
Item0   Comp Pass! error percent: 0.000009%, golden result: 0.699653, dut result: 0.699653
Item1   Comp Pass! error percent: 0.000123%, golden result: 0.193172, dut result: 0.193172
Item2   Comp Pass! error percent: 0.000037%, golden result: 6.373054, dut result: 6.373056
===============================          3 Column Results    ======================================
Item0   Comp Pass! error percent: 0.000038%, golden result: 0.388334, dut result: 0.388334
Item1   Comp Pass! error percent: 0.000056%, golden result: 0.635697, dut result: 0.635698
Item2   Comp Pass! error percent: 0.000031%, golden result: 0.193152, dut result: 0.193152
Item3   Comp Pass! error percent: 0.000014%, golden result: 6.675888, dut result: 6.675889
===============================          4 Column Results    ======================================
Item0   Comp Pass! error percent: 0.000024%, golden result: 0.730051, dut result: 0.730051
Item1   Comp Pass! error percent: 0.000000%, golden result: 0.502019, dut result: 0.502019
Item2   Comp Pass! error percent: 0.000055%, golden result: 0.381959, dut result: 0.381959
Item3   Comp Pass! error percent: 0.000055%, golden result: 0.377266, dut result: 0.377266
Item4   Comp Pass! error percent: 0.000015%, golden result: 6.444754, dut result: 6.444755
===============================          5 Column Results    ======================================
Item0   Comp Pass! error percent: 0.000103%, golden result: 0.173375, dut result: 0.173375
Item1   Comp Pass! error percent: 0.000000%, golden result: 0.406396, dut result: 0.406396
Item2   Comp Pass! error percent: 0.000037%, golden result: 0.972525, dut result: 0.972526
Item3   Comp Pass! error percent: 0.000030%, golden result: 0.588453, dut result: 0.588454
Item4   Comp Pass! error percent: 0.000025%, golden result: 0.479334, dut result: 0.479335
Item5   Comp Pass! error percent: 0.000046%, golden result: 6.285024, dut result: 6.285027
===============================          6 Column Results    ======================================
Item0   Comp Pass! error percent: 0.000065%, golden result: 0.160952, dut result: 0.160951
Item1   Comp Pass! error percent: 0.000012%, golden result: 0.498991, dut result: 0.498991
Item2   Comp Pass! error percent: 0.000068%, golden result: 0.174760, dut result: 0.174760
Item3   Comp Pass! error percent: 0.000065%, golden result: 0.409996, dut result: 0.409996
Item4   Comp Pass! error percent: 0.000062%, golden result: 0.669089, dut result: 0.669089
Item5   Comp Pass! error percent: 0.000039%, golden result: 0.229369, dut result: 0.229369
Item6   Comp Pass! error percent: 0.000015%, golden result: 6.306684, dut result: 6.306684
===============================          7 Column Results    ======================================
Item0   Comp Pass! error percent: 0.000039%, golden result: 0.380020, dut result: 0.380020
Item1   Comp Pass! error percent: 0.000104%, golden result: 0.459093, dut result: 0.459094
Item2   Comp Pass! error percent: 0.000035%, golden result: 0.510823, dut result: 0.510823
Item3   Comp Pass! error percent: 0.000223%, golden result: 0.106686, dut result: 0.106686
Item4   Comp Pass! error percent: 0.000000%, golden result: 0.451781, dut result: 0.451781
Item5   Comp Pass! error percent: 0.000133%, golden result: 0.178827, dut result: 0.178827
Item6   Comp Pass! error percent: 0.000063%, golden result: 0.476030, dut result: 0.476030
Item7   Comp Pass! error percent: 0.000024%, golden result: 6.017844, dut result: 6.017845
===============================          8 Column Results    ======================================
Item0   Comp Pass! error percent: 0.000069%, golden result: 0.689373, dut result: 0.689374
Item1   Comp Pass! error percent: 0.000048%, golden result: 0.618473, dut result: 0.618473
Item2   Comp Pass! error percent: 0.000041%, golden result: 0.861832, dut result: 0.861833
Item3   Comp Pass! error percent: 0.000053%, golden result: 0.390021, dut result: 0.390021
Item4   Comp Pass! error percent: 0.000034%, golden result: 0.265378, dut result: 0.265378
Item5   Comp Pass! error percent: 0.000068%, golden result: 0.527187, dut result: 0.527187
Item6   Comp Pass! error percent: 0.000212%, golden result: 0.123177, dut result: 0.123178
Item7   Comp Pass! error percent: 0.000026%, golden result: 0.693998, dut result: 0.693998
Item8   Comp Pass! error percent: 0.000007%, golden result: 6.546593, dut result: 6.546594
===============================          9 Column Results    ======================================
Item0   Comp Pass! error percent: 0.000047%, golden result: 0.318000, dut result: 0.318001
Item1   Comp Pass! error percent: 0.000147%, golden result: 0.081321, dut result: 0.081321
Item2   Comp Pass! error percent: 0.000082%, golden result: 0.583193, dut result: 0.583193
Item3   Comp Pass! error percent: 0.000000%, golden result: 1.010711, dut result: 1.010711
Item4   Comp Pass! error percent: 0.000044%, golden result: 0.675155, dut result: 0.675155
Item5   Comp Pass! error percent: 0.000059%, golden result: 0.508018, dut result: 0.508018
Item6   Comp Pass! error percent: 0.000021%, golden result: 0.289521, dut result: 0.289521
Item7   Comp Pass! error percent: 0.000084%, golden result: 0.212902, dut result: 0.212902
Item8   Comp Pass! error percent: 0.000083%, golden result: 0.144376, dut result: 0.144376
Item9   Comp Pass! error percent: 0.000008%, golden result: 5.851319, dut result: 5.851319
===============================         10 Column Results    ======================================
Item0   Comp Pass! error percent: 0.000033%, golden result: 0.091122, dut result: 0.091122
Item1   Comp Pass! error percent: 0.000025%, golden result: 0.710663, dut result: 0.710663
Item2   Comp Pass! error percent: 0.001092%, golden result: 0.018076, dut result: 0.018076
Item3   Comp Pass! error percent: 0.000254%, golden result: 0.111472, dut result: 0.111472
Item4   Comp Pass! error percent: 0.000142%, golden result: 0.209245, dut result: 0.209246
Item5   Comp Pass! error percent: 0.000018%, golden result: 0.488064, dut result: 0.488064
Item6   Comp Pass! error percent: 0.000046%, golden result: 1.034783, dut result: 1.034783
Item7   Comp Pass! error percent: 0.000110%, golden result: 0.176603, dut result: 0.176603
Item8   Comp Pass! error percent: 0.000026%, golden result: 0.343424, dut result: 0.343424
Item9   Comp Pass! error percent: 0.000000%, golden result: 0.060836, dut result: 0.060836
Item10  Comp Pass! error percent: 0.000014%, golden result: 6.612113, dut result: 6.612112
===============================         11 Column Results    ======================================
Item0   Comp Pass! error percent: 0.000000%, golden result: 0.372083, dut result: 0.372083
Item1   Comp Pass! error percent: 0.000038%, golden result: 0.236268, dut result: 0.236269
Item2   Comp Pass! error percent: 0.000112%, golden result: 0.266481, dut result: 0.266482
Item3   Comp Pass! error percent: 0.000534%, golden result: 0.066919, dut result: 0.066919
Item4   Comp Pass! error percent: 0.000071%, golden result: 0.421986, dut result: 0.421986
Item5   Comp Pass! error percent: 0.000000%, golden result: 0.626996, dut result: 0.626996
Item6   Comp Pass! error percent: 0.000000%, golden result: 0.501777, dut result: 0.501777
Item7   Comp Pass! error percent: 0.000000%, golden result: 0.920202, dut result: 0.920202
Item8   Comp Pass! error percent: 0.000103%, golden result: 0.317846, dut result: 0.317846
Item9   Comp Pass! error percent: 0.000032%, golden result: 0.188130, dut result: 0.188130
Item10  Comp Pass! error percent: 0.000077%, golden result: 0.086576, dut result: 0.086576
Item11  Comp Pass! error percent: 0.000030%, golden result: 6.405139, dut result: 6.405141
===============================         12 Column Results    ======================================
Item0   Comp Pass! error percent: 0.000026%, golden result: 0.225970, dut result: 0.225970
Item1   Comp Pass! error percent: 0.000050%, golden result: 0.594102, dut result: 0.594102
Item2   Comp Pass! error percent: 0.000014%, golden result: 0.436074, dut result: 0.436074
Item3   Comp Pass! error percent: 0.000109%, golden result: 0.205445, dut result: 0.205445
Item4   Comp Pass! error percent: 0.000016%, golden result: 0.376268, dut result: 0.376268
Item5   Comp Pass! error percent: 0.000058%, golden result: 0.512821, dut result: 0.512821
Item6   Comp Pass! error percent: 0.000103%, golden result: 0.523293, dut result: 0.523294
Item7   Comp Pass! error percent: 0.000065%, golden result: 0.409860, dut result: 0.409861
Item8   Comp Pass! error percent: 0.000044%, golden result: 0.545887, dut result: 0.545887
Item9   Comp Pass! error percent: 0.000095%, golden result: 0.118250, dut result: 0.118250
Item10  Comp Pass! error percent: 0.000049%, golden result: 0.153246, dut result: 0.153246
Item11  Comp Pass! error percent: 0.001001%, golden result: 0.019345, dut result: 0.019345
Item12  Comp Pass! error percent: 0.000027%, golden result: 5.314782, dut result: 5.314783
===============================         13 Column Results    ======================================
Item0   Comp Pass! error percent: 0.000040%, golden result: 0.372088, dut result: 0.372088
Item1   Comp Pass! error percent: 0.000192%, golden result: 0.154892, dut result: 0.154892
Item2   Comp Pass! error percent: 0.000260%, golden result: 0.080319, dut result: 0.080319
Item3   Comp Pass! error percent: 0.000067%, golden result: 0.627218, dut result: 0.627218
Item4   Comp Pass! error percent: 0.000030%, golden result: 1.209355, dut result: 1.209355
Item5   Comp Pass! error percent: 0.000159%, golden result: 0.121551, dut result: 0.121551
Item6   Comp Pass! error percent: 0.000384%, golden result: 0.030073, dut result: 0.030073
Item7   Comp Pass! error percent: 0.000077%, golden result: 0.173276, dut result: 0.173276
Item8   Comp Pass! error percent: 0.000019%, golden result: 0.154562, dut result: 0.154562
Item9   Comp Pass! error percent: 0.000008%, golden result: 0.360045, dut result: 0.360045
Item10  Comp Pass! error percent: 0.004321%, golden result: 0.011034, dut result: 0.011035
Item11  Comp Pass! error percent: 0.000191%, golden result: 0.062439, dut result: 0.062439
Item12  Comp Pass! error percent: 0.000052%, golden result: 0.691368, dut result: 0.691368
Item13  Comp Pass! error percent: 0.000000%, golden result: 6.409819, dut result: 6.409819
===============================         14 Column Results    ======================================
Item0   Comp Pass! error percent: 0.000068%, golden result: 0.264677, dut result: 0.264677
Item1   Comp Pass! error percent: 0.000017%, golden result: 0.355292, dut result: 0.355292
Item2   Comp Pass! error percent: 0.000032%, golden result: 0.746974, dut result: 0.746974
Item3   Comp Pass! error percent: 0.000020%, golden result: 1.181516, dut result: 1.181516
Item4   Comp Pass! error percent: 0.000081%, golden result: 0.294004, dut result: 0.294004
Item5   Comp Pass! error percent: 0.000195%, golden result: 0.030537, dut result: 0.030537
Item6   Comp Pass! error percent: 0.000019%, golden result: 0.633417, dut result: 0.633417
Item7   Comp Pass! error percent: 0.000077%, golden result: 0.387332, dut result: 0.387332
Item8   Comp Pass! error percent: 0.000093%, golden result: 0.224918, dut result: 0.224918
Item9   Comp Pass! error percent: 0.000126%, golden result: 0.330193, dut result: 0.330194
Item10  Comp Pass! error percent: 0.000048%, golden result: 0.248450, dut result: 0.248450
Item11  Comp Pass! error percent: 0.000059%, golden result: 1.218988, dut result: 1.218988
Item12  Comp Pass! error percent: 0.000078%, golden result: 0.307462, dut result: 0.307463
Item13  Comp Pass! error percent: 0.000063%, golden result: 0.284300, dut result: 0.284301
Item14  Comp Pass! error percent: 0.000008%, golden result: 6.206648, dut result: 6.206649
===============================         15 Column Results    ======================================
Item0   Comp Pass! error percent: 0.000040%, golden result: 0.150896, dut result: 0.150896
Item1   Comp Pass! error percent: 0.000112%, golden result: 0.213744, dut result: 0.213745
Item2   Comp Pass! error percent: 0.000049%, golden result: 0.364089, dut result: 0.364089
Item3   Comp Pass! error percent: 0.000174%, golden result: 0.239443, dut result: 0.239442
Item4   Comp Pass! error percent: 0.000078%, golden result: 0.379662, dut result: 0.379662
Item5   Comp Pass! error percent: 0.000096%, golden result: 0.620669, dut result: 0.620670
Item6   Comp Pass! error percent: 0.000065%, golden result: 0.554166, dut result: 0.554166
Item7   Comp Pass! error percent: 0.000039%, golden result: 0.609578, dut result: 0.609578
Item8   Comp Pass! error percent: 0.000024%, golden result: 0.504686, dut result: 0.504686
Item9   Comp Pass! error percent: 0.000079%, golden result: 0.264386, dut result: 0.264386
Item10  Comp Pass! error percent: 0.000000%, golden result: 1.097999, dut result: 1.097999
Item11  Comp Pass! error percent: 0.000221%, golden result: 0.121289, dut result: 0.121289
Item12  Comp Pass! error percent: 0.000007%, golden result: 0.811156, dut result: 0.811156
Item13  Comp Pass! error percent: 0.000008%, golden result: 0.363794, dut result: 0.363794
Item14  Comp Pass! error percent: 0.000062%, golden result: 0.674273, dut result: 0.674274
Item15  Comp Pass! error percent: 0.000022%, golden result: 6.479120, dut result: 6.479118
===============================         16 Column Results    ======================================
Item0   Comp Pass! error percent: 0.000019%, golden result: 0.315989, dut result: 0.315989
Item1   Comp Pass! error percent: 0.000076%, golden result: 0.469489, dut result: 0.469489
Item2   Comp Pass! error percent: 0.000372%, golden result: 0.112012, dut result: 0.112012
Item3   Comp Pass! error percent: 0.000045%, golden result: 1.070974, dut result: 1.070975
Item4   Comp Pass! error percent: 0.000008%, golden result: 0.771240, dut result: 0.771240
Item5   Comp Pass! error percent: 0.000038%, golden result: 0.197129, dut result: 0.197129
Item6   Comp Pass! error percent: 0.000085%, golden result: 0.628099, dut result: 0.628100
Item7   Comp Pass! error percent: 0.000016%, golden result: 0.362337, dut result: 0.362337
Item8   Comp Pass! error percent: 0.000054%, golden result: 0.328436, dut result: 0.328436
Item9   Comp Pass! error percent: 0.000121%, golden result: 0.245497, dut result: 0.245496
Item10  Comp Pass! error percent: 0.000006%, golden result: 0.961666, dut result: 0.961666
Item11  Comp Pass! error percent: 0.000010%, golden result: 0.625050, dut result: 0.625050
Item12  Comp Pass! error percent: 0.000137%, golden result: 0.174197, dut result: 0.174197
Item13  Comp Pass! error percent: 0.000049%, golden result: 0.490539, dut result: 0.490540
Item14  Comp Pass! error percent: 0.000511%, golden result: 0.030278, dut result: 0.030278
Item15  Comp Pass! error percent: 0.000000%, golden result: 0.366042, dut result: 0.366042
Item16  Comp Pass! error percent: 0.000015%, golden result: 6.207868, dut result: 6.207869
===============================         17 Column Results    ======================================
Item0   Comp Pass! error percent: 0.000030%, golden result: 0.604875, dut result: 0.604875
Item1   Comp Pass! error percent: 0.000072%, golden result: 1.156107, dut result: 1.156108
Item2   Comp Pass! error percent: 0.000085%, golden result: 0.069749, dut result: 0.069749
Item3   Comp Pass! error percent: 0.000014%, golden result: 0.848496, dut result: 0.848496
Item4   Comp Pass! error percent: 0.000045%, golden result: 0.396796, dut result: 0.396796
Item5   Comp Pass! error percent: 0.000080%, golden result: 0.523281, dut result: 0.523282
Item6   Comp Pass! error percent: 0.000087%, golden result: 0.618968, dut result: 0.618969
Item7   Comp Pass! error percent: 0.000333%, golden result: 0.098586, dut result: 0.098586
Item8   Comp Pass! error percent: 0.000038%, golden result: 0.621716, dut result: 0.621716
Item9   Comp Pass! error percent: 0.000237%, golden result: 0.264429, dut result: 0.264430
Item10  Comp Pass! error percent: 0.000163%, golden result: 0.256758, dut result: 0.256757
Item11  Comp Pass! error percent: 0.000154%, golden result: 0.387691, dut result: 0.387691
Item12  Comp Pass! error percent: 0.000041%, golden result: 0.578508, dut result: 0.578509
Item13  Comp Pass! error percent: 0.000028%, golden result: 0.429310, dut result: 0.429310
Item14  Comp Pass! error percent: 0.000008%, golden result: 1.535665, dut result: 1.535665
Item15  Comp Pass! error percent: 0.000023%, golden result: 0.509674, dut result: 0.509674
Item16  Comp Pass! error percent: 0.002204%, golden result: 0.022984, dut result: 0.022984
Item17  Comp Pass! error percent: 0.000000%, golden result: 6.296390, dut result: 6.296390
===============================         18 Column Results    ======================================
Item0   Comp Pass! error percent: 0.000159%, golden result: 0.177550, dut result: 0.177550
Item1   Comp Pass! error percent: 0.000085%, golden result: 0.209769, dut result: 0.209769
Item2   Comp Pass! error percent: 0.000120%, golden result: 0.272527, dut result: 0.272527
Item3   Comp Pass! error percent: 0.000042%, golden result: 0.286232, dut result: 0.286232
Item4   Comp Pass! error percent: 0.000104%, golden result: 0.373846, dut result: 0.373847
Item5   Comp Pass! error percent: 0.000148%, golden result: 0.090905, dut result: 0.090905
Item6   Comp Pass! error percent: 0.000021%, golden result: 1.159042, dut result: 1.159042
Item7   Comp Pass! error percent: 0.000069%, golden result: 0.519228, dut result: 0.519228
Item8   Comp Pass! error percent: 0.000030%, golden result: 0.401290, dut result: 0.401289
Item9   Comp Pass! error percent: 0.000066%, golden result: 0.090749, dut result: 0.090749
Item10  Comp Pass! error percent: 0.000000%, golden result: 0.075677, dut result: 0.075677
Item11  Comp Pass! error percent: 0.000039%, golden result: 0.908218, dut result: 0.908218
Item12  Comp Pass! error percent: 0.000171%, golden result: 0.104775, dut result: 0.104775
Item13  Comp Pass! error percent: 0.000006%, golden result: 0.919608, dut result: 0.919608
Item14  Comp Pass! error percent: 0.000068%, golden result: 0.087416, dut result: 0.087416
Item15  Comp Pass! error percent: 0.000759%, golden result: 0.021110, dut result: 0.021110
Item16  Comp Pass! error percent: 0.000069%, golden result: 0.695647, dut result: 0.695648
Item17  Comp Pass! error percent: 0.000012%, golden result: 0.516852, dut result: 0.516852
Item18  Comp Pass! error percent: 0.000024%, golden result: 5.966053, dut result: 5.966054
===============================         19 Column Results    ======================================
Item0   Comp Pass! error percent: 0.000183%, golden result: 0.048876, dut result: 0.048876
Item1   Comp Pass! error percent: 0.000584%, golden result: 0.040803, dut result: 0.040802
Item2   Comp Pass! error percent: 0.000049%, golden result: 0.363622, dut result: 0.363622
Item3   Comp Pass! error percent: 0.000077%, golden result: 0.233572, dut result: 0.233572
Item4   Comp Pass! error percent: 0.000000%, golden result: 0.234878, dut result: 0.234878
Item5   Comp Pass! error percent: 0.000019%, golden result: 1.279194, dut result: 1.279194
Item6   Comp Pass! error percent: 0.000000%, golden result: 0.307354, dut result: 0.307354
Item7   Comp Pass! error percent: 0.000031%, golden result: 0.758740, dut result: 0.758740
Item8   Comp Pass! error percent: 0.000225%, golden result: 0.053090, dut result: 0.053090
Item9   Comp Pass! error percent: 0.000051%, golden result: 0.817257, dut result: 0.817256
Item10  Comp Pass! error percent: 0.000036%, golden result: 0.838506, dut result: 0.838506
Item11  Comp Pass! error percent: 0.000109%, golden result: 0.102331, dut result: 0.102331
Item12  Comp Pass! error percent: 0.000006%, golden result: 0.957555, dut result: 0.957556
Item13  Comp Pass! error percent: 0.000861%, golden result: 0.043271, dut result: 0.043271
Item14  Comp Pass! error percent: 0.000050%, golden result: 0.359960, dut result: 0.359960
Item15  Comp Pass! error percent: 0.000049%, golden result: 1.466065, dut result: 1.466064
Item16  Comp Pass! error percent: 0.000017%, golden result: 0.711515, dut result: 0.711515
Item17  Comp Pass! error percent: 0.000054%, golden result: 1.318573, dut result: 1.318572
Item18  Comp Pass! error percent: 0.000064%, golden result: 0.655386, dut result: 0.655386
Item19  Comp Pass! error percent: 0.000000%, golden result: 5.592849, dut result: 5.592849
===============================         20 Column Results    ======================================
Item0   Comp Pass! error percent: 0.000045%, golden result: 0.460359, dut result: 0.460359
Item1   Comp Pass! error percent: 0.000070%, golden result: 0.299396, dut result: 0.299396
Item2   Comp Pass! error percent: 0.000033%, golden result: 1.424466, dut result: 1.424467
Item3   Comp Pass! error percent: 0.000012%, golden result: 1.036313, dut result: 1.036313
Item4   Comp Pass! error percent: 0.000094%, golden result: 0.159296, dut result: 0.159296
Item5   Comp Pass! error percent: 0.000342%, golden result: 0.037037, dut result: 0.037037
Item6   Comp Pass! error percent: 0.000040%, golden result: 0.451640, dut result: 0.451640
Item7   Comp Pass! error percent: 0.000068%, golden result: 0.109533, dut result: 0.109533
Item8   Comp Pass! error percent: 0.000060%, golden result: 0.693674, dut result: 0.693673
Item9   Comp Pass! error percent: 0.000049%, golden result: 0.060593, dut result: 0.060593
Item10  Comp Pass! error percent: 0.000000%, golden result: 0.080453, dut result: 0.080453
Item11  Comp Pass! error percent: 0.000041%, golden result: 0.294262, dut result: 0.294262
Item12  Comp Pass! error percent: 0.000404%, golden result: 0.070160, dut result: 0.070161
Item13  Comp Pass! error percent: 0.000061%, golden result: 0.121327, dut result: 0.121327
Item14  Comp Pass! error percent: 0.000057%, golden result: 1.036858, dut result: 1.036859
Item15  Comp Pass! error percent: 0.000076%, golden result: 0.391598, dut result: 0.391598
Item16  Comp Pass! error percent: 0.000124%, golden result: 0.481419, dut result: 0.481420
Item17  Comp Pass! error percent: 0.000276%, golden result: 0.086537, dut result: 0.086537
Item18  Comp Pass! error percent: 0.000136%, golden result: 0.120664, dut result: 0.120664
Item19  Comp Pass! error percent: 0.000010%, golden result: 0.289254, dut result: 0.289254
Item20  Comp Pass! error percent: 0.000023%, golden result: 6.156427, dut result: 6.156428
===============================         21 Column Results    ======================================
Item0   Comp Pass! error percent: 0.000143%, golden result: 0.187703, dut result: 0.187704
Item1   Comp Pass! error percent: 0.000040%, golden result: 1.796181, dut result: 1.796182
Item2   Comp Pass! error percent: 0.000043%, golden result: 1.114448, dut result: 1.114449
Item3   Comp Pass! error percent: 0.000000%, golden result: 0.495418, dut result: 0.495418
Item4   Comp Pass! error percent: 0.000000%, golden result: 0.665115, dut result: 0.665115
Item5   Comp Pass! error percent: 0.000009%, golden result: 1.319558, dut result: 1.319557
Item6   Comp Pass! error percent: 0.000133%, golden result: 0.145383, dut result: 0.145383
Item7   Comp Pass! error percent: 0.000081%, golden result: 0.129241, dut result: 0.129240
Item8   Comp Pass! error percent: 0.000178%, golden result: 0.050120, dut result: 0.050120
Item9   Comp Pass! error percent: 0.000006%, golden result: 0.958282, dut result: 0.958282
Item10  Comp Pass! error percent: 0.000070%, golden result: 0.766577, dut result: 0.766576
Item11  Comp Pass! error percent: 0.000146%, golden result: 0.040936, dut result: 0.040936
Item12  Comp Pass! error percent: 0.000068%, golden result: 0.479726, dut result: 0.479727
Item13  Comp Pass! error percent: 0.000138%, golden result: 0.172259, dut result: 0.172259
Item14  Comp Pass! error percent: 0.000130%, golden result: 0.114206, dut result: 0.114206
Item15  Comp Pass! error percent: 0.000040%, golden result: 0.745608, dut result: 0.745608
Item16  Comp Pass! error percent: 0.000061%, golden result: 0.491018, dut result: 0.491018
Item17  Comp Pass! error percent: 0.000100%, golden result: 0.598029, dut result: 0.598029
Item18  Comp Pass! error percent: 0.000046%, golden result: 0.325798, dut result: 0.325798
Item19  Comp Pass! error percent: 0.000056%, golden result: 0.264164, dut result: 0.264164
Item20  Comp Pass! error percent: 0.001269%, golden result: 0.037581, dut result: 0.037582
Item21  Comp Pass! error percent: 0.000000%, golden result: 6.011955, dut result: 6.011955
===============================         22 Column Results    ======================================
Item0   Comp Pass! error percent: 0.000094%, golden result: 0.381191, dut result: 0.381191
Item1   Comp Pass! error percent: 0.000037%, golden result: 0.162535, dut result: 0.162535
Item2   Comp Pass! error percent: 0.000032%, golden result: 1.102076, dut result: 1.102077
Item3   Comp Pass! error percent: 0.000057%, golden result: 0.415024, dut result: 0.415024
Item4   Comp Pass! error percent: 0.000020%, golden result: 0.147091, dut result: 0.147091
Item5   Comp Pass! error percent: 0.000059%, golden result: 0.200424, dut result: 0.200424
Item6   Comp Pass! error percent: 0.000032%, golden result: 0.742889, dut result: 0.742889
Item7   Comp Pass! error percent: 0.000072%, golden result: 0.328972, dut result: 0.328972
Item8   Comp Pass! error percent: 0.000038%, golden result: 0.388100, dut result: 0.388100
Item9   Comp Pass! error percent: 0.000069%, golden result: 0.434572, dut result: 0.434572
Item10  Comp Pass! error percent: 0.000031%, golden result: 0.579713, dut result: 0.579713
Item11  Comp Pass! error percent: 0.000051%, golden result: 0.348129, dut result: 0.348129
Item12  Comp Pass! error percent: 0.000227%, golden result: 0.104810, dut result: 0.104810
Item13  Comp Pass! error percent: 0.000053%, golden result: 0.222902, dut result: 0.222902
Item14  Comp Pass! error percent: 0.000125%, golden result: 0.285386, dut result: 0.285386
Item15  Comp Pass! error percent: 0.000104%, golden result: 0.157538, dut result: 0.157538
Item16  Comp Pass! error percent: 0.000060%, golden result: 0.347732, dut result: 0.347732
Item17  Comp Pass! error percent: 0.000050%, golden result: 0.420761, dut result: 0.420761
Item18  Comp Pass! error percent: 0.000309%, golden result: 0.106117, dut result: 0.106117
Item19  Comp Pass! error percent: 0.000031%, golden result: 0.569387, dut result: 0.569387
Item20  Comp Pass! error percent: 0.000035%, golden result: 0.345324, dut result: 0.345324
Item21  Comp Pass! error percent: 0.000516%, golden result: 0.077976, dut result: 0.077976
Item22  Comp Pass! error percent: 0.000008%, golden result: 6.039175, dut result: 6.039175
===============================         23 Column Results    ======================================
Item0   Comp Pass! error percent: 0.001968%, golden result: 0.018176, dut result: 0.018176
Item1   Comp Pass! error percent: 0.000208%, golden result: 0.028613, dut result: 0.028613
Item2   Comp Pass! error percent: 0.000055%, golden result: 0.647142, dut result: 0.647142
Item3   Comp Pass! error percent: 0.000017%, golden result: 0.718543, dut result: 0.718543
Item4   Comp Pass! error percent: 0.000041%, golden result: 0.580169, dut result: 0.580169
Item5   Comp Pass! error percent: 0.000070%, golden result: 1.021742, dut result: 1.021743
Item6   Comp Pass! error percent: 0.001220%, golden result: 0.016953, dut result: 0.016953
Item7   Comp Pass! error percent: 0.000027%, golden result: 0.659298, dut result: 0.659298
Item8   Comp Pass! error percent: 0.000056%, golden result: 0.474748, dut result: 0.474748
Item9   Comp Pass! error percent: 0.000457%, golden result: 0.052159, dut result: 0.052159
Item10  Comp Pass! error percent: 0.000031%, golden result: 0.379307, dut result: 0.379307
Item11  Comp Pass! error percent: 0.000029%, golden result: 0.204788, dut result: 0.204788
Item12  Comp Pass! error percent: 0.000031%, golden result: 0.096501, dut result: 0.096500
Item13  Comp Pass! error percent: 0.000009%, golden result: 0.330042, dut result: 0.330042
Item14  Comp Pass! error percent: 0.000010%, golden result: 1.196522, dut result: 1.196522
Item15  Comp Pass! error percent: 0.000023%, golden result: 1.032152, dut result: 1.032151
Item16  Comp Pass! error percent: 0.000038%, golden result: 0.465874, dut result: 0.465874
Item17  Comp Pass! error percent: 0.000117%, golden result: 0.178174, dut result: 0.178174
Item18  Comp Pass! error percent: 0.000020%, golden result: 0.883619, dut result: 0.883620
Item19  Comp Pass! error percent: 0.000023%, golden result: 0.261865, dut result: 0.261865
Item20  Comp Pass! error percent: 0.000154%, golden result: 0.270994, dut result: 0.270995
Item21  Comp Pass! error percent: 0.002751%, golden result: 0.007042, dut result: 0.007042
Item22  Comp Pass! error percent: 0.000000%, golden result: 0.892537, dut result: 0.892537
Item23  Comp Pass! error percent: 0.000000%, golden result: 6.212905, dut result: 6.212905
===============================         24 Column Results    ======================================
Item0   Comp Pass! error percent: 0.000055%, golden result: 0.539341, dut result: 0.539341
Item1   Comp Pass! error percent: 0.000081%, golden result: 0.221297, dut result: 0.221297
Item2   Comp Pass! error percent: 0.000028%, golden result: 0.105398, dut result: 0.105398
Item3   Comp Pass! error percent: 0.000128%, golden result: 0.046561, dut result: 0.046561
Item4   Comp Pass! error percent: 0.000152%, golden result: 0.117292, dut result: 0.117292
Item5   Comp Pass! error percent: 0.000025%, golden result: 0.702902, dut result: 0.702902
Item6   Comp Pass! error percent: 0.000040%, golden result: 0.590210, dut result: 0.590211
Item7   Comp Pass! error percent: 0.000000%, golden result: 0.608533, dut result: 0.608533
Item8   Comp Pass! error percent: 0.000023%, golden result: 0.774213, dut result: 0.774213
Item9   Comp Pass! error percent: 0.000023%, golden result: 1.034267, dut result: 1.034267
Item10  Comp Pass! error percent: 0.000039%, golden result: 0.617332, dut result: 0.617332
Item11  Comp Pass! error percent: 0.000087%, golden result: 0.683330, dut result: 0.683330
Item12  Comp Pass! error percent: 0.000012%, golden result: 0.513854, dut result: 0.513854
Item13  Comp Pass! error percent: 0.000000%, golden result: 1.017737, dut result: 1.017737
Item14  Comp Pass! error percent: 0.000129%, golden result: 0.278125, dut result: 0.278126
Item15  Comp Pass! error percent: 0.000010%, golden result: 1.150452, dut result: 1.150452
Item16  Comp Pass! error percent: 0.000000%, golden result: 0.817482, dut result: 0.817482
Item17  Comp Pass! error percent: 0.000039%, golden result: 0.309572, dut result: 0.309572
Item18  Comp Pass! error percent: 0.000000%, golden result: 0.352563, dut result: 0.352563
Item19  Comp Pass! error percent: 0.000030%, golden result: 1.181080, dut result: 1.181079
Item20  Comp Pass! error percent: 0.000081%, golden result: 0.589025, dut result: 0.589025
Item21  Comp Pass! error percent: 0.000034%, golden result: 0.350839, dut result: 0.350839
Item22  Comp Pass! error percent: 0.000450%, golden result: 0.052991, dut result: 0.052991
Item23  Comp Pass! error percent: 0.000149%, golden result: 0.220540, dut result: 0.220541
Item24  Comp Pass! error percent: 0.000008%, golden result: 5.806305, dut result: 5.806305
===============================         25 Column Results    ======================================
Item0   Comp Pass! error percent: 0.000054%, golden result: 0.219739, dut result: 0.219740
Item1   Comp Pass! error percent: 0.000034%, golden result: 0.695286, dut result: 0.695286
Item2   Comp Pass! error percent: 0.000036%, golden result: 1.002591, dut result: 1.002591
Item3   Comp Pass! error percent: 0.000017%, golden result: 0.351790, dut result: 0.351790
Item4   Comp Pass! error percent: 0.000739%, golden result: 0.014108, dut result: 0.014108
Item5   Comp Pass! error percent: 0.000018%, golden result: 0.334576, dut result: 0.334576
Item6   Comp Pass! error percent: 0.000013%, golden result: 0.913867, dut result: 0.913867
Item7   Comp Pass! error percent: 0.000000%, golden result: 0.864790, dut result: 0.864790
Item8   Comp Pass! error percent: 0.000560%, golden result: 0.058569, dut result: 0.058570
Item9   Comp Pass! error percent: 0.000013%, golden result: 0.911003, dut result: 0.911004
Item10  Comp Pass! error percent: 0.000031%, golden result: 0.283848, dut result: 0.283849
Item11  Comp Pass! error percent: 0.000016%, golden result: 0.769045, dut result: 0.769045
Item12  Comp Pass! error percent: 0.000021%, golden result: 0.427273, dut result: 0.427273
Item13  Comp Pass! error percent: 0.000037%, golden result: 0.406352, dut result: 0.406352
Item14  Comp Pass! error percent: 0.000011%, golden result: 0.556829, dut result: 0.556829
Item15  Comp Pass! error percent: 0.000009%, golden result: 0.658087, dut result: 0.658087
Item16  Comp Pass! error percent: 0.000000%, golden result: 0.512312, dut result: 0.512312
Item17  Comp Pass! error percent: 0.000030%, golden result: 1.183052, dut result: 1.183051
Item18  Comp Pass! error percent: 0.000052%, golden result: 0.692539, dut result: 0.692540
Item19  Comp Pass! error percent: 0.000063%, golden result: 0.423930, dut result: 0.423930
Item20  Comp Pass! error percent: 0.000000%, golden result: 1.028823, dut result: 1.028823
Item21  Comp Pass! error percent: 0.000367%, golden result: 0.097391, dut result: 0.097390
Item22  Comp Pass! error percent: 0.000153%, golden result: 0.291362, dut result: 0.291362
Item23  Comp Pass! error percent: 0.000038%, golden result: 0.929329, dut result: 0.929328
Item24  Comp Pass! error percent: 0.000127%, golden result: 0.093729, dut result: 0.093729
Item25  Comp Pass! error percent: 0.000032%, golden result: 5.871738, dut result: 5.871737
===============================         26 Column Results    ======================================
Item0   Comp Pass! error percent: 0.000060%, golden result: 0.598128, dut result: 0.598128
Item1   Comp Pass! error percent: 0.000127%, golden result: 0.247074, dut result: 0.247075
Item2   Comp Pass! error percent: 0.000000%, golden result: 0.126245, dut result: 0.126245
Item3   Comp Pass! error percent: 0.000130%, golden result: 0.297438, dut result: 0.297438
Item4   Comp Pass! error percent: 0.000042%, golden result: 0.844466, dut result: 0.844466
Item5   Comp Pass! error percent: 0.000029%, golden result: 1.224339, dut result: 1.224339
Item6   Comp Pass! error percent: 0.000111%, golden result: 0.107457, dut result: 0.107457
Item7   Comp Pass! error percent: 0.000064%, golden result: 0.562648, dut result: 0.562648
Item8   Comp Pass! error percent: 0.000022%, golden result: 0.266768, dut result: 0.266768
Item9   Comp Pass! error percent: 0.000121%, golden result: 0.135598, dut result: 0.135598
Item10  Comp Pass! error percent: 0.000093%, golden result: 0.191947, dut result: 0.191947
Item11  Comp Pass! error percent: 0.000053%, golden result: 0.781228, dut result: 0.781229
Item12  Comp Pass! error percent: 0.000108%, golden result: 0.360170, dut result: 0.360170
Item13  Comp Pass! error percent: 0.000034%, golden result: 0.704207, dut result: 0.704206
Item14  Comp Pass! error percent: 0.000016%, golden result: 1.532780, dut result: 1.532780
Item15  Comp Pass! error percent: 0.000012%, golden result: 0.502836, dut result: 0.502836
Item16  Comp Pass! error percent: 0.000064%, golden result: 0.326463, dut result: 0.326463
Item17  Comp Pass! error percent: 0.000052%, golden result: 0.284534, dut result: 0.284534
Item18  Comp Pass! error percent: 0.000146%, golden result: 0.488230, dut result: 0.488231
Item19  Comp Pass! error percent: 0.000055%, golden result: 0.242135, dut result: 0.242135
Item20  Comp Pass! error percent: 0.000296%, golden result: 0.060382, dut result: 0.060382
Item21  Comp Pass! error percent: 0.000033%, golden result: 0.452152, dut result: 0.452152
Item22  Comp Pass! error percent: 0.000070%, golden result: 0.255651, dut result: 0.255651
Item23  Comp Pass! error percent: 0.000059%, golden result: 0.056624, dut result: 0.056624
Item24  Comp Pass! error percent: 0.000046%, golden result: 0.522617, dut result: 0.522617
Item25  Comp Pass! error percent: 0.000311%, golden result: 0.153111, dut result: 0.153112
Item26  Comp Pass! error percent: 0.000016%, golden result: 6.012195, dut result: 6.012194
===============================         27 Column Results    ======================================
Item0   Comp Pass! error percent: 0.000012%, golden result: 0.500309, dut result: 0.500310
Item1   Comp Pass! error percent: 0.000032%, golden result: 0.927528, dut result: 0.927528
Item2   Comp Pass! error percent: 0.000025%, golden result: 0.722070, dut result: 0.722070
Item3   Comp Pass! error percent: 0.000115%, golden result: 0.038749, dut result: 0.038749
Item4   Comp Pass! error percent: 0.000032%, golden result: 0.186509, dut result: 0.186509
Item5   Comp Pass! error percent: 0.000006%, golden result: 0.999569, dut result: 0.999568
Item6   Comp Pass! error percent: 0.001796%, golden result: 0.013274, dut result: 0.013274
Item7   Comp Pass! error percent: 0.000137%, golden result: 0.227597, dut result: 0.227597
Item8   Comp Pass! error percent: 0.000025%, golden result: 0.482242, dut result: 0.482242
Item9   Comp Pass! error percent: 0.000007%, golden result: 0.434978, dut result: 0.434978
Item10  Comp Pass! error percent: 0.000139%, golden result: 0.042756, dut result: 0.042756
Item11  Comp Pass! error percent: 0.000009%, golden result: 0.664694, dut result: 0.664694
Item12  Comp Pass! error percent: 0.000000%, golden result: 1.006741, dut result: 1.006741
Item13  Comp Pass! error percent: 0.000972%, golden result: 0.018402, dut result: 0.018402
Item14  Comp Pass! error percent: 0.000057%, golden result: 0.524524, dut result: 0.524524
Item15  Comp Pass! error percent: 0.000043%, golden result: 0.274298, dut result: 0.274298
Item16  Comp Pass! error percent: 0.000011%, golden result: 1.111968, dut result: 1.111968
Item17  Comp Pass! error percent: 0.000047%, golden result: 0.318930, dut result: 0.318930
Item18  Comp Pass! error percent: 0.000095%, golden result: 0.236042, dut result: 0.236043
Item19  Comp Pass! error percent: 0.000119%, golden result: 0.062730, dut result: 0.062730
Item20  Comp Pass! error percent: 0.000180%, golden result: 0.149227, dut result: 0.149227
Item21  Comp Pass! error percent: 0.000011%, golden result: 0.280850, dut result: 0.280850
Item22  Comp Pass! error percent: 0.000047%, golden result: 1.004148, dut result: 1.004148
Item23  Comp Pass! error percent: 0.000153%, golden result: 0.146397, dut result: 0.146397
Item24  Comp Pass! error percent: 0.000042%, golden result: 0.424561, dut result: 0.424561
Item25  Comp Pass! error percent: 0.000094%, golden result: 0.316984, dut result: 0.316984
Item26  Comp Pass! error percent: 0.000007%, golden result: 0.803645, dut result: 0.803645
Item27  Comp Pass! error percent: 0.000008%, golden result: 6.050868, dut result: 6.050868
===============================         28 Column Results    ======================================
Item0   Comp Pass! error percent: 0.000025%, golden result: 0.728333, dut result: 0.728333
Item1   Comp Pass! error percent: 0.000045%, golden result: 0.792082, dut result: 0.792083
Item2   Comp Pass! error percent: 0.000046%, golden result: 0.448870, dut result: 0.448870
Item3   Comp Pass! error percent: 0.000000%, golden result: 0.933118, dut result: 0.933118
Item4   Comp Pass! error percent: 0.000010%, golden result: 1.223637, dut result: 1.223637
Item5   Comp Pass! error percent: 0.000000%, golden result: 0.701565, dut result: 0.701565
Item6   Comp Pass! error percent: 0.000042%, golden result: 0.285103, dut result: 0.285103
Item7   Comp Pass! error percent: 0.000147%, golden result: 0.161789, dut result: 0.161790
Item8   Comp Pass! error percent: 0.000028%, golden result: 0.209602, dut result: 0.209602
Item9   Comp Pass! error percent: 0.000008%, golden result: 0.708297, dut result: 0.708297
Item10  Comp Pass! error percent: 0.000217%, golden result: 0.261453, dut result: 0.261454
Item11  Comp Pass! error percent: 0.000011%, golden result: 0.267592, dut result: 0.267592
Item12  Comp Pass! error percent: 0.000011%, golden result: 0.133917, dut result: 0.133917
Item13  Comp Pass! error percent: 0.000065%, golden result: 1.092950, dut result: 1.092950
Item14  Comp Pass! error percent: 0.000029%, golden result: 0.309268, dut result: 0.309268
Item15  Comp Pass! error percent: 0.000044%, golden result: 1.074096, dut result: 1.074095
Item16  Comp Pass! error percent: 0.000075%, golden result: 0.637218, dut result: 0.637218
Item17  Comp Pass! error percent: 0.000016%, golden result: 0.760473, dut result: 0.760473
Item18  Comp Pass! error percent: 0.000014%, golden result: 0.838503, dut result: 0.838503
Item19  Comp Pass! error percent: 0.000419%, golden result: 0.071194, dut result: 0.071194
Item20  Comp Pass! error percent: 0.000049%, golden result: 0.243770, dut result: 0.243770
Item21  Comp Pass! error percent: 0.000115%, golden result: 0.490483, dut result: 0.490484
Item22  Comp Pass! error percent: 0.000082%, golden result: 0.472154, dut result: 0.472154
Item23  Comp Pass! error percent: 0.000285%, golden result: 0.104694, dut result: 0.104694
Item24  Comp Pass! error percent: 0.000152%, golden result: 0.097962, dut result: 0.097962
Item25  Comp Pass! error percent: 0.000039%, golden result: 0.607715, dut result: 0.607715
Item26  Comp Pass! error percent: 0.000031%, golden result: 1.514619, dut result: 1.514620
Item27  Comp Pass! error percent: 0.000111%, golden result: 0.294405, dut result: 0.294406
Item28  Comp Pass! error percent: 0.000008%, golden result: 6.018262, dut result: 6.018262
===============================         29 Column Results    ======================================
Item0   Comp Pass! error percent: 0.010718%, golden result: 0.002780, dut result: 0.002781
Item1   Comp Pass! error percent: 0.000239%, golden result: 0.024901, dut result: 0.024901
Item2   Comp Pass! error percent: 0.000024%, golden result: 0.494072, dut result: 0.494072
Item3   Comp Pass! error percent: 0.000035%, golden result: 0.505936, dut result: 0.505937
Item4   Comp Pass! error percent: 0.000079%, golden result: 0.227041, dut result: 0.227041
Item5   Comp Pass! error percent: 0.000107%, golden result: 0.307327, dut result: 0.307327
Item6   Comp Pass! error percent: 0.000030%, golden result: 0.792992, dut result: 0.792992
Item7   Comp Pass! error percent: 0.000090%, golden result: 0.531176, dut result: 0.531176
Item8   Comp Pass! error percent: 0.000025%, golden result: 0.963680, dut result: 0.963680
Item9   Comp Pass! error percent: 0.000418%, golden result: 0.078398, dut result: 0.078398
Item10  Comp Pass! error percent: 0.000000%, golden result: 0.924391, dut result: 0.924391
Item11  Comp Pass! error percent: 0.000119%, golden result: 0.074936, dut result: 0.074936
Item12  Comp Pass! error percent: 0.000057%, golden result: 0.208510, dut result: 0.208510
Item13  Comp Pass! error percent: 0.000122%, golden result: 0.219123, dut result: 0.219123
Item14  Comp Pass! error percent: 0.000021%, golden result: 0.433529, dut result: 0.433529
Item15  Comp Pass! error percent: 0.000031%, golden result: 0.574666, dut result: 0.574666
Item16  Comp Pass! error percent: 0.000026%, golden result: 0.456864, dut result: 0.456864
Item17  Comp Pass! error percent: 0.000070%, golden result: 0.935947, dut result: 0.935947
Item18  Comp Pass! error percent: 0.000346%, golden result: 0.146553, dut result: 0.146552
Item19  Comp Pass! error percent: 0.000012%, golden result: 1.013105, dut result: 1.013105
Item20  Comp Pass! error percent: 0.000110%, golden result: 0.189032, dut result: 0.189031
Item21  Comp Pass! error percent: 0.000778%, golden result: 0.031616, dut result: 0.031616
Item22  Comp Pass! error percent: 0.000013%, golden result: 0.910808, dut result: 0.910808
Item23  Comp Pass! error percent: 0.000039%, golden result: 0.380738, dut result: 0.380738
Item24  Comp Pass! error percent: 0.000047%, golden result: 0.221857, dut result: 0.221856
Item25  Comp Pass! error percent: 0.000000%, golden result: 0.658241, dut result: 0.658241
Item26  Comp Pass! error percent: 0.000039%, golden result: 0.114482, dut result: 0.114482
Item27  Comp Pass! error percent: 0.000193%, golden result: 0.139167, dut result: 0.139166
Item28  Comp Pass! error percent: 0.000126%, golden result: 0.082871, dut result: 0.082871
Item29  Comp Pass! error percent: 0.000000%, golden result: 5.913969, dut result: 5.913969
===============================         30 Column Results    ======================================
Item0   Comp Pass! error percent: 0.000037%, golden result: 0.648604, dut result: 0.648604
Item1   Comp Pass! error percent: 0.000046%, golden result: 0.517413, dut result: 0.517413
Item2   Comp Pass! error percent: 0.000013%, golden result: 0.449279, dut result: 0.449279
Item3   Comp Pass! error percent: 0.000006%, golden result: 0.471375, dut result: 0.471375
Item4   Comp Pass! error percent: 0.000000%, golden result: 1.234343, dut result: 1.234343
Item5   Comp Pass! error percent: 0.000034%, golden result: 1.044768, dut result: 1.044769
Item6   Comp Pass! error percent: 0.000021%, golden result: 1.126327, dut result: 1.126327
Item7   Comp Pass! error percent: 0.000011%, golden result: 0.535943, dut result: 0.535943
Item8   Comp Pass! error percent: 0.000033%, golden result: 1.085464, dut result: 1.085464
Item9   Comp Pass! error percent: 0.000016%, golden result: 0.376721, dut result: 0.376721
Item10  Comp Pass! error percent: 0.000034%, golden result: 0.526026, dut result: 0.526026
Item11  Comp Pass! error percent: 0.000031%, golden result: 0.760660, dut result: 0.760660
Item12  Comp Pass! error percent: 0.000051%, golden result: 0.349297, dut result: 0.349297
Item13  Comp Pass! error percent: 0.000025%, golden result: 0.478889, dut result: 0.478889
Item14  Comp Pass! error percent: 0.000028%, golden result: 0.107907, dut result: 0.107907
Item15  Comp Pass! error percent: 0.000029%, golden result: 0.810433, dut result: 0.810433
Item16  Comp Pass! error percent: 0.000032%, golden result: 0.932908, dut result: 0.932908
Item17  Comp Pass! error percent: 0.000000%, golden result: 0.452592, dut result: 0.452592
Item18  Comp Pass! error percent: 0.000030%, golden result: 1.186898, dut result: 1.186899
Item19  Comp Pass! error percent: 0.000029%, golden result: 0.309400, dut result: 0.309400
Item20  Comp Pass! error percent: 0.000023%, golden result: 0.771388, dut result: 0.771389
Item21  Comp Pass! error percent: 0.000010%, golden result: 0.297189, dut result: 0.297189
Item22  Comp Pass! error percent: 0.000009%, golden result: 0.695817, dut result: 0.695817
Item23  Comp Pass! error percent: 0.000131%, golden result: 0.204790, dut result: 0.204790
Item24  Comp Pass! error percent: 0.000316%, golden result: 0.094247, dut result: 0.094247
Item25  Comp Pass! error percent: 0.000067%, golden result: 1.072995, dut result: 1.072996
Item26  Comp Pass! error percent: 0.000020%, golden result: 1.177226, dut result: 1.177227
Item27  Comp Pass! error percent: 0.000071%, golden result: 0.253233, dut result: 0.253233
Item28  Comp Pass! error percent: 0.000056%, golden result: 1.702166, dut result: 1.702167
Item29  Comp Pass! error percent: 0.000028%, golden result: 0.211299, dut result: 0.211299
Item30  Comp Pass! error percent: 0.000008%, golden result: 5.622489, dut result: 5.622489
===============================         31 Column Results    ======================================
Item0   Comp Pass! error percent: 0.000110%, golden result: 0.115068, dut result: 0.115068
Item1   Comp Pass! error percent: 0.000279%, golden result: 0.122625, dut result: 0.122625
Item2   Comp Pass! error percent: 0.000158%, golden result: 0.113518, dut result: 0.113519
Item3   Comp Pass! error percent: 0.000024%, golden result: 0.366838, dut result: 0.366838
Item4   Comp Pass! error percent: 0.000000%, golden result: 0.300256, dut result: 0.300256
Item5   Comp Pass! error percent: 0.000625%, golden result: 0.028611, dut result: 0.028611
Item6   Comp Pass! error percent: 0.000066%, golden result: 0.902880, dut result: 0.902880
Item7   Comp Pass! error percent: 0.000043%, golden result: 0.976994, dut result: 0.976994
Item8   Comp Pass! error percent: 0.000046%, golden result: 0.898468, dut result: 0.898468
Item9   Comp Pass! error percent: 0.000029%, golden result: 0.414895, dut result: 0.414895
Item10  Comp Pass! error percent: 0.000034%, golden result: 0.354900, dut result: 0.354900
Item11  Comp Pass! error percent: 0.000000%, golden result: 1.213322, dut result: 1.213322
Item12  Comp Pass! error percent: 0.000032%, golden result: 0.564667, dut result: 0.564667
Item13  Comp Pass! error percent: 0.000000%, golden result: 1.053038, dut result: 1.053038
Item14  Comp Pass! error percent: 0.000017%, golden result: 0.683394, dut result: 0.683394
Item15  Comp Pass! error percent: 0.000046%, golden result: 0.389380, dut result: 0.389379
Item16  Comp Pass! error percent: 0.000035%, golden result: 0.345310, dut result: 0.345310
Item17  Comp Pass! error percent: 0.000035%, golden result: 0.342862, dut result: 0.342862
Item18  Comp Pass! error percent: 0.000090%, golden result: 0.462686, dut result: 0.462686
Item19  Comp Pass! error percent: 0.000316%, golden result: 0.066046, dut result: 0.066046
Item20  Comp Pass! error percent: 0.000034%, golden result: 1.413828, dut result: 1.413829
Item21  Comp Pass! error percent: 0.000249%, golden result: 0.083720, dut result: 0.083719
Item22  Comp Pass! error percent: 0.000008%, golden result: 0.389278, dut result: 0.389278
Item23  Comp Pass! error percent: 0.000018%, golden result: 0.646935, dut result: 0.646935
Item24  Comp Pass! error percent: 0.000019%, golden result: 0.319423, dut result: 0.319423
Item25  Comp Pass! error percent: 0.000045%, golden result: 0.459359, dut result: 0.459358
Item26  Comp Pass! error percent: 0.000265%, golden result: 0.123573, dut result: 0.123573
Item27  Comp Pass! error percent: 0.000815%, golden result: 0.098718, dut result: 0.098718
Item28  Comp Pass! error percent: 0.000021%, golden result: 0.575385, dut result: 0.575385
Item29  Comp Pass! error percent: 0.004189%, golden result: 0.019922, dut result: 0.019923
Item30  Comp Pass! error percent: 0.000157%, golden result: 0.047500, dut result: 0.047500
Item31  Comp Pass! error percent: 0.000015%, golden result: 6.189531, dut result: 6.189530
