==========================================
Dual-core Simulation
Test case: ST16_RANDOM_TEST_64X8
==========================================
===============================          0 Column Results    ======================================
Item0   Comp Pass! error percent: 0.000011%, golden result: 4.501752, dut result: 4.501752
===============================          1 Column Results    ======================================
Item0   Comp Pass! error percent: 0.000022%, golden result: 0.033962, dut result: 0.033962
Item1   Comp Pass! error percent: 0.000011%, golden result: 4.169822, dut result: 4.169822
===============================          2 Column Results    ======================================
Item0   Comp Pass! error percent: 0.000140%, golden result: 0.276200, dut result: 0.276200
Item1   Comp Pass! error percent: 0.000107%, golden result: 0.111792, dut result: 0.111792
Item2   Comp Pass! error percent: 0.000010%, golden result: 4.834422, dut result: 4.834422
===============================          3 Column Results    ======================================
Item0   Comp Pass! error percent: 0.000014%, golden result: 0.830285, dut result: 0.830285
Item1   Comp Pass! error percent: 0.000091%, golden result: 0.652470, dut result: 0.652470
Item2   Comp Pass! error percent: 0.000024%, golden result: 0.249414, dut result: 0.249414
Item3   Comp Pass! error percent: 0.000011%, golden result: 4.214214, dut result: 4.214213
===============================          4 Column Results    ======================================
Item0   Comp Pass! error percent: 0.000019%, golden result: 0.465221, dut result: 0.465222
Item1   Comp Pass! error percent: 0.000044%, golden result: 0.946523, dut result: 0.946522
Item2   Comp Pass! error percent: 0.000046%, golden result: 1.039508, dut result: 1.039508
Item3   Comp Pass! error percent: 0.000034%, golden result: 0.871105, dut result: 0.871106
Item4   Comp Pass! error percent: 0.000000%, golden result: 4.168480, dut result: 4.168480
===============================          5 Column Results    ======================================
Item0   Comp Pass! error percent: 0.000007%, golden result: 1.632319, dut result: 1.632319
Item1   Comp Pass! error percent: 0.000082%, golden result: 0.584081, dut result: 0.584082
Item2   Comp Pass! error percent: 0.000019%, golden result: 0.482310, dut result: 0.482310
Item3   Comp Pass! error percent: 0.000000%, golden result: 0.829751, dut result: 0.829751
Item4   Comp Pass! error percent: 0.000158%, golden result: 0.047168, dut result: 0.047168
Item5   Comp Pass! error percent: 0.000000%, golden result: 4.343152, dut result: 4.343152
===============================          6 Column Results    ======================================
Item0   Comp Pass! error percent: 0.000375%, golden result: 0.174767, dut result: 0.174768
Item1   Comp Pass! error percent: 0.000052%, golden result: 0.568215, dut result: 0.568216
Item2   Comp Pass! error percent: 0.000014%, golden result: 0.874337, dut result: 0.874338
Item3   Comp Pass! error percent: 0.000034%, golden result: 1.041848, dut result: 1.041849
Item4   Comp Pass! error percent: 0.000207%, golden result: 0.237980, dut result: 0.237980
Item5   Comp Pass! error percent: 0.000019%, golden result: 0.637311, dut result: 0.637311
Item6   Comp Pass! error percent: 0.000000%, golden result: 4.440689, dut result: 4.440689
===============================          7 Column Results    ======================================
Item0   Comp Pass! error percent: 0.000051%, golden result: 1.166131, dut result: 1.166131
Item1   Comp Pass! error percent: 0.000000%, golden result: 0.414126, dut result: 0.414126
Item2   Comp Pass! error percent: 0.000017%, golden result: 1.376232, dut result: 1.376232
Item3   Comp Pass! error percent: 0.000034%, golden result: 0.522710, dut result: 0.522710
Item4   Comp Pass! error percent: 0.000238%, golden result: 0.106578, dut result: 0.106578
Item5   Comp Pass! error percent: 0.000000%, golden result: 0.686326, dut result: 0.686326
Item6   Comp Pass! error percent: 0.000039%, golden result: 0.385346, dut result: 0.385345
Item7   Comp Pass! error percent: 0.000007%, golden result: 3.663065, dut result: 3.663065
