==========================================
Dual-core Simulation
Test case: ST16_RANDOM_TEST_32X8
==========================================
===============================          0 Column Results    ======================================
Item0   Comp Pass! error percent: 0.000057%, golden result: 3.327271, dut result: 3.327273
===============================          1 Column Results    ======================================
Item0   Comp Pass! error percent: 0.000070%, golden result: 1.357443, dut result: 1.357444
Item1   Comp Pass! error percent: 0.000031%, golden result: 3.099366, dut result: 3.099367
===============================          2 Column Results    ======================================
Item0   Comp Pass! error percent: 0.000114%, golden result: 0.104885, dut result: 0.104884
Item1   Comp Pass! error percent: 0.000227%, golden result: 0.065642, dut result: 0.065642
Item2   Comp Pass! error percent: 0.000025%, golden result: 3.839371, dut result: 3.839372
===============================          3 Column Results    ======================================
Item0   Comp Pass! error percent: 0.000093%, golden result: 0.288089, dut result: 0.288089
Item1   Comp Pass! error percent: 0.000124%, golden result: 0.191782, dut result: 0.191782
Item2   Comp Pass! error percent: 0.000082%, golden result: 0.108619, dut result: 0.108619
Item3   Comp Pass! error percent: 0.000008%, golden result: 3.111135, dut result: 3.111135
===============================          4 Column Results    ======================================
Item0   Comp Pass! error percent: 0.000075%, golden result: 0.437765, dut result: 0.437766
Item1   Comp Pass! error percent: 0.000065%, golden result: 0.917093, dut result: 0.917093
Item2   Comp Pass! error percent: 0.000011%, golden result: 0.540797, dut result: 0.540797
Item3   Comp Pass! error percent: 0.000042%, golden result: 0.425234, dut result: 0.425234
Item4   Comp Pass! error percent: 0.000024%, golden result: 3.027885, dut result: 3.027885
===============================          5 Column Results    ======================================
Item0   Comp Pass! error percent: 0.000066%, golden result: 1.090216, dut result: 1.090217
Item1   Comp Pass! error percent: 0.000086%, golden result: 0.382728, dut result: 0.382729
Item2   Comp Pass! error percent: 0.000279%, golden result: 0.042737, dut result: 0.042737
Item3   Comp Pass! error percent: 0.000054%, golden result: 0.109573, dut result: 0.109573
Item4   Comp Pass! error percent: 0.000042%, golden result: 0.140833, dut result: 0.140833
Item5   Comp Pass! error percent: 0.000000%, golden result: 3.171852, dut result: 3.171852
===============================          6 Column Results    ======================================
Item0   Comp Pass! error percent: 0.000051%, golden result: 0.585701, dut result: 0.585702
Item1   Comp Pass! error percent: 0.000037%, golden result: 0.161655, dut result: 0.161655
Item2   Comp Pass! error percent: 0.000130%, golden result: 0.229127, dut result: 0.229127
Item3   Comp Pass! error percent: 0.000022%, golden result: 1.081012, dut result: 1.081013
Item4   Comp Pass! error percent: 0.000077%, golden result: 0.389298, dut result: 0.389298
Item5   Comp Pass! error percent: 0.000032%, golden result: 0.941945, dut result: 0.941946
Item6   Comp Pass! error percent: 0.000016%, golden result: 3.025448, dut result: 3.025449
===============================          7 Column Results    ======================================
Item0   Comp Pass! error percent: 0.000000%, golden result: 0.177878, dut result: 0.177878
Item1   Comp Pass! error percent: 0.000009%, golden result: 0.334585, dut result: 0.334585
Item2   Comp Pass! error percent: 0.000012%, golden result: 0.484264, dut result: 0.484264
Item3   Comp Pass! error percent: 0.000008%, golden result: 0.375420, dut result: 0.375420
Item4   Comp Pass! error percent: 0.000046%, golden result: 0.777451, dut result: 0.777451
Item5   Comp Pass! error percent: 0.000018%, golden result: 0.678473, dut result: 0.678473
Item6   Comp Pass! error percent: 0.000340%, golden result: 0.057057, dut result: 0.057057
Item7   Comp Pass! error percent: 0.000017%, golden result: 2.886898, dut result: 2.886897
