==========================================
Dual-core Simulation
Test case: ST64_RANDOM_TEST_256X32
==========================================
===============================          0 Column Results    ======================================
Item0   Comp Pass! error percent: 0.000010%, golden result: 9.297070, dut result: 9.297069
===============================          1 Column Results    ======================================
Item0   Comp Pass! error percent: 0.000118%, golden result: 0.302327, dut result: 0.302327
Item1   Comp Pass! error percent: 0.000081%, golden result: 9.440842, dut result: 9.440849
===============================          2 Column Results    ======================================
Item0   Comp Pass! error percent: 0.000135%, golden result: 0.308842, dut result: 0.308842
Item1   Comp Pass! error percent: 0.000000%, golden result: 0.326076, dut result: 0.326076
Item2   Comp Pass! error percent: 0.000011%, golden result: 8.849226, dut result: 8.849227
===============================          3 Column Results    ======================================
Item0   Comp Pass! error percent: 0.000175%, golden result: 0.076420, dut result: 0.076420
Item1   Comp Pass! error percent: 0.000060%, golden result: 0.599511, dut result: 0.599511
Item2   Comp Pass! error percent: 0.000069%, golden result: 0.861903, dut result: 0.861903
Item3   Comp Pass! error percent: 0.000033%, golden result: 8.715901, dut result: 8.715899
===============================          4 Column Results    ======================================
Item0   Comp Pass! error percent: 0.000081%, golden result: 0.661715, dut result: 0.661714
Item1   Comp Pass! error percent: 0.000035%, golden result: 0.255657, dut result: 0.255657
Item2   Comp Pass! error percent: 0.000169%, golden result: 0.351681, dut result: 0.351682
Item3   Comp Pass! error percent: 0.000108%, golden result: 0.553363, dut result: 0.553362
Item4   Comp Pass! error percent: 0.000030%, golden result: 9.481509, dut result: 9.481512
===============================          5 Column Results    ======================================
Item0   Comp Pass! error percent: 0.000034%, golden result: 0.708109, dut result: 0.708109
Item1   Comp Pass! error percent: 0.000122%, golden result: 0.232643, dut result: 0.232642
Item2   Comp Pass! error percent: 0.000015%, golden result: 0.821572, dut result: 0.821571
Item3   Comp Pass! error percent: 0.000074%, golden result: 0.963474, dut result: 0.963474
Item4   Comp Pass! error percent: 0.000009%, golden result: 0.654435, dut result: 0.654435
Item5   Comp Pass! error percent: 0.000011%, golden result: 8.695709, dut result: 8.695708
===============================          6 Column Results    ======================================
Item0   Comp Pass! error percent: 0.000189%, golden result: 0.126446, dut result: 0.126445
Item1   Comp Pass! error percent: 0.000050%, golden result: 0.179133, dut result: 0.179133
Item2   Comp Pass! error percent: 0.000081%, golden result: 0.512840, dut result: 0.512840
Item3   Comp Pass! error percent: 0.000035%, golden result: 1.023968, dut result: 1.023968
Item4   Comp Pass! error percent: 0.000068%, golden result: 0.483984, dut result: 0.483984
Item5   Comp Pass! error percent: 0.000111%, golden result: 0.187769, dut result: 0.187770
Item6   Comp Pass! error percent: 0.000020%, golden result: 9.324823, dut result: 9.324825
===============================          7 Column Results    ======================================
Item0   Comp Pass! error percent: 0.000048%, golden result: 0.216016, dut result: 0.216016
Item1   Comp Pass! error percent: 0.000177%, golden result: 0.538460, dut result: 0.538460
Item2   Comp Pass! error percent: 0.001625%, golden result: 0.009168, dut result: 0.009168
Item3   Comp Pass! error percent: 0.000082%, golden result: 0.218158, dut result: 0.218159
Item4   Comp Pass! error percent: 0.023463%, golden result: 0.002794, dut result: 0.002795
Item5   Comp Pass! error percent: 0.000410%, golden result: 0.152765, dut result: 0.152766
Item6   Comp Pass! error percent: 0.000135%, golden result: 0.232033, dut result: 0.232033
Item7   Comp Pass! error percent: 0.000021%, golden result: 9.138920, dut result: 9.138922
===============================          8 Column Results    ======================================
Item0   Comp Pass! error percent: 0.000061%, golden result: 0.972730, dut result: 0.972731
Item1   Comp Pass! error percent: 0.000017%, golden result: 0.688393, dut result: 0.688393
Item2   Comp Pass! error percent: 0.001727%, golden result: 0.041415, dut result: 0.041416
Item3   Comp Pass! error percent: 0.000017%, golden result: 0.699758, dut result: 0.699758
Item4   Comp Pass! error percent: 0.000806%, golden result: 0.099801, dut result: 0.099801
Item5   Comp Pass! error percent: 0.000244%, golden result: 0.489184, dut result: 0.489185
Item6   Comp Pass! error percent: 0.000012%, golden result: 0.978786, dut result: 0.978786
Item7   Comp Pass! error percent: 0.000146%, golden result: 0.040795, dut result: 0.040795
Item8   Comp Pass! error percent: 0.000061%, golden result: 9.429987, dut result: 9.429993
===============================          9 Column Results    ======================================
Item0   Comp Pass! error percent: 0.000280%, golden result: 0.159931, dut result: 0.159930
Item1   Comp Pass! error percent: 0.000054%, golden result: 1.760085, dut result: 1.760086
Item2   Comp Pass! error percent: 0.000042%, golden result: 0.860778, dut result: 0.860778
Item3   Comp Pass! error percent: 0.000398%, golden result: 0.052368, dut result: 0.052368
Item4   Comp Pass! error percent: 0.000076%, golden result: 0.470744, dut result: 0.470744
Item5   Comp Pass! error percent: 0.000071%, golden result: 0.839417, dut result: 0.839416
Item6   Comp Pass! error percent: 0.000077%, golden result: 0.386761, dut result: 0.386762
Item7   Comp Pass! error percent: 0.000657%, golden result: 0.034029, dut result: 0.034028
Item8   Comp Pass! error percent: 0.000195%, golden result: 0.796099, dut result: 0.796101
Item9   Comp Pass! error percent: 0.000000%, golden result: 8.778952, dut result: 8.778952
===============================         10 Column Results    ======================================
Item0   Comp Pass! error percent: 0.000176%, golden result: 0.169713, dut result: 0.169712
Item1   Comp Pass! error percent: 0.000046%, golden result: 0.522431, dut result: 0.522431
Item2   Comp Pass! error percent: 0.000057%, golden result: 0.416572, dut result: 0.416572
Item3   Comp Pass! error percent: 0.000126%, golden result: 0.129684, dut result: 0.129684
Item4   Comp Pass! error percent: 0.000048%, golden result: 0.991141, dut result: 0.991140
Item5   Comp Pass! error percent: 0.001192%, golden result: 0.015005, dut result: 0.015005
Item6   Comp Pass! error percent: 0.000102%, golden result: 0.174517, dut result: 0.174517
Item7   Comp Pass! error percent: 0.000038%, golden result: 0.792424, dut result: 0.792425
Item8   Comp Pass! error percent: 0.000666%, golden result: 0.057040, dut result: 0.057040
Item9   Comp Pass! error percent: 0.000213%, golden result: 0.140061, dut result: 0.140061
Item10  Comp Pass! error percent: 0.000021%, golden result: 8.986271, dut result: 8.986273
===============================         11 Column Results    ======================================
Item0   Comp Pass! error percent: 0.000076%, golden result: 0.314321, dut result: 0.314321
Item1   Comp Pass! error percent: 0.000000%, golden result: 0.108578, dut result: 0.108578
Item2   Comp Pass! error percent: 0.000029%, golden result: 0.823797, dut result: 0.823797
Item3   Comp Pass! error percent: 0.001063%, golden result: 0.056071, dut result: 0.056071
Item4   Comp Pass! error percent: 0.000031%, golden result: 0.761212, dut result: 0.761212
Item5   Comp Pass! error percent: 0.000209%, golden result: 0.042781, dut result: 0.042780
Item6   Comp Pass! error percent: 0.000322%, golden result: 0.013878, dut result: 0.013878
Item7   Comp Pass! error percent: 0.000033%, golden result: 0.721108, dut result: 0.721108
Item8   Comp Pass! error percent: 0.000072%, golden result: 0.987816, dut result: 0.987816
Item9   Comp Pass! error percent: 0.000009%, golden result: 0.163634, dut result: 0.163634
Item10  Comp Pass! error percent: 0.000377%, golden result: 0.759604, dut result: 0.759601
Item11  Comp Pass! error percent: 0.000043%, golden result: 8.971359, dut result: 8.971363
===============================         12 Column Results    ======================================
Item0   Comp Pass! error percent: 0.000047%, golden result: 0.511221, dut result: 0.511221
Item1   Comp Pass! error percent: 0.000018%, golden result: 0.325845, dut result: 0.325845
Item2   Comp Pass! error percent: 0.000054%, golden result: 0.988647, dut result: 0.988646
Item3   Comp Pass! error percent: 0.000124%, golden result: 0.264196, dut result: 0.264197
Item4   Comp Pass! error percent: 0.000108%, golden result: 0.220144, dut result: 0.220145
Item5   Comp Pass! error percent: 0.000042%, golden result: 0.717023, dut result: 0.717023
Item6   Comp Pass! error percent: 0.000922%, golden result: 0.096969, dut result: 0.096968
Item7   Comp Pass! error percent: 0.000000%, golden result: 0.520536, dut result: 0.520536
Item8   Comp Pass! error percent: 0.000036%, golden result: 0.250569, dut result: 0.250569
Item9   Comp Pass! error percent: 0.000123%, golden result: 1.064743, dut result: 1.064744
Item10  Comp Pass! error percent: 0.000134%, golden result: 1.420086, dut result: 1.420084
Item11  Comp Pass! error percent: 0.000028%, golden result: 0.424918, dut result: 0.424918
Item12  Comp Pass! error percent: 0.000052%, golden result: 9.180396, dut result: 9.180391
===============================         13 Column Results    ======================================
Item0   Comp Pass! error percent: 0.000095%, golden result: 0.313647, dut result: 0.313646
Item1   Comp Pass! error percent: 0.000342%, golden result: 0.130717, dut result: 0.130717
Item2   Comp Pass! error percent: 0.000029%, golden result: 0.613065, dut result: 0.613065
Item3   Comp Pass! error percent: 0.000013%, golden result: 0.234767, dut result: 0.234767
Item4   Comp Pass! error percent: 0.000058%, golden result: 0.512956, dut result: 0.512955
Item5   Comp Pass! error percent: 0.000021%, golden result: 1.110014, dut result: 1.110015
Item6   Comp Pass! error percent: 0.000513%, golden result: 0.061051, dut result: 0.061052
Item7   Comp Pass! error percent: 0.000064%, golden result: 0.926679, dut result: 0.926680
Item8   Comp Pass! error percent: 0.000013%, golden result: 0.226034, dut result: 0.226034
Item9   Comp Pass! error percent: 0.000032%, golden result: 0.184601, dut result: 0.184601
Item10  Comp Pass! error percent: 0.000330%, golden result: 0.099245, dut result: 0.099245
Item11  Comp Pass! error percent: 0.000258%, golden result: 0.161723, dut result: 0.161723
Item12  Comp Pass! error percent: 0.000731%, golden result: 0.069267, dut result: 0.069267
Item13  Comp Pass! error percent: 0.000000%, golden result: 8.848866, dut result: 8.848866
===============================         14 Column Results    ======================================
Item0   Comp Pass! error percent: 0.000090%, golden result: 0.166099, dut result: 0.166100
Item1   Comp Pass! error percent: 0.000058%, golden result: 0.310925, dut result: 0.310925
Item2   Comp Pass! error percent: 0.000020%, golden result: 0.597161, dut result: 0.597161
Item3   Comp Pass! error percent: 0.000000%, golden result: 0.828293, dut result: 0.828293
Item4   Comp Pass! error percent: 0.000041%, golden result: 1.161338, dut result: 1.161338
Item5   Comp Pass! error percent: 0.000027%, golden result: 0.867532, dut result: 0.867532
Item6   Comp Pass! error percent: 0.000328%, golden result: 0.181741, dut result: 0.181740
Item7   Comp Pass! error percent: 0.000086%, golden result: 0.346054, dut result: 0.346055
Item8   Comp Pass! error percent: 0.000000%, golden result: 0.433287, dut result: 0.433287
Item9   Comp Pass! error percent: 0.000210%, golden result: 0.113603, dut result: 0.113603
Item10  Comp Pass! error percent: 0.000172%, golden result: 0.329693, dut result: 0.329693
Item11  Comp Pass! error percent: 0.000045%, golden result: 1.067320, dut result: 1.067320
Item12  Comp Pass! error percent: 0.000033%, golden result: 0.536452, dut result: 0.536452
Item13  Comp Pass! error percent: 0.003461%, golden result: 0.032717, dut result: 0.032716
Item14  Comp Pass! error percent: 0.000022%, golden result: 8.744453, dut result: 8.744452
===============================         15 Column Results    ======================================
Item0   Comp Pass! error percent: 0.000627%, golden result: 0.035653, dut result: 0.035653
Item1   Comp Pass! error percent: 0.000077%, golden result: 0.462272, dut result: 0.462272
Item2   Comp Pass! error percent: 0.000011%, golden result: 1.088715, dut result: 1.088715
Item3   Comp Pass! error percent: 0.000079%, golden result: 0.188569, dut result: 0.188569
Item4   Comp Pass! error percent: 0.000064%, golden result: 0.105189, dut result: 0.105189
Item5   Comp Pass! error percent: 0.000021%, golden result: 1.129071, dut result: 1.129071
Item6   Comp Pass! error percent: 0.000069%, golden result: 0.694568, dut result: 0.694568
Item7   Comp Pass! error percent: 0.000060%, golden result: 0.990731, dut result: 0.990731
Item8   Comp Pass! error percent: 0.000034%, golden result: 0.864233, dut result: 0.864233
Item9   Comp Pass! error percent: 0.000065%, golden result: 0.458322, dut result: 0.458322
Item10  Comp Pass! error percent: 0.000047%, golden result: 0.755508, dut result: 0.755509
Item11  Comp Pass! error percent: 0.000010%, golden result: 0.285239, dut result: 0.285239
Item12  Comp Pass! error percent: 0.000021%, golden result: 0.142769, dut result: 0.142769
Item13  Comp Pass! error percent: 0.000088%, golden result: 0.540590, dut result: 0.540590
Item14  Comp Pass! error percent: 0.001676%, golden result: 0.065795, dut result: 0.065794
Item15  Comp Pass! error percent: 0.000054%, golden result: 8.815008, dut result: 8.815003
===============================         16 Column Results    ======================================
Item0   Comp Pass! error percent: 0.000045%, golden result: 0.528888, dut result: 0.528888
Item1   Comp Pass! error percent: 0.000089%, golden result: 0.269267, dut result: 0.269267
Item2   Comp Pass! error percent: 0.000019%, golden result: 0.316219, dut result: 0.316219
Item3   Comp Pass! error percent: 0.000076%, golden result: 0.234172, dut result: 0.234171
Item4   Comp Pass! error percent: 0.000054%, golden result: 0.331693, dut result: 0.331693
Item5   Comp Pass! error percent: 0.000092%, golden result: 0.194730, dut result: 0.194730
Item6   Comp Pass! error percent: 0.002531%, golden result: 0.020017, dut result: 0.020018
Item7   Comp Pass! error percent: 0.003593%, golden result: 0.010784, dut result: 0.010784
Item8   Comp Pass! error percent: 0.000049%, golden result: 0.306309, dut result: 0.306310
Item9   Comp Pass! error percent: 0.000066%, golden result: 0.541110, dut result: 0.541110
Item10  Comp Pass! error percent: 0.007820%, golden result: 0.013720, dut result: 0.013721
Item11  Comp Pass! error percent: 0.000165%, golden result: 0.324934, dut result: 0.324933
Item12  Comp Pass! error percent: 0.000017%, golden result: 0.707058, dut result: 0.707058
Item13  Comp Pass! error percent: 0.000080%, golden result: 0.595914, dut result: 0.595914
Item14  Comp Pass! error percent: 0.000033%, golden result: 1.089238, dut result: 1.089238
Item15  Comp Pass! error percent: 0.000000%, golden result: 1.615566, dut result: 1.615566
Item16  Comp Pass! error percent: 0.000022%, golden result: 8.780602, dut result: 8.780600
===============================         17 Column Results    ======================================
Item0   Comp Pass! error percent: 0.000008%, golden result: 0.775948, dut result: 0.775948
Item1   Comp Pass! error percent: 0.000058%, golden result: 0.408463, dut result: 0.408463
Item2   Comp Pass! error percent: 0.000053%, golden result: 0.893378, dut result: 0.893379
Item3   Comp Pass! error percent: 0.000029%, golden result: 0.613052, dut result: 0.613052
Item4   Comp Pass! error percent: 0.000000%, golden result: 0.843014, dut result: 0.843014
Item5   Comp Pass! error percent: 0.000100%, golden result: 0.066788, dut result: 0.066788
Item6   Comp Pass! error percent: 0.000090%, golden result: 0.265721, dut result: 0.265721
Item7   Comp Pass! error percent: 0.000042%, golden result: 0.564345, dut result: 0.564345
Item8   Comp Pass! error percent: 0.000076%, golden result: 1.405956, dut result: 1.405957
Item9   Comp Pass! error percent: 0.000057%, golden result: 1.263000, dut result: 1.263000
Item10  Comp Pass! error percent: 0.002317%, golden result: 0.016157, dut result: 0.016158
Item11  Comp Pass! error percent: 0.000095%, golden result: 0.502058, dut result: 0.502059
Item12  Comp Pass! error percent: 0.004325%, golden result: 0.022051, dut result: 0.022050
Item13  Comp Pass! error percent: 0.000278%, golden result: 0.386019, dut result: 0.386020
Item14  Comp Pass! error percent: 0.000186%, golden result: 0.511915, dut result: 0.511916
Item15  Comp Pass! error percent: 0.000047%, golden result: 0.379311, dut result: 0.379311
Item16  Comp Pass! error percent: 0.000000%, golden result: 0.391105, dut result: 0.391105
Item17  Comp Pass! error percent: 0.000030%, golden result: 9.409687, dut result: 9.409690
===============================         18 Column Results    ======================================
Item0   Comp Pass! error percent: 0.000694%, golden result: 0.060099, dut result: 0.060100
Item1   Comp Pass! error percent: 0.000092%, golden result: 0.646449, dut result: 0.646450
Item2   Comp Pass! error percent: 0.000034%, golden result: 0.705710, dut result: 0.705711
Item3   Comp Pass! error percent: 0.000033%, golden result: 0.358342, dut result: 0.358342
Item4   Comp Pass! error percent: 0.000000%, golden result: 0.108855, dut result: 0.108855
Item5   Comp Pass! error percent: 0.000000%, golden result: 1.288212, dut result: 1.288212
Item6   Comp Pass! error percent: 0.000017%, golden result: 1.372344, dut result: 1.372344
Item7   Comp Pass! error percent: 0.000092%, golden result: 0.258679, dut result: 0.258679
Item8   Comp Pass! error percent: 0.000149%, golden result: 0.479284, dut result: 0.479285
Item9   Comp Pass! error percent: 0.000086%, golden result: 0.553646, dut result: 0.553647
Item10  Comp Pass! error percent: 0.001443%, golden result: 0.078493, dut result: 0.078494
Item11  Comp Pass! error percent: 0.000294%, golden result: 0.141917, dut result: 0.141917
Item12  Comp Pass! error percent: 0.000000%, golden result: 0.935576, dut result: 0.935576
Item13  Comp Pass! error percent: 0.000495%, golden result: 0.072279, dut result: 0.072279
Item14  Comp Pass! error percent: 0.000099%, golden result: 0.541643, dut result: 0.541642
Item15  Comp Pass! error percent: 0.000185%, golden result: 0.370485, dut result: 0.370486
Item16  Comp Pass! error percent: 0.000059%, golden result: 0.910195, dut result: 0.910195
Item17  Comp Pass! error percent: 0.000498%, golden result: 0.382795, dut result: 0.382797
Item18  Comp Pass! error percent: 0.000107%, golden result: 8.951536, dut result: 8.951527
===============================         19 Column Results    ======================================
Item0   Comp Pass! error percent: 0.000097%, golden result: 0.489365, dut result: 0.489365
Item1   Comp Pass! error percent: 0.000010%, golden result: 0.592896, dut result: 0.592896
Item2   Comp Pass! error percent: 0.000675%, golden result: 0.037538, dut result: 0.037538
Item3   Comp Pass! error percent: 0.000032%, golden result: 0.747682, dut result: 0.747682
Item4   Comp Pass! error percent: 0.000060%, golden result: 0.450061, dut result: 0.450061
Item5   Comp Pass! error percent: 0.000149%, golden result: 0.042398, dut result: 0.042398
Item6   Comp Pass! error percent: 0.000150%, golden result: 0.356611, dut result: 0.356610
Item7   Comp Pass! error percent: 0.000010%, golden result: 1.211892, dut result: 1.211892
Item8   Comp Pass! error percent: 0.000360%, golden result: 0.198915, dut result: 0.198916
Item9   Comp Pass! error percent: 0.000012%, golden result: 0.485839, dut result: 0.485839
Item10  Comp Pass! error percent: 0.000128%, golden result: 0.747908, dut result: 0.747909
Item11  Comp Pass! error percent: 0.000449%, golden result: 0.146112, dut result: 0.146113
Item12  Comp Pass! error percent: 0.000227%, golden result: 0.525993, dut result: 0.525994
Item13  Comp Pass! error percent: 0.000405%, golden result: 0.057071, dut result: 0.057071
Item14  Comp Pass! error percent: 0.000126%, golden result: 0.801396, dut result: 0.801395
Item15  Comp Pass! error percent: 0.000676%, golden result: 0.299772, dut result: 0.299770
Item16  Comp Pass! error percent: 0.000000%, golden result: 0.514120, dut result: 0.514120
Item17  Comp Pass! error percent: 0.000288%, golden result: 0.765735, dut result: 0.765733
Item18  Comp Pass! error percent: 0.000818%, golden result: 0.154864, dut result: 0.154865
Item19  Comp Pass! error percent: 0.000039%, golden result: 9.892479, dut result: 9.892483
===============================         20 Column Results    ======================================
Item0   Comp Pass! error percent: 0.000103%, golden result: 0.578956, dut result: 0.578955
Item1   Comp Pass! error percent: 0.000019%, golden result: 0.622810, dut result: 0.622810
Item2   Comp Pass! error percent: 0.000047%, golden result: 0.755257, dut result: 0.755257
Item3   Comp Pass! error percent: 0.000132%, golden result: 0.293709, dut result: 0.293709
Item4   Comp Pass! error percent: 0.000163%, golden result: 0.229212, dut result: 0.229212
Item5   Comp Pass! error percent: 0.000023%, golden result: 0.132012, dut result: 0.132012
Item6   Comp Pass! error percent: 0.000185%, golden result: 0.419334, dut result: 0.419335
Item7   Comp Pass! error percent: 0.000157%, golden result: 0.179914, dut result: 0.179914
Item8   Comp Pass! error percent: 0.000124%, golden result: 0.384482, dut result: 0.384482
Item9   Comp Pass! error percent: 0.000038%, golden result: 1.246941, dut result: 1.246941
Item10  Comp Pass! error percent: 0.002580%, golden result: 0.087777, dut result: 0.087779
Item11  Comp Pass! error percent: 0.000047%, golden result: 1.020713, dut result: 1.020713
Item12  Comp Pass! error percent: 0.000034%, golden result: 1.422171, dut result: 1.422171
Item13  Comp Pass! error percent: 0.000058%, golden result: 0.305940, dut result: 0.305940
Item14  Comp Pass! error percent: 0.000014%, golden result: 0.435508, dut result: 0.435508
Item15  Comp Pass! error percent: 0.000090%, golden result: 1.055920, dut result: 1.055921
Item16  Comp Pass! error percent: 0.000013%, golden result: 0.919009, dut result: 0.919009
Item17  Comp Pass! error percent: 0.000096%, golden result: 0.745138, dut result: 0.745139
Item18  Comp Pass! error percent: 0.000077%, golden result: 0.309598, dut result: 0.309597
Item19  Comp Pass! error percent: 0.000147%, golden result: 0.141678, dut result: 0.141678
Item20  Comp Pass! error percent: 0.000032%, golden result: 8.945905, dut result: 8.945902
===============================         21 Column Results    ======================================
Item0   Comp Pass! error percent: 0.000089%, golden result: 0.403110, dut result: 0.403110
Item1   Comp Pass! error percent: 0.001044%, golden result: 0.022842, dut result: 0.022842
Item2   Comp Pass! error percent: 0.000098%, golden result: 0.304721, dut result: 0.304721
Item3   Comp Pass! error percent: 0.000051%, golden result: 0.353166, dut result: 0.353166
Item4   Comp Pass! error percent: 0.000012%, golden result: 0.514781, dut result: 0.514781
Item5   Comp Pass! error percent: 0.000095%, golden result: 0.693768, dut result: 0.693769
Item6   Comp Pass! error percent: 0.000117%, golden result: 0.279978, dut result: 0.279978
Item7   Comp Pass! error percent: 0.000040%, golden result: 1.197515, dut result: 1.197515
Item8   Comp Pass! error percent: 0.000077%, golden result: 0.772770, dut result: 0.772770
Item9   Comp Pass! error percent: 0.000068%, golden result: 1.230805, dut result: 1.230806
Item10  Comp Pass! error percent: 0.000043%, golden result: 0.411744, dut result: 0.411744
Item11  Comp Pass! error percent: 0.000407%, golden result: 0.292620, dut result: 0.292621
Item12  Comp Pass! error percent: 0.000585%, golden result: 0.010195, dut result: 0.010195
Item13  Comp Pass! error percent: 0.000017%, golden result: 1.401544, dut result: 1.401544
Item14  Comp Pass! error percent: 0.000023%, golden result: 1.047237, dut result: 1.047237
Item15  Comp Pass! error percent: 0.000126%, golden result: 0.189038, dut result: 0.189038
Item16  Comp Pass! error percent: 0.000019%, golden result: 1.287573, dut result: 1.287574
Item17  Comp Pass! error percent: 0.000172%, golden result: 0.520252, dut result: 0.520251
Item18  Comp Pass! error percent: 0.000107%, golden result: 0.388275, dut result: 0.388276
Item19  Comp Pass! error percent: 0.000136%, golden result: 0.788392, dut result: 0.788393
Item20  Comp Pass! error percent: 0.000208%, golden result: 0.744217, dut result: 0.744215
Item21  Comp Pass! error percent: 0.000021%, golden result: 9.053396, dut result: 9.053394
===============================         22 Column Results    ======================================
Item0   Comp Pass! error percent: 0.000043%, golden result: 0.553821, dut result: 0.553821
Item1   Comp Pass! error percent: 0.000046%, golden result: 0.388868, dut result: 0.388868
Item2   Comp Pass! error percent: 0.000086%, golden result: 0.347592, dut result: 0.347592
Item3   Comp Pass! error percent: 0.000096%, golden result: 0.343073, dut result: 0.343073
Item4   Comp Pass! error percent: 0.000831%, golden result: 0.028705, dut result: 0.028705
Item5   Comp Pass! error percent: 0.000036%, golden result: 0.497028, dut result: 0.497028
Item6   Comp Pass! error percent: 0.000010%, golden result: 0.576625, dut result: 0.576625
Item7   Comp Pass! error percent: 0.000083%, golden result: 0.502147, dut result: 0.502147
Item8   Comp Pass! error percent: 0.000084%, golden result: 0.177214, dut result: 0.177214
Item9   Comp Pass! error percent: 0.000020%, golden result: 0.601838, dut result: 0.601838
Item10  Comp Pass! error percent: 0.022922%, golden result: 0.006631, dut result: 0.006632
Item11  Comp Pass! error percent: 0.000121%, golden result: 0.197272, dut result: 0.197272
Item12  Comp Pass! error percent: 0.000071%, golden result: 0.461306, dut result: 0.461306
Item13  Comp Pass! error percent: 0.000022%, golden result: 0.548667, dut result: 0.548667
Item14  Comp Pass! error percent: 0.000068%, golden result: 0.307491, dut result: 0.307492
Item15  Comp Pass! error percent: 0.000067%, golden result: 0.309501, dut result: 0.309501
Item16  Comp Pass! error percent: 0.000120%, golden result: 0.248369, dut result: 0.248369
Item17  Comp Pass! error percent: 0.000055%, golden result: 1.084524, dut result: 1.084525
Item18  Comp Pass! error percent: 0.000064%, golden result: 0.557446, dut result: 0.557446
Item19  Comp Pass! error percent: 0.000123%, golden result: 0.291386, dut result: 0.291387
Item20  Comp Pass! error percent: 0.000020%, golden result: 0.600180, dut result: 0.600179
Item21  Comp Pass! error percent: 0.000116%, golden result: 0.193010, dut result: 0.193010
Item22  Comp Pass! error percent: 0.000021%, golden result: 9.132649, dut result: 9.132648
===============================         23 Column Results    ======================================
Item0   Comp Pass! error percent: 0.000144%, golden result: 0.206464, dut result: 0.206464
Item1   Comp Pass! error percent: 0.000178%, golden result: 0.025169, dut result: 0.025170
Item2   Comp Pass! error percent: 0.000052%, golden result: 0.681815, dut result: 0.681816
Item3   Comp Pass! error percent: 0.000513%, golden result: 0.159724, dut result: 0.159725
Item4   Comp Pass! error percent: 0.000084%, golden result: 0.848174, dut result: 0.848173
Item5   Comp Pass! error percent: 0.000051%, golden result: 0.579399, dut result: 0.579399
Item6   Comp Pass! error percent: 0.003766%, golden result: 0.003166, dut result: 0.003166
Item7   Comp Pass! error percent: 0.000069%, golden result: 1.204185, dut result: 1.204186
Item8   Comp Pass! error percent: 0.000326%, golden result: 0.114210, dut result: 0.114211
Item9   Comp Pass! error percent: 0.000074%, golden result: 0.566289, dut result: 0.566290
Item10  Comp Pass! error percent: 0.000000%, golden result: 0.814542, dut result: 0.814542
Item11  Comp Pass! error percent: 0.000122%, golden result: 1.265448, dut result: 1.265450
Item12  Comp Pass! error percent: 0.000030%, golden result: 1.180944, dut result: 1.180945
Item13  Comp Pass! error percent: 0.000000%, golden result: 0.978958, dut result: 0.978958
Item14  Comp Pass! error percent: 0.000031%, golden result: 0.581382, dut result: 0.581382
Item15  Comp Pass! error percent: 0.000051%, golden result: 0.701659, dut result: 0.701659
Item16  Comp Pass! error percent: 0.000078%, golden result: 0.764395, dut result: 0.764395
Item17  Comp Pass! error percent: 0.000280%, golden result: 0.085051, dut result: 0.085051
Item18  Comp Pass! error percent: 0.000193%, golden result: 0.323518, dut result: 0.323517
Item19  Comp Pass! error percent: 0.000121%, golden result: 0.494387, dut result: 0.494386
Item20  Comp Pass! error percent: 0.000519%, golden result: 0.028736, dut result: 0.028736
Item21  Comp Pass! error percent: 0.000035%, golden result: 0.677187, dut result: 0.677187
Item22  Comp Pass! error percent: 0.000021%, golden result: 1.123946, dut result: 1.123946
Item23  Comp Pass! error percent: 0.000000%, golden result: 8.386867, dut result: 8.386867
===============================         24 Column Results    ======================================
Item0   Comp Pass! error percent: 0.000000%, golden result: 1.716280, dut result: 1.716280
Item1   Comp Pass! error percent: 0.000087%, golden result: 0.274895, dut result: 0.274895
Item2   Comp Pass! error percent: 0.000000%, golden result: 0.510379, dut result: 0.510379
Item3   Comp Pass! error percent: 0.000014%, golden result: 0.431680, dut result: 0.431680
Item4   Comp Pass! error percent: 0.000035%, golden result: 0.842987, dut result: 0.842986
Item5   Comp Pass! error percent: 0.000664%, golden result: 0.062870, dut result: 0.062871
Item6   Comp Pass! error percent: 0.000040%, golden result: 1.180680, dut result: 1.180680
Item7   Comp Pass! error percent: 0.000016%, golden result: 0.366179, dut result: 0.366179
Item8   Comp Pass! error percent: 0.000094%, golden result: 0.635524, dut result: 0.635525
Item9   Comp Pass! error percent: 0.000012%, golden result: 0.124299, dut result: 0.124299
Item10  Comp Pass! error percent: 0.000073%, golden result: 0.568873, dut result: 0.568873
Item11  Comp Pass! error percent: 0.000094%, golden result: 0.444291, dut result: 0.444292
Item12  Comp Pass! error percent: 0.000007%, golden result: 0.889893, dut result: 0.889893
Item13  Comp Pass! error percent: 0.000533%, golden result: 0.067130, dut result: 0.067130
Item14  Comp Pass! error percent: 0.000028%, golden result: 0.628829, dut result: 0.628829
Item15  Comp Pass! error percent: 0.000247%, golden result: 0.168750, dut result: 0.168750
Item16  Comp Pass! error percent: 0.000046%, golden result: 0.387181, dut result: 0.387181
Item17  Comp Pass! error percent: 0.000397%, golden result: 0.097589, dut result: 0.097589
Item18  Comp Pass! error percent: 0.000065%, golden result: 0.229464, dut result: 0.229464
Item19  Comp Pass! error percent: 0.000012%, golden result: 0.968170, dut result: 0.968170
Item20  Comp Pass! error percent: 0.000040%, golden result: 1.775598, dut result: 1.775599
Item21  Comp Pass! error percent: 0.000102%, golden result: 0.145829, dut result: 0.145829
Item22  Comp Pass! error percent: 0.000178%, golden result: 0.368983, dut result: 0.368984
Item23  Comp Pass! error percent: 0.000352%, golden result: 0.118402, dut result: 0.118402
Item24  Comp Pass! error percent: 0.000031%, golden result: 9.085416, dut result: 9.085413
===============================         25 Column Results    ======================================
Item0   Comp Pass! error percent: 0.000000%, golden result: 0.212862, dut result: 0.212862
Item1   Comp Pass! error percent: 0.002468%, golden result: 0.028976, dut result: 0.028977
Item2   Comp Pass! error percent: 0.000018%, golden result: 0.328674, dut result: 0.328674
Item3   Comp Pass! error percent: 0.000000%, golden result: 1.319396, dut result: 1.319396
Item4   Comp Pass! error percent: 0.000086%, golden result: 0.208166, dut result: 0.208165
Item5   Comp Pass! error percent: 0.000136%, golden result: 0.306066, dut result: 0.306067
Item6   Comp Pass! error percent: 0.000065%, golden result: 0.547548, dut result: 0.547548
Item7   Comp Pass! error percent: 0.000137%, golden result: 0.609140, dut result: 0.609140
Item8   Comp Pass! error percent: 0.000175%, golden result: 0.178751, dut result: 0.178752
Item9   Comp Pass! error percent: 0.000054%, golden result: 0.387048, dut result: 0.387048
Item10  Comp Pass! error percent: 0.000143%, golden result: 0.208851, dut result: 0.208851
Item11  Comp Pass! error percent: 0.000319%, golden result: 0.392471, dut result: 0.392472
Item12  Comp Pass! error percent: 0.000018%, golden result: 0.660580, dut result: 0.660580
Item13  Comp Pass! error percent: 0.000017%, golden result: 0.682883, dut result: 0.682883
Item14  Comp Pass! error percent: 0.000049%, golden result: 0.609864, dut result: 0.609865
Item15  Comp Pass! error percent: 0.000048%, golden result: 0.738187, dut result: 0.738186
Item16  Comp Pass! error percent: 0.000127%, golden result: 0.352237, dut result: 0.352237
Item17  Comp Pass! error percent: 0.000042%, golden result: 0.567220, dut result: 0.567220
Item18  Comp Pass! error percent: 0.000012%, golden result: 0.511062, dut result: 0.511062
Item19  Comp Pass! error percent: 0.000019%, golden result: 0.316174, dut result: 0.316174
Item20  Comp Pass! error percent: 0.000058%, golden result: 0.357051, dut result: 0.357051
Item21  Comp Pass! error percent: 0.000018%, golden result: 0.664514, dut result: 0.664514
Item22  Comp Pass! error percent: 0.000108%, golden result: 0.302334, dut result: 0.302334
Item23  Comp Pass! error percent: 0.000899%, golden result: 0.025703, dut result: 0.025703
Item24  Comp Pass! error percent: 0.000083%, golden result: 0.251755, dut result: 0.251755
Item25  Comp Pass! error percent: 0.000021%, golden result: 8.963828, dut result: 8.963826
===============================         26 Column Results    ======================================
Item0   Comp Pass! error percent: 0.000206%, golden result: 0.318162, dut result: 0.318163
Item1   Comp Pass! error percent: 0.000028%, golden result: 0.106376, dut result: 0.106376
Item2   Comp Pass! error percent: 0.000084%, golden result: 0.284906, dut result: 0.284906
Item3   Comp Pass! error percent: 0.000008%, golden result: 0.717136, dut result: 0.717136
Item4   Comp Pass! error percent: 0.000000%, golden result: 0.111649, dut result: 0.111649
Item5   Comp Pass! error percent: 0.000000%, golden result: 1.483552, dut result: 1.483552
Item6   Comp Pass! error percent: 0.000089%, golden result: 0.150758, dut result: 0.150758
Item7   Comp Pass! error percent: 0.000330%, golden result: 0.054160, dut result: 0.054160
Item8   Comp Pass! error percent: 0.000010%, golden result: 0.577681, dut result: 0.577681
Item9   Comp Pass! error percent: 0.000008%, golden result: 1.471449, dut result: 1.471449
Item10  Comp Pass! error percent: 0.000119%, golden result: 0.451343, dut result: 0.451343
Item11  Comp Pass! error percent: 0.000185%, golden result: 0.353947, dut result: 0.353948
Item12  Comp Pass! error percent: 0.000097%, golden result: 0.339416, dut result: 0.339416
Item13  Comp Pass! error percent: 0.000007%, golden result: 1.593983, dut result: 1.593983
Item14  Comp Pass! error percent: 0.000140%, golden result: 0.466766, dut result: 0.466767
Item15  Comp Pass! error percent: 0.000088%, golden result: 0.101120, dut result: 0.101120
Item16  Comp Pass! error percent: 0.000877%, golden result: 0.115569, dut result: 0.115568
Item17  Comp Pass! error percent: 0.000025%, golden result: 0.720070, dut result: 0.720071
Item18  Comp Pass! error percent: 0.000067%, golden result: 1.062807, dut result: 1.062808
Item19  Comp Pass! error percent: 0.000031%, golden result: 0.141997, dut result: 0.141997
Item20  Comp Pass! error percent: 0.000059%, golden result: 0.254076, dut result: 0.254076
Item21  Comp Pass! error percent: 0.000074%, golden result: 0.645954, dut result: 0.645953
Item22  Comp Pass! error percent: 0.000119%, golden result: 0.251368, dut result: 0.251368
Item23  Comp Pass! error percent: 0.000062%, golden result: 0.287643, dut result: 0.287643
Item24  Comp Pass! error percent: 0.000912%, golden result: 0.096429, dut result: 0.096430
Item25  Comp Pass! error percent: 0.000977%, golden result: 0.021349, dut result: 0.021349
Item26  Comp Pass! error percent: 0.000023%, golden result: 8.444412, dut result: 8.444410
===============================         27 Column Results    ======================================
Item0   Comp Pass! error percent: 0.000000%, golden result: 0.209019, dut result: 0.209019
Item1   Comp Pass! error percent: 0.000000%, golden result: 1.032205, dut result: 1.032205
Item2   Comp Pass! error percent: 0.000013%, golden result: 0.447351, dut result: 0.447351
Item3   Comp Pass! error percent: 0.000063%, golden result: 0.854901, dut result: 0.854901
Item4   Comp Pass! error percent: 0.000066%, golden result: 0.493792, dut result: 0.493791
Item5   Comp Pass! error percent: 0.000115%, golden result: 0.389390, dut result: 0.389391
Item6   Comp Pass! error percent: 0.009319%, golden result: 0.000799, dut result: 0.000799
Item7   Comp Pass! error percent: 0.000186%, golden result: 0.384192, dut result: 0.384191
Item8   Comp Pass! error percent: 0.000089%, golden result: 0.269051, dut result: 0.269051
Item9   Comp Pass! error percent: 0.000131%, golden result: 0.294997, dut result: 0.294997
Item10  Comp Pass! error percent: 0.000060%, golden result: 0.795077, dut result: 0.795077
Item11  Comp Pass! error percent: 0.000512%, golden result: 0.072731, dut result: 0.072731
Item12  Comp Pass! error percent: 0.000008%, golden result: 1.511258, dut result: 1.511257
Item13  Comp Pass! error percent: 0.000671%, golden result: 0.193275, dut result: 0.193274
Item14  Comp Pass! error percent: 0.000115%, golden result: 0.671885, dut result: 0.671884
Item15  Comp Pass! error percent: 0.000028%, golden result: 0.631863, dut result: 0.631863
Item16  Comp Pass! error percent: 0.000116%, golden result: 0.102835, dut result: 0.102835
Item17  Comp Pass! error percent: 0.001016%, golden result: 0.199476, dut result: 0.199478
Item18  Comp Pass! error percent: 0.000035%, golden result: 0.859554, dut result: 0.859553
Item19  Comp Pass! error percent: 0.000396%, golden result: 0.127852, dut result: 0.127851
Item20  Comp Pass! error percent: 0.000345%, golden result: 0.233210, dut result: 0.233209
Item21  Comp Pass! error percent: 0.000024%, golden result: 0.245788, dut result: 0.245788
Item22  Comp Pass! error percent: 0.000162%, golden result: 0.256932, dut result: 0.256932
Item23  Comp Pass! error percent: 0.000128%, golden result: 0.278703, dut result: 0.278703
Item24  Comp Pass! error percent: 0.002391%, golden result: 0.014020, dut result: 0.014021
Item25  Comp Pass! error percent: 0.000123%, golden result: 0.388691, dut result: 0.388691
Item26  Comp Pass! error percent: 0.000032%, golden result: 0.566590, dut result: 0.566589
Item27  Comp Pass! error percent: 0.000055%, golden result: 8.686989, dut result: 8.686994
===============================         28 Column Results    ======================================
Item0   Comp Pass! error percent: 0.000092%, golden result: 1.294213, dut result: 1.294214
Item1   Comp Pass! error percent: 0.000171%, golden result: 0.454129, dut result: 0.454129
Item2   Comp Pass! error percent: 0.000129%, golden result: 0.554864, dut result: 0.554863
Item3   Comp Pass! error percent: 0.001342%, golden result: 0.008883, dut result: 0.008883
Item4   Comp Pass! error percent: 0.000105%, golden result: 0.169520, dut result: 0.169520
Item5   Comp Pass! error percent: 0.000183%, golden result: 0.203968, dut result: 0.203967
Item6   Comp Pass! error percent: 0.000061%, golden result: 0.881766, dut result: 0.881766
Item7   Comp Pass! error percent: 0.000299%, golden result: 0.049760, dut result: 0.049760
Item8   Comp Pass! error percent: 0.000000%, golden result: 0.281870, dut result: 0.281870
Item9   Comp Pass! error percent: 0.000162%, golden result: 0.211103, dut result: 0.211103
Item10  Comp Pass! error percent: 0.000025%, golden result: 0.356808, dut result: 0.356809
Item11  Comp Pass! error percent: 0.000060%, golden result: 0.599953, dut result: 0.599953
Item12  Comp Pass! error percent: 0.000020%, golden result: 0.303859, dut result: 0.303859
Item13  Comp Pass! error percent: 0.000331%, golden result: 0.220824, dut result: 0.220823
Item14  Comp Pass! error percent: 0.000006%, golden result: 1.879180, dut result: 1.879180
Item15  Comp Pass! error percent: 0.000237%, golden result: 0.176034, dut result: 0.176034
Item16  Comp Pass! error percent: 0.000080%, golden result: 0.522381, dut result: 0.522382
Item17  Comp Pass! error percent: 0.000000%, golden result: 0.454371, dut result: 0.454371
Item18  Comp Pass! error percent: 0.000097%, golden result: 0.245513, dut result: 0.245513
Item19  Comp Pass! error percent: 0.000059%, golden result: 0.401237, dut result: 0.401237
Item20  Comp Pass! error percent: 0.000103%, golden result: 0.348227, dut result: 0.348227
Item21  Comp Pass! error percent: 0.000086%, golden result: 0.828747, dut result: 0.828746
Item22  Comp Pass! error percent: 0.000166%, golden result: 0.179521, dut result: 0.179522
Item23  Comp Pass! error percent: 0.000167%, golden result: 0.267514, dut result: 0.267514
Item24  Comp Pass! error percent: 0.000150%, golden result: 0.257435, dut result: 0.257436
Item25  Comp Pass! error percent: 0.000109%, golden result: 1.089751, dut result: 1.089749
Item26  Comp Pass! error percent: 0.000159%, golden result: 0.065432, dut result: 0.065432
Item27  Comp Pass! error percent: 0.000077%, golden result: 0.155313, dut result: 0.155313
Item28  Comp Pass! error percent: 0.000023%, golden result: 8.434208, dut result: 8.434206
===============================         29 Column Results    ======================================
Item0   Comp Pass! error percent: 0.000079%, golden result: 0.450044, dut result: 0.450045
Item1   Comp Pass! error percent: 0.001171%, golden result: 0.040710, dut result: 0.040710
Item2   Comp Pass! error percent: 0.000228%, golden result: 0.182612, dut result: 0.182612
Item3   Comp Pass! error percent: 0.000064%, golden result: 0.833253, dut result: 0.833253
Item4   Comp Pass! error percent: 0.000009%, golden result: 0.660650, dut result: 0.660649
Item5   Comp Pass! error percent: 0.000095%, golden result: 0.562714, dut result: 0.562713
Item6   Comp Pass! error percent: 0.000154%, golden result: 0.154869, dut result: 0.154869
Item7   Comp Pass! error percent: 0.000059%, golden result: 0.302005, dut result: 0.302005
Item8   Comp Pass! error percent: 0.000201%, golden result: 0.178074, dut result: 0.178074
Item9   Comp Pass! error percent: 0.000008%, golden result: 0.718716, dut result: 0.718716
Item10  Comp Pass! error percent: 0.000073%, golden result: 0.821158, dut result: 0.821158
Item11  Comp Pass! error percent: 0.000154%, golden result: 0.194128, dut result: 0.194129
Item12  Comp Pass! error percent: 0.000164%, golden result: 0.113445, dut result: 0.113446
Item13  Comp Pass! error percent: 0.000035%, golden result: 0.516465, dut result: 0.516465
Item14  Comp Pass! error percent: 0.000055%, golden result: 0.537867, dut result: 0.537867
Item15  Comp Pass! error percent: 0.000093%, golden result: 0.176600, dut result: 0.176600
Item16  Comp Pass! error percent: 0.000058%, golden result: 1.239526, dut result: 1.239527
Item17  Comp Pass! error percent: 0.000079%, golden result: 0.454922, dut result: 0.454922
Item18  Comp Pass! error percent: 0.000146%, golden result: 0.489398, dut result: 0.489398
Item19  Comp Pass! error percent: 0.000208%, golden result: 0.343579, dut result: 0.343579
Item20  Comp Pass! error percent: 0.000080%, golden result: 0.592583, dut result: 0.592584
Item21  Comp Pass! error percent: 0.000429%, golden result: 0.170086, dut result: 0.170085
Item22  Comp Pass! error percent: 0.000684%, golden result: 0.165543, dut result: 0.165544
Item23  Comp Pass! error percent: 0.000089%, golden result: 0.336359, dut result: 0.336360
Item24  Comp Pass! error percent: 0.000031%, golden result: 0.958943, dut result: 0.958944
Item25  Comp Pass! error percent: 0.000027%, golden result: 0.892863, dut result: 0.892863
Item26  Comp Pass! error percent: 0.000398%, golden result: 0.284601, dut result: 0.284600
Item27  Comp Pass! error percent: 0.000015%, golden result: 0.404502, dut result: 0.404503
Item28  Comp Pass! error percent: 0.000245%, golden result: 0.413884, dut result: 0.413883
Item29  Comp Pass! error percent: 0.000096%, golden result: 7.953968, dut result: 7.953976
===============================         30 Column Results    ======================================
Item0   Comp Pass! error percent: 0.000026%, golden result: 0.684844, dut result: 0.684844
Item1   Comp Pass! error percent: 0.000036%, golden result: 0.413625, dut result: 0.413625
Item2   Comp Pass! error percent: 0.000074%, golden result: 0.140867, dut result: 0.140867
Item3   Comp Pass! error percent: 0.000032%, golden result: 0.279683, dut result: 0.279683
Item4   Comp Pass! error percent: 0.000734%, golden result: 0.077150, dut result: 0.077151
Item5   Comp Pass! error percent: 0.000090%, golden result: 0.198604, dut result: 0.198604
Item6   Comp Pass! error percent: 0.000113%, golden result: 0.577905, dut result: 0.577906
Item7   Comp Pass! error percent: 0.000038%, golden result: 0.156973, dut result: 0.156973
Item8   Comp Pass! error percent: 0.000094%, golden result: 0.318108, dut result: 0.318108
Item9   Comp Pass! error percent: 0.000253%, golden result: 0.341523, dut result: 0.341523
Item10  Comp Pass! error percent: 0.000028%, golden result: 0.423639, dut result: 0.423639
Item11  Comp Pass! error percent: 0.000000%, golden result: 0.520106, dut result: 0.520106
Item12  Comp Pass! error percent: 0.003034%, golden result: 0.033399, dut result: 0.033398
Item13  Comp Pass! error percent: 0.000054%, golden result: 0.276106, dut result: 0.276107
Item14  Comp Pass! error percent: 0.000158%, golden result: 0.755072, dut result: 0.755073
Item15  Comp Pass! error percent: 0.000977%, golden result: 0.097609, dut result: 0.097608
Item16  Comp Pass! error percent: 0.000000%, golden result: 0.747906, dut result: 0.747906
Item17  Comp Pass! error percent: 0.000006%, golden result: 0.993952, dut result: 0.993952
Item18  Comp Pass! error percent: 0.000031%, golden result: 1.166731, dut result: 1.166730
Item19  Comp Pass! error percent: 0.000902%, golden result: 0.052455, dut result: 0.052454
Item20  Comp Pass! error percent: 0.000107%, golden result: 0.778121, dut result: 0.778122
Item21  Comp Pass! error percent: 0.000089%, golden result: 0.533912, dut result: 0.533912
Item22  Comp Pass! error percent: 0.000157%, golden result: 0.208170, dut result: 0.208170
Item23  Comp Pass! error percent: 0.000047%, golden result: 1.023779, dut result: 1.023780
Item24  Comp Pass! error percent: 0.000021%, golden result: 1.133783, dut result: 1.133783
Item25  Comp Pass! error percent: 0.000016%, golden result: 0.365840, dut result: 0.365840
Item26  Comp Pass! error percent: 0.000366%, golden result: 0.179322, dut result: 0.179323
Item27  Comp Pass! error percent: 0.000109%, golden result: 1.098614, dut result: 1.098615
Item28  Comp Pass! error percent: 0.000084%, golden result: 0.710823, dut result: 0.710824
Item29  Comp Pass! error percent: 0.000012%, golden result: 0.482661, dut result: 0.482661
Item30  Comp Pass! error percent: 0.000064%, golden result: 8.935346, dut result: 8.935351
===============================         31 Column Results    ======================================
Item0   Comp Pass! error percent: 0.000006%, golden result: 0.939819, dut result: 0.939819
Item1   Comp Pass! error percent: 0.000021%, golden result: 0.286519, dut result: 0.286519
Item2   Comp Pass! error percent: 0.000012%, golden result: 1.028752, dut result: 1.028751
Item3   Comp Pass! error percent: 0.000113%, golden result: 0.788130, dut result: 0.788129
Item4   Comp Pass! error percent: 0.000209%, golden result: 0.571294, dut result: 0.571295
Item5   Comp Pass! error percent: 0.000076%, golden result: 0.631104, dut result: 0.631104
Item6   Comp Pass! error percent: 0.000035%, golden result: 0.679307, dut result: 0.679307
Item7   Comp Pass! error percent: 0.000045%, golden result: 0.932919, dut result: 0.932920
Item8   Comp Pass! error percent: 0.000030%, golden result: 0.199466, dut result: 0.199466
Item9   Comp Pass! error percent: 0.001433%, golden result: 0.076456, dut result: 0.076457
Item10  Comp Pass! error percent: 0.000085%, golden result: 0.070008, dut result: 0.070008
Item11  Comp Pass! error percent: 0.000035%, golden result: 0.172685, dut result: 0.172685
Item12  Comp Pass! error percent: 0.000065%, golden result: 1.291726, dut result: 1.291725
Item13  Comp Pass! error percent: 0.000719%, golden result: 0.024860, dut result: 0.024860
Item14  Comp Pass! error percent: 0.000000%, golden result: 1.088129, dut result: 1.088129
Item15  Comp Pass! error percent: 0.000040%, golden result: 1.197414, dut result: 1.197414
Item16  Comp Pass! error percent: 0.000018%, golden result: 0.660237, dut result: 0.660237
Item17  Comp Pass! error percent: 0.000063%, golden result: 0.379608, dut result: 0.379608
Item18  Comp Pass! error percent: 0.000031%, golden result: 0.579301, dut result: 0.579301
Item19  Comp Pass! error percent: 0.009136%, golden result: 0.005872, dut result: 0.005872
Item20  Comp Pass! error percent: 0.000155%, golden result: 0.578334, dut result: 0.578335
Item21  Comp Pass! error percent: 0.000100%, golden result: 0.718585, dut result: 0.718585
Item22  Comp Pass! error percent: 0.000084%, golden result: 0.106263, dut result: 0.106263
Item23  Comp Pass! error percent: 0.000007%, golden result: 0.848402, dut result: 0.848402
Item24  Comp Pass! error percent: 0.000027%, golden result: 0.328154, dut result: 0.328154
Item25  Comp Pass! error percent: 0.000135%, golden result: 0.330445, dut result: 0.330445
Item26  Comp Pass! error percent: 0.000515%, golden result: 0.031803, dut result: 0.031803
Item27  Comp Pass! error percent: 0.000373%, golden result: 0.143800, dut result: 0.143799
Item28  Comp Pass! error percent: 0.000085%, golden result: 0.490540, dut result: 0.490540
Item29  Comp Pass! error percent: 0.000217%, golden result: 0.411690, dut result: 0.411691
Item30  Comp Pass! error percent: 0.000070%, golden result: 1.026469, dut result: 1.026470
Item31  Comp Pass! error percent: 0.000022%, golden result: 8.556245, dut result: 8.556243
