==========================================
Dual-core Simulation
Test case: ST32_RANDOM_TEST_64X16
==========================================
===============================          0 Column Results    ======================================
Item0   Comp Pass! error percent: 0.000011%, golden result: 4.520945, dut result: 4.520945
===============================          1 Column Results    ======================================
Item0   Comp Pass! error percent: 0.000225%, golden result: 0.118969, dut result: 0.118969
Item1   Comp Pass! error percent: 0.000000%, golden result: 4.565227, dut result: 4.565227
===============================          2 Column Results    ======================================
Item0   Comp Pass! error percent: 0.000113%, golden result: 0.158832, dut result: 0.158832
Item1   Comp Pass! error percent: 0.000018%, golden result: 0.991179, dut result: 0.991179
Item2   Comp Pass! error percent: 0.000000%, golden result: 4.359806, dut result: 4.359806
===============================          3 Column Results    ======================================
Item0   Comp Pass! error percent: 0.000031%, golden result: 0.379896, dut result: 0.379897
Item1   Comp Pass! error percent: 0.000014%, golden result: 0.872911, dut result: 0.872911
Item2   Comp Pass! error percent: 0.000191%, golden result: 0.218022, dut result: 0.218022
Item3   Comp Pass! error percent: 0.000009%, golden result: 5.062562, dut result: 5.062563
===============================          4 Column Results    ======================================
Item0   Comp Pass! error percent: 0.000514%, golden result: 0.023172, dut result: 0.023172
Item1   Comp Pass! error percent: 0.000023%, golden result: 0.190967, dut result: 0.190967
Item2   Comp Pass! error percent: 0.000041%, golden result: 0.718907, dut result: 0.718907
Item3   Comp Pass! error percent: 0.000017%, golden result: 0.685383, dut result: 0.685383
Item4   Comp Pass! error percent: 0.000011%, golden result: 4.166285, dut result: 4.166285
===============================          5 Column Results    ======================================
Item0   Comp Pass! error percent: 0.000102%, golden result: 0.292104, dut result: 0.292104
Item1   Comp Pass! error percent: 0.000032%, golden result: 0.921854, dut result: 0.921854
Item2   Comp Pass! error percent: 0.000058%, golden result: 0.460749, dut result: 0.460749
Item3   Comp Pass! error percent: 0.000033%, golden result: 0.449208, dut result: 0.449208
Item4   Comp Pass! error percent: 0.000111%, golden result: 0.026865, dut result: 0.026865
Item5   Comp Pass! error percent: 0.000011%, golden result: 4.360718, dut result: 4.360718
===============================          6 Column Results    ======================================
Item0   Comp Pass! error percent: 0.000017%, golden result: 0.172440, dut result: 0.172440
Item1   Comp Pass! error percent: 0.000447%, golden result: 0.086763, dut result: 0.086763
Item2   Comp Pass! error percent: 0.000033%, golden result: 0.226490, dut result: 0.226490
Item3   Comp Pass! error percent: 0.000176%, golden result: 0.093168, dut result: 0.093168
Item4   Comp Pass! error percent: 0.000056%, golden result: 0.478224, dut result: 0.478224
Item5   Comp Pass! error percent: 0.000009%, golden result: 0.160427, dut result: 0.160427
Item6   Comp Pass! error percent: 0.000042%, golden result: 4.566885, dut result: 4.566887
===============================          7 Column Results    ======================================
Item0   Comp Pass! error percent: 0.000110%, golden result: 0.434251, dut result: 0.434251
Item1   Comp Pass! error percent: 0.000057%, golden result: 0.261995, dut result: 0.261995
Item2   Comp Pass! error percent: 0.000465%, golden result: 0.048054, dut result: 0.048054
Item3   Comp Pass! error percent: 0.000014%, golden result: 0.880797, dut result: 0.880797
Item4   Comp Pass! error percent: 0.000008%, golden result: 0.716014, dut result: 0.716014
Item5   Comp Pass! error percent: 0.000079%, golden result: 0.450098, dut result: 0.450098
Item6   Comp Pass! error percent: 0.000040%, golden result: 1.198981, dut result: 1.198982
Item7   Comp Pass! error percent: 0.000023%, golden result: 4.213837, dut result: 4.213836
===============================          8 Column Results    ======================================
Item0   Comp Pass! error percent: 0.000159%, golden result: 0.102987, dut result: 0.102986
Item1   Comp Pass! error percent: 0.000094%, golden result: 0.031765, dut result: 0.031765
Item2   Comp Pass! error percent: 0.000028%, golden result: 0.866073, dut result: 0.866073
Item3   Comp Pass! error percent: 0.000060%, golden result: 0.395351, dut result: 0.395351
Item4   Comp Pass! error percent: 0.000033%, golden result: 0.133903, dut result: 0.133903
Item5   Comp Pass! error percent: 0.000000%, golden result: 1.089490, dut result: 1.089490
Item6   Comp Pass! error percent: 0.000146%, golden result: 0.266033, dut result: 0.266033
Item7   Comp Pass! error percent: 0.000031%, golden result: 0.386178, dut result: 0.386178
Item8   Comp Pass! error percent: 0.000010%, golden result: 4.611063, dut result: 4.611063
===============================          9 Column Results    ======================================
Item0   Comp Pass! error percent: 0.000056%, golden result: 0.479883, dut result: 0.479883
Item1   Comp Pass! error percent: 0.000016%, golden result: 0.187502, dut result: 0.187502
Item2   Comp Pass! error percent: 0.000021%, golden result: 0.561302, dut result: 0.561302
Item3   Comp Pass! error percent: 0.000087%, golden result: 0.342307, dut result: 0.342307
Item4   Comp Pass! error percent: 0.000064%, golden result: 0.280580, dut result: 0.280580
Item5   Comp Pass! error percent: 0.000024%, golden result: 0.736205, dut result: 0.736205
Item6   Comp Pass! error percent: 0.000132%, golden result: 0.630561, dut result: 0.630562
Item7   Comp Pass! error percent: 0.002869%, golden result: 0.005713, dut result: 0.005714
Item8   Comp Pass! error percent: 0.000000%, golden result: 0.645175, dut result: 0.645175
Item9   Comp Pass! error percent: 0.000000%, golden result: 4.459174, dut result: 4.459174
===============================         10 Column Results    ======================================
Item0   Comp Pass! error percent: 0.000061%, golden result: 0.242777, dut result: 0.242777
Item1   Comp Pass! error percent: 0.000007%, golden result: 0.858650, dut result: 0.858650
Item2   Comp Pass! error percent: 0.000085%, golden result: 0.174405, dut result: 0.174405
Item3   Comp Pass! error percent: 0.000013%, golden result: 0.918121, dut result: 0.918121
Item4   Comp Pass! error percent: 0.000446%, golden result: 0.040095, dut result: 0.040095
Item5   Comp Pass! error percent: 0.000000%, golden result: 0.782020, dut result: 0.782020
Item6   Comp Pass! error percent: 0.000809%, golden result: 0.038666, dut result: 0.038666
Item7   Comp Pass! error percent: 0.000026%, golden result: 0.350050, dut result: 0.350050
Item8   Comp Pass! error percent: 0.000089%, golden result: 0.603634, dut result: 0.603634
Item9   Comp Pass! error percent: 0.000054%, golden result: 0.388135, dut result: 0.388135
Item10  Comp Pass! error percent: 0.000011%, golden result: 4.158407, dut result: 4.158407
===============================         11 Column Results    ======================================
Item0   Comp Pass! error percent: 0.000050%, golden result: 0.358435, dut result: 0.358435
Item1   Comp Pass! error percent: 0.000000%, golden result: 1.222945, dut result: 1.222945
Item2   Comp Pass! error percent: 0.000007%, golden result: 0.895934, dut result: 0.895934
Item3   Comp Pass! error percent: 0.000000%, golden result: 0.749355, dut result: 0.749355
Item4   Comp Pass! error percent: 0.000059%, golden result: 0.504958, dut result: 0.504958
Item5   Comp Pass! error percent: 0.000022%, golden result: 1.086182, dut result: 1.086182
Item6   Comp Pass! error percent: 0.000160%, golden result: 0.317316, dut result: 0.317315
Item7   Comp Pass! error percent: 0.000092%, golden result: 0.451677, dut result: 0.451676
Item8   Comp Pass! error percent: 0.000073%, golden result: 0.328422, dut result: 0.328423
Item9   Comp Pass! error percent: 0.000072%, golden result: 0.495527, dut result: 0.495527
Item10  Comp Pass! error percent: 0.000068%, golden result: 0.219889, dut result: 0.219889
Item11  Comp Pass! error percent: 0.000000%, golden result: 4.223899, dut result: 4.223899
===============================         12 Column Results    ======================================
Item0   Comp Pass! error percent: 0.000139%, golden result: 0.257315, dut result: 0.257314
Item1   Comp Pass! error percent: 0.000018%, golden result: 0.335707, dut result: 0.335706
Item2   Comp Pass! error percent: 0.000345%, golden result: 0.118810, dut result: 0.118811
Item3   Comp Pass! error percent: 0.000068%, golden result: 0.217588, dut result: 0.217588
Item4   Comp Pass! error percent: 0.000061%, golden result: 0.782612, dut result: 0.782612
Item5   Comp Pass! error percent: 0.000006%, golden result: 0.922395, dut result: 0.922395
Item6   Comp Pass! error percent: 0.000012%, golden result: 0.510857, dut result: 0.510857
Item7   Comp Pass! error percent: 0.000131%, golden result: 0.226661, dut result: 0.226662
Item8   Comp Pass! error percent: 0.005541%, golden result: 0.005647, dut result: 0.005648
Item9   Comp Pass! error percent: 0.000075%, golden result: 0.554184, dut result: 0.554184
Item10  Comp Pass! error percent: 0.000000%, golden result: 0.019496, dut result: 0.019496
Item11  Comp Pass! error percent: 0.000028%, golden result: 0.432281, dut result: 0.432281
Item12  Comp Pass! error percent: 0.000021%, golden result: 4.484087, dut result: 4.484087
===============================         13 Column Results    ======================================
Item0   Comp Pass! error percent: 0.000043%, golden result: 0.416187, dut result: 0.416187
Item1   Comp Pass! error percent: 0.000047%, golden result: 0.319247, dut result: 0.319247
Item2   Comp Pass! error percent: 0.000018%, golden result: 0.673311, dut result: 0.673311
Item3   Comp Pass! error percent: 0.000148%, golden result: 0.322677, dut result: 0.322677
Item4   Comp Pass! error percent: 0.000033%, golden result: 0.915148, dut result: 0.915148
Item5   Comp Pass! error percent: 0.000018%, golden result: 0.326391, dut result: 0.326391
Item6   Comp Pass! error percent: 0.000044%, golden result: 1.089773, dut result: 1.089773
Item7   Comp Pass! error percent: 0.000011%, golden result: 0.528075, dut result: 0.528075
Item8   Comp Pass! error percent: 0.000124%, golden result: 0.217045, dut result: 0.217044
Item9   Comp Pass! error percent: 0.000021%, golden result: 0.426363, dut result: 0.426363
Item10  Comp Pass! error percent: 0.000074%, golden result: 0.180376, dut result: 0.180376
Item11  Comp Pass! error percent: 0.008098%, golden result: 0.003680, dut result: 0.003680
Item12  Comp Pass! error percent: 0.000039%, golden result: 0.463761, dut result: 0.463762
Item13  Comp Pass! error percent: 0.000031%, golden result: 3.864866, dut result: 3.864867
===============================         14 Column Results    ======================================
Item0   Comp Pass! error percent: 0.000059%, golden result: 0.353342, dut result: 0.353342
Item1   Comp Pass! error percent: 0.002994%, golden result: 0.010951, dut result: 0.010951
Item2   Comp Pass! error percent: 0.000013%, golden result: 0.915011, dut result: 0.915011
Item3   Comp Pass! error percent: 0.000023%, golden result: 1.054278, dut result: 1.054278
Item4   Comp Pass! error percent: 0.000091%, golden result: 0.130310, dut result: 0.130310
Item5   Comp Pass! error percent: 0.000088%, golden result: 0.169913, dut result: 0.169913
Item6   Comp Pass! error percent: 0.000182%, golden result: 0.040918, dut result: 0.040918
Item7   Comp Pass! error percent: 0.000498%, golden result: 0.095793, dut result: 0.095792
Item8   Comp Pass! error percent: 0.000140%, golden result: 0.170759, dut result: 0.170759
Item9   Comp Pass! error percent: 0.000060%, golden result: 0.599440, dut result: 0.599439
Item10  Comp Pass! error percent: 0.000303%, golden result: 0.063921, dut result: 0.063921
Item11  Comp Pass! error percent: 0.000025%, golden result: 0.935549, dut result: 0.935549
Item12  Comp Pass! error percent: 0.000092%, golden result: 0.324615, dut result: 0.324615
Item13  Comp Pass! error percent: 0.000035%, golden result: 0.847671, dut result: 0.847672
Item14  Comp Pass! error percent: 0.000010%, golden result: 4.716353, dut result: 4.716353
===============================         15 Column Results    ======================================
Item0   Comp Pass! error percent: 0.000052%, golden result: 0.288799, dut result: 0.288799
Item1   Comp Pass! error percent: 0.000043%, golden result: 0.557596, dut result: 0.557596
Item2   Comp Pass! error percent: 0.000000%, golden result: 0.741985, dut result: 0.741985
Item3   Comp Pass! error percent: 0.000034%, golden result: 0.528261, dut result: 0.528262
Item4   Comp Pass! error percent: 0.000031%, golden result: 0.574642, dut result: 0.574643
Item5   Comp Pass! error percent: 0.000051%, golden result: 0.146743, dut result: 0.146743
Item6   Comp Pass! error percent: 0.000155%, golden result: 0.212082, dut result: 0.212081
Item7   Comp Pass! error percent: 0.000025%, golden result: 0.238336, dut result: 0.238336
Item8   Comp Pass! error percent: 0.000037%, golden result: 0.326303, dut result: 0.326303
Item9   Comp Pass! error percent: 0.000000%, golden result: 0.942788, dut result: 0.942788
Item10  Comp Pass! error percent: 0.000035%, golden result: 0.689402, dut result: 0.689402
Item11  Comp Pass! error percent: 0.000024%, golden result: 0.249867, dut result: 0.249867
Item12  Comp Pass! error percent: 0.000049%, golden result: 0.211167, dut result: 0.211167
Item13  Comp Pass! error percent: 0.000020%, golden result: 0.291483, dut result: 0.291483
Item14  Comp Pass! error percent: 0.000000%, golden result: 0.709198, dut result: 0.709198
Item15  Comp Pass! error percent: 0.000000%, golden result: 4.110233, dut result: 4.110233
