==========================================
Dual-core Simulation
Test case: ST64_RANDOM_TEST_192X32
==========================================
===============================          0 Column Results    ======================================
Item0   Comp Pass! error percent: 0.000030%, golden result: 7.828649, dut result: 7.828651
===============================          1 Column Results    ======================================
Item0   Comp Pass! error percent: 0.000020%, golden result: 0.305000, dut result: 0.305000
Item1   Comp Pass! error percent: 0.000000%, golden result: 7.924886, dut result: 7.924886
===============================          2 Column Results    ======================================
Item0   Comp Pass! error percent: 0.000110%, golden result: 0.299111, dut result: 0.299112
Item1   Comp Pass! error percent: 0.000142%, golden result: 0.209198, dut result: 0.209198
Item2   Comp Pass! error percent: 0.000035%, golden result: 8.131662, dut result: 8.131665
===============================          3 Column Results    ======================================
Item0   Comp Pass! error percent: 0.000133%, golden result: 0.089461, dut result: 0.089461
Item1   Comp Pass! error percent: 0.000068%, golden result: 0.263503, dut result: 0.263503
Item2   Comp Pass! error percent: 0.000030%, golden result: 0.802635, dut result: 0.802635
Item3   Comp Pass! error percent: 0.000012%, golden result: 7.892409, dut result: 7.892410
===============================          4 Column Results    ======================================
Item0   Comp Pass! error percent: 0.000019%, golden result: 0.313251, dut result: 0.313251
Item1   Comp Pass! error percent: 0.000031%, golden result: 1.515434, dut result: 1.515435
Item2   Comp Pass! error percent: 0.000046%, golden result: 0.323989, dut result: 0.323989
Item3   Comp Pass! error percent: 0.000018%, golden result: 0.493712, dut result: 0.493712
Item4   Comp Pass! error percent: 0.000024%, golden result: 8.052914, dut result: 8.052916
===============================          5 Column Results    ======================================
Item0   Comp Pass! error percent: 0.000015%, golden result: 0.201946, dut result: 0.201946
Item1   Comp Pass! error percent: 0.000114%, golden result: 0.287492, dut result: 0.287491
Item2   Comp Pass! error percent: 0.000015%, golden result: 0.398957, dut result: 0.398957
Item3   Comp Pass! error percent: 0.000028%, golden result: 0.421547, dut result: 0.421547
Item4   Comp Pass! error percent: 0.000022%, golden result: 1.095621, dut result: 1.095622
Item5   Comp Pass! error percent: 0.000011%, golden result: 8.359529, dut result: 8.359529
===============================          6 Column Results    ======================================
Item0   Comp Pass! error percent: 0.000023%, golden result: 0.528888, dut result: 0.528888
Item1   Comp Pass! error percent: 0.000026%, golden result: 0.338427, dut result: 0.338427
Item2   Comp Pass! error percent: 0.000000%, golden result: 0.167008, dut result: 0.167008
Item3   Comp Pass! error percent: 0.000020%, golden result: 1.202915, dut result: 1.202916
Item4   Comp Pass! error percent: 0.000000%, golden result: 0.288372, dut result: 0.288372
Item5   Comp Pass! error percent: 0.000074%, golden result: 0.321315, dut result: 0.321315
Item6   Comp Pass! error percent: 0.000018%, golden result: 7.767417, dut result: 7.767416
===============================          7 Column Results    ======================================
Item0   Comp Pass! error percent: 0.000007%, golden result: 0.861245, dut result: 0.861245
Item1   Comp Pass! error percent: 0.000050%, golden result: 0.717977, dut result: 0.717978
Item2   Comp Pass! error percent: 0.000007%, golden result: 0.407215, dut result: 0.407215
Item3   Comp Pass! error percent: 0.000569%, golden result: 0.020955, dut result: 0.020955
Item4   Comp Pass! error percent: 0.000009%, golden result: 0.629919, dut result: 0.629919
Item5   Comp Pass! error percent: 0.000039%, golden result: 0.463664, dut result: 0.463664
Item6   Comp Pass! error percent: 0.000190%, golden result: 0.086132, dut result: 0.086132
Item7   Comp Pass! error percent: 0.000006%, golden result: 7.682929, dut result: 7.682928
===============================          8 Column Results    ======================================
Item0   Comp Pass! error percent: 0.000040%, golden result: 0.740270, dut result: 0.740270
Item1   Comp Pass! error percent: 0.000008%, golden result: 0.759819, dut result: 0.759819
Item2   Comp Pass! error percent: 0.000045%, golden result: 0.527934, dut result: 0.527935
Item3   Comp Pass! error percent: 0.000011%, golden result: 0.549448, dut result: 0.549448
Item4   Comp Pass! error percent: 0.000148%, golden result: 0.040348, dut result: 0.040348
Item5   Comp Pass! error percent: 0.000026%, golden result: 0.918466, dut result: 0.918465
Item6   Comp Pass! error percent: 0.000030%, golden result: 0.393843, dut result: 0.393843
Item7   Comp Pass! error percent: 0.000045%, golden result: 0.535475, dut result: 0.535474
Item8   Comp Pass! error percent: 0.000019%, golden result: 7.337996, dut result: 7.337997
===============================          9 Column Results    ======================================
Item0   Comp Pass! error percent: 0.000205%, golden result: 0.181374, dut result: 0.181374
Item1   Comp Pass! error percent: 0.000107%, golden result: 0.111622, dut result: 0.111622
Item2   Comp Pass! error percent: 0.000084%, golden result: 0.229327, dut result: 0.229327
Item3   Comp Pass! error percent: 0.002086%, golden result: 0.014288, dut result: 0.014288
Item4   Comp Pass! error percent: 0.000037%, golden result: 0.477843, dut result: 0.477843
Item5   Comp Pass! error percent: 0.000063%, golden result: 0.423244, dut result: 0.423243
Item6   Comp Pass! error percent: 0.000145%, golden result: 0.236972, dut result: 0.236972
Item7   Comp Pass! error percent: 0.000020%, golden result: 0.595283, dut result: 0.595283
Item8   Comp Pass! error percent: 0.000056%, golden result: 0.643937, dut result: 0.643937
Item9   Comp Pass! error percent: 0.000006%, golden result: 7.956083, dut result: 7.956083
===============================         10 Column Results    ======================================
Item0   Comp Pass! error percent: 0.000000%, golden result: 0.657929, dut result: 0.657929
Item1   Comp Pass! error percent: 0.000050%, golden result: 1.185324, dut result: 1.185325
Item2   Comp Pass! error percent: 0.000020%, golden result: 0.151429, dut result: 0.151430
Item3   Comp Pass! error percent: 0.000083%, golden result: 0.864513, dut result: 0.864514
Item4   Comp Pass! error percent: 0.000025%, golden result: 0.484264, dut result: 0.484263
Item5   Comp Pass! error percent: 0.000044%, golden result: 0.536373, dut result: 0.536373
Item6   Comp Pass! error percent: 0.000050%, golden result: 0.300339, dut result: 0.300339
Item7   Comp Pass! error percent: 0.000028%, golden result: 0.864170, dut result: 0.864170
Item8   Comp Pass! error percent: 0.000051%, golden result: 0.294145, dut result: 0.294145
Item9   Comp Pass! error percent: 0.000020%, golden result: 0.603061, dut result: 0.603061
Item10  Comp Pass! error percent: 0.000012%, golden result: 7.824369, dut result: 7.824368
===============================         11 Column Results    ======================================
Item0   Comp Pass! error percent: 0.000008%, golden result: 0.190054, dut result: 0.190054
Item1   Comp Pass! error percent: 0.115385%, golden result: 0.000155, dut result: 0.000155
Item2   Comp Pass! error percent: 0.000019%, golden result: 1.247184, dut result: 1.247184
Item3   Comp Pass! error percent: 0.000033%, golden result: 0.451502, dut result: 0.451502
Item4   Comp Pass! error percent: 0.000087%, golden result: 0.376543, dut result: 0.376543
Item5   Comp Pass! error percent: 0.000013%, golden result: 0.464042, dut result: 0.464042
Item6   Comp Pass! error percent: 0.000020%, golden result: 0.073353, dut result: 0.073353
Item7   Comp Pass! error percent: 0.000013%, golden result: 0.449418, dut result: 0.449418
Item8   Comp Pass! error percent: 0.000105%, golden result: 0.680365, dut result: 0.680366
Item9   Comp Pass! error percent: 0.001469%, golden result: 0.024349, dut result: 0.024350
Item10  Comp Pass! error percent: 0.000010%, golden result: 0.306949, dut result: 0.306949
Item11  Comp Pass! error percent: 0.000013%, golden result: 7.396849, dut result: 7.396850
===============================         12 Column Results    ======================================
Item0   Comp Pass! error percent: 0.000391%, golden result: 0.045774, dut result: 0.045774
Item1   Comp Pass! error percent: 0.000110%, golden result: 0.081054, dut result: 0.081053
Item2   Comp Pass! error percent: 0.000000%, golden result: 0.057027, dut result: 0.057027
Item3   Comp Pass! error percent: 0.000023%, golden result: 0.257500, dut result: 0.257500
Item4   Comp Pass! error percent: 0.000057%, golden result: 0.363287, dut result: 0.363287
Item5   Comp Pass! error percent: 0.000019%, golden result: 0.305870, dut result: 0.305870
Item6   Comp Pass! error percent: 0.000119%, golden result: 0.499622, dut result: 0.499623
Item7   Comp Pass! error percent: 0.000367%, golden result: 0.146332, dut result: 0.146333
Item8   Comp Pass! error percent: 0.000021%, golden result: 0.145199, dut result: 0.145199
Item9   Comp Pass! error percent: 0.000318%, golden result: 0.131008, dut result: 0.131009
Item10  Comp Pass! error percent: 0.000066%, golden result: 0.725659, dut result: 0.725659
Item11  Comp Pass! error percent: 0.000013%, golden result: 0.455679, dut result: 0.455679
Item12  Comp Pass! error percent: 0.000012%, golden result: 8.075842, dut result: 8.075843
===============================         13 Column Results    ======================================
Item0   Comp Pass! error percent: 0.000000%, golden result: 0.095205, dut result: 0.095205
Item1   Comp Pass! error percent: 0.000136%, golden result: 0.241829, dut result: 0.241830
Item2   Comp Pass! error percent: 0.000065%, golden result: 0.275505, dut result: 0.275505
Item3   Comp Pass! error percent: 0.000060%, golden result: 0.592423, dut result: 0.592423
Item4   Comp Pass! error percent: 0.000029%, golden result: 0.816730, dut result: 0.816729
Item5   Comp Pass! error percent: 0.000019%, golden result: 0.614975, dut result: 0.614975
Item6   Comp Pass! error percent: 0.000010%, golden result: 1.188625, dut result: 1.188625
Item7   Comp Pass! error percent: 0.000304%, golden result: 0.088292, dut result: 0.088292
Item8   Comp Pass! error percent: 0.000816%, golden result: 0.018262, dut result: 0.018262
Item9   Comp Pass! error percent: 0.000068%, golden result: 0.436581, dut result: 0.436581
Item10  Comp Pass! error percent: 0.000799%, golden result: 0.096952, dut result: 0.096953
Item11  Comp Pass! error percent: 0.000011%, golden result: 0.138249, dut result: 0.138249
Item12  Comp Pass! error percent: 0.000033%, golden result: 1.093358, dut result: 1.093358
Item13  Comp Pass! error percent: 0.000006%, golden result: 7.883379, dut result: 7.883379
===============================         14 Column Results    ======================================
Item0   Comp Pass! error percent: 0.000000%, golden result: 0.295007, dut result: 0.295007
Item1   Comp Pass! error percent: 0.000112%, golden result: 0.132576, dut result: 0.132577
Item2   Comp Pass! error percent: 0.000010%, golden result: 0.603600, dut result: 0.603600
Item3   Comp Pass! error percent: 0.000000%, golden result: 0.404030, dut result: 0.404030
Item4   Comp Pass! error percent: 0.000067%, golden result: 0.711532, dut result: 0.711532
Item5   Comp Pass! error percent: 0.000335%, golden result: 0.031168, dut result: 0.031168
Item6   Comp Pass! error percent: 0.000013%, golden result: 1.787538, dut result: 1.787538
Item7   Comp Pass! error percent: 0.000043%, golden result: 0.489168, dut result: 0.489167
Item8   Comp Pass! error percent: 0.000014%, golden result: 0.212177, dut result: 0.212177
Item9   Comp Pass! error percent: 0.000117%, golden result: 0.280530, dut result: 0.280530
Item10  Comp Pass! error percent: 0.000199%, golden result: 0.134540, dut result: 0.134540
Item11  Comp Pass! error percent: 0.000033%, golden result: 0.538788, dut result: 0.538788
Item12  Comp Pass! error percent: 0.000087%, golden result: 0.619156, dut result: 0.619156
Item13  Comp Pass! error percent: 0.000026%, golden result: 0.229190, dut result: 0.229190
Item14  Comp Pass! error percent: 0.000018%, golden result: 7.841073, dut result: 7.841071
===============================         15 Column Results    ======================================
Item0   Comp Pass! error percent: 0.000170%, golden result: 0.184116, dut result: 0.184116
Item1   Comp Pass! error percent: 0.000257%, golden result: 0.116026, dut result: 0.116025
Item2   Comp Pass! error percent: 0.000023%, golden result: 0.392577, dut result: 0.392577
Item3   Comp Pass! error percent: 0.000046%, golden result: 0.907858, dut result: 0.907858
Item4   Comp Pass! error percent: 0.000008%, golden result: 0.780707, dut result: 0.780707
Item5   Comp Pass! error percent: 0.000081%, golden result: 0.074020, dut result: 0.074020
Item6   Comp Pass! error percent: 0.000027%, golden result: 0.875698, dut result: 0.875698
Item7   Comp Pass! error percent: 0.002774%, golden result: 0.015043, dut result: 0.015043
Item8   Comp Pass! error percent: 0.000050%, golden result: 0.711727, dut result: 0.711727
Item9   Comp Pass! error percent: 0.000008%, golden result: 0.387743, dut result: 0.387743
Item10  Comp Pass! error percent: 0.000018%, golden result: 0.167450, dut result: 0.167450
Item11  Comp Pass! error percent: 0.000054%, golden result: 0.885836, dut result: 0.885837
Item12  Comp Pass! error percent: 0.000008%, golden result: 0.749583, dut result: 0.749583
Item13  Comp Pass! error percent: 0.000163%, golden result: 0.219081, dut result: 0.219080
Item14  Comp Pass! error percent: 0.000401%, golden result: 0.118857, dut result: 0.118856
Item15  Comp Pass! error percent: 0.000025%, golden result: 7.688786, dut result: 7.688784
===============================         16 Column Results    ======================================
Item0   Comp Pass! error percent: 0.000000%, golden result: 1.317601, dut result: 1.317601
Item1   Comp Pass! error percent: 0.000013%, golden result: 0.443005, dut result: 0.443005
Item2   Comp Pass! error percent: 0.000047%, golden result: 0.250983, dut result: 0.250983
Item3   Comp Pass! error percent: 0.000226%, golden result: 0.013163, dut result: 0.013163
Item4   Comp Pass! error percent: 0.000069%, golden result: 0.048313, dut result: 0.048313
Item5   Comp Pass! error percent: 0.000031%, golden result: 0.285148, dut result: 0.285148
Item6   Comp Pass! error percent: 0.000046%, golden result: 0.256694, dut result: 0.256694
Item7   Comp Pass! error percent: 0.000080%, golden result: 0.407331, dut result: 0.407332
Item8   Comp Pass! error percent: 0.000122%, golden result: 0.244127, dut result: 0.244127
Item9   Comp Pass! error percent: 0.000038%, golden result: 0.467232, dut result: 0.467232
Item10  Comp Pass! error percent: 0.000100%, golden result: 0.148805, dut result: 0.148806
Item11  Comp Pass! error percent: 0.000033%, golden result: 0.090163, dut result: 0.090163
Item12  Comp Pass! error percent: 0.003963%, golden result: 0.003760, dut result: 0.003760
Item13  Comp Pass! error percent: 0.000028%, golden result: 0.634064, dut result: 0.634064
Item14  Comp Pass! error percent: 0.000081%, golden result: 0.257561, dut result: 0.257561
Item15  Comp Pass! error percent: 0.000018%, golden result: 0.166680, dut result: 0.166680
Item16  Comp Pass! error percent: 0.000000%, golden result: 7.562256, dut result: 7.562256
===============================         17 Column Results    ======================================
Item0   Comp Pass! error percent: 0.000011%, golden result: 0.134149, dut result: 0.134149
Item1   Comp Pass! error percent: 0.000727%, golden result: 0.032812, dut result: 0.032812
Item2   Comp Pass! error percent: 0.000066%, golden result: 0.454295, dut result: 0.454296
Item3   Comp Pass! error percent: 0.000203%, golden result: 0.117578, dut result: 0.117578
Item4   Comp Pass! error percent: 0.000000%, golden result: 0.188245, dut result: 0.188245
Item5   Comp Pass! error percent: 0.000043%, golden result: 0.830141, dut result: 0.830142
Item6   Comp Pass! error percent: 0.000025%, golden result: 0.477271, dut result: 0.477271
Item7   Comp Pass! error percent: 0.000000%, golden result: 0.608412, dut result: 0.608412
Item8   Comp Pass! error percent: 0.000022%, golden result: 0.541184, dut result: 0.541184
Item9   Comp Pass! error percent: 0.000065%, golden result: 0.734141, dut result: 0.734141
Item10  Comp Pass! error percent: 0.000000%, golden result: 0.135675, dut result: 0.135675
Item11  Comp Pass! error percent: 0.000055%, golden result: 1.086231, dut result: 1.086232
Item12  Comp Pass! error percent: 0.000025%, golden result: 0.030219, dut result: 0.030219
Item13  Comp Pass! error percent: 0.000061%, golden result: 0.686963, dut result: 0.686964
Item14  Comp Pass! error percent: 0.000157%, golden result: 0.379631, dut result: 0.379632
Item15  Comp Pass! error percent: 0.001075%, golden result: 0.033253, dut result: 0.033253
Item16  Comp Pass! error percent: 0.000022%, golden result: 0.540579, dut result: 0.540579
Item17  Comp Pass! error percent: 0.000018%, golden result: 7.786511, dut result: 7.786512
===============================         18 Column Results    ======================================
Item0   Comp Pass! error percent: 0.000099%, golden result: 0.480578, dut result: 0.480578
Item1   Comp Pass! error percent: 0.000000%, golden result: 0.149484, dut result: 0.149484
Item2   Comp Pass! error percent: 0.000082%, golden result: 0.255583, dut result: 0.255583
Item3   Comp Pass! error percent: 0.000081%, golden result: 0.166371, dut result: 0.166371
Item4   Comp Pass! error percent: 0.000038%, golden result: 0.474426, dut result: 0.474426
Item5   Comp Pass! error percent: 0.000163%, golden result: 0.218763, dut result: 0.218763
Item6   Comp Pass! error percent: 0.000127%, golden result: 0.105280, dut result: 0.105281
Item7   Comp Pass! error percent: 0.001034%, golden result: 0.023054, dut result: 0.023054
Item8   Comp Pass! error percent: 0.000019%, golden result: 1.255306, dut result: 1.255307
Item9   Comp Pass! error percent: 0.000114%, golden result: 0.183589, dut result: 0.183589
Item10  Comp Pass! error percent: 0.000007%, golden result: 0.821070, dut result: 0.821070
Item11  Comp Pass! error percent: 0.000098%, golden result: 0.152761, dut result: 0.152761
Item12  Comp Pass! error percent: 0.000000%, golden result: 1.224602, dut result: 1.224602
Item13  Comp Pass! error percent: 0.000057%, golden result: 0.420578, dut result: 0.420578
Item14  Comp Pass! error percent: 0.000373%, golden result: 0.019986, dut result: 0.019986
Item15  Comp Pass! error percent: 0.000052%, golden result: 0.682444, dut result: 0.682443
Item16  Comp Pass! error percent: 0.000121%, golden result: 0.394977, dut result: 0.394978
Item17  Comp Pass! error percent: 0.000039%, golden result: 0.925045, dut result: 0.925045
Item18  Comp Pass! error percent: 0.000006%, golden result: 7.369953, dut result: 7.369953
===============================         19 Column Results    ======================================
Item0   Comp Pass! error percent: 0.000008%, golden result: 0.356719, dut result: 0.356719
Item1   Comp Pass! error percent: 0.000031%, golden result: 0.756986, dut result: 0.756986
Item2   Comp Pass! error percent: 0.000000%, golden result: 0.716670, dut result: 0.716670
Item3   Comp Pass! error percent: 0.000128%, golden result: 0.302367, dut result: 0.302367
Item4   Comp Pass! error percent: 0.000000%, golden result: 0.178302, dut result: 0.178302
Item5   Comp Pass! error percent: 0.000091%, golden result: 0.590349, dut result: 0.590348
Item6   Comp Pass! error percent: 0.000000%, golden result: 0.128623, dut result: 0.128623
Item7   Comp Pass! error percent: 0.000021%, golden result: 0.284674, dut result: 0.284675
Item8   Comp Pass! error percent: 0.000046%, golden result: 0.128689, dut result: 0.128689
Item9   Comp Pass! error percent: 0.000304%, golden result: 0.098156, dut result: 0.098156
Item10  Comp Pass! error percent: 0.000590%, golden result: 0.055590, dut result: 0.055590
Item11  Comp Pass! error percent: 0.000119%, golden result: 0.374871, dut result: 0.374872
Item12  Comp Pass! error percent: 0.000173%, golden result: 0.051543, dut result: 0.051543
Item13  Comp Pass! error percent: 0.000033%, golden result: 0.267142, dut result: 0.267142
Item14  Comp Pass! error percent: 0.000045%, golden result: 0.792180, dut result: 0.792180
Item15  Comp Pass! error percent: 0.000132%, golden result: 0.113082, dut result: 0.113082
Item16  Comp Pass! error percent: 0.000047%, golden result: 0.628060, dut result: 0.628061
Item17  Comp Pass! error percent: 0.000008%, golden result: 0.704404, dut result: 0.704404
Item18  Comp Pass! error percent: 0.000047%, golden result: 0.509066, dut result: 0.509067
Item19  Comp Pass! error percent: 0.000006%, golden result: 7.604040, dut result: 7.604039
===============================         20 Column Results    ======================================
Item0   Comp Pass! error percent: 0.000029%, golden result: 0.202149, dut result: 0.202149
Item1   Comp Pass! error percent: 0.000010%, golden result: 0.624626, dut result: 0.624626
Item2   Comp Pass! error percent: 0.000077%, golden result: 0.038688, dut result: 0.038688
Item3   Comp Pass! error percent: 0.002351%, golden result: 0.025355, dut result: 0.025355
Item4   Comp Pass! error percent: 0.000037%, golden result: 0.808373, dut result: 0.808374
Item5   Comp Pass! error percent: 0.000025%, golden result: 0.241732, dut result: 0.241732
Item6   Comp Pass! error percent: 0.000084%, golden result: 0.141179, dut result: 0.141179
Item7   Comp Pass! error percent: 0.000062%, golden result: 0.484474, dut result: 0.484475
Item8   Comp Pass! error percent: 0.000814%, golden result: 0.051252, dut result: 0.051253
Item9   Comp Pass! error percent: 0.000073%, golden result: 0.405748, dut result: 0.405748
Item10  Comp Pass! error percent: 0.000513%, golden result: 0.092868, dut result: 0.092867
Item11  Comp Pass! error percent: 0.001443%, golden result: 0.008260, dut result: 0.008260
Item12  Comp Pass! error percent: 0.000052%, golden result: 0.342165, dut result: 0.342165
Item13  Comp Pass! error percent: 0.000014%, golden result: 0.424801, dut result: 0.424801
Item14  Comp Pass! error percent: 0.000160%, golden result: 0.205256, dut result: 0.205256
Item15  Comp Pass! error percent: 0.001845%, golden result: 0.008884, dut result: 0.008883
Item16  Comp Pass! error percent: 0.000022%, golden result: 0.068428, dut result: 0.068428
Item17  Comp Pass! error percent: 0.000076%, golden result: 0.235211, dut result: 0.235212
Item18  Comp Pass! error percent: 0.000017%, golden result: 0.694291, dut result: 0.694291
Item19  Comp Pass! error percent: 0.000016%, golden result: 0.377116, dut result: 0.377117
Item20  Comp Pass! error percent: 0.000012%, golden result: 8.031411, dut result: 8.031412
===============================         21 Column Results    ======================================
Item0   Comp Pass! error percent: 0.000033%, golden result: 1.444142, dut result: 1.444143
Item1   Comp Pass! error percent: 0.000070%, golden result: 0.426838, dut result: 0.426838
Item2   Comp Pass! error percent: 0.000125%, golden result: 0.095046, dut result: 0.095046
Item3   Comp Pass! error percent: 0.000189%, golden result: 0.157919, dut result: 0.157919
Item4   Comp Pass! error percent: 0.000017%, golden result: 0.359926, dut result: 0.359926
Item5   Comp Pass! error percent: 0.000000%, golden result: 0.922371, dut result: 0.922371
Item6   Comp Pass! error percent: 0.000000%, golden result: 0.115837, dut result: 0.115837
Item7   Comp Pass! error percent: 0.000000%, golden result: 0.645751, dut result: 0.645751
Item8   Comp Pass! error percent: 0.000040%, golden result: 0.300161, dut result: 0.300161
Item9   Comp Pass! error percent: 0.000043%, golden result: 0.349347, dut result: 0.349347
Item10  Comp Pass! error percent: 0.001525%, golden result: 0.031271, dut result: 0.031271
Item11  Comp Pass! error percent: 0.000016%, golden result: 1.453098, dut result: 1.453099
Item12  Comp Pass! error percent: 0.000105%, golden result: 0.256261, dut result: 0.256261
Item13  Comp Pass! error percent: 0.000114%, golden result: 0.117310, dut result: 0.117309
Item14  Comp Pass! error percent: 0.000134%, golden result: 0.199751, dut result: 0.199751
Item15  Comp Pass! error percent: 0.000031%, golden result: 0.384562, dut result: 0.384562
Item16  Comp Pass! error percent: 0.000623%, golden result: 0.037060, dut result: 0.037060
Item17  Comp Pass! error percent: 0.000403%, golden result: 0.059140, dut result: 0.059141
Item18  Comp Pass! error percent: 0.000044%, golden result: 0.673578, dut result: 0.673578
Item19  Comp Pass! error percent: 0.000057%, golden result: 0.156103, dut result: 0.156103
Item20  Comp Pass! error percent: 0.000120%, golden result: 0.495117, dut result: 0.495117
Item21  Comp Pass! error percent: 0.000012%, golden result: 7.634195, dut result: 7.634196
===============================         22 Column Results    ======================================
Item0   Comp Pass! error percent: 0.000010%, golden result: 0.603792, dut result: 0.603792
Item1   Comp Pass! error percent: 0.000701%, golden result: 0.008498, dut result: 0.008498
Item2   Comp Pass! error percent: 0.000033%, golden result: 0.899501, dut result: 0.899501
Item3   Comp Pass! error percent: 0.000018%, golden result: 0.495318, dut result: 0.495318
Item4   Comp Pass! error percent: 0.000023%, golden result: 0.261257, dut result: 0.261257
Item5   Comp Pass! error percent: 0.000018%, golden result: 0.333222, dut result: 0.333222
Item6   Comp Pass! error percent: 0.000038%, golden result: 0.312275, dut result: 0.312275
Item7   Comp Pass! error percent: 0.000103%, golden result: 0.028971, dut result: 0.028971
Item8   Comp Pass! error percent: 0.000401%, golden result: 0.104019, dut result: 0.104019
Item9   Comp Pass! error percent: 0.000018%, golden result: 0.659966, dut result: 0.659966
Item10  Comp Pass! error percent: 0.000262%, golden result: 0.085159, dut result: 0.085159
Item11  Comp Pass! error percent: 0.001207%, golden result: 0.021907, dut result: 0.021907
Item12  Comp Pass! error percent: 0.000064%, golden result: 0.837595, dut result: 0.837596
Item13  Comp Pass! error percent: 0.000033%, golden result: 0.365919, dut result: 0.365920
Item14  Comp Pass! error percent: 0.000011%, golden result: 0.550300, dut result: 0.550300
Item15  Comp Pass! error percent: 0.000006%, golden result: 0.469170, dut result: 0.469170
Item16  Comp Pass! error percent: 0.000051%, golden result: 0.291055, dut result: 0.291055
Item17  Comp Pass! error percent: 0.000022%, golden result: 0.274766, dut result: 0.274766
Item18  Comp Pass! error percent: 0.000023%, golden result: 0.382010, dut result: 0.382010
Item19  Comp Pass! error percent: 0.000138%, golden result: 0.172338, dut result: 0.172338
Item20  Comp Pass! error percent: 0.000039%, golden result: 1.209685, dut result: 1.209685
Item21  Comp Pass! error percent: 0.000259%, golden result: 0.275795, dut result: 0.275796
Item22  Comp Pass! error percent: 0.000019%, golden result: 7.684573, dut result: 7.684571
===============================         23 Column Results    ======================================
Item0   Comp Pass! error percent: 0.004649%, golden result: 0.001763, dut result: 0.001763
Item1   Comp Pass! error percent: 0.000082%, golden result: 0.290723, dut result: 0.290723
Item2   Comp Pass! error percent: 0.000026%, golden result: 0.465551, dut result: 0.465551
Item3   Comp Pass! error percent: 0.000007%, golden result: 0.439351, dut result: 0.439351
Item4   Comp Pass! error percent: 0.000048%, golden result: 0.187853, dut result: 0.187853
Item5   Comp Pass! error percent: 0.000240%, golden result: 0.161287, dut result: 0.161286
Item6   Comp Pass! error percent: 0.000040%, golden result: 0.295881, dut result: 0.295881
Item7   Comp Pass! error percent: 0.000030%, golden result: 1.605350, dut result: 1.605349
Item8   Comp Pass! error percent: 0.000059%, golden result: 0.350733, dut result: 0.350733
Item9   Comp Pass! error percent: 0.000050%, golden result: 0.598618, dut result: 0.598618
Item10  Comp Pass! error percent: 0.000079%, golden result: 0.112552, dut result: 0.112552
Item11  Comp Pass! error percent: 0.000024%, golden result: 0.367087, dut result: 0.367087
Item12  Comp Pass! error percent: 0.000031%, golden result: 0.384085, dut result: 0.384085
Item13  Comp Pass! error percent: 0.000240%, golden result: 0.024843, dut result: 0.024843
Item14  Comp Pass! error percent: 0.000166%, golden result: 0.250772, dut result: 0.250772
Item15  Comp Pass! error percent: 0.000053%, golden result: 0.450996, dut result: 0.450995
Item16  Comp Pass! error percent: 0.000034%, golden result: 0.087683, dut result: 0.087683
Item17  Comp Pass! error percent: 0.000018%, golden result: 1.292904, dut result: 1.292904
Item18  Comp Pass! error percent: 0.000252%, golden result: 0.213203, dut result: 0.213203
Item19  Comp Pass! error percent: 0.000109%, golden result: 0.037531, dut result: 0.037531
Item20  Comp Pass! error percent: 0.000020%, golden result: 0.302658, dut result: 0.302658
Item21  Comp Pass! error percent: 0.000158%, golden result: 0.282920, dut result: 0.282920
Item22  Comp Pass! error percent: 0.000000%, golden result: 0.360301, dut result: 0.360301
Item23  Comp Pass! error percent: 0.000012%, golden result: 7.799061, dut result: 7.799062
===============================         24 Column Results    ======================================
Item0   Comp Pass! error percent: 0.000030%, golden result: 1.211090, dut result: 1.211091
Item1   Comp Pass! error percent: 0.000023%, golden result: 0.528272, dut result: 0.528272
Item2   Comp Pass! error percent: 0.000030%, golden result: 0.783448, dut result: 0.783448
Item3   Comp Pass! error percent: 0.000022%, golden result: 0.540798, dut result: 0.540799
Item4   Comp Pass! error percent: 0.000173%, golden result: 0.086157, dut result: 0.086157
Item5   Comp Pass! error percent: 0.000070%, golden result: 0.467906, dut result: 0.467906
Item6   Comp Pass! error percent: 0.000031%, golden result: 1.155534, dut result: 1.155533
Item7   Comp Pass! error percent: 0.000117%, golden result: 0.253895, dut result: 0.253895
Item8   Comp Pass! error percent: 0.000176%, golden result: 0.253898, dut result: 0.253899
Item9   Comp Pass! error percent: 0.000027%, golden result: 0.111221, dut result: 0.111221
Item10  Comp Pass! error percent: 0.000501%, golden result: 0.083310, dut result: 0.083310
Item11  Comp Pass! error percent: 0.000058%, golden result: 1.239102, dut result: 1.239103
Item12  Comp Pass! error percent: 0.000130%, golden result: 0.389735, dut result: 0.389736
Item13  Comp Pass! error percent: 0.000014%, golden result: 0.827446, dut result: 0.827446
Item14  Comp Pass! error percent: 0.000045%, golden result: 0.796543, dut result: 0.796542
Item15  Comp Pass! error percent: 0.000032%, golden result: 0.367851, dut result: 0.367851
Item16  Comp Pass! error percent: 0.000191%, golden result: 0.077898, dut result: 0.077898
Item17  Comp Pass! error percent: 0.000198%, golden result: 0.165243, dut result: 0.165243
Item18  Comp Pass! error percent: 0.000087%, golden result: 0.187688, dut result: 0.187688
Item19  Comp Pass! error percent: 0.000027%, golden result: 0.890653, dut result: 0.890653
Item20  Comp Pass! error percent: 0.000009%, golden result: 0.679676, dut result: 0.679676
Item21  Comp Pass! error percent: 0.000690%, golden result: 0.056144, dut result: 0.056145
Item22  Comp Pass! error percent: 0.000008%, golden result: 0.722074, dut result: 0.722074
Item23  Comp Pass! error percent: 0.000089%, golden result: 0.336563, dut result: 0.336563
Item24  Comp Pass! error percent: 0.000007%, golden result: 7.130759, dut result: 7.130758
===============================         25 Column Results    ======================================
Item0   Comp Pass! error percent: 0.000033%, golden result: 1.085769, dut result: 1.085769
Item1   Comp Pass! error percent: 0.000000%, golden result: 0.001307, dut result: 0.001307
Item2   Comp Pass! error percent: 0.000022%, golden result: 0.552350, dut result: 0.552351
Item3   Comp Pass! error percent: 0.000792%, golden result: 0.067744, dut result: 0.067744
Item4   Comp Pass! error percent: 0.000042%, golden result: 1.416678, dut result: 1.416678
Item5   Comp Pass! error percent: 0.000000%, golden result: 0.353421, dut result: 0.353421
Item6   Comp Pass! error percent: 0.000026%, golden result: 0.682881, dut result: 0.682881
Item7   Comp Pass! error percent: 0.000000%, golden result: 0.561169, dut result: 0.561169
Item8   Comp Pass! error percent: 0.000000%, golden result: 0.115942, dut result: 0.115942
Item9   Comp Pass! error percent: 0.000047%, golden result: 0.632484, dut result: 0.632485
Item10  Comp Pass! error percent: 0.000015%, golden result: 0.390719, dut result: 0.390719
Item11  Comp Pass! error percent: 0.000057%, golden result: 0.314229, dut result: 0.314229
Item12  Comp Pass! error percent: 0.000083%, golden result: 0.252514, dut result: 0.252513
Item13  Comp Pass! error percent: 0.000265%, golden result: 0.067390, dut result: 0.067390
Item14  Comp Pass! error percent: 0.000030%, golden result: 0.802810, dut result: 0.802810
Item15  Comp Pass! error percent: 0.000171%, golden result: 0.139395, dut result: 0.139396
Item16  Comp Pass! error percent: 0.000041%, golden result: 0.587666, dut result: 0.587665
Item17  Comp Pass! error percent: 0.000037%, golden result: 0.405130, dut result: 0.405131
Item18  Comp Pass! error percent: 0.012746%, golden result: 0.002280, dut result: 0.002279
Item19  Comp Pass! error percent: 0.000000%, golden result: 0.767157, dut result: 0.767157
Item20  Comp Pass! error percent: 0.000081%, golden result: 0.220214, dut result: 0.220214
Item21  Comp Pass! error percent: 0.000019%, golden result: 0.321063, dut result: 0.321063
Item22  Comp Pass! error percent: 0.000043%, golden result: 0.415898, dut result: 0.415898
Item23  Comp Pass! error percent: 0.000084%, golden result: 0.141488, dut result: 0.141488
Item24  Comp Pass! error percent: 0.000035%, golden result: 0.847347, dut result: 0.847347
Item25  Comp Pass! error percent: 0.000006%, golden result: 7.730543, dut result: 7.730543
===============================         26 Column Results    ======================================
Item0   Comp Pass! error percent: 0.000064%, golden result: 0.093299, dut result: 0.093299
Item1   Comp Pass! error percent: 0.000093%, golden result: 0.701958, dut result: 0.701957
Item2   Comp Pass! error percent: 0.000008%, golden result: 1.546398, dut result: 1.546398
Item3   Comp Pass! error percent: 0.000020%, golden result: 0.440628, dut result: 0.440628
Item4   Comp Pass! error percent: 0.000160%, golden result: 0.371605, dut result: 0.371605
Item5   Comp Pass! error percent: 0.000128%, golden result: 0.093475, dut result: 0.093476
Item6   Comp Pass! error percent: 0.000041%, golden result: 0.574622, dut result: 0.574622
Item7   Comp Pass! error percent: 0.000032%, golden result: 0.554644, dut result: 0.554644
Item8   Comp Pass! error percent: 0.000447%, golden result: 0.046672, dut result: 0.046672
Item9   Comp Pass! error percent: 0.000027%, golden result: 0.873245, dut result: 0.873245
Item10  Comp Pass! error percent: 0.000000%, golden result: 0.091648, dut result: 0.091648
Item11  Comp Pass! error percent: 0.000136%, golden result: 0.109548, dut result: 0.109548
Item12  Comp Pass! error percent: 0.000049%, golden result: 0.302452, dut result: 0.302452
Item13  Comp Pass! error percent: 0.000040%, golden result: 0.597090, dut result: 0.597090
Item14  Comp Pass! error percent: 0.000041%, golden result: 0.435535, dut result: 0.435535
Item15  Comp Pass! error percent: 0.000087%, golden result: 0.681494, dut result: 0.681494
Item16  Comp Pass! error percent: 0.000139%, golden result: 0.161220, dut result: 0.161220
Item17  Comp Pass! error percent: 0.000158%, golden result: 0.169908, dut result: 0.169908
Item18  Comp Pass! error percent: 0.000421%, golden result: 0.088565, dut result: 0.088565
Item19  Comp Pass! error percent: 0.000049%, golden result: 0.723870, dut result: 0.723870
Item20  Comp Pass! error percent: 0.000026%, golden result: 0.462046, dut result: 0.462046
Item21  Comp Pass! error percent: 0.000030%, golden result: 0.796504, dut result: 0.796505
Item22  Comp Pass! error percent: 0.000163%, golden result: 0.237568, dut result: 0.237568
Item23  Comp Pass! error percent: 0.000063%, golden result: 0.949426, dut result: 0.949427
Item24  Comp Pass! error percent: 0.000000%, golden result: 0.633712, dut result: 0.633712
Item25  Comp Pass! error percent: 0.000650%, golden result: 0.045854, dut result: 0.045855
Item26  Comp Pass! error percent: 0.000013%, golden result: 7.584987, dut result: 7.584988
===============================         27 Column Results    ======================================
Item0   Comp Pass! error percent: 0.000602%, golden result: 0.019797, dut result: 0.019797
Item1   Comp Pass! error percent: 0.000036%, golden result: 0.497107, dut result: 0.497107
Item2   Comp Pass! error percent: 0.000063%, golden result: 0.285768, dut result: 0.285769
Item3   Comp Pass! error percent: 0.000069%, golden result: 0.869108, dut result: 0.869109
Item4   Comp Pass! error percent: 0.000000%, golden result: 0.956875, dut result: 0.956875
Item5   Comp Pass! error percent: 0.000112%, golden result: 0.345914, dut result: 0.345913
Item6   Comp Pass! error percent: 0.000060%, golden result: 0.173972, dut result: 0.173972
Item7   Comp Pass! error percent: 0.000012%, golden result: 0.250505, dut result: 0.250505
Item8   Comp Pass! error percent: 0.000016%, golden result: 0.738513, dut result: 0.738513
Item9   Comp Pass! error percent: 0.000076%, golden result: 0.468162, dut result: 0.468163
Item10  Comp Pass! error percent: 0.000084%, golden result: 0.565345, dut result: 0.565346
Item11  Comp Pass! error percent: 0.000082%, golden result: 0.289920, dut result: 0.289920
Item12  Comp Pass! error percent: 0.000045%, golden result: 0.532901, dut result: 0.532901
Item13  Comp Pass! error percent: 0.000022%, golden result: 0.201836, dut result: 0.201836
Item14  Comp Pass! error percent: 0.000055%, golden result: 1.512507, dut result: 1.512508
Item15  Comp Pass! error percent: 0.000021%, golden result: 0.556960, dut result: 0.556960
Item16  Comp Pass! error percent: 0.000409%, golden result: 0.134705, dut result: 0.134706
Item17  Comp Pass! error percent: 0.000063%, golden result: 0.425990, dut result: 0.425990
Item18  Comp Pass! error percent: 0.000358%, golden result: 0.058220, dut result: 0.058220
Item19  Comp Pass! error percent: 0.000139%, golden result: 0.225867, dut result: 0.225867
Item20  Comp Pass! error percent: 0.000381%, golden result: 0.187778, dut result: 0.187778
Item21  Comp Pass! error percent: 0.000040%, golden result: 0.737302, dut result: 0.737302
Item22  Comp Pass! error percent: 0.000942%, golden result: 0.036393, dut result: 0.036394
Item23  Comp Pass! error percent: 0.000028%, golden result: 0.855929, dut result: 0.855930
Item24  Comp Pass! error percent: 0.000067%, golden result: 0.535560, dut result: 0.535561
Item25  Comp Pass! error percent: 0.000035%, golden result: 0.341093, dut result: 0.341093
Item26  Comp Pass! error percent: 0.000472%, golden result: 0.189290, dut result: 0.189291
Item27  Comp Pass! error percent: 0.000019%, golden result: 7.729201, dut result: 7.729202
===============================         28 Column Results    ======================================
Item0   Comp Pass! error percent: 0.000018%, golden result: 0.327572, dut result: 0.327572
Item1   Comp Pass! error percent: 0.000262%, golden result: 0.090941, dut result: 0.090941
Item2   Comp Pass! error percent: 0.000106%, golden result: 0.126787, dut result: 0.126787
Item3   Comp Pass! error percent: 0.000017%, golden result: 0.688780, dut result: 0.688780
Item4   Comp Pass! error percent: 0.000116%, golden result: 0.230707, dut result: 0.230707
Item5   Comp Pass! error percent: 0.000014%, golden result: 0.868299, dut result: 0.868299
Item6   Comp Pass! error percent: 0.000018%, golden result: 1.300516, dut result: 1.300516
Item7   Comp Pass! error percent: 0.000011%, golden result: 0.563768, dut result: 0.563768
Item8   Comp Pass! error percent: 0.000097%, golden result: 0.137573, dut result: 0.137573
Item9   Comp Pass! error percent: 0.000013%, golden result: 0.474814, dut result: 0.474814
Item10  Comp Pass! error percent: 0.000062%, golden result: 0.572609, dut result: 0.572609
Item11  Comp Pass! error percent: 0.000022%, golden result: 0.548913, dut result: 0.548913
Item12  Comp Pass! error percent: 0.000022%, golden result: 0.801584, dut result: 0.801584
Item13  Comp Pass! error percent: 0.000000%, golden result: 0.297218, dut result: 0.297218
Item14  Comp Pass! error percent: 0.000101%, golden result: 0.117667, dut result: 0.117668
Item15  Comp Pass! error percent: 0.000000%, golden result: 0.531472, dut result: 0.531472
Item16  Comp Pass! error percent: 0.000035%, golden result: 1.020571, dut result: 1.020571
Item17  Comp Pass! error percent: 0.000013%, golden result: 0.470631, dut result: 0.470631
Item18  Comp Pass! error percent: 0.000061%, golden result: 0.171467, dut result: 0.171467
Item19  Comp Pass! error percent: 0.000087%, golden result: 0.306671, dut result: 0.306671
Item20  Comp Pass! error percent: 0.000099%, golden result: 0.482685, dut result: 0.482685
Item21  Comp Pass! error percent: 0.000020%, golden result: 0.440885, dut result: 0.440885
Item22  Comp Pass! error percent: 0.000182%, golden result: 0.032735, dut result: 0.032735
Item23  Comp Pass! error percent: 0.000065%, golden result: 0.410022, dut result: 0.410022
Item24  Comp Pass! error percent: 0.000053%, golden result: 0.338383, dut result: 0.338382
Item25  Comp Pass! error percent: 0.000035%, golden result: 0.169239, dut result: 0.169239
Item26  Comp Pass! error percent: 0.000150%, golden result: 0.278913, dut result: 0.278913
Item27  Comp Pass! error percent: 0.000027%, golden result: 0.662159, dut result: 0.662159
Item28  Comp Pass! error percent: 0.000013%, golden result: 7.321488, dut result: 7.321489
===============================         29 Column Results    ======================================
Item0   Comp Pass! error percent: 0.000022%, golden result: 0.816675, dut result: 0.816675
Item1   Comp Pass! error percent: 0.000210%, golden result: 0.312269, dut result: 0.312270
Item2   Comp Pass! error percent: 0.000000%, golden result: 0.507362, dut result: 0.507362
Item3   Comp Pass! error percent: 0.000095%, golden result: 0.376557, dut result: 0.376557
Item4   Comp Pass! error percent: 0.000031%, golden result: 0.968319, dut result: 0.968319
Item5   Comp Pass! error percent: 0.000068%, golden result: 0.308386, dut result: 0.308386
Item6   Comp Pass! error percent: 0.000163%, golden result: 0.210877, dut result: 0.210876
Item7   Comp Pass! error percent: 0.000037%, golden result: 0.079921, dut result: 0.079921
Item8   Comp Pass! error percent: 0.000174%, golden result: 0.042719, dut result: 0.042719
Item9   Comp Pass! error percent: 0.000441%, golden result: 0.091239, dut result: 0.091240
Item10  Comp Pass! error percent: 0.000070%, golden result: 0.597047, dut result: 0.597047
Item11  Comp Pass! error percent: 0.000025%, golden result: 0.240585, dut result: 0.240585
Item12  Comp Pass! error percent: 0.000209%, golden result: 0.221325, dut result: 0.221325
Item13  Comp Pass! error percent: 0.000008%, golden result: 0.741799, dut result: 0.741799
Item14  Comp Pass! error percent: 0.000023%, golden result: 0.776690, dut result: 0.776690
Item15  Comp Pass! error percent: 0.000014%, golden result: 0.439233, dut result: 0.439233
Item16  Comp Pass! error percent: 0.000129%, golden result: 0.197108, dut result: 0.197108
Item17  Comp Pass! error percent: 0.000146%, golden result: 0.040712, dut result: 0.040712
Item18  Comp Pass! error percent: 0.000010%, golden result: 0.575869, dut result: 0.575869
Item19  Comp Pass! error percent: 0.000018%, golden result: 0.669319, dut result: 0.669319
Item20  Comp Pass! error percent: 0.000035%, golden result: 0.419914, dut result: 0.419914
Item21  Comp Pass! error percent: 0.001039%, golden result: 0.037283, dut result: 0.037283
Item22  Comp Pass! error percent: 0.000037%, golden result: 0.803873, dut result: 0.803873
Item23  Comp Pass! error percent: 0.000070%, golden result: 0.256718, dut result: 0.256719
Item24  Comp Pass! error percent: 0.000059%, golden result: 0.500986, dut result: 0.500985
Item25  Comp Pass! error percent: 0.000114%, golden result: 0.130695, dut result: 0.130696
Item26  Comp Pass! error percent: 0.000000%, golden result: 0.259868, dut result: 0.259868
Item27  Comp Pass! error percent: 0.000073%, golden result: 0.225939, dut result: 0.225938
Item28  Comp Pass! error percent: 0.000024%, golden result: 1.013629, dut result: 1.013629
Item29  Comp Pass! error percent: 0.000026%, golden result: 7.421811, dut result: 7.421813
===============================         30 Column Results    ======================================
Item0   Comp Pass! error percent: 0.000038%, golden result: 0.235334, dut result: 0.235334
Item1   Comp Pass! error percent: 0.000023%, golden result: 1.037269, dut result: 1.037269
Item2   Comp Pass! error percent: 0.000000%, golden result: 0.280835, dut result: 0.280835
Item3   Comp Pass! error percent: 0.000033%, golden result: 0.363945, dut result: 0.363945
Item4   Comp Pass! error percent: 0.000080%, golden result: 0.299247, dut result: 0.299247
Item5   Comp Pass! error percent: 0.000063%, golden result: 0.234710, dut result: 0.234710
Item6   Comp Pass! error percent: 0.000032%, golden result: 0.368898, dut result: 0.368898
Item7   Comp Pass! error percent: 0.000019%, golden result: 0.614904, dut result: 0.614904
Item8   Comp Pass! error percent: 0.003259%, golden result: 0.003201, dut result: 0.003201
Item9   Comp Pass! error percent: 0.000077%, golden result: 0.192942, dut result: 0.192942
Item10  Comp Pass! error percent: 0.000024%, golden result: 0.488819, dut result: 0.488819
Item11  Comp Pass! error percent: 0.000062%, golden result: 0.671841, dut result: 0.671842
Item12  Comp Pass! error percent: 0.000016%, golden result: 0.729316, dut result: 0.729316
Item13  Comp Pass! error percent: 0.000011%, golden result: 0.554311, dut result: 0.554311
Item14  Comp Pass! error percent: 0.000027%, golden result: 0.659076, dut result: 0.659076
Item15  Comp Pass! error percent: 0.000206%, golden result: 0.188068, dut result: 0.188068
Item16  Comp Pass! error percent: 0.000000%, golden result: 0.297854, dut result: 0.297854
Item17  Comp Pass! error percent: 0.000139%, golden result: 0.214215, dut result: 0.214216
Item18  Comp Pass! error percent: 0.000171%, golden result: 0.209713, dut result: 0.209712
Item19  Comp Pass! error percent: 0.000014%, golden result: 0.841887, dut result: 0.841887
Item20  Comp Pass! error percent: 0.000278%, golden result: 0.300491, dut result: 0.300492
Item21  Comp Pass! error percent: 0.003212%, golden result: 0.010207, dut result: 0.010208
Item22  Comp Pass! error percent: 0.000110%, golden result: 0.325633, dut result: 0.325633
Item23  Comp Pass! error percent: 0.000094%, golden result: 0.190633, dut result: 0.190632
Item24  Comp Pass! error percent: 0.000030%, golden result: 0.983009, dut result: 0.983009
Item25  Comp Pass! error percent: 0.000000%, golden result: 0.351827, dut result: 0.351827
Item26  Comp Pass! error percent: 0.000930%, golden result: 0.049657, dut result: 0.049657
Item27  Comp Pass! error percent: 0.000057%, golden result: 0.259419, dut result: 0.259419
Item28  Comp Pass! error percent: 0.000269%, golden result: 0.320960, dut result: 0.320961
Item29  Comp Pass! error percent: 0.000022%, golden result: 1.065376, dut result: 1.065377
Item30  Comp Pass! error percent: 0.000000%, golden result: 7.311089, dut result: 7.311089
===============================         31 Column Results    ======================================
Item0   Comp Pass! error percent: 0.000047%, golden result: 0.063267, dut result: 0.063267
Item1   Comp Pass! error percent: 0.000204%, golden result: 0.094887, dut result: 0.094887
Item2   Comp Pass! error percent: 0.000000%, golden result: 1.169815, dut result: 1.169815
Item3   Comp Pass! error percent: 0.000176%, golden result: 0.135594, dut result: 0.135594
Item4   Comp Pass! error percent: 0.000055%, golden result: 0.161768, dut result: 0.161768
Item5   Comp Pass! error percent: 0.000017%, golden result: 0.344785, dut result: 0.344785
Item6   Comp Pass! error percent: 0.000010%, golden result: 0.581995, dut result: 0.581995
Item7   Comp Pass! error percent: 0.000797%, golden result: 0.094452, dut result: 0.094452
Item8   Comp Pass! error percent: 0.000200%, golden result: 0.163873, dut result: 0.163873
Item9   Comp Pass! error percent: 0.000014%, golden result: 0.844794, dut result: 0.844794
Item10  Comp Pass! error percent: 0.000022%, golden result: 0.273765, dut result: 0.273765
Item11  Comp Pass! error percent: 0.000092%, golden result: 0.455768, dut result: 0.455768
Item12  Comp Pass! error percent: 0.000009%, golden result: 0.642972, dut result: 0.642972
Item13  Comp Pass! error percent: 0.000073%, golden result: 0.163595, dut result: 0.163595
Item14  Comp Pass! error percent: 0.000208%, golden result: 0.143619, dut result: 0.143618
Item15  Comp Pass! error percent: 0.000100%, golden result: 0.418637, dut result: 0.418638
Item16  Comp Pass! error percent: 0.000031%, golden result: 0.382729, dut result: 0.382730
Item17  Comp Pass! error percent: 0.000115%, golden result: 0.180739, dut result: 0.180739
Item18  Comp Pass! error percent: 0.000011%, golden result: 0.538456, dut result: 0.538456
Item19  Comp Pass! error percent: 0.000794%, golden result: 0.060987, dut result: 0.060988
Item20  Comp Pass! error percent: 0.000233%, golden result: 0.217380, dut result: 0.217379
Item21  Comp Pass! error percent: 0.000042%, golden result: 0.705899, dut result: 0.705899
Item22  Comp Pass! error percent: 0.000142%, golden result: 0.357519, dut result: 0.357519
Item23  Comp Pass! error percent: 0.000288%, golden result: 0.180821, dut result: 0.180821
Item24  Comp Pass! error percent: 0.000018%, golden result: 1.299454, dut result: 1.299455
Item25  Comp Pass! error percent: 0.000095%, golden result: 0.566215, dut result: 0.566214
Item26  Comp Pass! error percent: 0.000020%, golden result: 0.591139, dut result: 0.591140
Item27  Comp Pass! error percent: 0.000658%, golden result: 0.031695, dut result: 0.031695
Item28  Comp Pass! error percent: 0.000036%, golden result: 0.668167, dut result: 0.668167
Item29  Comp Pass! error percent: 0.000610%, golden result: 0.026876, dut result: 0.026877
Item30  Comp Pass! error percent: 0.000000%, golden result: 0.644541, dut result: 0.644541
Item31  Comp Pass! error percent: 0.000013%, golden result: 7.275635, dut result: 7.275636
