==========================================
Quad-core Simulation
Test case: ST16_RANDOM_TEST_256X8
==========================================
===============================          0 Column Results    ======================================
Item0   Comp Pass! error percent: 0.000041%, golden result: 9.249513, dut result: 9.249516
===============================          1 Column Results    ======================================
Item0   Comp Pass! error percent: 0.000089%, golden result: 0.433658, dut result: 0.433659
Item1   Comp Pass! error percent: 0.000010%, golden result: 9.367383, dut result: 9.367384
===============================          2 Column Results    ======================================
Item0   Comp Pass! error percent: 0.000183%, golden result: 0.138669, dut result: 0.138669
Item1   Comp Pass! error percent: 0.000000%, golden result: 0.966661, dut result: 0.966661
Item2   Comp Pass! error percent: 0.000021%, golden result: 9.125082, dut result: 9.125084
===============================          3 Column Results    ======================================
Item0   Comp Pass! error percent: 0.000152%, golden result: 0.156426, dut result: 0.156426
Item1   Comp Pass! error percent: 0.000098%, golden result: 0.227523, dut result: 0.227523
Item2   Comp Pass! error percent: 0.000013%, golden result: 0.441904, dut result: 0.441904
Item3   Comp Pass! error percent: 0.000000%, golden result: 8.885283, dut result: 8.885283
===============================          4 Column Results    ======================================
Item0   Comp Pass! error percent: 0.000483%, golden result: 0.040079, dut result: 0.040079
Item1   Comp Pass! error percent: 0.000050%, golden result: 0.119695, dut result: 0.119695
Item2   Comp Pass! error percent: 0.000059%, golden result: 0.303186, dut result: 0.303186
Item3   Comp Pass! error percent: 0.000000%, golden result: 1.431614, dut result: 1.431614
Item4   Comp Pass! error percent: 0.000011%, golden result: 8.710462, dut result: 8.710461
===============================          5 Column Results    ======================================
Item0   Comp Pass! error percent: 0.000043%, golden result: 0.345323, dut result: 0.345323
Item1   Comp Pass! error percent: 0.000024%, golden result: 0.759191, dut result: 0.759191
Item2   Comp Pass! error percent: 0.000020%, golden result: 0.898737, dut result: 0.898736
Item3   Comp Pass! error percent: 0.000036%, golden result: 0.662723, dut result: 0.662723
Item4   Comp Pass! error percent: 0.000089%, golden result: 0.866709, dut result: 0.866710
Item5   Comp Pass! error percent: 0.000010%, golden result: 9.692643, dut result: 9.692642
===============================          6 Column Results    ======================================
Item0   Comp Pass! error percent: 0.000043%, golden result: 0.553717, dut result: 0.553718
Item1   Comp Pass! error percent: 0.000017%, golden result: 0.360204, dut result: 0.360204
Item2   Comp Pass! error percent: 0.000071%, golden result: 1.001781, dut result: 1.001782
Item3   Comp Pass! error percent: 0.000042%, golden result: 0.176044, dut result: 0.176044
Item4   Comp Pass! error percent: 0.000051%, golden result: 0.352536, dut result: 0.352536
Item5   Comp Pass! error percent: 0.000228%, golden result: 0.340423, dut result: 0.340424
Item6   Comp Pass! error percent: 0.000010%, golden result: 9.363483, dut result: 9.363484
===============================          7 Column Results    ======================================
Item0   Comp Pass! error percent: 0.000000%, golden result: 0.489015, dut result: 0.489015
Item1   Comp Pass! error percent: 0.000144%, golden result: 0.144804, dut result: 0.144804
Item2   Comp Pass! error percent: 0.000100%, golden result: 0.298781, dut result: 0.298781
Item3   Comp Pass! error percent: 0.000026%, golden result: 0.679618, dut result: 0.679618
Item4   Comp Pass! error percent: 0.000021%, golden result: 0.069541, dut result: 0.069541
Item5   Comp Pass! error percent: 0.000017%, golden result: 0.705191, dut result: 0.705191
Item6   Comp Pass! error percent: 0.000086%, golden result: 0.487279, dut result: 0.487279
Item7   Comp Pass! error percent: 0.000010%, golden result: 9.253566, dut result: 9.253565
