==========================================
Quad-core Simulation
Test case: ST16_RANDOM_TEST_1024X8
==========================================
===============================          0 Column Results    ======================================
Item0   Comp Pass! error percent: 0.000000%, golden result: 18.071369, dut result: 18.071369
===============================          1 Column Results    ======================================
Item0   Comp Pass! error percent: 0.000094%, golden result: 0.573177, dut result: 0.573178
Item1   Comp Pass! error percent: 0.000081%, golden result: 18.811676, dut result: 18.811691
===============================          2 Column Results    ======================================
Item0   Comp Pass! error percent: 0.000029%, golden result: 0.410208, dut result: 0.410208
Item1   Comp Pass! error percent: 0.000052%, golden result: 0.921695, dut result: 0.921695
Item2   Comp Pass! error percent: 0.000010%, golden result: 18.269829, dut result: 18.269831
===============================          3 Column Results    ======================================
Item0   Comp Pass! error percent: 0.000063%, golden result: 0.566643, dut result: 0.566644
Item1   Comp Pass! error percent: 0.000245%, golden result: 0.316450, dut result: 0.316451
Item2   Comp Pass! error percent: 0.000023%, golden result: 0.263280, dut result: 0.263280
Item3   Comp Pass! error percent: 0.000010%, golden result: 18.540623, dut result: 18.540621
===============================          4 Column Results    ======================================
Item0   Comp Pass! error percent: 0.000326%, golden result: 0.146152, dut result: 0.146153
Item1   Comp Pass! error percent: 0.000249%, golden result: 0.071757, dut result: 0.071757
Item2   Comp Pass! error percent: 0.000071%, golden result: 1.012241, dut result: 1.012242
Item3   Comp Pass! error percent: 0.000055%, golden result: 0.376905, dut result: 0.376905
Item4   Comp Pass! error percent: 0.000010%, golden result: 18.571524, dut result: 18.571526
===============================          5 Column Results    ======================================
Item0   Comp Pass! error percent: 0.000326%, golden result: 0.042231, dut result: 0.042231
Item1   Comp Pass! error percent: 0.000040%, golden result: 0.374427, dut result: 0.374427
Item2   Comp Pass! error percent: 0.000971%, golden result: 0.078299, dut result: 0.078300
Item3   Comp Pass! error percent: 0.000090%, golden result: 0.428848, dut result: 0.428849
Item4   Comp Pass! error percent: 0.000157%, golden result: 0.151975, dut result: 0.151975
Item5   Comp Pass! error percent: 0.000042%, golden result: 18.249624, dut result: 18.249632
===============================          6 Column Results    ======================================
Item0   Comp Pass! error percent: 0.001313%, golden result: 0.045968, dut result: 0.045968
Item1   Comp Pass! error percent: 0.000000%, golden result: 1.515321, dut result: 1.515321
Item2   Comp Pass! error percent: 0.000166%, golden result: 0.936327, dut result: 0.936329
Item3   Comp Pass! error percent: 0.000113%, golden result: 0.528417, dut result: 0.528418
Item4   Comp Pass! error percent: 0.000073%, golden result: 0.650877, dut result: 0.650878
Item5   Comp Pass! error percent: 0.000008%, golden result: 0.196207, dut result: 0.196207
Item6   Comp Pass! error percent: 0.000010%, golden result: 18.532152, dut result: 18.532154
===============================          7 Column Results    ======================================
Item0   Comp Pass! error percent: 0.000369%, golden result: 0.116999, dut result: 0.116999
Item1   Comp Pass! error percent: 0.000022%, golden result: 0.548332, dut result: 0.548331
Item2   Comp Pass! error percent: 0.000037%, golden result: 0.480277, dut result: 0.480277
Item3   Comp Pass! error percent: 0.001205%, golden result: 0.027210, dut result: 0.027210
Item4   Comp Pass! error percent: 0.001339%, golden result: 0.032546, dut result: 0.032546
Item5   Comp Pass! error percent: 0.000000%, golden result: 0.408732, dut result: 0.408732
Item6   Comp Pass! error percent: 0.000022%, golden result: 0.137384, dut result: 0.137384
Item7   Comp Pass! error percent: 0.000021%, golden result: 18.176453, dut result: 18.176456
