==========================================
Quad-core Simulation
Test case: ST16_RANDOM_TEST_512X8
==========================================
===============================          0 Column Results    ======================================
Item0   Comp Pass! error percent: 0.000015%, golden result: 13.003500, dut result: 13.003502
===============================          1 Column Results    ======================================
Item0   Comp Pass! error percent: 0.001170%, golden result: 0.050965, dut result: 0.050965
Item1   Comp Pass! error percent: 0.000043%, golden result: 13.347170, dut result: 13.347176
===============================          2 Column Results    ======================================
Item0   Comp Pass! error percent: 0.000037%, golden result: 0.798421, dut result: 0.798422
Item1   Comp Pass! error percent: 0.000432%, golden result: 0.089749, dut result: 0.089748
Item2   Comp Pass! error percent: 0.000072%, golden result: 13.251326, dut result: 13.251335
===============================          3 Column Results    ======================================
Item0   Comp Pass! error percent: 0.000000%, golden result: 0.725624, dut result: 0.725624
Item1   Comp Pass! error percent: 0.000208%, golden result: 0.415004, dut result: 0.415005
Item2   Comp Pass! error percent: 0.000072%, golden result: 0.663198, dut result: 0.663199
Item3   Comp Pass! error percent: 0.000028%, golden result: 13.496939, dut result: 13.496943
===============================          4 Column Results    ======================================
Item0   Comp Pass! error percent: 0.000087%, golden result: 0.136536, dut result: 0.136536
Item1   Comp Pass! error percent: 0.000030%, golden result: 0.295189, dut result: 0.295190
Item2   Comp Pass! error percent: 0.000013%, golden result: 0.905918, dut result: 0.905918
Item3   Comp Pass! error percent: 0.000071%, golden result: 0.588599, dut result: 0.588598
Item4   Comp Pass! error percent: 0.000015%, golden result: 12.916576, dut result: 12.916574
===============================          5 Column Results    ======================================
Item0   Comp Pass! error percent: 0.000150%, golden result: 0.397138, dut result: 0.397137
Item1   Comp Pass! error percent: 0.000133%, golden result: 0.335451, dut result: 0.335451
Item2   Comp Pass! error percent: 0.000108%, golden result: 0.551942, dut result: 0.551942
Item3   Comp Pass! error percent: 0.000117%, golden result: 0.711583, dut result: 0.711582
Item4   Comp Pass! error percent: 0.000116%, golden result: 0.360790, dut result: 0.360790
Item5   Comp Pass! error percent: 0.000022%, golden result: 13.186620, dut result: 13.186623
===============================          6 Column Results    ======================================
Item0   Comp Pass! error percent: 0.000021%, golden result: 0.211023, dut result: 0.211023
Item1   Comp Pass! error percent: 0.000286%, golden result: 0.135457, dut result: 0.135456
Item2   Comp Pass! error percent: 0.000112%, golden result: 0.478502, dut result: 0.478502
Item3   Comp Pass! error percent: 0.000105%, golden result: 0.626902, dut result: 0.626902
Item4   Comp Pass! error percent: 0.000048%, golden result: 0.984997, dut result: 0.984998
Item5   Comp Pass! error percent: 0.000032%, golden result: 0.464751, dut result: 0.464751
Item6   Comp Pass! error percent: 0.000022%, golden result: 13.203073, dut result: 13.203075
===============================          7 Column Results    ======================================
Item0   Comp Pass! error percent: 0.000000%, golden result: 0.641258, dut result: 0.641258
Item1   Comp Pass! error percent: 0.001091%, golden result: 0.141996, dut result: 0.141998
Item2   Comp Pass! error percent: 0.000341%, golden result: 0.122238, dut result: 0.122238
Item3   Comp Pass! error percent: 0.000176%, golden result: 0.474797, dut result: 0.474798
Item4   Comp Pass! error percent: 0.000049%, golden result: 0.368230, dut result: 0.368230
Item5   Comp Pass! error percent: 0.026456%, golden result: 0.001605, dut result: 0.001606
Item6   Comp Pass! error percent: 0.000088%, golden result: 0.405722, dut result: 0.405722
Item7   Comp Pass! error percent: 0.000022%, golden result: 12.976869, dut result: 12.976866
