==========================================
Quad-core Simulation
Test case: ST16_RANDOM_TEST_96X8
==========================================
===============================          0 Column Results    ======================================
Item0   Comp Pass! error percent: 0.000059%, golden result: 5.611875, dut result: 5.611878
===============================          1 Column Results    ======================================
Item0   Comp Pass! error percent: 0.000079%, golden result: 0.415602, dut result: 0.415601
Item1   Comp Pass! error percent: 0.000000%, golden result: 5.774038, dut result: 5.774038
===============================          2 Column Results    ======================================
Item0   Comp Pass! error percent: 0.000152%, golden result: 0.373005, dut result: 0.373005
Item1   Comp Pass! error percent: 0.000201%, golden result: 0.192360, dut result: 0.192360
Item2   Comp Pass! error percent: 0.000009%, golden result: 5.328951, dut result: 5.328952
===============================          3 Column Results    ======================================
Item0   Comp Pass! error percent: 0.000033%, golden result: 0.901208, dut result: 0.901209
Item1   Comp Pass! error percent: 0.000056%, golden result: 0.427980, dut result: 0.427981
Item2   Comp Pass! error percent: 0.000066%, golden result: 0.538803, dut result: 0.538803
Item3   Comp Pass! error percent: 0.000009%, golden result: 5.572983, dut result: 5.572984
===============================          4 Column Results    ======================================
Item0   Comp Pass! error percent: 0.000124%, golden result: 0.361139, dut result: 0.361139
Item1   Comp Pass! error percent: 0.000000%, golden result: 0.787005, dut result: 0.787005
Item2   Comp Pass! error percent: 0.000000%, golden result: 1.102756, dut result: 1.102756
Item3   Comp Pass! error percent: 0.000030%, golden result: 0.301355, dut result: 0.301355
Item4   Comp Pass! error percent: 0.000018%, golden result: 5.309356, dut result: 5.309355
===============================          5 Column Results    ======================================
Item0   Comp Pass! error percent: 0.000057%, golden result: 0.416912, dut result: 0.416912
Item1   Comp Pass! error percent: 0.000090%, golden result: 0.330389, dut result: 0.330388
Item2   Comp Pass! error percent: 0.000037%, golden result: 0.800494, dut result: 0.800494
Item3   Comp Pass! error percent: 0.000046%, golden result: 1.039996, dut result: 1.039996
Item4   Comp Pass! error percent: 0.000016%, golden result: 0.381995, dut result: 0.381995
Item5   Comp Pass! error percent: 0.000029%, golden result: 4.894210, dut result: 4.894212
===============================          6 Column Results    ======================================
Item0   Comp Pass! error percent: 0.000057%, golden result: 0.838348, dut result: 0.838348
Item1   Comp Pass! error percent: 0.005058%, golden result: 0.014730, dut result: 0.014731
Item2   Comp Pass! error percent: 0.000645%, golden result: 0.138590, dut result: 0.138589
Item3   Comp Pass! error percent: 0.000000%, golden result: 0.580787, dut result: 0.580787
Item4   Comp Pass! error percent: 0.000042%, golden result: 1.134045, dut result: 1.134046
Item5   Comp Pass! error percent: 0.000030%, golden result: 0.299978, dut result: 0.299979
Item6   Comp Pass! error percent: 0.000017%, golden result: 5.691244, dut result: 5.691245
===============================          7 Column Results    ======================================
Item0   Comp Pass! error percent: 0.000010%, golden result: 0.603644, dut result: 0.603645
Item1   Comp Pass! error percent: 0.000110%, golden result: 1.087512, dut result: 1.087511
Item2   Comp Pass! error percent: 0.000102%, golden result: 0.204355, dut result: 0.204355
Item3   Comp Pass! error percent: 0.000121%, golden result: 0.135378, dut result: 0.135378
Item4   Comp Pass! error percent: 0.000010%, golden result: 1.206641, dut result: 1.206641
Item5   Comp Pass! error percent: 0.000062%, golden result: 0.576657, dut result: 0.576658
Item6   Comp Pass! error percent: 0.000074%, golden result: 0.405285, dut result: 0.405285
Item7   Comp Pass! error percent: 0.000033%, golden result: 5.696114, dut result: 5.696115
