==========================================
Quad-core Simulation
Test case: ST32_RANDOM_TEST_128X16
==========================================
===============================          0 Column Results    ======================================
Item0   Comp Pass! error percent: 0.000015%, golden result: 6.460385, dut result: 6.460386
===============================          1 Column Results    ======================================
Item0   Comp Pass! error percent: 0.000205%, golden result: 0.167377, dut result: 0.167378
Item1   Comp Pass! error percent: 0.000015%, golden result: 6.303675, dut result: 6.303676
===============================          2 Column Results    ======================================
Item0   Comp Pass! error percent: 0.000074%, golden result: 0.160802, dut result: 0.160802
Item1   Comp Pass! error percent: 0.000027%, golden result: 0.446708, dut result: 0.446708
Item2   Comp Pass! error percent: 0.000027%, golden result: 6.971285, dut result: 6.971287
===============================          3 Column Results    ======================================
Item0   Comp Pass! error percent: 0.000819%, golden result: 0.010911, dut result: 0.010911
Item1   Comp Pass! error percent: 0.000013%, golden result: 0.226207, dut result: 0.226207
Item2   Comp Pass! error percent: 0.000059%, golden result: 0.254494, dut result: 0.254494
Item3   Comp Pass! error percent: 0.000028%, golden result: 6.846281, dut result: 6.846283
===============================          4 Column Results    ======================================
Item0   Comp Pass! error percent: 0.000042%, golden result: 0.281303, dut result: 0.281303
Item1   Comp Pass! error percent: 0.000031%, golden result: 0.285606, dut result: 0.285606
Item2   Comp Pass! error percent: 0.000037%, golden result: 0.646222, dut result: 0.646222
Item3   Comp Pass! error percent: 0.000045%, golden result: 0.527939, dut result: 0.527940
Item4   Comp Pass! error percent: 0.000016%, golden result: 5.799016, dut result: 5.799015
===============================          5 Column Results    ======================================
Item0   Comp Pass! error percent: 0.000150%, golden result: 0.437750, dut result: 0.437750
Item1   Comp Pass! error percent: 0.000039%, golden result: 0.914719, dut result: 0.914719
Item2   Comp Pass! error percent: 0.000124%, golden result: 0.167729, dut result: 0.167729
Item3   Comp Pass! error percent: 0.000094%, golden result: 1.011385, dut result: 1.011386
Item4   Comp Pass! error percent: 0.000019%, golden result: 1.237857, dut result: 1.237858
Item5   Comp Pass! error percent: 0.000023%, golden result: 6.145050, dut result: 6.145051
===============================          6 Column Results    ======================================
Item0   Comp Pass! error percent: 0.001087%, golden result: 0.030167, dut result: 0.030167
Item1   Comp Pass! error percent: 0.000024%, golden result: 0.366069, dut result: 0.366069
Item2   Comp Pass! error percent: 0.000022%, golden result: 1.078068, dut result: 1.078068
Item3   Comp Pass! error percent: 0.000055%, golden result: 0.134890, dut result: 0.134890
Item4   Comp Pass! error percent: 0.000016%, golden result: 1.464309, dut result: 1.464309
Item5   Comp Pass! error percent: 0.000027%, golden result: 0.672526, dut result: 0.672526
Item6   Comp Pass! error percent: 0.000016%, golden result: 5.922620, dut result: 5.922619
===============================          7 Column Results    ======================================
Item0   Comp Pass! error percent: 0.000046%, golden result: 0.322920, dut result: 0.322920
Item1   Comp Pass! error percent: 0.000012%, golden result: 0.501029, dut result: 0.501029
Item2   Comp Pass! error percent: 0.000107%, golden result: 0.306316, dut result: 0.306317
Item3   Comp Pass! error percent: 0.000012%, golden result: 0.255677, dut result: 0.255677
Item4   Comp Pass! error percent: 0.000000%, golden result: 0.043673, dut result: 0.043673
Item5   Comp Pass! error percent: 0.000118%, golden result: 0.353993, dut result: 0.353993
Item6   Comp Pass! error percent: 0.000012%, golden result: 1.027835, dut result: 1.027834
Item7   Comp Pass! error percent: 0.000044%, golden result: 6.498663, dut result: 6.498666
===============================          8 Column Results    ======================================
Item0   Comp Pass! error percent: 0.000085%, golden result: 0.560142, dut result: 0.560142
Item1   Comp Pass! error percent: 0.000015%, golden result: 0.198826, dut result: 0.198826
Item2   Comp Pass! error percent: 0.000000%, golden result: 1.331193, dut result: 1.331193
Item3   Comp Pass! error percent: 0.000114%, golden result: 0.365091, dut result: 0.365091
Item4   Comp Pass! error percent: 0.000169%, golden result: 0.229391, dut result: 0.229392
Item5   Comp Pass! error percent: 0.000000%, golden result: 0.317685, dut result: 0.317685
Item6   Comp Pass! error percent: 0.000087%, golden result: 0.273364, dut result: 0.273364
Item7   Comp Pass! error percent: 0.000087%, golden result: 0.826503, dut result: 0.826504
Item8   Comp Pass! error percent: 0.000007%, golden result: 6.549485, dut result: 6.549485
===============================          9 Column Results    ======================================
Item0   Comp Pass! error percent: 0.000158%, golden result: 0.226224, dut result: 0.226224
Item1   Comp Pass! error percent: 0.000033%, golden result: 1.098409, dut result: 1.098408
Item2   Comp Pass! error percent: 0.000045%, golden result: 1.061329, dut result: 1.061330
Item3   Comp Pass! error percent: 0.000008%, golden result: 0.356653, dut result: 0.356653
Item4   Comp Pass! error percent: 0.000063%, golden result: 0.282533, dut result: 0.282533
Item5   Comp Pass! error percent: 0.000078%, golden result: 1.217692, dut result: 1.217693
Item6   Comp Pass! error percent: 0.000000%, golden result: 0.628467, dut result: 0.628467
Item7   Comp Pass! error percent: 0.000014%, golden result: 0.435113, dut result: 0.435113
Item8   Comp Pass! error percent: 0.000596%, golden result: 0.022486, dut result: 0.022486
Item9   Comp Pass! error percent: 0.000008%, golden result: 6.254749, dut result: 6.254749
===============================         10 Column Results    ======================================
Item0   Comp Pass! error percent: 0.000285%, golden result: 0.214303, dut result: 0.214303
Item1   Comp Pass! error percent: 0.000000%, golden result: 0.407542, dut result: 0.407542
Item2   Comp Pass! error percent: 0.000019%, golden result: 0.311889, dut result: 0.311889
Item3   Comp Pass! error percent: 0.001086%, golden result: 0.010972, dut result: 0.010972
Item4   Comp Pass! error percent: 0.000026%, golden result: 0.449924, dut result: 0.449924
Item5   Comp Pass! error percent: 0.000141%, golden result: 0.200923, dut result: 0.200923
Item6   Comp Pass! error percent: 0.000011%, golden result: 0.260110, dut result: 0.260110
Item7   Comp Pass! error percent: 0.000283%, golden result: 0.548467, dut result: 0.548468
Item8   Comp Pass! error percent: 0.000056%, golden result: 0.962161, dut result: 0.962161
Item9   Comp Pass! error percent: 0.000047%, golden result: 0.379870, dut result: 0.379870
Item10  Comp Pass! error percent: 0.000008%, golden result: 6.322680, dut result: 6.322680
===============================         11 Column Results    ======================================
Item0   Comp Pass! error percent: 0.000028%, golden result: 0.844108, dut result: 0.844108
Item1   Comp Pass! error percent: 0.000170%, golden result: 0.048216, dut result: 0.048216
Item2   Comp Pass! error percent: 0.000028%, golden result: 0.647343, dut result: 0.647343
Item3   Comp Pass! error percent: 0.000047%, golden result: 0.883665, dut result: 0.883666
Item4   Comp Pass! error percent: 0.000068%, golden result: 0.792681, dut result: 0.792681
Item5   Comp Pass! error percent: 0.000581%, golden result: 0.041064, dut result: 0.041063
Item6   Comp Pass! error percent: 0.000057%, golden result: 0.948938, dut result: 0.948938
Item7   Comp Pass! error percent: 0.000013%, golden result: 0.441686, dut result: 0.441686
Item8   Comp Pass! error percent: 0.000020%, golden result: 0.292851, dut result: 0.292851
Item9   Comp Pass! error percent: 0.000000%, golden result: 0.120201, dut result: 0.120201
Item10  Comp Pass! error percent: 0.000077%, golden result: 0.311282, dut result: 0.311282
Item11  Comp Pass! error percent: 0.000022%, golden result: 6.372062, dut result: 6.372064
===============================         12 Column Results    ======================================
Item0   Comp Pass! error percent: 0.000071%, golden result: 0.668832, dut result: 0.668832
Item1   Comp Pass! error percent: 0.000033%, golden result: 0.179420, dut result: 0.179420
Item2   Comp Pass! error percent: 0.000036%, golden result: 0.830524, dut result: 0.830524
Item3   Comp Pass! error percent: 0.000031%, golden result: 0.953738, dut result: 0.953739
Item4   Comp Pass! error percent: 0.000082%, golden result: 0.289233, dut result: 0.289233
Item5   Comp Pass! error percent: 0.000150%, golden result: 0.158654, dut result: 0.158653
Item6   Comp Pass! error percent: 0.000000%, golden result: 0.422932, dut result: 0.422932
Item7   Comp Pass! error percent: 0.000063%, golden result: 0.570955, dut result: 0.570955
Item8   Comp Pass! error percent: 0.000029%, golden result: 1.249966, dut result: 1.249966
Item9   Comp Pass! error percent: 0.000019%, golden result: 1.266318, dut result: 1.266318
Item10  Comp Pass! error percent: 0.000015%, golden result: 0.201425, dut result: 0.201425
Item11  Comp Pass! error percent: 0.000022%, golden result: 0.794904, dut result: 0.794904
Item12  Comp Pass! error percent: 0.000023%, golden result: 6.323126, dut result: 6.323125
===============================         13 Column Results    ======================================
Item0   Comp Pass! error percent: 0.000017%, golden result: 0.700705, dut result: 0.700705
Item1   Comp Pass! error percent: 0.000086%, golden result: 0.449498, dut result: 0.449499
Item2   Comp Pass! error percent: 0.000182%, golden result: 0.123144, dut result: 0.123144
Item3   Comp Pass! error percent: 0.000070%, golden result: 0.855004, dut result: 0.855005
Item4   Comp Pass! error percent: 0.000000%, golden result: 0.844072, dut result: 0.844072
Item5   Comp Pass! error percent: 0.000050%, golden result: 0.354125, dut result: 0.354125
Item6   Comp Pass! error percent: 0.000022%, golden result: 0.530809, dut result: 0.530810
Item7   Comp Pass! error percent: 0.000037%, golden result: 0.969660, dut result: 0.969660
Item8   Comp Pass! error percent: 0.000108%, golden result: 0.441675, dut result: 0.441675
Item9   Comp Pass! error percent: 0.000548%, golden result: 0.021772, dut result: 0.021772
Item10  Comp Pass! error percent: 0.000018%, golden result: 0.658951, dut result: 0.658951
Item11  Comp Pass! error percent: 0.000037%, golden result: 0.160904, dut result: 0.160904
Item12  Comp Pass! error percent: 0.000076%, golden result: 0.195319, dut result: 0.195319
Item13  Comp Pass! error percent: 0.000000%, golden result: 6.412681, dut result: 6.412681
===============================         14 Column Results    ======================================
Item0   Comp Pass! error percent: 0.000160%, golden result: 0.149210, dut result: 0.149210
Item1   Comp Pass! error percent: 0.000029%, golden result: 0.204724, dut result: 0.204724
Item2   Comp Pass! error percent: 0.000068%, golden result: 0.010979, dut result: 0.010979
Item3   Comp Pass! error percent: 0.000010%, golden result: 0.604784, dut result: 0.604785
Item4   Comp Pass! error percent: 0.000031%, golden result: 0.291756, dut result: 0.291756
Item5   Comp Pass! error percent: 0.001365%, golden result: 0.037120, dut result: 0.037120
Item6   Comp Pass! error percent: 0.000099%, golden result: 0.181120, dut result: 0.181120
Item7   Comp Pass! error percent: 0.000046%, golden result: 1.035396, dut result: 1.035396
Item8   Comp Pass! error percent: 0.000062%, golden result: 0.289334, dut result: 0.289334
Item9   Comp Pass! error percent: 0.000372%, golden result: 0.144091, dut result: 0.144092
Item10  Comp Pass! error percent: 0.000079%, golden result: 0.379385, dut result: 0.379385
Item11  Comp Pass! error percent: 0.000035%, golden result: 1.371389, dut result: 1.371390
Item12  Comp Pass! error percent: 0.000012%, golden result: 1.011537, dut result: 1.011537
Item13  Comp Pass! error percent: 0.000100%, golden result: 0.297042, dut result: 0.297042
Item14  Comp Pass! error percent: 0.000007%, golden result: 6.449927, dut result: 6.449927
===============================         15 Column Results    ======================================
Item0   Comp Pass! error percent: 0.000019%, golden result: 0.312233, dut result: 0.312233
Item1   Comp Pass! error percent: 0.000062%, golden result: 0.193048, dut result: 0.193048
Item2   Comp Pass! error percent: 0.000051%, golden result: 0.471186, dut result: 0.471186
Item3   Comp Pass! error percent: 0.000045%, golden result: 1.337623, dut result: 1.337624
Item4   Comp Pass! error percent: 0.000033%, golden result: 1.464029, dut result: 1.464028
Item5   Comp Pass! error percent: 0.000039%, golden result: 0.919793, dut result: 0.919794
Item6   Comp Pass! error percent: 0.000133%, golden result: 0.123421, dut result: 0.123421
Item7   Comp Pass! error percent: 0.000371%, golden result: 0.080353, dut result: 0.080353
Item8   Comp Pass! error percent: 0.000056%, golden result: 0.535364, dut result: 0.535364
Item9   Comp Pass! error percent: 0.000029%, golden result: 0.822098, dut result: 0.822098
Item10  Comp Pass! error percent: 0.000014%, golden result: 0.865827, dut result: 0.865827
Item11  Comp Pass! error percent: 0.000445%, golden result: 0.093664, dut result: 0.093664
Item12  Comp Pass! error percent: 0.000050%, golden result: 0.354629, dut result: 0.354629
Item13  Comp Pass! error percent: 0.000089%, golden result: 0.470734, dut result: 0.470735
Item14  Comp Pass! error percent: 0.060541%, golden result: 0.000443, dut result: 0.000443
Item15  Comp Pass! error percent: 0.000023%, golden result: 6.211485, dut result: 6.211484
