==========================================
Quad-core Simulation
Test case: ST16_RANDOM_TEST_64X8
==========================================
===============================          0 Column Results    ======================================
Item0   Comp Pass! error percent: 0.000010%, golden result: 4.556808, dut result: 4.556808
===============================          1 Column Results    ======================================
Item0   Comp Pass! error percent: 0.000088%, golden result: 0.372655, dut result: 0.372655
Item1   Comp Pass! error percent: 0.000010%, golden result: 4.566143, dut result: 4.566143
===============================          2 Column Results    ======================================
Item0   Comp Pass! error percent: 0.000178%, golden result: 0.484700, dut result: 0.484699
Item1   Comp Pass! error percent: 0.000049%, golden result: 0.305220, dut result: 0.305220
Item2   Comp Pass! error percent: 0.000022%, golden result: 4.311838, dut result: 4.311839
===============================          3 Column Results    ======================================
Item0   Comp Pass! error percent: 0.000256%, golden result: 0.215707, dut result: 0.215707
Item1   Comp Pass! error percent: 0.000081%, golden result: 0.441567, dut result: 0.441567
Item2   Comp Pass! error percent: 0.000046%, golden result: 1.040666, dut result: 1.040665
Item3   Comp Pass! error percent: 0.000010%, golden result: 4.659605, dut result: 4.659604
===============================          4 Column Results    ======================================
Item0   Comp Pass! error percent: 0.000296%, golden result: 0.176027, dut result: 0.176026
Item1   Comp Pass! error percent: 0.000265%, golden result: 0.081487, dut result: 0.081486
Item2   Comp Pass! error percent: 0.000069%, golden result: 1.211132, dut result: 1.211131
Item3   Comp Pass! error percent: 0.000245%, golden result: 0.121503, dut result: 0.121502
Item4   Comp Pass! error percent: 0.000011%, golden result: 4.368259, dut result: 4.368260
===============================          5 Column Results    ======================================
Item0   Comp Pass! error percent: 0.000182%, golden result: 0.361236, dut result: 0.361235
Item1   Comp Pass! error percent: 0.000012%, golden result: 0.486156, dut result: 0.486156
Item2   Comp Pass! error percent: 0.000009%, golden result: 0.687372, dut result: 0.687372
Item3   Comp Pass! error percent: 0.000135%, golden result: 0.110046, dut result: 0.110046
Item4   Comp Pass! error percent: 0.000010%, golden result: 1.152830, dut result: 1.152830
Item5   Comp Pass! error percent: 0.000000%, golden result: 4.392313, dut result: 4.392313
===============================          6 Column Results    ======================================
Item0   Comp Pass! error percent: 0.001023%, golden result: 0.069911, dut result: 0.069910
Item1   Comp Pass! error percent: 0.000012%, golden result: 1.002704, dut result: 1.002704
Item2   Comp Pass! error percent: 0.000267%, golden result: 0.122937, dut result: 0.122937
Item3   Comp Pass! error percent: 0.000050%, golden result: 0.358836, dut result: 0.358836
Item4   Comp Pass! error percent: 0.000010%, golden result: 0.307178, dut result: 0.307178
Item5   Comp Pass! error percent: 0.000077%, golden result: 0.540251, dut result: 0.540251
Item6   Comp Pass! error percent: 0.000021%, golden result: 4.515286, dut result: 4.515287
===============================          7 Column Results    ======================================
Item0   Comp Pass! error percent: 0.000012%, golden result: 0.258270, dut result: 0.258270
Item1   Comp Pass! error percent: 0.000013%, golden result: 0.928236, dut result: 0.928236
Item2   Comp Pass! error percent: 0.000037%, golden result: 1.304684, dut result: 1.304683
Item3   Comp Pass! error percent: 0.000056%, golden result: 0.851948, dut result: 0.851947
Item4   Comp Pass! error percent: 0.000030%, golden result: 0.394443, dut result: 0.394443
Item5   Comp Pass! error percent: 0.000046%, golden result: 0.388055, dut result: 0.388055
Item6   Comp Pass! error percent: 0.000069%, golden result: 0.434637, dut result: 0.434637
Item7   Comp Pass! error percent: 0.000000%, golden result: 4.355737, dut result: 4.355737
