==========================================
Quad-core Simulation
Test case: ST64_RANDOM_TEST_512X32
==========================================
===============================          0 Column Results    ======================================
Item0   Comp Pass! error percent: 0.000021%, golden result: 13.359767, dut result: 13.359770
===============================          1 Column Results    ======================================
Item0   Comp Pass! error percent: 0.000108%, golden result: 0.331788, dut result: 0.331789
Item1   Comp Pass! error percent: 0.000037%, golden result: 12.758475, dut result: 12.758471
===============================          2 Column Results    ======================================
Item0   Comp Pass! error percent: 0.000010%, golden result: 1.182825, dut result: 1.182825
Item1   Comp Pass! error percent: 0.000084%, golden result: 0.635749, dut result: 0.635749
Item2   Comp Pass! error percent: 0.000007%, golden result: 13.111388, dut result: 13.111389
===============================          3 Column Results    ======================================
Item0   Comp Pass! error percent: 0.000050%, golden result: 0.713280, dut result: 0.713280
Item1   Comp Pass! error percent: 0.000008%, golden result: 0.755575, dut result: 0.755575
Item2   Comp Pass! error percent: 0.000087%, golden result: 0.034284, dut result: 0.034284
Item3   Comp Pass! error percent: 0.000000%, golden result: 12.746941, dut result: 12.746941
===============================          4 Column Results    ======================================
Item0   Comp Pass! error percent: 0.000048%, golden result: 0.750142, dut result: 0.750142
Item1   Comp Pass! error percent: 0.000047%, golden result: 0.256242, dut result: 0.256242
Item2   Comp Pass! error percent: 0.000012%, golden result: 0.254601, dut result: 0.254601
Item3   Comp Pass! error percent: 0.000113%, golden result: 0.341421, dut result: 0.341422
Item4   Comp Pass! error percent: 0.000008%, golden result: 12.221917, dut result: 12.221918
===============================          5 Column Results    ======================================
Item0   Comp Pass! error percent: 0.000036%, golden result: 0.833656, dut result: 0.833656
Item1   Comp Pass! error percent: 0.000068%, golden result: 0.784429, dut result: 0.784430
Item2   Comp Pass! error percent: 0.000012%, golden result: 0.481116, dut result: 0.481116
Item3   Comp Pass! error percent: 0.024894%, golden result: 0.001960, dut result: 0.001961
Item4   Comp Pass! error percent: 0.000074%, golden result: 0.280682, dut result: 0.280682
Item5   Comp Pass! error percent: 0.000030%, golden result: 12.701086, dut result: 12.701090
===============================          6 Column Results    ======================================
Item0   Comp Pass! error percent: 0.000166%, golden result: 0.251952, dut result: 0.251953
Item1   Comp Pass! error percent: 0.000043%, golden result: 0.558501, dut result: 0.558502
Item2   Comp Pass! error percent: 0.000000%, golden result: 0.733135, dut result: 0.733135
Item3   Comp Pass! error percent: 0.000068%, golden result: 0.263578, dut result: 0.263579
Item4   Comp Pass! error percent: 0.000020%, golden result: 0.301334, dut result: 0.301334
Item5   Comp Pass! error percent: 0.000023%, golden result: 1.038905, dut result: 1.038905
Item6   Comp Pass! error percent: 0.000029%, golden result: 13.150011, dut result: 13.150015
===============================          7 Column Results    ======================================
Item0   Comp Pass! error percent: 0.000476%, golden result: 0.150411, dut result: 0.150411
Item1   Comp Pass! error percent: 0.000008%, golden result: 0.776407, dut result: 0.776407
Item2   Comp Pass! error percent: 0.000000%, golden result: 0.607944, dut result: 0.607944
Item3   Comp Pass! error percent: 0.000182%, golden result: 0.623893, dut result: 0.623892
Item4   Comp Pass! error percent: 0.000239%, golden result: 0.424437, dut result: 0.424438
Item5   Comp Pass! error percent: 0.000018%, golden result: 0.335806, dut result: 0.335806
Item6   Comp Pass! error percent: 0.000370%, golden result: 0.080615, dut result: 0.080614
Item7   Comp Pass! error percent: 0.000000%, golden result: 12.662479, dut result: 12.662479
===============================          8 Column Results    ======================================
Item0   Comp Pass! error percent: 0.000468%, golden result: 0.079617, dut result: 0.079617
Item1   Comp Pass! error percent: 0.000037%, golden result: 1.271948, dut result: 1.271948
Item2   Comp Pass! error percent: 0.000018%, golden result: 1.317631, dut result: 1.317631
Item3   Comp Pass! error percent: 0.000319%, golden result: 0.121308, dut result: 0.121307
Item4   Comp Pass! error percent: 0.000598%, golden result: 0.051102, dut result: 0.051102
Item5   Comp Pass! error percent: 0.000163%, golden result: 0.063844, dut result: 0.063844
Item6   Comp Pass! error percent: 0.048542%, golden result: 0.001535, dut result: 0.001536
Item7   Comp Pass! error percent: 0.000017%, golden result: 0.342989, dut result: 0.342989
Item8   Comp Pass! error percent: 0.000000%, golden result: 12.789507, dut result: 12.789507
===============================          9 Column Results    ======================================
Item0   Comp Pass! error percent: 0.000013%, golden result: 0.464501, dut result: 0.464501
Item1   Comp Pass! error percent: 0.000000%, golden result: 1.358553, dut result: 1.358553
Item2   Comp Pass! error percent: 0.000338%, golden result: 0.079355, dut result: 0.079355
Item3   Comp Pass! error percent: 0.000118%, golden result: 0.075505, dut result: 0.075505
Item4   Comp Pass! error percent: 0.000051%, golden result: 0.291298, dut result: 0.291298
Item5   Comp Pass! error percent: 0.000031%, golden result: 1.535100, dut result: 1.535101
Item6   Comp Pass! error percent: 0.000255%, golden result: 0.146302, dut result: 0.146301
Item7   Comp Pass! error percent: 0.000045%, golden result: 1.068184, dut result: 1.068184
Item8   Comp Pass! error percent: 0.000059%, golden result: 0.706231, dut result: 0.706231
Item9   Comp Pass! error percent: 0.000000%, golden result: 12.971291, dut result: 12.971291
===============================         10 Column Results    ======================================
Item0   Comp Pass! error percent: 0.000038%, golden result: 0.469814, dut result: 0.469814
Item1   Comp Pass! error percent: 0.000154%, golden result: 0.329611, dut result: 0.329612
Item2   Comp Pass! error percent: 0.000006%, golden result: 0.242310, dut result: 0.242310
Item3   Comp Pass! error percent: 0.000055%, golden result: 0.163646, dut result: 0.163646
Item4   Comp Pass! error percent: 0.000081%, golden result: 0.184262, dut result: 0.184262
Item5   Comp Pass! error percent: 0.000016%, golden result: 0.740851, dut result: 0.740851
Item6   Comp Pass! error percent: 0.000011%, golden result: 0.566604, dut result: 0.566604
Item7   Comp Pass! error percent: 0.000732%, golden result: 0.022126, dut result: 0.022126
Item8   Comp Pass! error percent: 0.000104%, golden result: 0.402012, dut result: 0.402013
Item9   Comp Pass! error percent: 0.000140%, golden result: 0.382801, dut result: 0.382801
Item10  Comp Pass! error percent: 0.000000%, golden result: 12.914623, dut result: 12.914623
===============================         11 Column Results    ======================================
Item0   Comp Pass! error percent: 0.000130%, golden result: 0.459633, dut result: 0.459633
Item1   Comp Pass! error percent: 0.000148%, golden result: 0.050490, dut result: 0.050490
Item2   Comp Pass! error percent: 0.000030%, golden result: 0.798465, dut result: 0.798466
Item3   Comp Pass! error percent: 0.000091%, golden result: 0.459285, dut result: 0.459286
Item4   Comp Pass! error percent: 0.026617%, golden result: 0.001791, dut result: 0.001791
Item5   Comp Pass! error percent: 0.000319%, golden result: 0.046749, dut result: 0.046749
Item6   Comp Pass! error percent: 0.000033%, golden result: 0.357413, dut result: 0.357413
Item7   Comp Pass! error percent: 0.001015%, golden result: 0.010277, dut result: 0.010277
Item8   Comp Pass! error percent: 0.000044%, golden result: 0.815303, dut result: 0.815303
Item9   Comp Pass! error percent: 0.000118%, golden result: 0.606108, dut result: 0.606109
Item10  Comp Pass! error percent: 0.000000%, golden result: 0.198190, dut result: 0.198190
Item11  Comp Pass! error percent: 0.000007%, golden result: 13.017823, dut result: 13.017824
===============================         12 Column Results    ======================================
Item0   Comp Pass! error percent: 0.000043%, golden result: 0.420225, dut result: 0.420225
Item1   Comp Pass! error percent: 0.000561%, golden result: 0.063712, dut result: 0.063712
Item2   Comp Pass! error percent: 0.000030%, golden result: 0.196513, dut result: 0.196513
Item3   Comp Pass! error percent: 0.000096%, golden result: 0.170343, dut result: 0.170342
Item4   Comp Pass! error percent: 0.000148%, golden result: 0.646504, dut result: 0.646505
Item5   Comp Pass! error percent: 0.000042%, golden result: 0.177233, dut result: 0.177233
Item6   Comp Pass! error percent: 0.000144%, golden result: 0.289261, dut result: 0.289260
Item7   Comp Pass! error percent: 0.000116%, golden result: 0.217905, dut result: 0.217904
Item8   Comp Pass! error percent: 0.000086%, golden result: 0.138364, dut result: 0.138364
Item9   Comp Pass! error percent: 0.000046%, golden result: 0.783790, dut result: 0.783790
Item10  Comp Pass! error percent: 0.000077%, golden result: 1.391153, dut result: 1.391152
Item11  Comp Pass! error percent: 0.000007%, golden result: 0.425392, dut result: 0.425392
Item12  Comp Pass! error percent: 0.000000%, golden result: 13.146872, dut result: 13.146872
===============================         13 Column Results    ======================================
Item0   Comp Pass! error percent: 0.000006%, golden result: 0.029113, dut result: 0.029113
Item1   Comp Pass! error percent: 0.000087%, golden result: 0.274999, dut result: 0.274999
Item2   Comp Pass! error percent: 0.000024%, golden result: 0.244135, dut result: 0.244135
Item3   Comp Pass! error percent: 0.005995%, golden result: 0.019140, dut result: 0.019141
Item4   Comp Pass! error percent: 0.000030%, golden result: 1.197915, dut result: 1.197916
Item5   Comp Pass! error percent: 0.000024%, golden result: 0.184193, dut result: 0.184193
Item6   Comp Pass! error percent: 0.000000%, golden result: 0.888716, dut result: 0.888716
Item7   Comp Pass! error percent: 0.000039%, golden result: 0.768381, dut result: 0.768381
Item8   Comp Pass! error percent: 0.000167%, golden result: 0.125271, dut result: 0.125271
Item9   Comp Pass! error percent: 0.000032%, golden result: 1.478372, dut result: 1.478372
Item10  Comp Pass! error percent: 0.000038%, golden result: 0.156448, dut result: 0.156448
Item11  Comp Pass! error percent: 0.000137%, golden result: 0.608204, dut result: 0.608203
Item12  Comp Pass! error percent: 0.000149%, golden result: 0.199949, dut result: 0.199949
Item13  Comp Pass! error percent: 0.000029%, golden result: 13.000223, dut result: 13.000227
===============================         14 Column Results    ======================================
Item0   Comp Pass! error percent: 0.000058%, golden result: 1.226995, dut result: 1.226996
Item1   Comp Pass! error percent: 0.000032%, golden result: 0.739669, dut result: 0.739669
Item2   Comp Pass! error percent: 0.000626%, golden result: 0.009525, dut result: 0.009525
Item3   Comp Pass! error percent: 0.000089%, golden result: 0.334875, dut result: 0.334874
Item4   Comp Pass! error percent: 0.000201%, golden result: 0.244894, dut result: 0.244894
Item5   Comp Pass! error percent: 0.000030%, golden result: 0.588751, dut result: 0.588751
Item6   Comp Pass! error percent: 0.000029%, golden result: 0.102776, dut result: 0.102776
Item7   Comp Pass! error percent: 0.000059%, golden result: 0.901592, dut result: 0.901591
Item8   Comp Pass! error percent: 0.000115%, golden result: 0.622657, dut result: 0.622657
Item9   Comp Pass! error percent: 0.000013%, golden result: 0.468786, dut result: 0.468786
Item10  Comp Pass! error percent: 0.000324%, golden result: 0.266892, dut result: 0.266893
Item11  Comp Pass! error percent: 0.000645%, golden result: 0.073941, dut result: 0.073941
Item12  Comp Pass! error percent: 0.000051%, golden result: 0.471990, dut result: 0.471989
Item13  Comp Pass! error percent: 0.000043%, golden result: 1.108903, dut result: 1.108903
Item14  Comp Pass! error percent: 0.000000%, golden result: 13.024460, dut result: 13.024460
===============================         15 Column Results    ======================================
Item0   Comp Pass! error percent: 0.000020%, golden result: 0.298310, dut result: 0.298310
Item1   Comp Pass! error percent: 0.000071%, golden result: 0.231842, dut result: 0.231841
Item2   Comp Pass! error percent: 0.000008%, golden result: 1.451033, dut result: 1.451033
Item3   Comp Pass! error percent: 0.000102%, golden result: 1.048358, dut result: 1.048359
Item4   Comp Pass! error percent: 0.000072%, golden result: 0.910467, dut result: 0.910467
Item5   Comp Pass! error percent: 0.000016%, golden result: 0.377002, dut result: 0.377002
Item6   Comp Pass! error percent: 0.000028%, golden result: 0.429368, dut result: 0.429368
Item7   Comp Pass! error percent: 0.000040%, golden result: 0.589271, dut result: 0.589272
Item8   Comp Pass! error percent: 0.000067%, golden result: 0.268232, dut result: 0.268232
Item9   Comp Pass! error percent: 0.000036%, golden result: 0.655302, dut result: 0.655302
Item10  Comp Pass! error percent: 0.000075%, golden result: 0.553349, dut result: 0.553349
Item11  Comp Pass! error percent: 0.000067%, golden result: 0.531108, dut result: 0.531108
Item12  Comp Pass! error percent: 0.000459%, golden result: 0.068143, dut result: 0.068143
Item13  Comp Pass! error percent: 0.000048%, golden result: 1.738995, dut result: 1.738996
Item14  Comp Pass! error percent: 0.000067%, golden result: 0.486340, dut result: 0.486340
Item15  Comp Pass! error percent: 0.000015%, golden result: 12.866512, dut result: 12.866510
===============================         16 Column Results    ======================================
Item0   Comp Pass! error percent: 0.000318%, golden result: 0.037449, dut result: 0.037449
Item1   Comp Pass! error percent: 0.000023%, golden result: 1.540051, dut result: 1.540051
Item2   Comp Pass! error percent: 0.000063%, golden result: 0.330997, dut result: 0.330997
Item3   Comp Pass! error percent: 0.000098%, golden result: 0.394737, dut result: 0.394737
Item4   Comp Pass! error percent: 0.000000%, golden result: 0.783555, dut result: 0.783555
Item5   Comp Pass! error percent: 0.000013%, golden result: 0.894661, dut result: 0.894661
Item6   Comp Pass! error percent: 0.000077%, golden result: 0.543039, dut result: 0.543039
Item7   Comp Pass! error percent: 0.004632%, golden result: 0.007722, dut result: 0.007722
Item8   Comp Pass! error percent: 0.000392%, golden result: 0.117910, dut result: 0.117911
Item9   Comp Pass! error percent: 0.000176%, golden result: 0.219661, dut result: 0.219662
Item10  Comp Pass! error percent: 0.000061%, golden result: 0.783503, dut result: 0.783503
Item11  Comp Pass! error percent: 0.000050%, golden result: 1.437629, dut result: 1.437630
Item12  Comp Pass! error percent: 0.000259%, golden result: 0.132383, dut result: 0.132383
Item13  Comp Pass! error percent: 0.000033%, golden result: 0.181746, dut result: 0.181746
Item14  Comp Pass! error percent: 0.000085%, golden result: 0.703516, dut result: 0.703517
Item15  Comp Pass! error percent: 0.000000%, golden result: 0.534083, dut result: 0.534083
Item16  Comp Pass! error percent: 0.000023%, golden result: 12.396825, dut result: 12.396828
===============================         17 Column Results    ======================================
Item0   Comp Pass! error percent: 0.000122%, golden result: 0.024384, dut result: 0.024384
Item1   Comp Pass! error percent: 0.000082%, golden result: 0.180888, dut result: 0.180888
Item2   Comp Pass! error percent: 0.000153%, golden result: 0.429397, dut result: 0.429397
Item3   Comp Pass! error percent: 0.000230%, golden result: 0.363591, dut result: 0.363592
Item4   Comp Pass! error percent: 0.000042%, golden result: 0.422646, dut result: 0.422646
Item5   Comp Pass! error percent: 0.000029%, golden result: 0.405882, dut result: 0.405883
Item6   Comp Pass! error percent: 0.000093%, golden result: 0.288439, dut result: 0.288439
Item7   Comp Pass! error percent: 0.000028%, golden result: 0.212558, dut result: 0.212558
Item8   Comp Pass! error percent: 0.000133%, golden result: 0.626770, dut result: 0.626771
Item9   Comp Pass! error percent: 0.000835%, golden result: 0.025880, dut result: 0.025880
Item10  Comp Pass! error percent: 0.000045%, golden result: 0.461137, dut result: 0.461137
Item11  Comp Pass! error percent: 0.000045%, golden result: 0.198661, dut result: 0.198661
Item12  Comp Pass! error percent: 0.000052%, golden result: 0.400275, dut result: 0.400275
Item13  Comp Pass! error percent: 0.000016%, golden result: 0.754801, dut result: 0.754801
Item14  Comp Pass! error percent: 0.000026%, golden result: 0.685000, dut result: 0.685000
Item15  Comp Pass! error percent: 0.000045%, golden result: 1.055163, dut result: 1.055163
Item16  Comp Pass! error percent: 0.000110%, golden result: 0.081274, dut result: 0.081274
Item17  Comp Pass! error percent: 0.000022%, golden result: 13.170590, dut result: 13.170593
===============================         18 Column Results    ======================================
Item0   Comp Pass! error percent: 0.000091%, golden result: 0.359558, dut result: 0.359557
Item1   Comp Pass! error percent: 0.000032%, golden result: 0.231862, dut result: 0.231862
Item2   Comp Pass! error percent: 0.000139%, golden result: 0.204126, dut result: 0.204126
Item3   Comp Pass! error percent: 0.000011%, golden result: 0.266977, dut result: 0.266977
Item4   Comp Pass! error percent: 0.000103%, golden result: 0.130494, dut result: 0.130495
Item5   Comp Pass! error percent: 0.000010%, golden result: 0.296068, dut result: 0.296068
Item6   Comp Pass! error percent: 0.000041%, golden result: 0.288101, dut result: 0.288101
Item7   Comp Pass! error percent: 0.000036%, golden result: 0.654028, dut result: 0.654028
Item8   Comp Pass! error percent: 0.000008%, golden result: 0.765955, dut result: 0.765955
Item9   Comp Pass! error percent: 0.000055%, golden result: 0.436458, dut result: 0.436458
Item10  Comp Pass! error percent: 0.000075%, golden result: 0.319399, dut result: 0.319400
Item11  Comp Pass! error percent: 0.000012%, golden result: 0.479754, dut result: 0.479754
Item12  Comp Pass! error percent: 0.000027%, golden result: 1.304333, dut result: 1.304333
Item13  Comp Pass! error percent: 0.000017%, golden result: 0.342957, dut result: 0.342957
Item14  Comp Pass! error percent: 0.000027%, golden result: 0.112206, dut result: 0.112206
Item15  Comp Pass! error percent: 0.000162%, golden result: 0.165464, dut result: 0.165463
Item16  Comp Pass! error percent: 0.000069%, golden result: 0.216323, dut result: 0.216323
Item17  Comp Pass! error percent: 0.000038%, golden result: 0.390637, dut result: 0.390637
Item18  Comp Pass! error percent: 0.000015%, golden result: 13.110138, dut result: 13.110136
===============================         19 Column Results    ======================================
Item0   Comp Pass! error percent: 0.000070%, golden result: 0.042729, dut result: 0.042729
Item1   Comp Pass! error percent: 0.000047%, golden result: 0.379105, dut result: 0.379105
Item2   Comp Pass! error percent: 0.000035%, golden result: 0.338605, dut result: 0.338605
Item3   Comp Pass! error percent: 0.000086%, golden result: 0.831224, dut result: 0.831225
Item4   Comp Pass! error percent: 0.000308%, golden result: 0.101619, dut result: 0.101619
Item5   Comp Pass! error percent: 0.000090%, golden result: 0.332461, dut result: 0.332461
Item6   Comp Pass! error percent: 0.000298%, golden result: 0.129996, dut result: 0.129997
Item7   Comp Pass! error percent: 0.000253%, golden result: 0.117809, dut result: 0.117809
Item8   Comp Pass! error percent: 0.000008%, golden result: 0.710363, dut result: 0.710363
Item9   Comp Pass! error percent: 0.000013%, golden result: 0.943071, dut result: 0.943071
Item10  Comp Pass! error percent: 0.000038%, golden result: 0.469778, dut result: 0.469778
Item11  Comp Pass! error percent: 0.000013%, golden result: 0.948159, dut result: 0.948159
Item12  Comp Pass! error percent: 0.000088%, golden result: 0.539600, dut result: 0.539600
Item13  Comp Pass! error percent: 0.000063%, golden result: 0.330061, dut result: 0.330061
Item14  Comp Pass! error percent: 0.000096%, golden result: 0.464018, dut result: 0.464018
Item15  Comp Pass! error percent: 0.000042%, golden result: 0.574035, dut result: 0.574036
Item16  Comp Pass! error percent: 0.000043%, golden result: 0.488900, dut result: 0.488901
Item17  Comp Pass! error percent: 0.000242%, golden result: 0.191126, dut result: 0.191127
Item18  Comp Pass! error percent: 0.000042%, golden result: 0.563673, dut result: 0.563673
Item19  Comp Pass! error percent: 0.000008%, golden result: 12.328790, dut result: 12.328791
===============================         20 Column Results    ======================================
Item0   Comp Pass! error percent: 0.000438%, golden result: 0.088355, dut result: 0.088356
Item1   Comp Pass! error percent: 0.000010%, golden result: 0.609393, dut result: 0.609393
Item2   Comp Pass! error percent: 0.000075%, golden result: 0.098710, dut result: 0.098711
Item3   Comp Pass! error percent: 0.000033%, golden result: 0.718323, dut result: 0.718323
Item4   Comp Pass! error percent: 0.000073%, golden result: 0.163401, dut result: 0.163401
Item5   Comp Pass! error percent: 0.000271%, golden result: 0.253334, dut result: 0.253335
Item6   Comp Pass! error percent: 0.000045%, golden result: 0.788796, dut result: 0.788797
Item7   Comp Pass! error percent: 0.000040%, golden result: 0.148960, dut result: 0.148960
Item8   Comp Pass! error percent: 0.000132%, golden result: 0.585971, dut result: 0.585972
Item9   Comp Pass! error percent: 0.000000%, golden result: 0.638527, dut result: 0.638527
Item10  Comp Pass! error percent: 0.000106%, golden result: 0.169397, dut result: 0.169397
Item11  Comp Pass! error percent: 0.000039%, golden result: 0.113841, dut result: 0.113841
Item12  Comp Pass! error percent: 0.000034%, golden result: 0.266710, dut result: 0.266710
Item13  Comp Pass! error percent: 0.000010%, golden result: 0.284123, dut result: 0.284123
Item14  Comp Pass! error percent: 0.000100%, golden result: 0.448259, dut result: 0.448259
Item15  Comp Pass! error percent: 0.000283%, golden result: 0.242515, dut result: 0.242515
Item16  Comp Pass! error percent: 0.000027%, golden result: 0.441949, dut result: 0.441949
Item17  Comp Pass! error percent: 0.000285%, golden result: 0.251086, dut result: 0.251086
Item18  Comp Pass! error percent: 0.000212%, golden result: 0.042112, dut result: 0.042112
Item19  Comp Pass! error percent: 0.000043%, golden result: 0.348478, dut result: 0.348478
Item20  Comp Pass! error percent: 0.000015%, golden result: 12.943872, dut result: 12.943871
===============================         21 Column Results    ======================================
Item0   Comp Pass! error percent: 0.000080%, golden result: 0.519548, dut result: 0.519549
Item1   Comp Pass! error percent: 0.000012%, golden result: 0.253755, dut result: 0.253755
Item2   Comp Pass! error percent: 0.000008%, golden result: 1.493987, dut result: 1.493987
Item3   Comp Pass! error percent: 0.000090%, golden result: 0.264509, dut result: 0.264509
Item4   Comp Pass! error percent: 0.000213%, golden result: 0.210071, dut result: 0.210071
Item5   Comp Pass! error percent: 0.000064%, golden result: 0.844664, dut result: 0.844665
Item6   Comp Pass! error percent: 0.000100%, golden result: 0.478327, dut result: 0.478327
Item7   Comp Pass! error percent: 0.000117%, golden result: 0.089290, dut result: 0.089290
Item8   Comp Pass! error percent: 0.000079%, golden result: 0.449867, dut result: 0.449868
Item9   Comp Pass! error percent: 0.000008%, golden result: 0.772719, dut result: 0.772719
Item10  Comp Pass! error percent: 0.000139%, golden result: 0.257348, dut result: 0.257348
Item11  Comp Pass! error percent: 0.000017%, golden result: 0.684581, dut result: 0.684581
Item12  Comp Pass! error percent: 0.000082%, golden result: 0.582991, dut result: 0.582991
Item13  Comp Pass! error percent: 0.000068%, golden result: 0.219418, dut result: 0.219418
Item14  Comp Pass! error percent: 0.000075%, golden result: 0.317741, dut result: 0.317741
Item15  Comp Pass! error percent: 0.000122%, golden result: 0.104052, dut result: 0.104052
Item16  Comp Pass! error percent: 0.000185%, golden result: 0.161516, dut result: 0.161517
Item17  Comp Pass! error percent: 0.000118%, golden result: 0.063186, dut result: 0.063186
Item18  Comp Pass! error percent: 0.000052%, golden result: 0.115332, dut result: 0.115332
Item19  Comp Pass! error percent: 0.000062%, golden result: 1.157738, dut result: 1.157739
Item20  Comp Pass! error percent: 0.000083%, golden result: 0.143224, dut result: 0.143224
Item21  Comp Pass! error percent: 0.000015%, golden result: 12.767588, dut result: 12.767586
===============================         22 Column Results    ======================================
Item0   Comp Pass! error percent: 0.000024%, golden result: 0.735168, dut result: 0.735168
Item1   Comp Pass! error percent: 0.000071%, golden result: 0.673236, dut result: 0.673237
Item2   Comp Pass! error percent: 0.000053%, golden result: 1.564897, dut result: 1.564898
Item3   Comp Pass! error percent: 0.000052%, golden result: 0.401576, dut result: 0.401576
Item4   Comp Pass! error percent: 0.000035%, golden result: 0.341836, dut result: 0.341836
Item5   Comp Pass! error percent: 0.000151%, golden result: 0.670797, dut result: 0.670798
Item6   Comp Pass! error percent: 0.000042%, golden result: 0.428584, dut result: 0.428584
Item7   Comp Pass! error percent: 0.000094%, golden result: 0.254529, dut result: 0.254529
Item8   Comp Pass! error percent: 0.000025%, golden result: 0.709667, dut result: 0.709667
Item9   Comp Pass! error percent: 0.000042%, golden result: 0.498357, dut result: 0.498357
Item10  Comp Pass! error percent: 0.000087%, golden result: 0.478341, dut result: 0.478341
Item11  Comp Pass! error percent: 0.000199%, golden result: 0.030006, dut result: 0.030006
Item12  Comp Pass! error percent: 0.001003%, golden result: 0.023763, dut result: 0.023763
Item13  Comp Pass! error percent: 0.001053%, golden result: 0.048100, dut result: 0.048100
Item14  Comp Pass! error percent: 0.000091%, golden result: 0.587521, dut result: 0.587522
Item15  Comp Pass! error percent: 0.000276%, golden result: 0.215628, dut result: 0.215627
Item16  Comp Pass! error percent: 0.000041%, golden result: 0.091882, dut result: 0.091882
Item17  Comp Pass! error percent: 0.000012%, golden result: 0.243991, dut result: 0.243991
Item18  Comp Pass! error percent: 0.000079%, golden result: 0.376967, dut result: 0.376968
Item19  Comp Pass! error percent: 0.000284%, golden result: 0.246479, dut result: 0.246479
Item20  Comp Pass! error percent: 0.000110%, golden result: 0.647721, dut result: 0.647722
Item21  Comp Pass! error percent: 0.000011%, golden result: 2.117199, dut result: 2.117199
Item22  Comp Pass! error percent: 0.000023%, golden result: 12.709012, dut result: 12.709015
===============================         23 Column Results    ======================================
Item0   Comp Pass! error percent: 0.010781%, golden result: 0.004302, dut result: 0.004303
Item1   Comp Pass! error percent: 0.000141%, golden result: 0.168799, dut result: 0.168799
Item2   Comp Pass! error percent: 0.000000%, golden result: 0.510051, dut result: 0.510051
Item3   Comp Pass! error percent: 0.000042%, golden result: 0.141678, dut result: 0.141678
Item4   Comp Pass! error percent: 0.000116%, golden result: 0.564894, dut result: 0.564894
Item5   Comp Pass! error percent: 0.000052%, golden result: 1.834261, dut result: 1.834262
Item6   Comp Pass! error percent: 0.000240%, golden result: 0.049632, dut result: 0.049632
Item7   Comp Pass! error percent: 0.000023%, golden result: 0.511940, dut result: 0.511940
Item8   Comp Pass! error percent: 0.000184%, golden result: 0.129396, dut result: 0.129396
Item9   Comp Pass! error percent: 0.000035%, golden result: 0.674892, dut result: 0.674892
Item10  Comp Pass! error percent: 0.000035%, golden result: 1.374869, dut result: 1.374869
Item11  Comp Pass! error percent: 0.000019%, golden result: 0.631005, dut result: 0.631005
Item12  Comp Pass! error percent: 0.000020%, golden result: 0.598793, dut result: 0.598793
Item13  Comp Pass! error percent: 0.000123%, golden result: 0.581126, dut result: 0.581127
Item14  Comp Pass! error percent: 0.000102%, golden result: 0.293023, dut result: 0.293024
Item15  Comp Pass! error percent: 0.000064%, golden result: 0.656849, dut result: 0.656849
Item16  Comp Pass! error percent: 0.000070%, golden result: 0.681592, dut result: 0.681592
Item17  Comp Pass! error percent: 0.000139%, golden result: 0.300864, dut result: 0.300864
Item18  Comp Pass! error percent: 0.000020%, golden result: 0.587574, dut result: 0.587574
Item19  Comp Pass! error percent: 0.000065%, golden result: 0.640219, dut result: 0.640219
Item20  Comp Pass! error percent: 0.000163%, golden result: 0.439500, dut result: 0.439499
Item21  Comp Pass! error percent: 0.000008%, golden result: 0.096836, dut result: 0.096836
Item22  Comp Pass! error percent: 0.000032%, golden result: 0.091805, dut result: 0.091805
Item23  Comp Pass! error percent: 0.000007%, golden result: 13.161113, dut result: 13.161114
===============================         24 Column Results    ======================================
Item0   Comp Pass! error percent: 0.000185%, golden result: 0.209231, dut result: 0.209232
Item1   Comp Pass! error percent: 0.000018%, golden result: 0.982930, dut result: 0.982931
Item2   Comp Pass! error percent: 0.000021%, golden result: 0.578014, dut result: 0.578014
Item3   Comp Pass! error percent: 0.000107%, golden result: 0.473433, dut result: 0.473433
Item4   Comp Pass! error percent: 0.000063%, golden result: 0.189168, dut result: 0.189169
Item5   Comp Pass! error percent: 0.000071%, golden result: 0.105145, dut result: 0.105145
Item6   Comp Pass! error percent: 0.000455%, golden result: 0.091707, dut result: 0.091707
Item7   Comp Pass! error percent: 0.000017%, golden result: 0.358934, dut result: 0.358934
Item8   Comp Pass! error percent: 0.000021%, golden result: 0.871301, dut result: 0.871301
Item9   Comp Pass! error percent: 0.000423%, golden result: 0.112850, dut result: 0.112849
Item10  Comp Pass! error percent: 0.000133%, golden result: 0.313955, dut result: 0.313956
Item11  Comp Pass! error percent: 0.000041%, golden result: 0.731028, dut result: 0.731028
Item12  Comp Pass! error percent: 0.000057%, golden result: 0.727968, dut result: 0.727967
Item13  Comp Pass! error percent: 0.000000%, golden result: 0.539570, dut result: 0.539570
Item14  Comp Pass! error percent: 0.000081%, golden result: 0.737888, dut result: 0.737888
Item15  Comp Pass! error percent: 0.000103%, golden result: 0.319650, dut result: 0.319650
Item16  Comp Pass! error percent: 0.000150%, golden result: 0.357268, dut result: 0.357269
Item17  Comp Pass! error percent: 0.000035%, golden result: 0.517369, dut result: 0.517370
Item18  Comp Pass! error percent: 0.000025%, golden result: 0.704532, dut result: 0.704532
Item19  Comp Pass! error percent: 0.000074%, golden result: 1.128313, dut result: 1.128314
Item20  Comp Pass! error percent: 0.001163%, golden result: 0.015061, dut result: 0.015061
Item21  Comp Pass! error percent: 0.000080%, golden result: 0.242421, dut result: 0.242421
Item22  Comp Pass! error percent: 0.000023%, golden result: 1.059032, dut result: 1.059032
Item23  Comp Pass! error percent: 0.000124%, golden result: 0.084395, dut result: 0.084395
Item24  Comp Pass! error percent: 0.000015%, golden result: 13.024269, dut result: 13.024267
===============================         25 Column Results    ======================================
Item0   Comp Pass! error percent: 0.000219%, golden result: 0.325951, dut result: 0.325951
Item1   Comp Pass! error percent: 0.000058%, golden result: 0.720213, dut result: 0.720213
Item2   Comp Pass! error percent: 0.000034%, golden result: 0.524247, dut result: 0.524247
Item3   Comp Pass! error percent: 0.000033%, golden result: 0.724211, dut result: 0.724212
Item4   Comp Pass! error percent: 0.000149%, golden result: 0.180438, dut result: 0.180439
Item5   Comp Pass! error percent: 0.001514%, golden result: 0.002952, dut result: 0.002952
Item6   Comp Pass! error percent: 0.000290%, golden result: 0.071862, dut result: 0.071863
Item7   Comp Pass! error percent: 0.000108%, golden result: 0.221299, dut result: 0.221299
Item8   Comp Pass! error percent: 0.000028%, golden result: 0.158126, dut result: 0.158126
Item9   Comp Pass! error percent: 0.000177%, golden result: 0.353233, dut result: 0.353233
Item10  Comp Pass! error percent: 0.000027%, golden result: 0.652122, dut result: 0.652122
Item11  Comp Pass! error percent: 0.000217%, golden result: 0.158008, dut result: 0.158009
Item12  Comp Pass! error percent: 0.000051%, golden result: 0.927195, dut result: 0.927195
Item13  Comp Pass! error percent: 0.000012%, golden result: 0.243929, dut result: 0.243929
Item14  Comp Pass! error percent: 0.000077%, golden result: 0.769933, dut result: 0.769934
Item15  Comp Pass! error percent: 0.000048%, golden result: 0.878194, dut result: 0.878195
Item16  Comp Pass! error percent: 0.000094%, golden result: 0.190377, dut result: 0.190377
Item17  Comp Pass! error percent: 0.000428%, golden result: 0.153261, dut result: 0.153262
Item18  Comp Pass! error percent: 0.000026%, golden result: 0.462121, dut result: 0.462121
Item19  Comp Pass! error percent: 0.000075%, golden result: 0.435614, dut result: 0.435615
Item20  Comp Pass! error percent: 0.000030%, golden result: 0.098375, dut result: 0.098375
Item21  Comp Pass! error percent: 0.000050%, golden result: 0.354766, dut result: 0.354767
Item22  Comp Pass! error percent: 0.000497%, golden result: 0.203766, dut result: 0.203765
Item23  Comp Pass! error percent: 0.000110%, golden result: 0.203903, dut result: 0.203903
Item24  Comp Pass! error percent: 0.000035%, golden result: 1.008490, dut result: 1.008490
Item25  Comp Pass! error percent: 0.000007%, golden result: 12.878797, dut result: 12.878798
===============================         26 Column Results    ======================================
Item0   Comp Pass! error percent: 0.000073%, golden result: 0.574564, dut result: 0.574563
Item1   Comp Pass! error percent: 0.000082%, golden result: 0.580108, dut result: 0.580109
Item2   Comp Pass! error percent: 0.000248%, golden result: 0.107998, dut result: 0.107997
Item3   Comp Pass! error percent: 0.000165%, golden result: 0.452025, dut result: 0.452026
Item4   Comp Pass! error percent: 0.000014%, golden result: 0.831710, dut result: 0.831710
Item5   Comp Pass! error percent: 0.000179%, golden result: 0.249049, dut result: 0.249050
Item6   Comp Pass! error percent: 0.000022%, golden result: 0.548839, dut result: 0.548839
Item7   Comp Pass! error percent: 0.000050%, golden result: 0.719328, dut result: 0.719327
Item8   Comp Pass! error percent: 0.000020%, golden result: 0.914308, dut result: 0.914307
Item9   Comp Pass! error percent: 0.000041%, golden result: 0.585820, dut result: 0.585820
Item10  Comp Pass! error percent: 0.000149%, golden result: 0.200614, dut result: 0.200614
Item11  Comp Pass! error percent: 0.000031%, golden result: 0.781161, dut result: 0.781161
Item12  Comp Pass! error percent: 0.000030%, golden result: 0.391756, dut result: 0.391755
Item13  Comp Pass! error percent: 0.000039%, golden result: 0.452706, dut result: 0.452706
Item14  Comp Pass! error percent: 0.000012%, golden result: 0.515156, dut result: 0.515156
Item15  Comp Pass! error percent: 0.000023%, golden result: 0.256593, dut result: 0.256593
Item16  Comp Pass! error percent: 0.000355%, golden result: 0.012608, dut result: 0.012608
Item17  Comp Pass! error percent: 0.004803%, golden result: 0.015513, dut result: 0.015514
Item18  Comp Pass! error percent: 0.001203%, golden result: 0.011772, dut result: 0.011772
Item19  Comp Pass! error percent: 0.000039%, golden result: 0.461737, dut result: 0.461738
Item20  Comp Pass! error percent: 0.000011%, golden result: 1.106181, dut result: 1.106180
Item21  Comp Pass! error percent: 0.000023%, golden result: 0.524517, dut result: 0.524517
Item22  Comp Pass! error percent: 0.000116%, golden result: 0.512518, dut result: 0.512519
Item23  Comp Pass! error percent: 0.000024%, golden result: 0.758897, dut result: 0.758897
Item24  Comp Pass! error percent: 0.000000%, golden result: 0.851441, dut result: 0.851441
Item25  Comp Pass! error percent: 0.000020%, golden result: 0.605096, dut result: 0.605096
Item26  Comp Pass! error percent: 0.000000%, golden result: 12.535059, dut result: 12.535059
===============================         27 Column Results    ======================================
Item0   Comp Pass! error percent: 0.000007%, golden result: 0.805747, dut result: 0.805747
Item1   Comp Pass! error percent: 0.000000%, golden result: 0.489893, dut result: 0.489893
Item2   Comp Pass! error percent: 0.000225%, golden result: 0.211724, dut result: 0.211724
Item3   Comp Pass! error percent: 0.000120%, golden result: 0.074317, dut result: 0.074317
Item4   Comp Pass! error percent: 0.000143%, golden result: 0.375042, dut result: 0.375041
Item5   Comp Pass! error percent: 0.000088%, golden result: 0.270799, dut result: 0.270799
Item6   Comp Pass! error percent: 0.000021%, golden result: 0.285694, dut result: 0.285694
Item7   Comp Pass! error percent: 0.000100%, golden result: 0.358305, dut result: 0.358304
Item8   Comp Pass! error percent: 0.000115%, golden result: 0.387626, dut result: 0.387626
Item9   Comp Pass! error percent: 0.000041%, golden result: 0.586248, dut result: 0.586248
Item10  Comp Pass! error percent: 0.000040%, golden result: 0.888531, dut result: 0.888531
Item11  Comp Pass! error percent: 0.000031%, golden result: 0.386717, dut result: 0.386717
Item12  Comp Pass! error percent: 0.000000%, golden result: 0.253294, dut result: 0.253294
Item13  Comp Pass! error percent: 0.000009%, golden result: 0.348668, dut result: 0.348668
Item14  Comp Pass! error percent: 0.000076%, golden result: 0.629674, dut result: 0.629674
Item15  Comp Pass! error percent: 0.000131%, golden result: 0.364104, dut result: 0.364105
Item16  Comp Pass! error percent: 0.000071%, golden result: 0.674612, dut result: 0.674611
Item17  Comp Pass! error percent: 0.000063%, golden result: 0.473606, dut result: 0.473607
Item18  Comp Pass! error percent: 0.000164%, golden result: 0.217722, dut result: 0.217722
Item19  Comp Pass! error percent: 0.000089%, golden result: 0.335786, dut result: 0.335787
Item20  Comp Pass! error percent: 0.000939%, golden result: 0.025002, dut result: 0.025003
Item21  Comp Pass! error percent: 0.000029%, golden result: 0.811712, dut result: 0.811712
Item22  Comp Pass! error percent: 0.000105%, golden result: 0.339483, dut result: 0.339483
Item23  Comp Pass! error percent: 0.000503%, golden result: 0.165866, dut result: 0.165867
Item24  Comp Pass! error percent: 0.000042%, golden result: 0.212591, dut result: 0.212591
Item25  Comp Pass! error percent: 0.000007%, golden result: 0.901298, dut result: 0.901298
Item26  Comp Pass! error percent: 0.000247%, golden result: 0.081286, dut result: 0.081286
Item27  Comp Pass! error percent: 0.000008%, golden result: 12.538522, dut result: 12.538521
===============================         28 Column Results    ======================================
Item0   Comp Pass! error percent: 0.000213%, golden result: 0.146888, dut result: 0.146888
Item1   Comp Pass! error percent: 0.000047%, golden result: 0.896439, dut result: 0.896439
Item2   Comp Pass! error percent: 0.000024%, golden result: 0.061473, dut result: 0.061473
Item3   Comp Pass! error percent: 0.000000%, golden result: 0.064713, dut result: 0.064713
Item4   Comp Pass! error percent: 0.000018%, golden result: 0.981686, dut result: 0.981686
Item5   Comp Pass! error percent: 0.000208%, golden result: 0.315237, dut result: 0.315237
Item6   Comp Pass! error percent: 0.000397%, golden result: 0.059988, dut result: 0.059988
Item7   Comp Pass! error percent: 0.000078%, golden result: 0.381001, dut result: 0.381001
Item8   Comp Pass! error percent: 0.000139%, golden result: 0.342502, dut result: 0.342503
Item9   Comp Pass! error percent: 0.000036%, golden result: 0.332989, dut result: 0.332988
Item10  Comp Pass! error percent: 0.000020%, golden result: 1.163882, dut result: 1.163882
Item11  Comp Pass! error percent: 0.000013%, golden result: 0.445456, dut result: 0.445456
Item12  Comp Pass! error percent: 0.012786%, golden result: 0.001632, dut result: 0.001632
Item13  Comp Pass! error percent: 0.000326%, golden result: 0.100626, dut result: 0.100626
Item14  Comp Pass! error percent: 0.000312%, golden result: 0.224121, dut result: 0.224121
Item15  Comp Pass! error percent: 0.000010%, golden result: 0.611752, dut result: 0.611752
Item16  Comp Pass! error percent: 0.000068%, golden result: 0.175702, dut result: 0.175701
Item17  Comp Pass! error percent: 0.000111%, golden result: 0.053819, dut result: 0.053819
Item18  Comp Pass! error percent: 0.000010%, golden result: 1.175769, dut result: 1.175769
Item19  Comp Pass! error percent: 0.000044%, golden result: 0.403018, dut result: 0.403018
Item20  Comp Pass! error percent: 0.000149%, golden result: 0.559214, dut result: 0.559213
Item21  Comp Pass! error percent: 0.000047%, golden result: 0.507501, dut result: 0.507501
Item22  Comp Pass! error percent: 0.000057%, golden result: 1.050455, dut result: 1.050455
Item23  Comp Pass! error percent: 0.000091%, golden result: 0.722779, dut result: 0.722780
Item24  Comp Pass! error percent: 0.000193%, golden result: 0.154037, dut result: 0.154036
Item25  Comp Pass! error percent: 0.000090%, golden result: 0.108162, dut result: 0.108162
Item26  Comp Pass! error percent: 0.000108%, golden result: 0.221506, dut result: 0.221506
Item27  Comp Pass! error percent: 0.000110%, golden result: 0.299220, dut result: 0.299220
Item28  Comp Pass! error percent: 0.000015%, golden result: 12.786810, dut result: 12.786812
===============================         29 Column Results    ======================================
Item0   Comp Pass! error percent: 0.000660%, golden result: 0.044036, dut result: 0.044035
Item1   Comp Pass! error percent: 0.000014%, golden result: 0.849560, dut result: 0.849560
Item2   Comp Pass! error percent: 0.000015%, golden result: 0.391200, dut result: 0.391200
Item3   Comp Pass! error percent: 0.002515%, golden result: 0.029626, dut result: 0.029626
Item4   Comp Pass! error percent: 0.000012%, golden result: 0.500865, dut result: 0.500865
Item5   Comp Pass! error percent: 0.000033%, golden result: 0.358080, dut result: 0.358081
Item6   Comp Pass! error percent: 0.000191%, golden result: 0.140101, dut result: 0.140101
Item7   Comp Pass! error percent: 0.000030%, golden result: 0.293403, dut result: 0.293403
Item8   Comp Pass! error percent: 0.000100%, golden result: 0.208438, dut result: 0.208439
Item9   Comp Pass! error percent: 0.000037%, golden result: 0.479205, dut result: 0.479205
Item10  Comp Pass! error percent: 0.000081%, golden result: 0.590991, dut result: 0.590991
Item11  Comp Pass! error percent: 0.000022%, golden result: 0.531409, dut result: 0.531409
Item12  Comp Pass! error percent: 0.000363%, golden result: 0.069753, dut result: 0.069753
Item13  Comp Pass! error percent: 0.000103%, golden result: 0.246758, dut result: 0.246758
Item14  Comp Pass! error percent: 0.000041%, golden result: 1.726404, dut result: 1.726404
Item15  Comp Pass! error percent: 0.000022%, golden result: 0.267864, dut result: 0.267864
Item16  Comp Pass! error percent: 0.000044%, golden result: 0.271698, dut result: 0.271698
Item17  Comp Pass! error percent: 0.000115%, golden result: 0.467726, dut result: 0.467725
Item18  Comp Pass! error percent: 0.000208%, golden result: 0.287142, dut result: 0.287142
Item19  Comp Pass! error percent: 0.000067%, golden result: 0.984123, dut result: 0.984123
Item20  Comp Pass! error percent: 0.000132%, golden result: 0.406699, dut result: 0.406700
Item21  Comp Pass! error percent: 0.000718%, golden result: 0.053925, dut result: 0.053926
Item22  Comp Pass! error percent: 0.000175%, golden result: 0.127910, dut result: 0.127909
Item23  Comp Pass! error percent: 0.000173%, golden result: 0.103100, dut result: 0.103100
Item24  Comp Pass! error percent: 0.000059%, golden result: 0.152203, dut result: 0.152203
Item25  Comp Pass! error percent: 0.000082%, golden result: 1.311349, dut result: 1.311350
Item26  Comp Pass! error percent: 0.015159%, golden result: 0.001129, dut result: 0.001129
Item27  Comp Pass! error percent: 0.000155%, golden result: 0.192579, dut result: 0.192579
Item28  Comp Pass! error percent: 0.000858%, golden result: 0.074709, dut result: 0.074709
Item29  Comp Pass! error percent: 0.000031%, golden result: 12.417400, dut result: 12.417397
===============================         30 Column Results    ======================================
Item0   Comp Pass! error percent: 0.000016%, golden result: 0.380419, dut result: 0.380419
Item1   Comp Pass! error percent: 0.000079%, golden result: 0.529197, dut result: 0.529197
Item2   Comp Pass! error percent: 0.000056%, golden result: 0.532955, dut result: 0.532954
Item3   Comp Pass! error percent: 0.000417%, golden result: 0.103711, dut result: 0.103711
Item4   Comp Pass! error percent: 0.000482%, golden result: 0.049503, dut result: 0.049503
Item5   Comp Pass! error percent: 0.000010%, golden result: 0.620381, dut result: 0.620381
Item6   Comp Pass! error percent: 0.000026%, golden result: 0.463115, dut result: 0.463115
Item7   Comp Pass! error percent: 0.000086%, golden result: 0.043338, dut result: 0.043338
Item8   Comp Pass! error percent: 0.000057%, golden result: 1.453901, dut result: 1.453902
Item9   Comp Pass! error percent: 0.000060%, golden result: 0.400099, dut result: 0.400099
Item10  Comp Pass! error percent: 0.000134%, golden result: 0.066720, dut result: 0.066720
Item11  Comp Pass! error percent: 0.000153%, golden result: 0.077746, dut result: 0.077746
Item12  Comp Pass! error percent: 0.000008%, golden result: 0.355810, dut result: 0.355810
Item13  Comp Pass! error percent: 0.000124%, golden result: 0.239573, dut result: 0.239572
Item14  Comp Pass! error percent: 0.000095%, golden result: 0.819879, dut result: 0.819880
Item15  Comp Pass! error percent: 0.000222%, golden result: 0.247988, dut result: 0.247989
Item16  Comp Pass! error percent: 0.000184%, golden result: 0.028289, dut result: 0.028288
Item17  Comp Pass! error percent: 0.000061%, golden result: 0.978490, dut result: 0.978490
Item18  Comp Pass! error percent: 0.000070%, golden result: 0.338243, dut result: 0.338243
Item19  Comp Pass! error percent: 0.000019%, golden result: 0.624265, dut result: 0.624265
Item20  Comp Pass! error percent: 0.000101%, golden result: 0.767279, dut result: 0.767280
Item21  Comp Pass! error percent: 0.000993%, golden result: 0.020999, dut result: 0.020999
Item22  Comp Pass! error percent: 0.000066%, golden result: 0.545119, dut result: 0.545119
Item23  Comp Pass! error percent: 0.000156%, golden result: 0.476191, dut result: 0.476192
Item24  Comp Pass! error percent: 0.000127%, golden result: 0.306207, dut result: 0.306208
Item25  Comp Pass! error percent: 0.000125%, golden result: 0.227152, dut result: 0.227152
Item26  Comp Pass! error percent: 0.000007%, golden result: 0.424023, dut result: 0.424023
Item27  Comp Pass! error percent: 0.000019%, golden result: 0.315292, dut result: 0.315292
Item28  Comp Pass! error percent: 0.000036%, golden result: 0.167821, dut result: 0.167821
Item29  Comp Pass! error percent: 0.000041%, golden result: 0.146015, dut result: 0.146015
Item30  Comp Pass! error percent: 0.000008%, golden result: 12.371770, dut result: 12.371771
===============================         31 Column Results    ======================================
Item0   Comp Pass! error percent: 0.000010%, golden result: 0.567890, dut result: 0.567890
Item1   Comp Pass! error percent: 0.000026%, golden result: 0.084582, dut result: 0.084582
Item2   Comp Pass! error percent: 0.000026%, golden result: 0.453990, dut result: 0.453991
Item3   Comp Pass! error percent: 0.000022%, golden result: 1.106879, dut result: 1.106879
Item4   Comp Pass! error percent: 0.000008%, golden result: 0.737804, dut result: 0.737804
Item5   Comp Pass! error percent: 0.000007%, golden result: 0.846268, dut result: 0.846268
Item6   Comp Pass! error percent: 0.000114%, golden result: 0.523039, dut result: 0.523039
Item7   Comp Pass! error percent: 0.000248%, golden result: 0.084023, dut result: 0.084023
Item8   Comp Pass! error percent: 0.000021%, golden result: 0.856556, dut result: 0.856556
Item9   Comp Pass! error percent: 0.000035%, golden result: 0.673723, dut result: 0.673723
Item10  Comp Pass! error percent: 0.000214%, golden result: 0.027873, dut result: 0.027873
Item11  Comp Pass! error percent: 0.000147%, golden result: 0.689399, dut result: 0.689398
Item12  Comp Pass! error percent: 0.000046%, golden result: 0.385571, dut result: 0.385571
Item13  Comp Pass! error percent: 0.000221%, golden result: 0.175016, dut result: 0.175016
Item14  Comp Pass! error percent: 0.000017%, golden result: 0.719138, dut result: 0.719138
Item15  Comp Pass! error percent: 0.000024%, golden result: 0.495123, dut result: 0.495123
Item16  Comp Pass! error percent: 0.000252%, golden result: 0.059234, dut result: 0.059234
Item17  Comp Pass! error percent: 0.000500%, golden result: 0.022361, dut result: 0.022361
Item18  Comp Pass! error percent: 0.000042%, golden result: 0.857490, dut result: 0.857491
Item19  Comp Pass! error percent: 0.000056%, golden result: 1.285104, dut result: 1.285105
Item20  Comp Pass! error percent: 0.000111%, golden result: 1.401370, dut result: 1.401371
Item21  Comp Pass! error percent: 0.000123%, golden result: 0.217365, dut result: 0.217365
Item22  Comp Pass! error percent: 0.000126%, golden result: 0.330177, dut result: 0.330177
Item23  Comp Pass! error percent: 0.000166%, golden result: 0.395826, dut result: 0.395826
Item24  Comp Pass! error percent: 0.000078%, golden result: 0.766543, dut result: 0.766543
Item25  Comp Pass! error percent: 0.000030%, golden result: 1.201281, dut result: 1.201282
Item26  Comp Pass! error percent: 0.000118%, golden result: 0.403699, dut result: 0.403699
Item27  Comp Pass! error percent: 0.000068%, golden result: 0.873581, dut result: 0.873582
Item28  Comp Pass! error percent: 0.000192%, golden result: 0.325544, dut result: 0.325544
Item29  Comp Pass! error percent: 0.000006%, golden result: 0.488424, dut result: 0.488424
Item30  Comp Pass! error percent: 0.000327%, golden result: 0.182368, dut result: 0.182368
Item31  Comp Pass! error percent: 0.000008%, golden result: 12.115644, dut result: 12.115643
