==========================================
Quad-core Simulation
Test case: ST16_RANDOM_TEST_128X8
==========================================
===============================          0 Column Results    ======================================
Item0   Comp Pass! error percent: 0.000000%, golden result: 6.824955, dut result: 6.824955
===============================          1 Column Results    ======================================
Item0   Comp Pass! error percent: 0.000018%, golden result: 0.339501, dut result: 0.339501
Item1   Comp Pass! error percent: 0.000015%, golden result: 6.300013, dut result: 6.300012
===============================          2 Column Results    ======================================
Item0   Comp Pass! error percent: 0.000390%, golden result: 0.083957, dut result: 0.083957
Item1   Comp Pass! error percent: 0.000038%, golden result: 0.939290, dut result: 0.939290
Item2   Comp Pass! error percent: 0.000000%, golden result: 6.330362, dut result: 6.330362
===============================          3 Column Results    ======================================
Item0   Comp Pass! error percent: 0.000037%, golden result: 0.407981, dut result: 0.407981
Item1   Comp Pass! error percent: 0.000000%, golden result: 0.428610, dut result: 0.428610
Item2   Comp Pass! error percent: 0.000000%, golden result: 0.705944, dut result: 0.705944
Item3   Comp Pass! error percent: 0.000050%, golden result: 6.673673, dut result: 6.673676
===============================          4 Column Results    ======================================
Item0   Comp Pass! error percent: 0.000144%, golden result: 0.331292, dut result: 0.331292
Item1   Comp Pass! error percent: 0.000062%, golden result: 0.953765, dut result: 0.953765
Item2   Comp Pass! error percent: 0.000000%, golden result: 0.195183, dut result: 0.195183
Item3   Comp Pass! error percent: 0.000045%, golden result: 1.071266, dut result: 1.071266
Item4   Comp Pass! error percent: 0.000007%, golden result: 6.625717, dut result: 6.625716
===============================          5 Column Results    ======================================
Item0   Comp Pass! error percent: 0.000007%, golden result: 0.875647, dut result: 0.875647
Item1   Comp Pass! error percent: 0.000041%, golden result: 0.725396, dut result: 0.725396
Item2   Comp Pass! error percent: 0.000142%, golden result: 0.094572, dut result: 0.094572
Item3   Comp Pass! error percent: 0.000074%, golden result: 0.646424, dut result: 0.646424
Item4   Comp Pass! error percent: 0.000070%, golden result: 0.852389, dut result: 0.852388
Item5   Comp Pass! error percent: 0.000000%, golden result: 5.807632, dut result: 5.807632
===============================          6 Column Results    ======================================
Item0   Comp Pass! error percent: 0.000065%, golden result: 0.553072, dut result: 0.553072
Item1   Comp Pass! error percent: 0.000074%, golden result: 0.120016, dut result: 0.120015
Item2   Comp Pass! error percent: 0.000019%, golden result: 0.483015, dut result: 0.483015
Item3   Comp Pass! error percent: 0.000049%, golden result: 0.972260, dut result: 0.972260
Item4   Comp Pass! error percent: 0.000010%, golden result: 1.147307, dut result: 1.147307
Item5   Comp Pass! error percent: 0.000136%, golden result: 0.417462, dut result: 0.417461
Item6   Comp Pass! error percent: 0.000008%, golden result: 6.186231, dut result: 6.186232
===============================          7 Column Results    ======================================
Item0   Comp Pass! error percent: 0.000031%, golden result: 0.192506, dut result: 0.192506
Item1   Comp Pass! error percent: 0.000211%, golden result: 0.324687, dut result: 0.324686
Item2   Comp Pass! error percent: 0.000055%, golden result: 0.381240, dut result: 0.381240
Item3   Comp Pass! error percent: 0.000094%, golden result: 0.633548, dut result: 0.633549
Item4   Comp Pass! error percent: 0.000023%, golden result: 0.793578, dut result: 0.793578
Item5   Comp Pass! error percent: 0.000140%, golden result: 0.512401, dut result: 0.512401
Item6   Comp Pass! error percent: 0.000096%, golden result: 0.435124, dut result: 0.435124
Item7   Comp Pass! error percent: 0.000008%, golden result: 5.985635, dut result: 5.985636
