==========================================
Quad-core Simulation
Test case: ST32_RANDOM_TEST_192X16
==========================================
===============================          0 Column Results    ======================================
Item0   Comp Pass! error percent: 0.000030%, golden result: 7.932719, dut result: 7.932716
===============================          1 Column Results    ======================================
Item0   Comp Pass! error percent: 0.000000%, golden result: 1.181887, dut result: 1.181887
Item1   Comp Pass! error percent: 0.000025%, golden result: 7.674294, dut result: 7.674296
===============================          2 Column Results    ======================================
Item0   Comp Pass! error percent: 0.000575%, golden result: 0.114097, dut result: 0.114096
Item1   Comp Pass! error percent: 0.000072%, golden result: 0.083258, dut result: 0.083259
Item2   Comp Pass! error percent: 0.000024%, golden result: 7.925621, dut result: 7.925619
===============================          3 Column Results    ======================================
Item0   Comp Pass! error percent: 0.000040%, golden result: 1.188351, dut result: 1.188351
Item1   Comp Pass! error percent: 0.000046%, golden result: 0.650293, dut result: 0.650293
Item2   Comp Pass! error percent: 0.000083%, golden result: 0.196432, dut result: 0.196432
Item3   Comp Pass! error percent: 0.000012%, golden result: 8.005142, dut result: 8.005143
===============================          4 Column Results    ======================================
Item0   Comp Pass! error percent: 0.000043%, golden result: 0.276264, dut result: 0.276264
Item1   Comp Pass! error percent: 0.000055%, golden result: 0.540801, dut result: 0.540801
Item2   Comp Pass! error percent: 0.000006%, golden result: 0.459806, dut result: 0.459806
Item3   Comp Pass! error percent: 0.000230%, golden result: 0.038957, dut result: 0.038957
Item4   Comp Pass! error percent: 0.000000%, golden result: 8.027893, dut result: 8.027893
===============================          5 Column Results    ======================================
Item0   Comp Pass! error percent: 0.000080%, golden result: 0.524633, dut result: 0.524633
Item1   Comp Pass! error percent: 0.000066%, golden result: 0.225169, dut result: 0.225169
Item2   Comp Pass! error percent: 0.000010%, golden result: 0.156605, dut result: 0.156606
Item3   Comp Pass! error percent: 0.000000%, golden result: 0.478457, dut result: 0.478457
Item4   Comp Pass! error percent: 0.000020%, golden result: 1.212516, dut result: 1.212516
Item5   Comp Pass! error percent: 0.000006%, golden result: 7.663496, dut result: 7.663496
===============================          6 Column Results    ======================================
Item0   Comp Pass! error percent: 0.000042%, golden result: 0.421268, dut result: 0.421268
Item1   Comp Pass! error percent: 0.000040%, golden result: 0.150718, dut result: 0.150718
Item2   Comp Pass! error percent: 0.000041%, golden result: 0.364497, dut result: 0.364497
Item3   Comp Pass! error percent: 0.000055%, golden result: 0.977557, dut result: 0.977557
Item4   Comp Pass! error percent: 0.000012%, golden result: 0.963539, dut result: 0.963539
Item5   Comp Pass! error percent: 0.000056%, golden result: 0.636737, dut result: 0.636737
Item6   Comp Pass! error percent: 0.000018%, golden result: 7.925781, dut result: 7.925782
===============================          7 Column Results    ======================================
Item0   Comp Pass! error percent: 0.000259%, golden result: 0.241201, dut result: 0.241200
Item1   Comp Pass! error percent: 0.000040%, golden result: 0.147896, dut result: 0.147896
Item2   Comp Pass! error percent: 0.000084%, golden result: 0.712700, dut result: 0.712700
Item3   Comp Pass! error percent: 0.000724%, golden result: 0.050428, dut result: 0.050428
Item4   Comp Pass! error percent: 0.000025%, golden result: 0.711911, dut result: 0.711911
Item5   Comp Pass! error percent: 0.000050%, golden result: 0.299800, dut result: 0.299799
Item6   Comp Pass! error percent: 0.000126%, golden result: 0.518879, dut result: 0.518880
Item7   Comp Pass! error percent: 0.000006%, golden result: 7.903500, dut result: 7.903500
===============================          8 Column Results    ======================================
Item0   Comp Pass! error percent: 0.000156%, golden result: 0.459016, dut result: 0.459016
Item1   Comp Pass! error percent: 0.000034%, golden result: 0.131276, dut result: 0.131276
Item2   Comp Pass! error percent: 0.003757%, golden result: 0.003569, dut result: 0.003569
Item3   Comp Pass! error percent: 0.000031%, golden result: 0.767965, dut result: 0.767965
Item4   Comp Pass! error percent: 0.000047%, golden result: 0.508772, dut result: 0.508772
Item5   Comp Pass! error percent: 0.000043%, golden result: 0.276329, dut result: 0.276329
Item6   Comp Pass! error percent: 0.000150%, golden result: 0.069703, dut result: 0.069702
Item7   Comp Pass! error percent: 0.000051%, golden result: 0.703732, dut result: 0.703733
Item8   Comp Pass! error percent: 0.000012%, golden result: 7.706668, dut result: 7.706669
===============================          9 Column Results    ======================================
Item0   Comp Pass! error percent: 0.000000%, golden result: 1.183479, dut result: 1.183479
Item1   Comp Pass! error percent: 0.000133%, golden result: 0.494272, dut result: 0.494273
Item2   Comp Pass! error percent: 0.000331%, golden result: 0.040489, dut result: 0.040489
Item3   Comp Pass! error percent: 0.000048%, golden result: 0.433181, dut result: 0.433181
Item4   Comp Pass! error percent: 0.000037%, golden result: 0.643647, dut result: 0.643647
Item5   Comp Pass! error percent: 0.000030%, golden result: 1.188667, dut result: 1.188666
Item6   Comp Pass! error percent: 0.000074%, golden result: 1.610345, dut result: 1.610346
Item7   Comp Pass! error percent: 0.000107%, golden result: 0.722753, dut result: 0.722754
Item8   Comp Pass! error percent: 0.000023%, golden result: 0.784020, dut result: 0.784020
Item9   Comp Pass! error percent: 0.000012%, golden result: 7.740410, dut result: 7.740411
===============================         10 Column Results    ======================================
Item0   Comp Pass! error percent: 0.000183%, golden result: 0.228563, dut result: 0.228564
Item1   Comp Pass! error percent: 0.004832%, golden result: 0.009869, dut result: 0.009869
Item2   Comp Pass! error percent: 0.000040%, golden result: 0.297413, dut result: 0.297413
Item3   Comp Pass! error percent: 0.000086%, golden result: 0.692326, dut result: 0.692327
Item4   Comp Pass! error percent: 0.000040%, golden result: 1.185038, dut result: 1.185039
Item5   Comp Pass! error percent: 0.000064%, golden result: 0.742345, dut result: 0.742346
Item6   Comp Pass! error percent: 0.000088%, golden result: 0.119169, dut result: 0.119169
Item7   Comp Pass! error percent: 0.000089%, golden result: 0.402982, dut result: 0.402982
Item8   Comp Pass! error percent: 0.000035%, golden result: 0.684394, dut result: 0.684393
Item9   Comp Pass! error percent: 0.000090%, golden result: 0.598419, dut result: 0.598420
Item10  Comp Pass! error percent: 0.000012%, golden result: 8.278352, dut result: 8.278351
===============================         11 Column Results    ======================================
Item0   Comp Pass! error percent: 0.000018%, golden result: 0.668313, dut result: 0.668313
Item1   Comp Pass! error percent: 0.000322%, golden result: 0.074108, dut result: 0.074108
Item2   Comp Pass! error percent: 0.000025%, golden result: 0.951948, dut result: 0.951948
Item3   Comp Pass! error percent: 0.000026%, golden result: 0.346369, dut result: 0.346369
Item4   Comp Pass! error percent: 0.000283%, golden result: 0.047461, dut result: 0.047461
Item5   Comp Pass! error percent: 0.000020%, golden result: 0.441974, dut result: 0.441974
Item6   Comp Pass! error percent: 0.000008%, golden result: 0.097278, dut result: 0.097278
Item7   Comp Pass! error percent: 0.000529%, golden result: 0.056313, dut result: 0.056313
Item8   Comp Pass! error percent: 0.000310%, golden result: 0.081745, dut result: 0.081744
Item9   Comp Pass! error percent: 0.000109%, golden result: 0.191344, dut result: 0.191344
Item10  Comp Pass! error percent: 0.000084%, golden result: 0.353715, dut result: 0.353714
Item11  Comp Pass! error percent: 0.000006%, golden result: 7.391902, dut result: 7.391902
===============================         12 Column Results    ======================================
Item0   Comp Pass! error percent: 0.000020%, golden result: 1.200230, dut result: 1.200230
Item1   Comp Pass! error percent: 0.000027%, golden result: 0.443559, dut result: 0.443559
Item2   Comp Pass! error percent: 0.000554%, golden result: 0.059135, dut result: 0.059135
Item3   Comp Pass! error percent: 0.000029%, golden result: 0.615766, dut result: 0.615766
Item4   Comp Pass! error percent: 0.000051%, golden result: 0.468431, dut result: 0.468431
Item5   Comp Pass! error percent: 0.000867%, golden result: 0.089333, dut result: 0.089334
Item6   Comp Pass! error percent: 0.000582%, golden result: 0.051192, dut result: 0.051192
Item7   Comp Pass! error percent: 0.000165%, golden result: 0.171504, dut result: 0.171504
Item8   Comp Pass! error percent: 0.000097%, golden result: 0.277636, dut result: 0.277637
Item9   Comp Pass! error percent: 0.000052%, golden result: 0.285453, dut result: 0.285454
Item10  Comp Pass! error percent: 0.000007%, golden result: 0.888775, dut result: 0.888775
Item11  Comp Pass! error percent: 0.000018%, golden result: 0.325694, dut result: 0.325694
Item12  Comp Pass! error percent: 0.000006%, golden result: 7.447487, dut result: 7.447488
===============================         13 Column Results    ======================================
Item0   Comp Pass! error percent: 0.000015%, golden result: 0.386189, dut result: 0.386189
Item1   Comp Pass! error percent: 0.000200%, golden result: 0.237836, dut result: 0.237836
Item2   Comp Pass! error percent: 0.002843%, golden result: 0.011008, dut result: 0.011007
Item3   Comp Pass! error percent: 0.000090%, golden result: 0.299030, dut result: 0.299030
Item4   Comp Pass! error percent: 0.000138%, golden result: 0.226698, dut result: 0.226698
Item5   Comp Pass! error percent: 0.000067%, golden result: 0.892045, dut result: 0.892045
Item6   Comp Pass! error percent: 0.000013%, golden result: 0.474225, dut result: 0.474225
Item7   Comp Pass! error percent: 0.000000%, golden result: 1.041535, dut result: 1.041535
Item8   Comp Pass! error percent: 0.000068%, golden result: 0.305828, dut result: 0.305828
Item9   Comp Pass! error percent: 0.000033%, golden result: 0.360562, dut result: 0.360562
Item10  Comp Pass! error percent: 0.000021%, golden result: 0.558738, dut result: 0.558738
Item11  Comp Pass! error percent: 0.000072%, golden result: 0.416326, dut result: 0.416326
Item12  Comp Pass! error percent: 0.000305%, golden result: 0.117378, dut result: 0.117378
Item13  Comp Pass! error percent: 0.000025%, golden result: 7.609274, dut result: 7.609276
===============================         14 Column Results    ======================================
Item0   Comp Pass! error percent: 0.000053%, golden result: 0.560125, dut result: 0.560125
Item1   Comp Pass! error percent: 0.000023%, golden result: 0.255560, dut result: 0.255560
Item2   Comp Pass! error percent: 0.000067%, golden result: 0.356753, dut result: 0.356753
Item3   Comp Pass! error percent: 0.000027%, golden result: 0.336720, dut result: 0.336720
Item4   Comp Pass! error percent: 0.000021%, golden result: 0.561992, dut result: 0.561992
Item5   Comp Pass! error percent: 0.000048%, golden result: 0.501340, dut result: 0.501340
Item6   Comp Pass! error percent: 0.000069%, golden result: 0.862239, dut result: 0.862239
Item7   Comp Pass! error percent: 0.000000%, golden result: 0.395213, dut result: 0.395213
Item8   Comp Pass! error percent: 0.000032%, golden result: 0.563840, dut result: 0.563841
Item9   Comp Pass! error percent: 0.000068%, golden result: 0.435246, dut result: 0.435246
Item10  Comp Pass! error percent: 0.000032%, golden result: 1.495532, dut result: 1.495531
Item11  Comp Pass! error percent: 0.000000%, golden result: 0.148807, dut result: 0.148807
Item12  Comp Pass! error percent: 0.000021%, golden result: 0.417131, dut result: 0.417131
Item13  Comp Pass! error percent: 0.000040%, golden result: 0.149120, dut result: 0.149120
Item14  Comp Pass! error percent: 0.000012%, golden result: 7.797647, dut result: 7.797647
===============================         15 Column Results    ======================================
Item0   Comp Pass! error percent: 0.000009%, golden result: 0.172020, dut result: 0.172020
Item1   Comp Pass! error percent: 0.000078%, golden result: 0.911341, dut result: 0.911342
Item2   Comp Pass! error percent: 0.000000%, golden result: 0.305416, dut result: 0.305416
Item3   Comp Pass! error percent: 0.000217%, golden result: 0.205960, dut result: 0.205961
Item4   Comp Pass! error percent: 0.000011%, golden result: 1.122735, dut result: 1.122736
Item5   Comp Pass! error percent: 0.000018%, golden result: 0.323844, dut result: 0.323844
Item6   Comp Pass! error percent: 0.001435%, golden result: 0.018687, dut result: 0.018687
Item7   Comp Pass! error percent: 0.000054%, golden result: 1.095122, dut result: 1.095123
Item8   Comp Pass! error percent: 0.000091%, golden result: 0.392593, dut result: 0.392593
Item9   Comp Pass! error percent: 0.000088%, golden result: 0.474366, dut result: 0.474366
Item10  Comp Pass! error percent: 0.000042%, golden result: 0.561548, dut result: 0.561547
Item11  Comp Pass! error percent: 0.000529%, golden result: 0.045086, dut result: 0.045086
Item12  Comp Pass! error percent: 0.001221%, golden result: 0.048822, dut result: 0.048821
Item13  Comp Pass! error percent: 0.000713%, golden result: 0.058508, dut result: 0.058507
Item14  Comp Pass! error percent: 0.000073%, golden result: 0.244246, dut result: 0.244246
Item15  Comp Pass! error percent: 0.000013%, golden result: 7.611918, dut result: 7.611919
