==========================================
Single-core Simulation
Test case: ST64_RANDOM_TEST_96X32
==========================================
===============================          0 Column Results    ======================================
Item0   Comp Pass! error percent: 0.000008%, golden result: 5.801633, dut result: 5.801634
===============================          1 Column Results    ======================================
Item0   Comp Pass! error percent: 0.000036%, golden result: 0.419408, dut result: 0.419408
Item1   Comp Pass! error percent: 0.000008%, golden result: 5.724164, dut result: 5.724164
===============================          2 Column Results    ======================================
Item0   Comp Pass! error percent: 0.000037%, golden result: 0.976080, dut result: 0.976080
Item1   Comp Pass! error percent: 0.000074%, golden result: 0.564052, dut result: 0.564053
Item2   Comp Pass! error percent: 0.000009%, golden result: 5.490169, dut result: 5.490169
===============================          3 Column Results    ======================================
Item0   Comp Pass! error percent: 0.000000%, golden result: 0.167200, dut result: 0.167200
Item1   Comp Pass! error percent: 0.000009%, golden result: 0.319948, dut result: 0.319948
Item2   Comp Pass! error percent: 0.000022%, golden result: 0.275198, dut result: 0.275199
Item3   Comp Pass! error percent: 0.000008%, golden result: 5.708431, dut result: 5.708431
===============================          4 Column Results    ======================================
Item0   Comp Pass! error percent: 0.000000%, golden result: 0.259072, dut result: 0.259072
Item1   Comp Pass! error percent: 0.000814%, golden result: 0.023796, dut result: 0.023796
Item2   Comp Pass! error percent: 0.000042%, golden result: 0.282928, dut result: 0.282929
Item3   Comp Pass! error percent: 0.000070%, golden result: 0.340928, dut result: 0.340928
Item4   Comp Pass! error percent: 0.000034%, golden result: 5.606111, dut result: 5.606112
===============================          5 Column Results    ======================================
Item0   Comp Pass! error percent: 0.000000%, golden result: 0.771904, dut result: 0.771904
Item1   Comp Pass! error percent: 0.000039%, golden result: 0.454991, dut result: 0.454991
Item2   Comp Pass! error percent: 0.000012%, golden result: 0.490348, dut result: 0.490348
Item3   Comp Pass! error percent: 0.000000%, golden result: 0.421994, dut result: 0.421994
Item4   Comp Pass! error percent: 0.000030%, golden result: 0.495529, dut result: 0.495529
Item5   Comp Pass! error percent: 0.000008%, golden result: 5.730664, dut result: 5.730663
===============================          6 Column Results    ======================================
Item0   Comp Pass! error percent: 0.000747%, golden result: 0.017946, dut result: 0.017946
Item1   Comp Pass! error percent: 0.000133%, golden result: 0.112333, dut result: 0.112333
Item2   Comp Pass! error percent: 0.000241%, golden result: 0.096018, dut result: 0.096018
Item3   Comp Pass! error percent: 0.000010%, golden result: 0.307122, dut result: 0.307122
Item4   Comp Pass! error percent: 0.000019%, golden result: 0.467627, dut result: 0.467627
Item5   Comp Pass! error percent: 0.000014%, golden result: 0.424739, dut result: 0.424739
Item6   Comp Pass! error percent: 0.000000%, golden result: 5.253194, dut result: 5.253194
===============================          7 Column Results    ======================================
Item0   Comp Pass! error percent: 0.000026%, golden result: 0.915819, dut result: 0.915819
Item1   Comp Pass! error percent: 0.000014%, golden result: 0.209362, dut result: 0.209362
Item2   Comp Pass! error percent: 0.001315%, golden result: 0.020403, dut result: 0.020403
Item3   Comp Pass! error percent: 0.000021%, golden result: 0.574550, dut result: 0.574550
Item4   Comp Pass! error percent: 0.000107%, golden result: 0.557682, dut result: 0.557683
Item5   Comp Pass! error percent: 0.000000%, golden result: 0.575591, dut result: 0.575591
Item6   Comp Pass! error percent: 0.000007%, golden result: 0.210626, dut result: 0.210626
Item7   Comp Pass! error percent: 0.000009%, golden result: 5.318820, dut result: 5.318820
===============================          8 Column Results    ======================================
Item0   Comp Pass! error percent: 0.000079%, golden result: 0.112525, dut result: 0.112525
Item1   Comp Pass! error percent: 0.000017%, golden result: 0.704105, dut result: 0.704105
Item2   Comp Pass! error percent: 0.000069%, golden result: 0.086440, dut result: 0.086440
Item3   Comp Pass! error percent: 0.000029%, golden result: 0.409654, dut result: 0.409654
Item4   Comp Pass! error percent: 0.000010%, golden result: 0.574514, dut result: 0.574514
Item5   Comp Pass! error percent: 0.000020%, golden result: 0.293360, dut result: 0.293360
Item6   Comp Pass! error percent: 0.000024%, golden result: 0.735380, dut result: 0.735380
Item7   Comp Pass! error percent: 0.000035%, golden result: 1.021754, dut result: 1.021755
Item8   Comp Pass! error percent: 0.000018%, golden result: 5.318501, dut result: 5.318502
===============================          9 Column Results    ======================================
Item0   Comp Pass! error percent: 0.000224%, golden result: 0.056663, dut result: 0.056663
Item1   Comp Pass! error percent: 0.000083%, golden result: 0.430110, dut result: 0.430110
Item2   Comp Pass! error percent: 0.000036%, golden result: 0.653535, dut result: 0.653535
Item3   Comp Pass! error percent: 0.000018%, golden result: 0.664355, dut result: 0.664355
Item4   Comp Pass! error percent: 0.000020%, golden result: 0.448505, dut result: 0.448506
Item5   Comp Pass! error percent: 0.000557%, golden result: 0.016062, dut result: 0.016062
Item6   Comp Pass! error percent: 0.000018%, golden result: 0.677643, dut result: 0.677643
Item7   Comp Pass! error percent: 0.000026%, golden result: 0.905218, dut result: 0.905218
Item8   Comp Pass! error percent: 0.000055%, golden result: 0.026943, dut result: 0.026943
Item9   Comp Pass! error percent: 0.000009%, golden result: 5.343168, dut result: 5.343167
===============================         10 Column Results    ======================================
Item0   Comp Pass! error percent: 0.000014%, golden result: 0.828354, dut result: 0.828355
Item1   Comp Pass! error percent: 0.000025%, golden result: 0.962127, dut result: 0.962128
Item2   Comp Pass! error percent: 0.000039%, golden result: 0.226928, dut result: 0.226928
Item3   Comp Pass! error percent: 0.000020%, golden result: 0.586444, dut result: 0.586444
Item4   Comp Pass! error percent: 0.000076%, golden result: 0.473422, dut result: 0.473422
Item5   Comp Pass! error percent: 0.000036%, golden result: 0.659198, dut result: 0.659198
Item6   Comp Pass! error percent: 0.000220%, golden result: 0.087991, dut result: 0.087992
Item7   Comp Pass! error percent: 0.000018%, golden result: 0.665875, dut result: 0.665875
Item8   Comp Pass! error percent: 0.000020%, golden result: 0.609788, dut result: 0.609788
Item9   Comp Pass! error percent: 0.000160%, golden result: 0.177066, dut result: 0.177066
Item10  Comp Pass! error percent: 0.000008%, golden result: 5.615203, dut result: 5.615204
===============================         11 Column Results    ======================================
Item0   Comp Pass! error percent: 0.000053%, golden result: 0.449064, dut result: 0.449064
Item1   Comp Pass! error percent: 0.000011%, golden result: 0.532925, dut result: 0.532925
Item2   Comp Pass! error percent: 0.000000%, golden result: 1.049408, dut result: 1.049408
Item3   Comp Pass! error percent: 0.000006%, golden result: 0.923403, dut result: 0.923403
Item4   Comp Pass! error percent: 0.000226%, golden result: 0.075856, dut result: 0.075857
Item5   Comp Pass! error percent: 0.000300%, golden result: 0.019844, dut result: 0.019844
Item6   Comp Pass! error percent: 0.000010%, golden result: 0.611396, dut result: 0.611396
Item7   Comp Pass! error percent: 0.000018%, golden result: 0.165633, dut result: 0.165633
Item8   Comp Pass! error percent: 0.000015%, golden result: 0.796977, dut result: 0.796977
Item9   Comp Pass! error percent: 0.000014%, golden result: 0.867952, dut result: 0.867952
Item10  Comp Pass! error percent: 0.000009%, golden result: 0.655304, dut result: 0.655304
Item11  Comp Pass! error percent: 0.000009%, golden result: 5.232667, dut result: 5.232667
===============================         12 Column Results    ======================================
Item0   Comp Pass! error percent: 0.000037%, golden result: 0.324529, dut result: 0.324529
Item1   Comp Pass! error percent: 0.000082%, golden result: 0.144953, dut result: 0.144953
Item2   Comp Pass! error percent: 0.000020%, golden result: 1.212126, dut result: 1.212126
Item3   Comp Pass! error percent: 0.000033%, golden result: 0.539471, dut result: 0.539471
Item4   Comp Pass! error percent: 0.000100%, golden result: 0.074721, dut result: 0.074721
Item5   Comp Pass! error percent: 0.000073%, golden result: 0.365522, dut result: 0.365522
Item6   Comp Pass! error percent: 0.000000%, golden result: 0.308881, dut result: 0.308881
Item7   Comp Pass! error percent: 0.000015%, golden result: 0.783913, dut result: 0.783913
Item8   Comp Pass! error percent: 0.000000%, golden result: 0.865270, dut result: 0.865270
Item9   Comp Pass! error percent: 0.000042%, golden result: 0.280625, dut result: 0.280625
Item10  Comp Pass! error percent: 0.000069%, golden result: 0.086987, dut result: 0.086987
Item11  Comp Pass! error percent: 0.000073%, golden result: 0.163961, dut result: 0.163961
Item12  Comp Pass! error percent: 0.000000%, golden result: 5.055904, dut result: 5.055904
===============================         13 Column Results    ======================================
Item0   Comp Pass! error percent: 0.001373%, golden result: 0.011940, dut result: 0.011940
Item1   Comp Pass! error percent: 0.000017%, golden result: 0.710320, dut result: 0.710320
Item2   Comp Pass! error percent: 0.000019%, golden result: 0.318013, dut result: 0.318013
Item3   Comp Pass! error percent: 0.000058%, golden result: 0.102460, dut result: 0.102460
Item4   Comp Pass! error percent: 0.000046%, golden result: 0.225205, dut result: 0.225205
Item5   Comp Pass! error percent: 0.000049%, golden result: 1.209352, dut result: 1.209353
Item6   Comp Pass! error percent: 0.000078%, golden result: 0.838282, dut result: 0.838283
Item7   Comp Pass! error percent: 0.000007%, golden result: 0.424693, dut result: 0.424693
Item8   Comp Pass! error percent: 0.000039%, golden result: 0.768877, dut result: 0.768877
Item9   Comp Pass! error percent: 0.000008%, golden result: 0.193102, dut result: 0.193102
Item10  Comp Pass! error percent: 0.000031%, golden result: 1.166120, dut result: 1.166121
Item11  Comp Pass! error percent: 0.000037%, golden result: 0.809384, dut result: 0.809384
Item12  Comp Pass! error percent: 0.000419%, golden result: 0.024906, dut result: 0.024906
Item13  Comp Pass! error percent: 0.000000%, golden result: 5.390314, dut result: 5.390314
===============================         14 Column Results    ======================================
Item0   Comp Pass! error percent: 0.000038%, golden result: 0.317373, dut result: 0.317372
Item1   Comp Pass! error percent: 0.000035%, golden result: 1.686006, dut result: 1.686005
Item2   Comp Pass! error percent: 0.000015%, golden result: 1.544005, dut result: 1.544006
Item3   Comp Pass! error percent: 0.000011%, golden result: 0.550723, dut result: 0.550724
Item4   Comp Pass! error percent: 0.000063%, golden result: 0.166240, dut result: 0.166240
Item5   Comp Pass! error percent: 0.000060%, golden result: 0.247756, dut result: 0.247756
Item6   Comp Pass! error percent: 0.000042%, golden result: 1.124380, dut result: 1.124380
Item7   Comp Pass! error percent: 0.000035%, golden result: 1.020184, dut result: 1.020184
Item8   Comp Pass! error percent: 0.000223%, golden result: 0.073433, dut result: 0.073433
Item9   Comp Pass! error percent: 0.000033%, golden result: 1.074113, dut result: 1.074113
Item10  Comp Pass! error percent: 0.000049%, golden result: 0.483276, dut result: 0.483276
Item11  Comp Pass! error percent: 0.000011%, golden result: 0.273817, dut result: 0.273817
Item12  Comp Pass! error percent: 0.000000%, golden result: 0.437462, dut result: 0.437462
Item13  Comp Pass! error percent: 0.000143%, golden result: 0.104482, dut result: 0.104482
Item14  Comp Pass! error percent: 0.000010%, golden result: 4.895104, dut result: 4.895104
===============================         15 Column Results    ======================================
Item0   Comp Pass! error percent: 0.000044%, golden result: 0.118358, dut result: 0.118358
Item1   Comp Pass! error percent: 0.000000%, golden result: 0.699079, dut result: 0.699079
Item2   Comp Pass! error percent: 0.000016%, golden result: 0.734568, dut result: 0.734568
Item3   Comp Pass! error percent: 0.000000%, golden result: 0.298503, dut result: 0.298503
Item4   Comp Pass! error percent: 0.000047%, golden result: 0.252158, dut result: 0.252158
Item5   Comp Pass! error percent: 0.000085%, golden result: 0.280870, dut result: 0.280870
Item6   Comp Pass! error percent: 0.000066%, golden result: 0.542713, dut result: 0.542714
Item7   Comp Pass! error percent: 0.000514%, golden result: 0.020304, dut result: 0.020304
Item8   Comp Pass! error percent: 0.000010%, golden result: 1.241321, dut result: 1.241321
Item9   Comp Pass! error percent: 0.000149%, golden result: 0.399676, dut result: 0.399676
Item10  Comp Pass! error percent: 0.000000%, golden result: 0.359291, dut result: 0.359291
Item11  Comp Pass! error percent: 0.000021%, golden result: 0.285098, dut result: 0.285098
Item12  Comp Pass! error percent: 0.000008%, golden result: 1.408622, dut result: 1.408622
Item13  Comp Pass! error percent: 0.000023%, golden result: 0.509854, dut result: 0.509854
Item14  Comp Pass! error percent: 0.000094%, golden result: 0.379863, dut result: 0.379864
Item15  Comp Pass! error percent: 0.000026%, golden result: 5.522505, dut result: 5.522504
===============================         16 Column Results    ======================================
Item0   Comp Pass! error percent: 0.000208%, golden result: 0.114878, dut result: 0.114878
Item1   Comp Pass! error percent: 0.000088%, golden result: 0.067648, dut result: 0.067648
Item2   Comp Pass! error percent: 0.000049%, golden result: 0.122611, dut result: 0.122611
Item3   Comp Pass! error percent: 0.000530%, golden result: 0.028125, dut result: 0.028125
Item4   Comp Pass! error percent: 0.000139%, golden result: 0.150439, dut result: 0.150439
Item5   Comp Pass! error percent: 0.000171%, golden result: 0.218155, dut result: 0.218156
Item6   Comp Pass! error percent: 0.000384%, golden result: 0.012132, dut result: 0.012132
Item7   Comp Pass! error percent: 0.000045%, golden result: 0.526155, dut result: 0.526155
Item8   Comp Pass! error percent: 0.000361%, golden result: 0.090797, dut result: 0.090797
Item9   Comp Pass! error percent: 0.000126%, golden result: 0.165237, dut result: 0.165236
Item10  Comp Pass! error percent: 0.000007%, golden result: 0.446010, dut result: 0.446010
Item11  Comp Pass! error percent: 0.000080%, golden result: 0.224174, dut result: 0.224174
Item12  Comp Pass! error percent: 0.000013%, golden result: 0.888388, dut result: 0.888388
Item13  Comp Pass! error percent: 0.000022%, golden result: 1.066566, dut result: 1.066566
Item14  Comp Pass! error percent: 0.000045%, golden result: 0.333329, dut result: 0.333329
Item15  Comp Pass! error percent: 0.000036%, golden result: 0.331396, dut result: 0.331396
Item16  Comp Pass! error percent: 0.000026%, golden result: 5.483934, dut result: 5.483935
===============================         17 Column Results    ======================================
Item0   Comp Pass! error percent: 0.000188%, golden result: 0.079070, dut result: 0.079070
Item1   Comp Pass! error percent: 0.000695%, golden result: 0.012871, dut result: 0.012871
Item2   Comp Pass! error percent: 0.000027%, golden result: 0.217219, dut result: 0.217219
Item3   Comp Pass! error percent: 0.000102%, golden result: 0.073083, dut result: 0.073083
Item4   Comp Pass! error percent: 0.000051%, golden result: 0.175517, dut result: 0.175517
Item5   Comp Pass! error percent: 0.000020%, golden result: 0.590235, dut result: 0.590235
Item6   Comp Pass! error percent: 0.000030%, golden result: 0.196470, dut result: 0.196470
Item7   Comp Pass! error percent: 0.000020%, golden result: 0.610189, dut result: 0.610189
Item8   Comp Pass! error percent: 0.000050%, golden result: 0.300197, dut result: 0.300197
Item9   Comp Pass! error percent: 0.000000%, golden result: 0.129071, dut result: 0.129071
Item10  Comp Pass! error percent: 0.000027%, golden result: 0.653086, dut result: 0.653086
Item11  Comp Pass! error percent: 0.000084%, golden result: 0.426764, dut result: 0.426764
Item12  Comp Pass! error percent: 0.000024%, golden result: 0.731249, dut result: 0.731249
Item13  Comp Pass! error percent: 0.000060%, golden result: 0.594898, dut result: 0.594898
Item14  Comp Pass! error percent: 0.000179%, golden result: 0.250245, dut result: 0.250245
Item15  Comp Pass! error percent: 0.000034%, golden result: 0.528649, dut result: 0.528649
Item16  Comp Pass! error percent: 0.000011%, golden result: 0.264265, dut result: 0.264265
Item17  Comp Pass! error percent: 0.000009%, golden result: 5.167914, dut result: 5.167914
===============================         18 Column Results    ======================================
Item0   Comp Pass! error percent: 0.000020%, golden result: 0.147646, dut result: 0.147646
Item1   Comp Pass! error percent: 0.000009%, golden result: 0.314397, dut result: 0.314397
Item2   Comp Pass! error percent: 0.000000%, golden result: 0.259212, dut result: 0.259212
Item3   Comp Pass! error percent: 0.000010%, golden result: 1.188356, dut result: 1.188356
Item4   Comp Pass! error percent: 0.000043%, golden result: 0.825004, dut result: 0.825005
Item5   Comp Pass! error percent: 0.000065%, golden result: 0.644714, dut result: 0.644715
Item6   Comp Pass! error percent: 0.000034%, golden result: 0.432931, dut result: 0.432931
Item7   Comp Pass! error percent: 0.000058%, golden result: 0.205325, dut result: 0.205325
Item8   Comp Pass! error percent: 0.000114%, golden result: 0.182537, dut result: 0.182537
Item9   Comp Pass! error percent: 0.000067%, golden result: 0.266428, dut result: 0.266428
Item10  Comp Pass! error percent: 0.000000%, golden result: 0.062421, dut result: 0.062421
Item11  Comp Pass! error percent: 0.000038%, golden result: 1.260025, dut result: 1.260026
Item12  Comp Pass! error percent: 0.000094%, golden result: 0.315841, dut result: 0.315841
Item13  Comp Pass! error percent: 0.000687%, golden result: 0.043369, dut result: 0.043370
Item14  Comp Pass! error percent: 0.000186%, golden result: 0.256877, dut result: 0.256877
Item15  Comp Pass! error percent: 0.000032%, golden result: 1.122314, dut result: 1.122315
Item16  Comp Pass! error percent: 0.000099%, golden result: 0.842443, dut result: 0.842444
Item17  Comp Pass! error percent: 0.001854%, golden result: 0.020897, dut result: 0.020897
Item18  Comp Pass! error percent: 0.000009%, golden result: 5.441481, dut result: 5.441482
===============================         19 Column Results    ======================================
Item0   Comp Pass! error percent: 0.000028%, golden result: 0.431680, dut result: 0.431681
Item1   Comp Pass! error percent: 0.000025%, golden result: 0.476905, dut result: 0.476905
Item2   Comp Pass! error percent: 0.000019%, golden result: 0.637989, dut result: 0.637989
Item3   Comp Pass! error percent: 0.000013%, golden result: 0.464928, dut result: 0.464928
Item4   Comp Pass! error percent: 0.000035%, golden result: 0.683870, dut result: 0.683870
Item5   Comp Pass! error percent: 0.000010%, golden result: 0.608980, dut result: 0.608980
Item6   Comp Pass! error percent: 0.000086%, golden result: 0.347779, dut result: 0.347779
Item7   Comp Pass! error percent: 0.000042%, golden result: 0.423005, dut result: 0.423005
Item8   Comp Pass! error percent: 0.000031%, golden result: 0.285264, dut result: 0.285264
Item9   Comp Pass! error percent: 0.000178%, golden result: 0.056433, dut result: 0.056433
Item10  Comp Pass! error percent: 0.000000%, golden result: 0.247187, dut result: 0.247187
Item11  Comp Pass! error percent: 0.000078%, golden result: 0.460353, dut result: 0.460353
Item12  Comp Pass! error percent: 0.000029%, golden result: 1.223958, dut result: 1.223959
Item13  Comp Pass! error percent: 0.000015%, golden result: 0.811597, dut result: 0.811597
Item14  Comp Pass! error percent: 0.000056%, golden result: 0.748838, dut result: 0.748838
Item15  Comp Pass! error percent: 0.000034%, golden result: 0.885157, dut result: 0.885156
Item16  Comp Pass! error percent: 0.000127%, golden result: 0.211991, dut result: 0.211991
Item17  Comp Pass! error percent: 0.000061%, golden result: 0.194189, dut result: 0.194189
Item18  Comp Pass! error percent: 0.000062%, golden result: 0.387189, dut result: 0.387188
Item19  Comp Pass! error percent: 0.000010%, golden result: 4.694246, dut result: 4.694246
===============================         20 Column Results    ======================================
Item0   Comp Pass! error percent: 0.000032%, golden result: 0.460517, dut result: 0.460517
Item1   Comp Pass! error percent: 0.000006%, golden result: 0.488539, dut result: 0.488539
Item2   Comp Pass! error percent: 0.000013%, golden result: 0.890295, dut result: 0.890295
Item3   Comp Pass! error percent: 0.000025%, golden result: 0.364397, dut result: 0.364397
Item4   Comp Pass! error percent: 0.000030%, golden result: 1.206617, dut result: 1.206617
Item5   Comp Pass! error percent: 0.001344%, golden result: 0.002217, dut result: 0.002217
Item6   Comp Pass! error percent: 0.000008%, golden result: 0.723705, dut result: 0.723705
Item7   Comp Pass! error percent: 0.000000%, golden result: 1.116334, dut result: 1.116334
Item8   Comp Pass! error percent: 0.000054%, golden result: 0.221406, dut result: 0.221406
Item9   Comp Pass! error percent: 0.000018%, golden result: 0.649451, dut result: 0.649451
Item10  Comp Pass! error percent: 0.000009%, golden result: 0.632811, dut result: 0.632811
Item11  Comp Pass! error percent: 0.000025%, golden result: 0.239998, dut result: 0.239998
Item12  Comp Pass! error percent: 0.000013%, golden result: 0.117227, dut result: 0.117227
Item13  Comp Pass! error percent: 0.000022%, golden result: 0.271595, dut result: 0.271595
Item14  Comp Pass! error percent: 0.000083%, golden result: 0.142854, dut result: 0.142854
Item15  Comp Pass! error percent: 0.000028%, golden result: 0.212882, dut result: 0.212882
Item16  Comp Pass! error percent: 0.000055%, golden result: 0.763476, dut result: 0.763476
Item17  Comp Pass! error percent: 0.000021%, golden result: 0.860075, dut result: 0.860075
Item18  Comp Pass! error percent: 0.000033%, golden result: 0.896396, dut result: 0.896396
Item19  Comp Pass! error percent: 0.000017%, golden result: 0.343625, dut result: 0.343625
Item20  Comp Pass! error percent: 0.000009%, golden result: 5.312433, dut result: 5.312432
===============================         21 Column Results    ======================================
Item0   Comp Pass! error percent: 0.000043%, golden result: 0.419239, dut result: 0.419239
Item1   Comp Pass! error percent: 0.000072%, golden result: 0.103935, dut result: 0.103935
Item2   Comp Pass! error percent: 0.000000%, golden result: 0.520395, dut result: 0.520395
Item3   Comp Pass! error percent: 0.000012%, golden result: 1.925766, dut result: 1.925766
Item4   Comp Pass! error percent: 0.000000%, golden result: 0.595223, dut result: 0.595223
Item5   Comp Pass! error percent: 0.000026%, golden result: 0.906846, dut result: 0.906845
Item6   Comp Pass! error percent: 0.000030%, golden result: 0.594985, dut result: 0.594985
Item7   Comp Pass! error percent: 0.000058%, golden result: 0.204943, dut result: 0.204944
Item8   Comp Pass! error percent: 0.000042%, golden result: 0.283115, dut result: 0.283115
Item9   Comp Pass! error percent: 0.000027%, golden result: 0.220008, dut result: 0.220008
Item10  Comp Pass! error percent: 0.000033%, golden result: 1.081020, dut result: 1.081020
Item11  Comp Pass! error percent: 0.000014%, golden result: 0.879337, dut result: 0.879337
Item12  Comp Pass! error percent: 0.000013%, golden result: 0.933082, dut result: 0.933082
Item13  Comp Pass! error percent: 0.000260%, golden result: 0.111954, dut result: 0.111953
Item14  Comp Pass! error percent: 0.000345%, golden result: 0.069142, dut result: 0.069142
Item15  Comp Pass! error percent: 0.000075%, golden result: 0.315924, dut result: 0.315923
Item16  Comp Pass! error percent: 0.000057%, golden result: 0.525671, dut result: 0.525672
Item17  Comp Pass! error percent: 0.000171%, golden result: 0.026142, dut result: 0.026142
Item18  Comp Pass! error percent: 0.001488%, golden result: 0.014022, dut result: 0.014022
Item19  Comp Pass! error percent: 0.000049%, golden result: 0.182450, dut result: 0.182450
Item20  Comp Pass! error percent: 0.000042%, golden result: 0.424213, dut result: 0.424213
Item21  Comp Pass! error percent: 0.000040%, golden result: 4.767535, dut result: 4.767537
===============================         22 Column Results    ======================================
Item0   Comp Pass! error percent: 0.000052%, golden result: 1.139333, dut result: 1.139333
Item1   Comp Pass! error percent: 0.000040%, golden result: 0.890118, dut result: 0.890118
Item2   Comp Pass! error percent: 0.000119%, golden result: 0.276082, dut result: 0.276081
Item3   Comp Pass! error percent: 0.000413%, golden result: 0.024342, dut result: 0.024342
Item4   Comp Pass! error percent: 0.000035%, golden result: 0.689237, dut result: 0.689237
Item5   Comp Pass! error percent: 0.000045%, golden result: 0.133358, dut result: 0.133358
Item6   Comp Pass! error percent: 0.000182%, golden result: 0.147095, dut result: 0.147094
Item7   Comp Pass! error percent: 0.000036%, golden result: 0.415068, dut result: 0.415069
Item8   Comp Pass! error percent: 0.000012%, golden result: 0.957169, dut result: 0.957170
Item9   Comp Pass! error percent: 0.000076%, golden result: 0.394516, dut result: 0.394517
Item10  Comp Pass! error percent: 0.000167%, golden result: 0.231662, dut result: 0.231663
Item11  Comp Pass! error percent: 0.000068%, golden result: 0.784211, dut result: 0.784210
Item12  Comp Pass! error percent: 0.000065%, golden result: 0.364162, dut result: 0.364161
Item13  Comp Pass! error percent: 0.000020%, golden result: 1.173167, dut result: 1.173167
Item14  Comp Pass! error percent: 0.000000%, golden result: 0.764604, dut result: 0.764604
Item15  Comp Pass! error percent: 0.000051%, golden result: 0.235686, dut result: 0.235685
Item16  Comp Pass! error percent: 0.000058%, golden result: 0.824720, dut result: 0.824721
Item17  Comp Pass! error percent: 0.000023%, golden result: 0.396547, dut result: 0.396547
Item18  Comp Pass! error percent: 0.000083%, golden result: 0.214527, dut result: 0.214527
Item19  Comp Pass! error percent: 0.000123%, golden result: 0.217489, dut result: 0.217489
Item20  Comp Pass! error percent: 0.000025%, golden result: 0.962733, dut result: 0.962733
Item21  Comp Pass! error percent: 0.000031%, golden result: 0.577071, dut result: 0.577071
Item22  Comp Pass! error percent: 0.000019%, golden result: 4.978890, dut result: 4.978891
===============================         23 Column Results    ======================================
Item0   Comp Pass! error percent: 0.000018%, golden result: 0.970006, dut result: 0.970006
Item1   Comp Pass! error percent: 0.000008%, golden result: 0.385732, dut result: 0.385732
Item2   Comp Pass! error percent: 0.000066%, golden result: 0.179717, dut result: 0.179718
Item3   Comp Pass! error percent: 0.000476%, golden result: 0.072065, dut result: 0.072065
Item4   Comp Pass! error percent: 0.000033%, golden result: 0.536808, dut result: 0.536808
Item5   Comp Pass! error percent: 0.000325%, golden result: 0.100853, dut result: 0.100852
Item6   Comp Pass! error percent: 0.000205%, golden result: 0.039998, dut result: 0.039998
Item7   Comp Pass! error percent: 0.000059%, golden result: 0.607294, dut result: 0.607294
Item8   Comp Pass! error percent: 0.000022%, golden result: 1.064288, dut result: 1.064288
Item9   Comp Pass! error percent: 0.000006%, golden result: 0.122186, dut result: 0.122186
Item10  Comp Pass! error percent: 0.000000%, golden result: 0.082355, dut result: 0.082355
Item11  Comp Pass! error percent: 0.000052%, golden result: 0.688581, dut result: 0.688582
Item12  Comp Pass! error percent: 0.000025%, golden result: 1.434629, dut result: 1.434628
Item13  Comp Pass! error percent: 0.000028%, golden result: 0.431228, dut result: 0.431228
Item14  Comp Pass! error percent: 0.000066%, golden result: 0.314988, dut result: 0.314987
Item15  Comp Pass! error percent: 0.000019%, golden result: 0.315401, dut result: 0.315401
Item16  Comp Pass! error percent: 0.000072%, golden result: 0.662789, dut result: 0.662789
Item17  Comp Pass! error percent: 0.000022%, golden result: 0.541117, dut result: 0.541117
Item18  Comp Pass! error percent: 0.000049%, golden result: 0.302099, dut result: 0.302099
Item19  Comp Pass! error percent: 0.000012%, golden result: 0.119220, dut result: 0.119220
Item20  Comp Pass! error percent: 0.000062%, golden result: 0.387509, dut result: 0.387509
Item21  Comp Pass! error percent: 0.000062%, golden result: 0.431770, dut result: 0.431770
Item22  Comp Pass! error percent: 0.000064%, golden result: 0.554629, dut result: 0.554630
Item23  Comp Pass! error percent: 0.000019%, golden result: 5.046952, dut result: 5.046953
===============================         24 Column Results    ======================================
Item0   Comp Pass! error percent: 0.000008%, golden result: 1.436360, dut result: 1.436360
Item1   Comp Pass! error percent: 0.000032%, golden result: 0.465214, dut result: 0.465214
Item2   Comp Pass! error percent: 0.000036%, golden result: 0.838806, dut result: 0.838806
Item3   Comp Pass! error percent: 0.000000%, golden result: 0.389733, dut result: 0.389733
Item4   Comp Pass! error percent: 0.000006%, golden result: 0.917012, dut result: 0.917012
Item5   Comp Pass! error percent: 0.000022%, golden result: 1.070126, dut result: 1.070126
Item6   Comp Pass! error percent: 0.000060%, golden result: 0.299221, dut result: 0.299221
Item7   Comp Pass! error percent: 0.000044%, golden result: 0.680853, dut result: 0.680853
Item8   Comp Pass! error percent: 0.000059%, golden result: 0.252194, dut result: 0.252193
Item9   Comp Pass! error percent: 0.000263%, golden result: 0.034040, dut result: 0.034039
Item10  Comp Pass! error percent: 0.000183%, golden result: 0.292468, dut result: 0.292469
Item11  Comp Pass! error percent: 0.000119%, golden result: 0.225377, dut result: 0.225377
Item12  Comp Pass! error percent: 0.000103%, golden result: 0.116189, dut result: 0.116189
Item13  Comp Pass! error percent: 0.000492%, golden result: 0.050021, dut result: 0.050021
Item14  Comp Pass! error percent: 0.000015%, golden result: 0.405711, dut result: 0.405711
Item15  Comp Pass! error percent: 0.000071%, golden result: 0.211038, dut result: 0.211039
Item16  Comp Pass! error percent: 0.000121%, golden result: 0.370566, dut result: 0.370565
Item17  Comp Pass! error percent: 0.000129%, golden result: 0.150229, dut result: 0.150228
Item18  Comp Pass! error percent: 0.000766%, golden result: 0.029183, dut result: 0.029183
Item19  Comp Pass! error percent: 0.000025%, golden result: 0.963442, dut result: 0.963442
Item20  Comp Pass! error percent: 0.000017%, golden result: 0.722301, dut result: 0.722301
Item21  Comp Pass! error percent: 0.000151%, golden result: 0.315252, dut result: 0.315253
Item22  Comp Pass! error percent: 0.000099%, golden result: 0.542925, dut result: 0.542926
Item23  Comp Pass! error percent: 0.000064%, golden result: 1.123807, dut result: 1.123807
Item24  Comp Pass! error percent: 0.000009%, golden result: 5.299176, dut result: 5.299176
===============================         25 Column Results    ======================================
Item0   Comp Pass! error percent: 0.001447%, golden result: 0.004120, dut result: 0.004120
Item1   Comp Pass! error percent: 0.000026%, golden result: 0.915286, dut result: 0.915286
Item2   Comp Pass! error percent: 0.000012%, golden result: 0.968845, dut result: 0.968845
Item3   Comp Pass! error percent: 0.000036%, golden result: 0.163723, dut result: 0.163723
Item4   Comp Pass! error percent: 0.000022%, golden result: 0.266270, dut result: 0.266270
Item5   Comp Pass! error percent: 0.000014%, golden result: 0.824428, dut result: 0.824428
Item6   Comp Pass! error percent: 0.000021%, golden result: 0.278624, dut result: 0.278624
Item7   Comp Pass! error percent: 0.000052%, golden result: 0.578070, dut result: 0.578071
Item8   Comp Pass! error percent: 0.000051%, golden result: 0.175715, dut result: 0.175715
Item9   Comp Pass! error percent: 0.000088%, golden result: 0.407348, dut result: 0.407348
Item10  Comp Pass! error percent: 0.000022%, golden result: 0.530335, dut result: 0.530335
Item11  Comp Pass! error percent: 0.000051%, golden result: 0.701285, dut result: 0.701285
Item12  Comp Pass! error percent: 0.000090%, golden result: 0.298875, dut result: 0.298875
Item13  Comp Pass! error percent: 0.002162%, golden result: 0.005514, dut result: 0.005514
Item14  Comp Pass! error percent: 0.000170%, golden result: 0.228056, dut result: 0.228056
Item15  Comp Pass! error percent: 0.000099%, golden result: 0.075331, dut result: 0.075331
Item16  Comp Pass! error percent: 0.000000%, golden result: 0.966521, dut result: 0.966521
Item17  Comp Pass! error percent: 0.000038%, golden result: 0.470974, dut result: 0.470974
Item18  Comp Pass! error percent: 0.000011%, golden result: 1.099904, dut result: 1.099904
Item19  Comp Pass! error percent: 0.000045%, golden result: 0.065885, dut result: 0.065885
Item20  Comp Pass! error percent: 0.000104%, golden result: 0.057306, dut result: 0.057306
Item21  Comp Pass! error percent: 0.000078%, golden result: 0.456133, dut result: 0.456133
Item22  Comp Pass! error percent: 0.000017%, golden result: 0.357839, dut result: 0.357839
Item23  Comp Pass! error percent: 0.000099%, golden result: 0.195411, dut result: 0.195411
Item24  Comp Pass! error percent: 0.005515%, golden result: 0.004864, dut result: 0.004864
Item25  Comp Pass! error percent: 0.000000%, golden result: 5.199694, dut result: 5.199694
===============================         26 Column Results    ======================================
Item0   Comp Pass! error percent: 0.000101%, golden result: 0.414246, dut result: 0.414247
Item1   Comp Pass! error percent: 0.000018%, golden result: 0.331542, dut result: 0.331542
Item2   Comp Pass! error percent: 0.000008%, golden result: 0.369268, dut result: 0.369268
Item3   Comp Pass! error percent: 0.000000%, golden result: 0.682719, dut result: 0.682719
Item4   Comp Pass! error percent: 0.000034%, golden result: 0.518902, dut result: 0.518902
Item5   Comp Pass! error percent: 0.000105%, golden result: 0.141363, dut result: 0.141363
Item6   Comp Pass! error percent: 0.000063%, golden result: 0.213700, dut result: 0.213700
Item7   Comp Pass! error percent: 0.000104%, golden result: 0.030421, dut result: 0.030421
Item8   Comp Pass! error percent: 0.000070%, golden result: 0.021363, dut result: 0.021363
Item9   Comp Pass! error percent: 0.000121%, golden result: 0.271971, dut result: 0.271971
Item10  Comp Pass! error percent: 0.000022%, golden result: 0.803085, dut result: 0.803085
Item11  Comp Pass! error percent: 0.000025%, golden result: 0.118572, dut result: 0.118572
Item12  Comp Pass! error percent: 0.000181%, golden result: 0.214042, dut result: 0.214042
Item13  Comp Pass! error percent: 0.000055%, golden result: 0.380094, dut result: 0.380094
Item14  Comp Pass! error percent: 0.000052%, golden result: 0.568317, dut result: 0.568317
Item15  Comp Pass! error percent: 0.000000%, golden result: 0.864844, dut result: 0.864844
Item16  Comp Pass! error percent: 0.000012%, golden result: 0.494869, dut result: 0.494869
Item17  Comp Pass! error percent: 0.000098%, golden result: 0.488000, dut result: 0.488000
Item18  Comp Pass! error percent: 0.000047%, golden result: 0.763471, dut result: 0.763471
Item19  Comp Pass! error percent: 0.000026%, golden result: 0.912752, dut result: 0.912753
Item20  Comp Pass! error percent: 0.000053%, golden result: 0.225436, dut result: 0.225436
Item21  Comp Pass! error percent: 0.000000%, golden result: 1.020693, dut result: 1.020693
Item22  Comp Pass! error percent: 0.000152%, golden result: 0.196279, dut result: 0.196279
Item23  Comp Pass! error percent: 0.000985%, golden result: 0.030259, dut result: 0.030259
Item24  Comp Pass! error percent: 0.000013%, golden result: 0.901217, dut result: 0.901217
Item25  Comp Pass! error percent: 0.000030%, golden result: 0.806481, dut result: 0.806481
Item26  Comp Pass! error percent: 0.000009%, golden result: 5.184810, dut result: 5.184811
===============================         27 Column Results    ======================================
Item0   Comp Pass! error percent: 0.000000%, golden result: 0.478664, dut result: 0.478664
Item1   Comp Pass! error percent: 0.000017%, golden result: 0.683758, dut result: 0.683758
Item2   Comp Pass! error percent: 0.000071%, golden result: 0.422349, dut result: 0.422350
Item3   Comp Pass! error percent: 0.000050%, golden result: 0.358588, dut result: 0.358589
Item4   Comp Pass! error percent: 0.000011%, golden result: 0.266644, dut result: 0.266644
Item5   Comp Pass! error percent: 0.000000%, golden result: 0.523774, dut result: 0.523774
Item6   Comp Pass! error percent: 0.000283%, golden result: 0.078945, dut result: 0.078944
Item7   Comp Pass! error percent: 0.000045%, golden result: 0.197892, dut result: 0.197892
Item8   Comp Pass! error percent: 0.000495%, golden result: 0.046699, dut result: 0.046699
Item9   Comp Pass! error percent: 0.000110%, golden result: 0.054196, dut result: 0.054196
Item10  Comp Pass! error percent: 0.000393%, golden result: 0.121254, dut result: 0.121254
Item11  Comp Pass! error percent: 0.000097%, golden result: 0.092354, dut result: 0.092354
Item12  Comp Pass! error percent: 0.000037%, golden result: 0.636743, dut result: 0.636743
Item13  Comp Pass! error percent: 0.000212%, golden result: 0.168646, dut result: 0.168646
Item14  Comp Pass! error percent: 0.000033%, golden result: 0.457414, dut result: 0.457414
Item15  Comp Pass! error percent: 0.000011%, golden result: 1.067434, dut result: 1.067434
Item16  Comp Pass! error percent: 0.000010%, golden result: 0.604131, dut result: 0.604131
Item17  Comp Pass! error percent: 0.000274%, golden result: 0.076155, dut result: 0.076155
Item18  Comp Pass! error percent: 0.000030%, golden result: 0.490352, dut result: 0.490352
Item19  Comp Pass! error percent: 0.000020%, golden result: 1.179467, dut result: 1.179468
Item20  Comp Pass! error percent: 0.000031%, golden result: 0.096388, dut result: 0.096388
Item21  Comp Pass! error percent: 0.000043%, golden result: 0.689047, dut result: 0.689046
Item22  Comp Pass! error percent: 0.000018%, golden result: 0.654481, dut result: 0.654481
Item23  Comp Pass! error percent: 0.000000%, golden result: 0.781431, dut result: 0.781431
Item24  Comp Pass! error percent: 0.000028%, golden result: 0.315025, dut result: 0.315025
Item25  Comp Pass! error percent: 0.000108%, golden result: 0.082682, dut result: 0.082682
Item26  Comp Pass! error percent: 0.000009%, golden result: 1.337002, dut result: 1.337002
Item27  Comp Pass! error percent: 0.000030%, golden result: 4.695663, dut result: 4.695664
===============================         28 Column Results    ======================================
Item0   Comp Pass! error percent: 0.000032%, golden result: 1.867165, dut result: 1.867166
Item1   Comp Pass! error percent: 0.000016%, golden result: 1.470447, dut result: 1.470447
Item2   Comp Pass! error percent: 0.000037%, golden result: 0.318049, dut result: 0.318049
Item3   Comp Pass! error percent: 0.000121%, golden result: 0.160044, dut result: 0.160044
Item4   Comp Pass! error percent: 0.000032%, golden result: 0.940143, dut result: 0.940143
Item5   Comp Pass! error percent: 0.000084%, golden result: 0.177924, dut result: 0.177924
Item6   Comp Pass! error percent: 0.000066%, golden result: 0.090116, dut result: 0.090116
Item7   Comp Pass! error percent: 0.000021%, golden result: 0.554704, dut result: 0.554704
Item8   Comp Pass! error percent: 0.000024%, golden result: 0.505180, dut result: 0.505180
Item9   Comp Pass! error percent: 0.000021%, golden result: 0.575661, dut result: 0.575661
Item10  Comp Pass! error percent: 0.000062%, golden result: 0.382604, dut result: 0.382605
Item11  Comp Pass! error percent: 0.000010%, golden result: 1.237364, dut result: 1.237365
Item12  Comp Pass! error percent: 0.000000%, golden result: 0.894104, dut result: 0.894104
Item13  Comp Pass! error percent: 0.000014%, golden result: 0.847239, dut result: 0.847240
Item14  Comp Pass! error percent: 0.000032%, golden result: 0.275937, dut result: 0.275937
Item15  Comp Pass! error percent: 0.000019%, golden result: 1.266471, dut result: 1.266471
Item16  Comp Pass! error percent: 0.000011%, golden result: 0.518662, dut result: 0.518662
Item17  Comp Pass! error percent: 0.000101%, golden result: 0.469934, dut result: 0.469935
Item18  Comp Pass! error percent: 0.000244%, golden result: 0.176898, dut result: 0.176898
Item19  Comp Pass! error percent: 0.000130%, golden result: 0.091669, dut result: 0.091669
Item20  Comp Pass! error percent: 0.000069%, golden result: 0.301292, dut result: 0.301293
Item21  Comp Pass! error percent: 0.000030%, golden result: 0.591962, dut result: 0.591962
Item22  Comp Pass! error percent: 0.000022%, golden result: 0.538142, dut result: 0.538142
Item23  Comp Pass! error percent: 0.000000%, golden result: 1.043105, dut result: 1.043105
Item24  Comp Pass! error percent: 0.000178%, golden result: 0.133763, dut result: 0.133763
Item25  Comp Pass! error percent: 0.000019%, golden result: 1.241690, dut result: 1.241691
Item26  Comp Pass! error percent: 0.000142%, golden result: 0.546443, dut result: 0.546442
Item27  Comp Pass! error percent: 0.000000%, golden result: 0.734068, dut result: 0.734068
Item28  Comp Pass! error percent: 0.000000%, golden result: 4.679248, dut result: 4.679248
===============================         29 Column Results    ======================================
Item0   Comp Pass! error percent: 0.000041%, golden result: 0.289106, dut result: 0.289107
Item1   Comp Pass! error percent: 0.000012%, golden result: 0.129221, dut result: 0.129221
Item2   Comp Pass! error percent: 0.000126%, golden result: 0.189627, dut result: 0.189627
Item3   Comp Pass! error percent: 0.000047%, golden result: 0.253003, dut result: 0.253004
Item4   Comp Pass! error percent: 0.000039%, golden result: 0.028804, dut result: 0.028804
Item5   Comp Pass! error percent: 0.000031%, golden result: 0.386067, dut result: 0.386067
Item6   Comp Pass! error percent: 0.000049%, golden result: 0.487777, dut result: 0.487777
Item7   Comp Pass! error percent: 0.000373%, golden result: 0.023951, dut result: 0.023952
Item8   Comp Pass! error percent: 0.000091%, golden result: 0.524368, dut result: 0.524369
Item9   Comp Pass! error percent: 0.000016%, golden result: 0.382386, dut result: 0.382386
Item10  Comp Pass! error percent: 0.000051%, golden result: 0.145506, dut result: 0.145506
Item11  Comp Pass! error percent: 0.000014%, golden result: 0.209417, dut result: 0.209417
Item12  Comp Pass! error percent: 0.000015%, golden result: 0.404943, dut result: 0.404943
Item13  Comp Pass! error percent: 0.000009%, golden result: 0.316073, dut result: 0.316072
Item14  Comp Pass! error percent: 0.000024%, golden result: 0.490167, dut result: 0.490167
Item15  Comp Pass! error percent: 0.000038%, golden result: 0.620320, dut result: 0.620320
Item16  Comp Pass! error percent: 0.000168%, golden result: 0.159690, dut result: 0.159690
Item17  Comp Pass! error percent: 0.000142%, golden result: 0.083816, dut result: 0.083815
Item18  Comp Pass! error percent: 0.000091%, golden result: 0.788526, dut result: 0.788527
Item19  Comp Pass! error percent: 0.000012%, golden result: 0.502181, dut result: 0.502181
Item20  Comp Pass! error percent: 0.000415%, golden result: 0.186605, dut result: 0.186604
Item21  Comp Pass! error percent: 0.000056%, golden result: 0.638492, dut result: 0.638493
Item22  Comp Pass! error percent: 0.000096%, golden result: 0.170071, dut result: 0.170071
Item23  Comp Pass! error percent: 0.000031%, golden result: 0.485393, dut result: 0.485393
Item24  Comp Pass! error percent: 0.000945%, golden result: 0.031528, dut result: 0.031529
Item25  Comp Pass! error percent: 0.000146%, golden result: 0.470903, dut result: 0.470903
Item26  Comp Pass! error percent: 0.000484%, golden result: 0.144626, dut result: 0.144626
Item27  Comp Pass! error percent: 0.000029%, golden result: 0.821935, dut result: 0.821935
Item28  Comp Pass! error percent: 0.000032%, golden result: 0.553993, dut result: 0.553993
Item29  Comp Pass! error percent: 0.000010%, golden result: 4.852199, dut result: 4.852199
===============================         30 Column Results    ======================================
Item0   Comp Pass! error percent: 0.000106%, golden result: 0.070175, dut result: 0.070175
Item1   Comp Pass! error percent: 0.000010%, golden result: 0.613169, dut result: 0.613169
Item2   Comp Pass! error percent: 0.000062%, golden result: 0.193046, dut result: 0.193046
Item3   Comp Pass! error percent: 0.000185%, golden result: 0.006025, dut result: 0.006025
Item4   Comp Pass! error percent: 0.000051%, golden result: 0.580021, dut result: 0.580021
Item5   Comp Pass! error percent: 0.000017%, golden result: 1.433875, dut result: 1.433875
Item6   Comp Pass! error percent: 0.000087%, golden result: 0.477920, dut result: 0.477921
Item7   Comp Pass! error percent: 0.000010%, golden result: 0.580103, dut result: 0.580104
Item8   Comp Pass! error percent: 0.000059%, golden result: 0.351423, dut result: 0.351423
Item9   Comp Pass! error percent: 0.000222%, golden result: 0.110837, dut result: 0.110837
Item10  Comp Pass! error percent: 0.000052%, golden result: 0.683202, dut result: 0.683202
Item11  Comp Pass! error percent: 0.000022%, golden result: 1.068786, dut result: 1.068786
Item12  Comp Pass! error percent: 0.046168%, golden result: 0.000097, dut result: 0.000097
Item13  Comp Pass! error percent: 0.000071%, golden result: 0.422556, dut result: 0.422557
Item14  Comp Pass! error percent: 0.000141%, golden result: 0.296549, dut result: 0.296549
Item15  Comp Pass! error percent: 0.000014%, golden result: 0.877475, dut result: 0.877475
Item16  Comp Pass! error percent: 0.000116%, golden result: 0.063963, dut result: 0.063963
Item17  Comp Pass! error percent: 0.000065%, golden result: 0.551315, dut result: 0.551315
Item18  Comp Pass! error percent: 0.000030%, golden result: 0.598228, dut result: 0.598228
Item19  Comp Pass! error percent: 0.000008%, golden result: 0.768212, dut result: 0.768212
Item20  Comp Pass! error percent: 0.000050%, golden result: 0.118657, dut result: 0.118657
Item21  Comp Pass! error percent: 0.000140%, golden result: 0.297894, dut result: 0.297894
Item22  Comp Pass! error percent: 0.000033%, golden result: 0.537164, dut result: 0.537164
Item23  Comp Pass! error percent: 0.000054%, golden result: 0.495358, dut result: 0.495358
Item24  Comp Pass! error percent: 0.000365%, golden result: 0.147088, dut result: 0.147087
Item25  Comp Pass! error percent: 0.000000%, golden result: 0.315483, dut result: 0.315483
Item26  Comp Pass! error percent: 0.000086%, golden result: 0.622717, dut result: 0.622716
Item27  Comp Pass! error percent: 0.000049%, golden result: 0.605401, dut result: 0.605400
Item28  Comp Pass! error percent: 0.000000%, golden result: 0.925592, dut result: 0.925592
Item29  Comp Pass! error percent: 0.000106%, golden result: 0.478421, dut result: 0.478421
Item30  Comp Pass! error percent: 0.000031%, golden result: 4.677083, dut result: 4.677085
===============================         31 Column Results    ======================================
Item0   Comp Pass! error percent: 0.000011%, golden result: 0.537916, dut result: 0.537916
Item1   Comp Pass! error percent: 0.000025%, golden result: 0.468516, dut result: 0.468516
Item2   Comp Pass! error percent: 0.000016%, golden result: 0.766167, dut result: 0.766167
Item3   Comp Pass! error percent: 0.000146%, golden result: 0.030662, dut result: 0.030662
Item4   Comp Pass! error percent: 0.000020%, golden result: 0.453223, dut result: 0.453223
Item5   Comp Pass! error percent: 0.000024%, golden result: 0.739798, dut result: 0.739798
Item6   Comp Pass! error percent: 0.000269%, golden result: 0.044356, dut result: 0.044356
Item7   Comp Pass! error percent: 0.000241%, golden result: 0.055692, dut result: 0.055692
Item8   Comp Pass! error percent: 0.000078%, golden result: 0.038213, dut result: 0.038213
Item9   Comp Pass! error percent: 0.000062%, golden result: 0.862854, dut result: 0.862854
Item10  Comp Pass! error percent: 0.000031%, golden result: 0.390638, dut result: 0.390638
Item11  Comp Pass! error percent: 0.000054%, golden result: 0.438643, dut result: 0.438643
Item12  Comp Pass! error percent: 0.000038%, golden result: 0.317319, dut result: 0.317319
Item13  Comp Pass! error percent: 0.000000%, golden result: 0.138538, dut result: 0.138538
Item14  Comp Pass! error percent: 0.000085%, golden result: 0.314129, dut result: 0.314129
Item15  Comp Pass! error percent: 0.000024%, golden result: 0.502622, dut result: 0.502622
Item16  Comp Pass! error percent: 0.000381%, golden result: 0.231039, dut result: 0.231038
Item17  Comp Pass! error percent: 0.000079%, golden result: 0.452534, dut result: 0.452534
Item18  Comp Pass! error percent: 0.000020%, golden result: 0.450758, dut result: 0.450758
Item19  Comp Pass! error percent: 0.000113%, golden result: 0.184041, dut result: 0.184041
Item20  Comp Pass! error percent: 0.000366%, golden result: 0.162950, dut result: 0.162951
Item21  Comp Pass! error percent: 0.000109%, golden result: 0.218726, dut result: 0.218726
Item22  Comp Pass! error percent: 0.000119%, golden result: 0.150003, dut result: 0.150002
Item23  Comp Pass! error percent: 0.000013%, golden result: 0.891571, dut result: 0.891571
Item24  Comp Pass! error percent: 0.000061%, golden result: 0.291504, dut result: 0.291504
Item25  Comp Pass! error percent: 0.000939%, golden result: 0.056327, dut result: 0.056326
Item26  Comp Pass! error percent: 0.000030%, golden result: 1.187422, dut result: 1.187422
Item27  Comp Pass! error percent: 0.000055%, golden result: 0.539549, dut result: 0.539549
Item28  Comp Pass! error percent: 0.000006%, golden result: 0.955022, dut result: 0.955022
Item29  Comp Pass! error percent: 0.000041%, golden result: 0.585907, dut result: 0.585907
Item30  Comp Pass! error percent: 0.000126%, golden result: 0.520431, dut result: 0.520430
Item31  Comp Pass! error percent: 0.000018%, golden result: 5.389253, dut result: 5.389254
