==========================================
Single-core Simulation
Test case: ST64_RANDOM_TEST_128X32
==========================================
===============================          0 Column Results    ======================================
Item0   Comp Pass! error percent: 0.000007%, golden result: 6.899490, dut result: 6.899489
===============================          1 Column Results    ======================================
Item0   Comp Pass! error percent: 0.000022%, golden result: 0.802635, dut result: 0.802635
Item1   Comp Pass! error percent: 0.000000%, golden result: 6.592761, dut result: 6.592761
===============================          2 Column Results    ======================================
Item0   Comp Pass! error percent: 0.000016%, golden result: 0.374318, dut result: 0.374318
Item1   Comp Pass! error percent: 0.000024%, golden result: 0.747590, dut result: 0.747590
Item2   Comp Pass! error percent: 0.000008%, golden result: 5.981298, dut result: 5.981297
===============================          3 Column Results    ======================================
Item0   Comp Pass! error percent: 0.000013%, golden result: 0.473051, dut result: 0.473051
Item1   Comp Pass! error percent: 0.000056%, golden result: 0.160679, dut result: 0.160679
Item2   Comp Pass! error percent: 0.000070%, golden result: 0.424011, dut result: 0.424011
Item3   Comp Pass! error percent: 0.000007%, golden result: 6.478281, dut result: 6.478281
===============================          4 Column Results    ======================================
Item0   Comp Pass! error percent: 0.000007%, golden result: 0.227431, dut result: 0.227431
Item1   Comp Pass! error percent: 0.000014%, golden result: 0.430932, dut result: 0.430932
Item2   Comp Pass! error percent: 0.000093%, golden result: 0.096653, dut result: 0.096652
Item3   Comp Pass! error percent: 0.000022%, golden result: 1.072105, dut result: 1.072105
Item4   Comp Pass! error percent: 0.000021%, golden result: 6.662565, dut result: 6.662563
===============================          5 Column Results    ======================================
Item0   Comp Pass! error percent: 0.000021%, golden result: 0.577892, dut result: 0.577892
Item1   Comp Pass! error percent: 0.000012%, golden result: 0.954340, dut result: 0.954340
Item2   Comp Pass! error percent: 0.000036%, golden result: 0.495742, dut result: 0.495742
Item3   Comp Pass! error percent: 0.000030%, golden result: 0.598598, dut result: 0.598598
Item4   Comp Pass! error percent: 0.000051%, golden result: 0.234052, dut result: 0.234052
Item5   Comp Pass! error percent: 0.000000%, golden result: 6.494869, dut result: 6.494869
===============================          6 Column Results    ======================================
Item0   Comp Pass! error percent: 0.000000%, golden result: 0.119805, dut result: 0.119805
Item1   Comp Pass! error percent: 0.000034%, golden result: 0.219483, dut result: 0.219483
Item2   Comp Pass! error percent: 0.000069%, golden result: 0.692372, dut result: 0.692373
Item3   Comp Pass! error percent: 0.000083%, golden result: 0.395176, dut result: 0.395177
Item4   Comp Pass! error percent: 0.000006%, golden result: 0.486160, dut result: 0.486160
Item5   Comp Pass! error percent: 0.030419%, golden result: 0.000579, dut result: 0.000579
Item6   Comp Pass! error percent: 0.000015%, golden result: 6.330328, dut result: 6.330329
===============================          7 Column Results    ======================================
Item0   Comp Pass! error percent: 0.000012%, golden result: 1.022488, dut result: 1.022488
Item1   Comp Pass! error percent: 0.000134%, golden result: 0.445016, dut result: 0.445016
Item2   Comp Pass! error percent: 0.000012%, golden result: 0.968644, dut result: 0.968644
Item3   Comp Pass! error percent: 0.000057%, golden result: 0.521711, dut result: 0.521712
Item4   Comp Pass! error percent: 0.000070%, golden result: 0.235424, dut result: 0.235425
Item5   Comp Pass! error percent: 0.000061%, golden result: 1.756667, dut result: 1.756666
Item6   Comp Pass! error percent: 0.000012%, golden result: 1.004868, dut result: 1.004868
Item7   Comp Pass! error percent: 0.000007%, golden result: 6.638994, dut result: 6.638993
===============================          8 Column Results    ======================================
Item0   Comp Pass! error percent: 0.000000%, golden result: 0.888574, dut result: 0.888574
Item1   Comp Pass! error percent: 0.000035%, golden result: 1.032350, dut result: 1.032349
Item2   Comp Pass! error percent: 0.000038%, golden result: 0.195696, dut result: 0.195696
Item3   Comp Pass! error percent: 0.000056%, golden result: 0.739971, dut result: 0.739972
Item4   Comp Pass! error percent: 0.000170%, golden result: 0.083056, dut result: 0.083056
Item5   Comp Pass! error percent: 0.000012%, golden result: 0.504023, dut result: 0.504023
Item6   Comp Pass! error percent: 0.000017%, golden result: 0.714301, dut result: 0.714301
Item7   Comp Pass! error percent: 0.000016%, golden result: 0.725729, dut result: 0.725729
Item8   Comp Pass! error percent: 0.000000%, golden result: 6.380247, dut result: 6.380247
===============================          9 Column Results    ======================================
Item0   Comp Pass! error percent: 0.000049%, golden result: 0.727111, dut result: 0.727110
Item1   Comp Pass! error percent: 0.000487%, golden result: 0.030614, dut result: 0.030614
Item2   Comp Pass! error percent: 0.000034%, golden result: 0.348154, dut result: 0.348155
Item3   Comp Pass! error percent: 0.000021%, golden result: 0.431451, dut result: 0.431451
Item4   Comp Pass! error percent: 0.000006%, golden result: 0.478044, dut result: 0.478044
Item5   Comp Pass! error percent: 0.000014%, golden result: 0.438299, dut result: 0.438299
Item6   Comp Pass! error percent: 0.000053%, golden result: 0.897996, dut result: 0.897996
Item7   Comp Pass! error percent: 0.000037%, golden result: 0.406537, dut result: 0.406537
Item8   Comp Pass! error percent: 0.001494%, golden result: 0.008975, dut result: 0.008975
Item9   Comp Pass! error percent: 0.000039%, golden result: 6.143049, dut result: 6.143051
===============================         10 Column Results    ======================================
Item0   Comp Pass! error percent: 0.000046%, golden result: 0.192449, dut result: 0.192449
Item1   Comp Pass! error percent: 0.000030%, golden result: 0.199284, dut result: 0.199284
Item2   Comp Pass! error percent: 0.000007%, golden result: 1.680014, dut result: 1.680014
Item3   Comp Pass! error percent: 0.000108%, golden result: 0.235285, dut result: 0.235285
Item4   Comp Pass! error percent: 0.000036%, golden result: 0.838260, dut result: 0.838259
Item5   Comp Pass! error percent: 0.000026%, golden result: 0.458361, dut result: 0.458361
Item6   Comp Pass! error percent: 0.000021%, golden result: 1.127176, dut result: 1.127177
Item7   Comp Pass! error percent: 0.000140%, golden result: 0.106471, dut result: 0.106471
Item8   Comp Pass! error percent: 0.000051%, golden result: 0.175779, dut result: 0.175779
Item9   Comp Pass! error percent: 0.000322%, golden result: 0.055595, dut result: 0.055595
Item10  Comp Pass! error percent: 0.000023%, golden result: 6.356547, dut result: 6.356548
===============================         11 Column Results    ======================================
Item0   Comp Pass! error percent: 0.000013%, golden result: 0.234397, dut result: 0.234397
Item1   Comp Pass! error percent: 0.000047%, golden result: 0.376669, dut result: 0.376669
Item2   Comp Pass! error percent: 0.000152%, golden result: 0.118008, dut result: 0.118007
Item3   Comp Pass! error percent: 0.000060%, golden result: 0.599498, dut result: 0.599498
Item4   Comp Pass! error percent: 0.000007%, golden result: 0.904433, dut result: 0.904433
Item5   Comp Pass! error percent: 0.001576%, golden result: 0.015834, dut result: 0.015834
Item6   Comp Pass! error percent: 0.000082%, golden result: 0.182622, dut result: 0.182622
Item7   Comp Pass! error percent: 0.000368%, golden result: 0.012141, dut result: 0.012141
Item8   Comp Pass! error percent: 0.000064%, golden result: 0.469244, dut result: 0.469244
Item9   Comp Pass! error percent: 0.000046%, golden result: 0.258469, dut result: 0.258469
Item10  Comp Pass! error percent: 0.000327%, golden result: 0.050178, dut result: 0.050178
Item11  Comp Pass! error percent: 0.000014%, golden result: 6.768359, dut result: 6.768358
===============================         12 Column Results    ======================================
Item0   Comp Pass! error percent: 0.000017%, golden result: 1.371751, dut result: 1.371751
Item1   Comp Pass! error percent: 0.000037%, golden result: 0.323533, dut result: 0.323533
Item2   Comp Pass! error percent: 0.000102%, golden result: 0.073060, dut result: 0.073060
Item3   Comp Pass! error percent: 0.000021%, golden result: 0.572319, dut result: 0.572320
Item4   Comp Pass! error percent: 0.000013%, golden result: 0.461313, dut result: 0.461313
Item5   Comp Pass! error percent: 0.000018%, golden result: 0.660047, dut result: 0.660047
Item6   Comp Pass! error percent: 0.000028%, golden result: 0.432799, dut result: 0.432799
Item7   Comp Pass! error percent: 0.000035%, golden result: 0.425345, dut result: 0.425345
Item8   Comp Pass! error percent: 0.000073%, golden result: 0.569692, dut result: 0.569692
Item9   Comp Pass! error percent: 0.000000%, golden result: 0.318666, dut result: 0.318666
Item10  Comp Pass! error percent: 0.000000%, golden result: 0.653830, dut result: 0.653830
Item11  Comp Pass! error percent: 0.000014%, golden result: 0.412373, dut result: 0.412373
Item12  Comp Pass! error percent: 0.000000%, golden result: 6.268873, dut result: 6.268873
===============================         13 Column Results    ======================================
Item0   Comp Pass! error percent: 0.000041%, golden result: 0.144262, dut result: 0.144261
Item1   Comp Pass! error percent: 0.000007%, golden result: 0.221144, dut result: 0.221144
Item2   Comp Pass! error percent: 0.000019%, golden result: 0.313229, dut result: 0.313229
Item3   Comp Pass! error percent: 0.000036%, golden result: 0.655817, dut result: 0.655817
Item4   Comp Pass! error percent: 0.000100%, golden result: 0.355904, dut result: 0.355903
Item5   Comp Pass! error percent: 0.000045%, golden result: 0.265242, dut result: 0.265242
Item6   Comp Pass! error percent: 0.000000%, golden result: 0.542386, dut result: 0.542386
Item7   Comp Pass! error percent: 0.000014%, golden result: 0.852621, dut result: 0.852621
Item8   Comp Pass! error percent: 0.000020%, golden result: 0.591580, dut result: 0.591580
Item9   Comp Pass! error percent: 0.000032%, golden result: 1.115310, dut result: 1.115310
Item10  Comp Pass! error percent: 0.000056%, golden result: 0.159558, dut result: 0.159558
Item11  Comp Pass! error percent: 0.000031%, golden result: 0.191987, dut result: 0.191988
Item12  Comp Pass! error percent: 0.000025%, golden result: 0.238113, dut result: 0.238113
Item13  Comp Pass! error percent: 0.000015%, golden result: 6.571731, dut result: 6.571730
===============================         14 Column Results    ======================================
Item0   Comp Pass! error percent: 0.000018%, golden result: 0.660437, dut result: 0.660437
Item1   Comp Pass! error percent: 0.000011%, golden result: 0.521169, dut result: 0.521169
Item2   Comp Pass! error percent: 0.000009%, golden result: 0.640570, dut result: 0.640570
Item3   Comp Pass! error percent: 0.000012%, golden result: 0.247957, dut result: 0.247957
Item4   Comp Pass! error percent: 0.000000%, golden result: 0.460819, dut result: 0.460819
Item5   Comp Pass! error percent: 0.000031%, golden result: 0.286867, dut result: 0.286867
Item6   Comp Pass! error percent: 0.000050%, golden result: 0.478307, dut result: 0.478307
Item7   Comp Pass! error percent: 0.000021%, golden result: 0.288785, dut result: 0.288785
Item8   Comp Pass! error percent: 0.000045%, golden result: 1.061929, dut result: 1.061929
Item9   Comp Pass! error percent: 0.000160%, golden result: 0.335584, dut result: 0.335585
Item10  Comp Pass! error percent: 0.000027%, golden result: 0.660619, dut result: 0.660619
Item11  Comp Pass! error percent: 0.000030%, golden result: 0.590305, dut result: 0.590306
Item12  Comp Pass! error percent: 0.000036%, golden result: 0.667746, dut result: 0.667745
Item13  Comp Pass! error percent: 0.000017%, golden result: 1.372919, dut result: 1.372919
Item14  Comp Pass! error percent: 0.000008%, golden result: 5.724923, dut result: 5.724923
===============================         15 Column Results    ======================================
Item0   Comp Pass! error percent: 0.000060%, golden result: 0.173750, dut result: 0.173750
Item1   Comp Pass! error percent: 0.000023%, golden result: 0.385272, dut result: 0.385272
Item2   Comp Pass! error percent: 0.000015%, golden result: 0.387452, dut result: 0.387453
Item3   Comp Pass! error percent: 0.000022%, golden result: 1.087381, dut result: 1.087382
Item4   Comp Pass! error percent: 0.000000%, golden result: 0.556927, dut result: 0.556927
Item5   Comp Pass! error percent: 0.000172%, golden result: 0.060803, dut result: 0.060803
Item6   Comp Pass! error percent: 0.000031%, golden result: 0.581685, dut result: 0.581685
Item7   Comp Pass! error percent: 0.000000%, golden result: 0.725013, dut result: 0.725013
Item8   Comp Pass! error percent: 0.000077%, golden result: 0.622846, dut result: 0.622846
Item9   Comp Pass! error percent: 0.000043%, golden result: 0.550099, dut result: 0.550100
Item10  Comp Pass! error percent: 0.000013%, golden result: 0.934214, dut result: 0.934214
Item11  Comp Pass! error percent: 0.000103%, golden result: 0.087196, dut result: 0.087196
Item12  Comp Pass! error percent: 0.000035%, golden result: 0.862408, dut result: 0.862409
Item13  Comp Pass! error percent: 0.000284%, golden result: 0.146835, dut result: 0.146836
Item14  Comp Pass! error percent: 0.000039%, golden result: 0.455802, dut result: 0.455802
Item15  Comp Pass! error percent: 0.000040%, golden result: 5.916542, dut result: 5.916544
===============================         16 Column Results    ======================================
Item0   Comp Pass! error percent: 0.000085%, golden result: 0.421963, dut result: 0.421963
Item1   Comp Pass! error percent: 0.001882%, golden result: 0.014251, dut result: 0.014251
Item2   Comp Pass! error percent: 0.000014%, golden result: 0.428892, dut result: 0.428892
Item3   Comp Pass! error percent: 0.000102%, golden result: 0.291940, dut result: 0.291940
Item4   Comp Pass! error percent: 0.000088%, golden result: 0.152266, dut result: 0.152266
Item5   Comp Pass! error percent: 0.000048%, golden result: 0.375016, dut result: 0.375016
Item6   Comp Pass! error percent: 0.000173%, golden result: 0.068930, dut result: 0.068930
Item7   Comp Pass! error percent: 0.001282%, golden result: 0.009298, dut result: 0.009298
Item8   Comp Pass! error percent: 0.000133%, golden result: 0.179492, dut result: 0.179493
Item9   Comp Pass! error percent: 0.000045%, golden result: 0.663577, dut result: 0.663578
Item10  Comp Pass! error percent: 0.001912%, golden result: 0.015585, dut result: 0.015585
Item11  Comp Pass! error percent: 0.000096%, golden result: 0.155169, dut result: 0.155169
Item12  Comp Pass! error percent: 0.000008%, golden result: 0.097585, dut result: 0.097586
Item13  Comp Pass! error percent: 0.000000%, golden result: 0.536913, dut result: 0.536913
Item14  Comp Pass! error percent: 0.000061%, golden result: 0.438065, dut result: 0.438065
Item15  Comp Pass! error percent: 0.000071%, golden result: 0.587665, dut result: 0.587666
Item16  Comp Pass! error percent: 0.000014%, golden result: 6.624061, dut result: 6.624060
===============================         17 Column Results    ======================================
Item0   Comp Pass! error percent: 0.000012%, golden result: 1.004315, dut result: 1.004315
Item1   Comp Pass! error percent: 0.000012%, golden result: 0.960407, dut result: 0.960407
Item2   Comp Pass! error percent: 0.000019%, golden result: 0.315682, dut result: 0.315682
Item3   Comp Pass! error percent: 0.000021%, golden result: 1.121070, dut result: 1.121070
Item4   Comp Pass! error percent: 0.000170%, golden result: 0.052592, dut result: 0.052591
Item5   Comp Pass! error percent: 0.000020%, golden result: 0.581967, dut result: 0.581967
Item6   Comp Pass! error percent: 0.000035%, golden result: 0.510427, dut result: 0.510427
Item7   Comp Pass! error percent: 0.000008%, golden result: 0.711123, dut result: 0.711123
Item8   Comp Pass! error percent: 0.000017%, golden result: 0.711532, dut result: 0.711532
Item9   Comp Pass! error percent: 0.000124%, golden result: 0.313699, dut result: 0.313699
Item10  Comp Pass! error percent: 0.000042%, golden result: 0.281679, dut result: 0.281679
Item11  Comp Pass! error percent: 0.000101%, golden result: 0.440533, dut result: 0.440533
Item12  Comp Pass! error percent: 0.000024%, golden result: 0.490826, dut result: 0.490826
Item13  Comp Pass! error percent: 0.000083%, golden result: 0.251952, dut result: 0.251952
Item14  Comp Pass! error percent: 0.000238%, golden result: 0.125031, dut result: 0.125031
Item15  Comp Pass! error percent: 0.000205%, golden result: 0.196558, dut result: 0.196559
Item16  Comp Pass! error percent: 0.000028%, golden result: 0.650100, dut result: 0.650100
Item17  Comp Pass! error percent: 0.000016%, golden result: 6.097656, dut result: 6.097657
===============================         18 Column Results    ======================================
Item0   Comp Pass! error percent: 0.000022%, golden result: 1.072689, dut result: 1.072689
Item1   Comp Pass! error percent: 0.000026%, golden result: 0.691988, dut result: 0.691988
Item2   Comp Pass! error percent: 0.000044%, golden result: 0.811627, dut result: 0.811627
Item3   Comp Pass! error percent: 0.000043%, golden result: 0.557449, dut result: 0.557449
Item4   Comp Pass! error percent: 0.000015%, golden result: 0.386643, dut result: 0.386643
Item5   Comp Pass! error percent: 0.000012%, golden result: 0.241420, dut result: 0.241420
Item6   Comp Pass! error percent: 0.000000%, golden result: 0.680113, dut result: 0.680113
Item7   Comp Pass! error percent: 0.000053%, golden result: 0.280262, dut result: 0.280262
Item8   Comp Pass! error percent: 0.000070%, golden result: 0.339855, dut result: 0.339855
Item9   Comp Pass! error percent: 0.000049%, golden result: 0.605452, dut result: 0.605452
Item10  Comp Pass! error percent: 0.000021%, golden result: 1.675995, dut result: 1.675996
Item11  Comp Pass! error percent: 0.000076%, golden result: 0.352075, dut result: 0.352076
Item12  Comp Pass! error percent: 0.000006%, golden result: 0.975414, dut result: 0.975414
Item13  Comp Pass! error percent: 0.000000%, golden result: 1.053536, dut result: 1.053536
Item14  Comp Pass! error percent: 0.000013%, golden result: 0.473965, dut result: 0.473965
Item15  Comp Pass! error percent: 0.000042%, golden result: 0.561466, dut result: 0.561466
Item16  Comp Pass! error percent: 0.000009%, golden result: 0.696807, dut result: 0.696807
Item17  Comp Pass! error percent: 0.000189%, golden result: 0.141843, dut result: 0.141843
Item18  Comp Pass! error percent: 0.000016%, golden result: 5.889618, dut result: 5.889617
===============================         19 Column Results    ======================================
Item0   Comp Pass! error percent: 0.000294%, golden result: 0.091220, dut result: 0.091220
Item1   Comp Pass! error percent: 0.000033%, golden result: 0.536306, dut result: 0.536306
Item2   Comp Pass! error percent: 0.000091%, golden result: 0.179760, dut result: 0.179760
Item3   Comp Pass! error percent: 0.000000%, golden result: 1.071708, dut result: 1.071708
Item4   Comp Pass! error percent: 0.000000%, golden result: 0.637146, dut result: 0.637146
Item5   Comp Pass! error percent: 0.000041%, golden result: 0.362855, dut result: 0.362855
Item6   Comp Pass! error percent: 0.000077%, golden result: 0.077301, dut result: 0.077301
Item7   Comp Pass! error percent: 0.000060%, golden result: 0.499807, dut result: 0.499807
Item8   Comp Pass! error percent: 0.000032%, golden result: 0.742177, dut result: 0.742177
Item9   Comp Pass! error percent: 0.000366%, golden result: 0.036599, dut result: 0.036599
Item10  Comp Pass! error percent: 0.000204%, golden result: 0.248903, dut result: 0.248903
Item11  Comp Pass! error percent: 0.000089%, golden result: 0.201958, dut result: 0.201957
Item12  Comp Pass! error percent: 0.000074%, golden result: 0.404370, dut result: 0.404370
Item13  Comp Pass! error percent: 0.000069%, golden result: 0.173923, dut result: 0.173923
Item14  Comp Pass! error percent: 0.000185%, golden result: 0.048393, dut result: 0.048393
Item15  Comp Pass! error percent: 0.000086%, golden result: 0.831632, dut result: 0.831632
Item16  Comp Pass! error percent: 0.000018%, golden result: 0.659907, dut result: 0.659908
Item17  Comp Pass! error percent: 0.000605%, golden result: 0.101055, dut result: 0.101054
Item18  Comp Pass! error percent: 0.000134%, golden result: 0.133902, dut result: 0.133902
Item19  Comp Pass! error percent: 0.000000%, golden result: 6.033444, dut result: 6.033444
===============================         20 Column Results    ======================================
Item0   Comp Pass! error percent: 0.000075%, golden result: 0.639704, dut result: 0.639704
Item1   Comp Pass! error percent: 0.000017%, golden result: 0.342609, dut result: 0.342609
Item2   Comp Pass! error percent: 0.000078%, golden result: 0.303987, dut result: 0.303987
Item3   Comp Pass! error percent: 0.000037%, golden result: 0.813822, dut result: 0.813822
Item4   Comp Pass! error percent: 0.000025%, golden result: 1.458130, dut result: 1.458130
Item5   Comp Pass! error percent: 0.000269%, golden result: 0.110722, dut result: 0.110721
Item6   Comp Pass! error percent: 0.000094%, golden result: 0.079513, dut result: 0.079513
Item7   Comp Pass! error percent: 0.000045%, golden result: 0.198208, dut result: 0.198208
Item8   Comp Pass! error percent: 0.001807%, golden result: 0.036278, dut result: 0.036278
Item9   Comp Pass! error percent: 0.000028%, golden result: 0.850033, dut result: 0.850033
Item10  Comp Pass! error percent: 0.000049%, golden result: 1.209061, dut result: 1.209062
Item11  Comp Pass! error percent: 0.000093%, golden result: 0.353592, dut result: 0.353592
Item12  Comp Pass! error percent: 0.000132%, golden result: 0.135047, dut result: 0.135047
Item13  Comp Pass! error percent: 0.001464%, golden result: 0.024435, dut result: 0.024435
Item14  Comp Pass! error percent: 0.000136%, golden result: 0.262960, dut result: 0.262960
Item15  Comp Pass! error percent: 0.000767%, golden result: 0.040812, dut result: 0.040812
Item16  Comp Pass! error percent: 0.000049%, golden result: 0.487666, dut result: 0.487666
Item17  Comp Pass! error percent: 0.000117%, golden result: 0.204447, dut result: 0.204447
Item18  Comp Pass! error percent: 0.000000%, golden result: 0.203736, dut result: 0.203736
Item19  Comp Pass! error percent: 0.000000%, golden result: 0.709154, dut result: 0.709154
Item20  Comp Pass! error percent: 0.000008%, golden result: 5.844340, dut result: 5.844339
===============================         21 Column Results    ======================================
Item0   Comp Pass! error percent: 0.000044%, golden result: 0.812545, dut result: 0.812544
Item1   Comp Pass! error percent: 0.000075%, golden result: 0.079922, dut result: 0.079922
Item2   Comp Pass! error percent: 0.000030%, golden result: 0.401840, dut result: 0.401840
Item3   Comp Pass! error percent: 0.000103%, golden result: 0.348082, dut result: 0.348082
Item4   Comp Pass! error percent: 0.000020%, golden result: 0.606804, dut result: 0.606804
Item5   Comp Pass! error percent: 0.000121%, golden result: 0.172505, dut result: 0.172505
Item6   Comp Pass! error percent: 0.000013%, golden result: 0.468878, dut result: 0.468878
Item7   Comp Pass! error percent: 0.001517%, golden result: 0.009824, dut result: 0.009824
Item8   Comp Pass! error percent: 0.000061%, golden result: 1.359288, dut result: 1.359289
Item9   Comp Pass! error percent: 0.000176%, golden result: 0.031815, dut result: 0.031815
Item10  Comp Pass! error percent: 0.000043%, golden result: 1.111697, dut result: 1.111698
Item11  Comp Pass! error percent: 0.000138%, golden result: 0.051384, dut result: 0.051384
Item12  Comp Pass! error percent: 0.000013%, golden result: 0.941565, dut result: 0.941566
Item13  Comp Pass! error percent: 0.000000%, golden result: 0.715169, dut result: 0.715169
Item14  Comp Pass! error percent: 0.000083%, golden result: 0.358803, dut result: 0.358803
Item15  Comp Pass! error percent: 0.000354%, golden result: 0.100962, dut result: 0.100962
Item16  Comp Pass! error percent: 0.000088%, golden result: 0.068069, dut result: 0.068068
Item17  Comp Pass! error percent: 0.000018%, golden result: 0.336591, dut result: 0.336591
Item18  Comp Pass! error percent: 0.000078%, golden result: 0.343379, dut result: 0.343379
Item19  Comp Pass! error percent: 0.000134%, golden result: 0.233179, dut result: 0.233179
Item20  Comp Pass! error percent: 0.000015%, golden result: 0.819450, dut result: 0.819451
Item21  Comp Pass! error percent: 0.000008%, golden result: 5.890592, dut result: 5.890593
===============================         22 Column Results    ======================================
Item0   Comp Pass! error percent: 0.000046%, golden result: 1.043623, dut result: 1.043622
Item1   Comp Pass! error percent: 0.000010%, golden result: 0.618431, dut result: 0.618431
Item2   Comp Pass! error percent: 0.000469%, golden result: 0.002186, dut result: 0.002186
Item3   Comp Pass! error percent: 0.000013%, golden result: 0.912977, dut result: 0.912977
Item4   Comp Pass! error percent: 0.000000%, golden result: 0.586525, dut result: 0.586525
Item5   Comp Pass! error percent: 0.000039%, golden result: 0.607565, dut result: 0.607565
Item6   Comp Pass! error percent: 0.000000%, golden result: 0.290937, dut result: 0.290937
Item7   Comp Pass! error percent: 0.000427%, golden result: 0.048881, dut result: 0.048881
Item8   Comp Pass! error percent: 0.000066%, golden result: 0.361769, dut result: 0.361769
Item9   Comp Pass! error percent: 0.000054%, golden result: 0.766571, dut result: 0.766572
Item10  Comp Pass! error percent: 0.000148%, golden result: 0.161498, dut result: 0.161498
Item11  Comp Pass! error percent: 0.000040%, golden result: 0.597045, dut result: 0.597045
Item12  Comp Pass! error percent: 0.000033%, golden result: 0.732659, dut result: 0.732659
Item13  Comp Pass! error percent: 0.000039%, golden result: 1.523353, dut result: 1.523352
Item14  Comp Pass! error percent: 0.000037%, golden result: 0.203361, dut result: 0.203361
Item15  Comp Pass! error percent: 0.000230%, golden result: 0.285327, dut result: 0.285328
Item16  Comp Pass! error percent: 0.000017%, golden result: 0.690721, dut result: 0.690721
Item17  Comp Pass! error percent: 0.000048%, golden result: 0.494104, dut result: 0.494103
Item18  Comp Pass! error percent: 0.000303%, golden result: 0.039353, dut result: 0.039353
Item19  Comp Pass! error percent: 0.000000%, golden result: 0.197109, dut result: 0.197109
Item20  Comp Pass! error percent: 0.000020%, golden result: 0.226734, dut result: 0.226734
Item21  Comp Pass! error percent: 0.000038%, golden result: 0.625277, dut result: 0.625277
Item22  Comp Pass! error percent: 0.000008%, golden result: 5.660906, dut result: 5.660907
===============================         23 Column Results    ======================================
Item0   Comp Pass! error percent: 0.000025%, golden result: 0.943254, dut result: 0.943254
Item1   Comp Pass! error percent: 0.000013%, golden result: 0.945778, dut result: 0.945778
Item2   Comp Pass! error percent: 0.000081%, golden result: 0.333128, dut result: 0.333128
Item3   Comp Pass! error percent: 0.000050%, golden result: 0.950807, dut result: 0.950807
Item4   Comp Pass! error percent: 0.000040%, golden result: 0.741103, dut result: 0.741103
Item5   Comp Pass! error percent: 0.000062%, golden result: 1.155258, dut result: 1.155258
Item6   Comp Pass! error percent: 0.000060%, golden result: 0.399104, dut result: 0.399104
Item7   Comp Pass! error percent: 0.000000%, golden result: 1.102364, dut result: 1.102364
Item8   Comp Pass! error percent: 0.000155%, golden result: 0.384902, dut result: 0.384902
Item9   Comp Pass! error percent: 0.000062%, golden result: 0.239122, dut result: 0.239122
Item10  Comp Pass! error percent: 0.000252%, golden result: 0.141961, dut result: 0.141961
Item11  Comp Pass! error percent: 0.000039%, golden result: 0.610159, dut result: 0.610159
Item12  Comp Pass! error percent: 0.000000%, golden result: 0.813765, dut result: 0.813765
Item13  Comp Pass! error percent: 0.000000%, golden result: 0.237796, dut result: 0.237796
Item14  Comp Pass! error percent: 0.000026%, golden result: 0.901133, dut result: 0.901134
Item15  Comp Pass! error percent: 0.000226%, golden result: 0.039608, dut result: 0.039608
Item16  Comp Pass! error percent: 0.000209%, golden result: 0.117771, dut result: 0.117772
Item17  Comp Pass! error percent: 0.000081%, golden result: 0.439858, dut result: 0.439858
Item18  Comp Pass! error percent: 0.000053%, golden result: 0.336657, dut result: 0.336657
Item19  Comp Pass! error percent: 0.000410%, golden result: 0.087215, dut result: 0.087215
Item20  Comp Pass! error percent: 0.000054%, golden result: 1.106433, dut result: 1.106432
Item21  Comp Pass! error percent: 0.000505%, golden result: 0.112196, dut result: 0.112197
Item22  Comp Pass! error percent: 0.000018%, golden result: 1.322456, dut result: 1.322456
Item23  Comp Pass! error percent: 0.000008%, golden result: 5.953713, dut result: 5.953713
===============================         24 Column Results    ======================================
Item0   Comp Pass! error percent: 0.000022%, golden result: 0.273973, dut result: 0.273973
Item1   Comp Pass! error percent: 0.000014%, golden result: 0.846962, dut result: 0.846963
Item2   Comp Pass! error percent: 0.000007%, golden result: 0.436392, dut result: 0.436392
Item3   Comp Pass! error percent: 0.000052%, golden result: 0.142711, dut result: 0.142711
Item4   Comp Pass! error percent: 0.000006%, golden result: 0.998873, dut result: 0.998873
Item5   Comp Pass! error percent: 0.000098%, golden result: 0.489056, dut result: 0.489056
Item6   Comp Pass! error percent: 0.000029%, golden result: 0.156174, dut result: 0.156174
Item7   Comp Pass! error percent: 0.000073%, golden result: 0.203713, dut result: 0.203713
Item8   Comp Pass! error percent: 0.000011%, golden result: 0.554553, dut result: 0.554553
Item9   Comp Pass! error percent: 0.000104%, golden result: 0.571663, dut result: 0.571664
Item10  Comp Pass! error percent: 0.000079%, golden result: 0.376486, dut result: 0.376486
Item11  Comp Pass! error percent: 0.000006%, golden result: 0.490218, dut result: 0.490218
Item12  Comp Pass! error percent: 0.000065%, golden result: 0.274803, dut result: 0.274803
Item13  Comp Pass! error percent: 0.000035%, golden result: 0.215870, dut result: 0.215870
Item14  Comp Pass! error percent: 0.000070%, golden result: 0.212657, dut result: 0.212657
Item15  Comp Pass! error percent: 0.000062%, golden result: 0.670666, dut result: 0.670666
Item16  Comp Pass! error percent: 0.000023%, golden result: 0.192949, dut result: 0.192949
Item17  Comp Pass! error percent: 0.000057%, golden result: 0.420320, dut result: 0.420320
Item18  Comp Pass! error percent: 0.000085%, golden result: 0.349348, dut result: 0.349347
Item19  Comp Pass! error percent: 0.000037%, golden result: 0.488038, dut result: 0.488037
Item20  Comp Pass! error percent: 0.000036%, golden result: 0.496758, dut result: 0.496758
Item21  Comp Pass! error percent: 0.000012%, golden result: 1.002760, dut result: 1.002760
Item22  Comp Pass! error percent: 0.000026%, golden result: 0.350071, dut result: 0.350071
Item23  Comp Pass! error percent: 0.002668%, golden result: 0.011169, dut result: 0.011168
Item24  Comp Pass! error percent: 0.000026%, golden result: 5.551100, dut result: 5.551099
===============================         25 Column Results    ======================================
Item0   Comp Pass! error percent: 0.000012%, golden result: 0.255327, dut result: 0.255327
Item1   Comp Pass! error percent: 0.000017%, golden result: 0.343679, dut result: 0.343679
Item2   Comp Pass! error percent: 0.000012%, golden result: 0.504096, dut result: 0.504096
Item3   Comp Pass! error percent: 0.000018%, golden result: 0.652344, dut result: 0.652344
Item4   Comp Pass! error percent: 0.000034%, golden result: 0.706381, dut result: 0.706381
Item5   Comp Pass! error percent: 0.000017%, golden result: 0.359131, dut result: 0.359130
Item6   Comp Pass! error percent: 0.000036%, golden result: 0.334777, dut result: 0.334776
Item7   Comp Pass! error percent: 0.000080%, golden result: 0.222809, dut result: 0.222808
Item8   Comp Pass! error percent: 0.000000%, golden result: 0.406114, dut result: 0.406114
Item9   Comp Pass! error percent: 0.000069%, golden result: 0.433194, dut result: 0.433194
Item10  Comp Pass! error percent: 0.000694%, golden result: 0.094463, dut result: 0.094462
Item11  Comp Pass! error percent: 0.000021%, golden result: 0.142075, dut result: 0.142075
Item12  Comp Pass! error percent: 0.000030%, golden result: 0.394484, dut result: 0.394485
Item13  Comp Pass! error percent: 0.000108%, golden result: 0.275340, dut result: 0.275340
Item14  Comp Pass! error percent: 0.000029%, golden result: 0.204165, dut result: 0.204165
Item15  Comp Pass! error percent: 0.000093%, golden result: 0.289059, dut result: 0.289060
Item16  Comp Pass! error percent: 0.000801%, golden result: 0.014881, dut result: 0.014881
Item17  Comp Pass! error percent: 0.000022%, golden result: 0.544793, dut result: 0.544793
Item18  Comp Pass! error percent: 0.000139%, golden result: 0.193463, dut result: 0.193462
Item19  Comp Pass! error percent: 0.000343%, golden result: 0.095667, dut result: 0.095666
Item20  Comp Pass! error percent: 0.000166%, golden result: 0.189026, dut result: 0.189027
Item21  Comp Pass! error percent: 0.000078%, golden result: 0.268220, dut result: 0.268220
Item22  Comp Pass! error percent: 0.000089%, golden result: 0.184771, dut result: 0.184771
Item23  Comp Pass! error percent: 0.000384%, golden result: 0.224784, dut result: 0.224785
Item24  Comp Pass! error percent: 0.000157%, golden result: 0.284652, dut result: 0.284651
Item25  Comp Pass! error percent: 0.000000%, golden result: 6.372667, dut result: 6.372667
===============================         26 Column Results    ======================================
Item0   Comp Pass! error percent: 0.000052%, golden result: 0.342477, dut result: 0.342477
Item1   Comp Pass! error percent: 0.000043%, golden result: 0.208687, dut result: 0.208687
Item2   Comp Pass! error percent: 0.000053%, golden result: 0.085095, dut result: 0.085095
Item3   Comp Pass! error percent: 0.000200%, golden result: 0.208615, dut result: 0.208616
Item4   Comp Pass! error percent: 0.000023%, golden result: 0.507382, dut result: 0.507382
Item5   Comp Pass! error percent: 0.000018%, golden result: 0.336171, dut result: 0.336171
Item6   Comp Pass! error percent: 0.000162%, golden result: 0.275930, dut result: 0.275929
Item7   Comp Pass! error percent: 0.000015%, golden result: 0.778298, dut result: 0.778298
Item8   Comp Pass! error percent: 0.000049%, golden result: 1.473478, dut result: 1.473479
Item9   Comp Pass! error percent: 0.000177%, golden result: 0.236033, dut result: 0.236033
Item10  Comp Pass! error percent: 0.000041%, golden result: 0.215584, dut result: 0.215584
Item11  Comp Pass! error percent: 0.000037%, golden result: 0.650964, dut result: 0.650965
Item12  Comp Pass! error percent: 0.000018%, golden result: 0.487592, dut result: 0.487592
Item13  Comp Pass! error percent: 0.000083%, golden result: 1.000680, dut result: 1.000679
Item14  Comp Pass! error percent: 0.000012%, golden result: 1.019020, dut result: 1.019020
Item15  Comp Pass! error percent: 0.000172%, golden result: 0.173601, dut result: 0.173601
Item16  Comp Pass! error percent: 0.000047%, golden result: 1.012307, dut result: 1.012308
Item17  Comp Pass! error percent: 0.000030%, golden result: 0.994462, dut result: 0.994463
Item18  Comp Pass! error percent: 0.000000%, golden result: 0.065135, dut result: 0.065135
Item19  Comp Pass! error percent: 0.000019%, golden result: 0.159583, dut result: 0.159583
Item20  Comp Pass! error percent: 0.000054%, golden result: 0.498091, dut result: 0.498091
Item21  Comp Pass! error percent: 0.000090%, golden result: 0.231082, dut result: 0.231082
Item22  Comp Pass! error percent: 0.000000%, golden result: 0.377300, dut result: 0.377300
Item23  Comp Pass! error percent: 0.000081%, golden result: 0.590812, dut result: 0.590812
Item24  Comp Pass! error percent: 0.000030%, golden result: 0.593814, dut result: 0.593814
Item25  Comp Pass! error percent: 0.000017%, golden result: 0.706101, dut result: 0.706101
Item26  Comp Pass! error percent: 0.000008%, golden result: 5.691805, dut result: 5.691805
===============================         27 Column Results    ======================================
Item0   Comp Pass! error percent: 0.000036%, golden result: 0.997923, dut result: 0.997923
Item1   Comp Pass! error percent: 0.000008%, golden result: 0.393886, dut result: 0.393886
Item2   Comp Pass! error percent: 0.000015%, golden result: 0.776333, dut result: 0.776333
Item3   Comp Pass! error percent: 0.000080%, golden result: 0.598809, dut result: 0.598809
Item4   Comp Pass! error percent: 0.000000%, golden result: 0.327784, dut result: 0.327784
Item5   Comp Pass! error percent: 0.000114%, golden result: 0.314048, dut result: 0.314048
Item6   Comp Pass! error percent: 0.000821%, golden result: 0.016337, dut result: 0.016337
Item7   Comp Pass! error percent: 0.000188%, golden result: 0.047641, dut result: 0.047641
Item8   Comp Pass! error percent: 0.000046%, golden result: 0.194995, dut result: 0.194995
Item9   Comp Pass! error percent: 0.000042%, golden result: 1.416389, dut result: 1.416390
Item10  Comp Pass! error percent: 0.000092%, golden result: 0.452719, dut result: 0.452720
Item11  Comp Pass! error percent: 0.000028%, golden result: 0.318737, dut result: 0.318737
Item12  Comp Pass! error percent: 0.000055%, golden result: 0.484318, dut result: 0.484319
Item13  Comp Pass! error percent: 0.000048%, golden result: 0.431187, dut result: 0.431187
Item14  Comp Pass! error percent: 0.000007%, golden result: 1.769681, dut result: 1.769681
Item15  Comp Pass! error percent: 0.000000%, golden result: 0.875281, dut result: 0.875281
Item16  Comp Pass! error percent: 0.002179%, golden result: 0.006155, dut result: 0.006155
Item17  Comp Pass! error percent: 0.001948%, golden result: 0.024472, dut result: 0.024473
Item18  Comp Pass! error percent: 0.000008%, golden result: 0.720312, dut result: 0.720312
Item19  Comp Pass! error percent: 0.000000%, golden result: 0.349097, dut result: 0.349097
Item20  Comp Pass! error percent: 0.000068%, golden result: 0.349736, dut result: 0.349736
Item21  Comp Pass! error percent: 0.001346%, golden result: 0.059207, dut result: 0.059206
Item22  Comp Pass! error percent: 0.000087%, golden result: 0.205639, dut result: 0.205639
Item23  Comp Pass! error percent: 0.000031%, golden result: 0.580091, dut result: 0.580091
Item24  Comp Pass! error percent: 0.000011%, golden result: 0.521626, dut result: 0.521626
Item25  Comp Pass! error percent: 0.000110%, golden result: 0.489165, dut result: 0.489165
Item26  Comp Pass! error percent: 0.000012%, golden result: 0.494772, dut result: 0.494772
Item27  Comp Pass! error percent: 0.000008%, golden result: 5.716218, dut result: 5.716218
===============================         28 Column Results    ======================================
Item0   Comp Pass! error percent: 0.000080%, golden result: 0.746686, dut result: 0.746686
Item1   Comp Pass! error percent: 0.000166%, golden result: 0.035992, dut result: 0.035992
Item2   Comp Pass! error percent: 0.000107%, golden result: 0.305169, dut result: 0.305169
Item3   Comp Pass! error percent: 0.000000%, golden result: 0.912755, dut result: 0.912755
Item4   Comp Pass! error percent: 0.000013%, golden result: 0.476013, dut result: 0.476013
Item5   Comp Pass! error percent: 0.000110%, golden result: 0.162089, dut result: 0.162089
Item6   Comp Pass! error percent: 0.000027%, golden result: 0.663489, dut result: 0.663489
Item7   Comp Pass! error percent: 0.000013%, golden result: 0.926961, dut result: 0.926961
Item8   Comp Pass! error percent: 0.000681%, golden result: 0.041554, dut result: 0.041554
Item9   Comp Pass! error percent: 0.000012%, golden result: 0.490711, dut result: 0.490711
Item10  Comp Pass! error percent: 0.000203%, golden result: 0.205869, dut result: 0.205869
Item11  Comp Pass! error percent: 0.000011%, golden result: 0.528389, dut result: 0.528389
Item12  Comp Pass! error percent: 0.000288%, golden result: 0.031029, dut result: 0.031029
Item13  Comp Pass! error percent: 0.000057%, golden result: 0.158127, dut result: 0.158127
Item14  Comp Pass! error percent: 0.000207%, golden result: 0.172913, dut result: 0.172913
Item15  Comp Pass! error percent: 0.000845%, golden result: 0.017630, dut result: 0.017630
Item16  Comp Pass! error percent: 0.000095%, golden result: 0.156144, dut result: 0.156144
Item17  Comp Pass! error percent: 0.001166%, golden result: 0.042795, dut result: 0.042796
Item18  Comp Pass! error percent: 0.000089%, golden result: 0.184644, dut result: 0.184644
Item19  Comp Pass! error percent: 0.000208%, golden result: 0.258187, dut result: 0.258188
Item20  Comp Pass! error percent: 0.000000%, golden result: 0.766966, dut result: 0.766966
Item21  Comp Pass! error percent: 0.000046%, golden result: 0.518002, dut result: 0.518001
Item22  Comp Pass! error percent: 0.000065%, golden result: 0.137381, dut result: 0.137381
Item23  Comp Pass! error percent: 0.000176%, golden result: 0.354757, dut result: 0.354758
Item24  Comp Pass! error percent: 0.000010%, golden result: 0.572351, dut result: 0.572351
Item25  Comp Pass! error percent: 0.000069%, golden result: 0.260378, dut result: 0.260378
Item26  Comp Pass! error percent: 0.000068%, golden result: 0.437520, dut result: 0.437520
Item27  Comp Pass! error percent: 0.000084%, golden result: 0.211616, dut result: 0.211616
Item28  Comp Pass! error percent: 0.000030%, golden result: 6.459109, dut result: 6.459111
===============================         29 Column Results    ======================================
Item0   Comp Pass! error percent: 0.000073%, golden result: 0.122918, dut result: 0.122918
Item1   Comp Pass! error percent: 0.000032%, golden result: 0.552202, dut result: 0.552202
Item2   Comp Pass! error percent: 0.000138%, golden result: 0.194998, dut result: 0.194998
Item3   Comp Pass! error percent: 0.000036%, golden result: 0.666045, dut result: 0.666045
Item4   Comp Pass! error percent: 0.000317%, golden result: 0.079813, dut result: 0.079813
Item5   Comp Pass! error percent: 0.000025%, golden result: 0.940967, dut result: 0.940966
Item6   Comp Pass! error percent: 0.000000%, golden result: 0.836756, dut result: 0.836756
Item7   Comp Pass! error percent: 0.000013%, golden result: 0.921045, dut result: 0.921045
Item8   Comp Pass! error percent: 0.000103%, golden result: 0.061443, dut result: 0.061443
Item9   Comp Pass! error percent: 0.001391%, golden result: 0.009375, dut result: 0.009375
Item10  Comp Pass! error percent: 0.000000%, golden result: 0.764217, dut result: 0.764217
Item11  Comp Pass! error percent: 0.000250%, golden result: 0.059598, dut result: 0.059599
Item12  Comp Pass! error percent: 0.000021%, golden result: 1.151344, dut result: 1.151345
Item13  Comp Pass! error percent: 0.000054%, golden result: 0.555014, dut result: 0.555014
Item14  Comp Pass! error percent: 0.000009%, golden result: 0.318641, dut result: 0.318642
Item15  Comp Pass! error percent: 0.000042%, golden result: 0.562310, dut result: 0.562310
Item16  Comp Pass! error percent: 0.000023%, golden result: 0.765242, dut result: 0.765243
Item17  Comp Pass! error percent: 0.000018%, golden result: 0.975135, dut result: 0.975135
Item18  Comp Pass! error percent: 0.000113%, golden result: 0.237628, dut result: 0.237628
Item19  Comp Pass! error percent: 0.000059%, golden result: 0.709027, dut result: 0.709028
Item20  Comp Pass! error percent: 0.000105%, golden result: 0.185213, dut result: 0.185213
Item21  Comp Pass! error percent: 0.000042%, golden result: 0.141391, dut result: 0.141391
Item22  Comp Pass! error percent: 0.000076%, golden result: 0.473536, dut result: 0.473536
Item23  Comp Pass! error percent: 0.000101%, golden result: 0.711361, dut result: 0.711361
Item24  Comp Pass! error percent: 0.000704%, golden result: 0.020631, dut result: 0.020631
Item25  Comp Pass! error percent: 0.000057%, golden result: 0.525036, dut result: 0.525036
Item26  Comp Pass! error percent: 0.000074%, golden result: 0.360816, dut result: 0.360815
Item27  Comp Pass! error percent: 0.000120%, golden result: 0.447863, dut result: 0.447863
Item28  Comp Pass! error percent: 0.000155%, golden result: 0.616065, dut result: 0.616066
Item29  Comp Pass! error percent: 0.000033%, golden result: 5.750738, dut result: 5.750740
===============================         30 Column Results    ======================================
Item0   Comp Pass! error percent: 0.000010%, golden result: 0.611517, dut result: 0.611517
Item1   Comp Pass! error percent: 0.000107%, golden result: 0.139808, dut result: 0.139808
Item2   Comp Pass! error percent: 0.000000%, golden result: 1.051225, dut result: 1.051225
Item3   Comp Pass! error percent: 0.000043%, golden result: 0.479959, dut result: 0.479959
Item4   Comp Pass! error percent: 0.000212%, golden result: 0.084244, dut result: 0.084244
Item5   Comp Pass! error percent: 0.000022%, golden result: 0.829186, dut result: 0.829186
Item6   Comp Pass! error percent: 0.000204%, golden result: 0.146430, dut result: 0.146430
Item7   Comp Pass! error percent: 0.000024%, golden result: 0.497709, dut result: 0.497709
Item8   Comp Pass! error percent: 0.000042%, golden result: 0.353737, dut result: 0.353737
Item9   Comp Pass! error percent: 0.000074%, golden result: 0.971420, dut result: 0.971420
Item10  Comp Pass! error percent: 0.000072%, golden result: 0.416220, dut result: 0.416220
Item11  Comp Pass! error percent: 0.000253%, golden result: 0.129678, dut result: 0.129678
Item12  Comp Pass! error percent: 0.000276%, golden result: 0.075604, dut result: 0.075604
Item13  Comp Pass! error percent: 0.000000%, golden result: 0.687069, dut result: 0.687069
Item14  Comp Pass! error percent: 0.000030%, golden result: 0.394476, dut result: 0.394475
Item15  Comp Pass! error percent: 0.000016%, golden result: 0.365676, dut result: 0.365676
Item16  Comp Pass! error percent: 0.005475%, golden result: 0.007076, dut result: 0.007076
Item17  Comp Pass! error percent: 0.000066%, golden result: 0.907752, dut result: 0.907752
Item18  Comp Pass! error percent: 0.000018%, golden result: 0.487345, dut result: 0.487345
Item19  Comp Pass! error percent: 0.000023%, golden result: 0.525949, dut result: 0.525949
Item20  Comp Pass! error percent: 0.000043%, golden result: 0.242244, dut result: 0.242244
Item21  Comp Pass! error percent: 0.000101%, golden result: 0.530091, dut result: 0.530091
Item22  Comp Pass! error percent: 0.000014%, golden result: 0.415938, dut result: 0.415938
Item23  Comp Pass! error percent: 0.000023%, golden result: 0.131727, dut result: 0.131727
Item24  Comp Pass! error percent: 0.000053%, golden result: 0.394016, dut result: 0.394016
Item25  Comp Pass! error percent: 0.000058%, golden result: 0.309454, dut result: 0.309454
Item26  Comp Pass! error percent: 0.000142%, golden result: 0.377542, dut result: 0.377543
Item27  Comp Pass! error percent: 0.000036%, golden result: 0.502403, dut result: 0.502403
Item28  Comp Pass! error percent: 0.001198%, golden result: 0.007461, dut result: 0.007461
Item29  Comp Pass! error percent: 0.000084%, golden result: 0.071370, dut result: 0.071370
Item30  Comp Pass! error percent: 0.000008%, golden result: 5.714554, dut result: 5.714555
===============================         31 Column Results    ======================================
Item0   Comp Pass! error percent: 0.000021%, golden result: 0.426580, dut result: 0.426580
Item1   Comp Pass! error percent: 0.000052%, golden result: 0.398049, dut result: 0.398049
Item2   Comp Pass! error percent: 0.000008%, golden result: 0.361310, dut result: 0.361310
Item3   Comp Pass! error percent: 0.000051%, golden result: 0.057962, dut result: 0.057962
Item4   Comp Pass! error percent: 0.000007%, golden result: 0.913255, dut result: 0.913255
Item5   Comp Pass! error percent: 0.000028%, golden result: 1.294250, dut result: 1.294250
Item6   Comp Pass! error percent: 0.000051%, golden result: 0.176009, dut result: 0.176009
Item7   Comp Pass! error percent: 0.000089%, golden result: 0.334558, dut result: 0.334558
Item8   Comp Pass! error percent: 0.000164%, golden result: 0.190769, dut result: 0.190770
Item9   Comp Pass! error percent: 0.000349%, golden result: 0.044782, dut result: 0.044782
Item10  Comp Pass! error percent: 0.000054%, golden result: 0.442679, dut result: 0.442679
Item11  Comp Pass! error percent: 0.000073%, golden result: 0.285031, dut result: 0.285031
Item12  Comp Pass! error percent: 0.000032%, golden result: 0.279814, dut result: 0.279814
Item13  Comp Pass! error percent: 0.000000%, golden result: 0.976761, dut result: 0.976761
Item14  Comp Pass! error percent: 0.000416%, golden result: 0.082409, dut result: 0.082409
Item15  Comp Pass! error percent: 0.000114%, golden result: 0.445931, dut result: 0.445930
Item16  Comp Pass! error percent: 0.000034%, golden result: 0.221982, dut result: 0.221982
Item17  Comp Pass! error percent: 0.000053%, golden result: 0.906213, dut result: 0.906213
Item18  Comp Pass! error percent: 0.000034%, golden result: 0.263694, dut result: 0.263694
Item19  Comp Pass! error percent: 0.000076%, golden result: 0.391684, dut result: 0.391684
Item20  Comp Pass! error percent: 0.000018%, golden result: 0.661806, dut result: 0.661806
Item21  Comp Pass! error percent: 0.000047%, golden result: 1.257043, dut result: 1.257044
Item22  Comp Pass! error percent: 0.000045%, golden result: 0.529328, dut result: 0.529327
Item23  Comp Pass! error percent: 0.001099%, golden result: 0.021025, dut result: 0.021026
Item24  Comp Pass! error percent: 0.000034%, golden result: 0.349103, dut result: 0.349103
Item25  Comp Pass! error percent: 0.000061%, golden result: 0.492381, dut result: 0.492381
Item26  Comp Pass! error percent: 0.001176%, golden result: 0.040552, dut result: 0.040552
Item27  Comp Pass! error percent: 0.000244%, golden result: 0.128249, dut result: 0.128249
Item28  Comp Pass! error percent: 0.000329%, golden result: 0.153865, dut result: 0.153866
Item29  Comp Pass! error percent: 0.000035%, golden result: 0.344862, dut result: 0.344862
Item30  Comp Pass! error percent: 0.000027%, golden result: 0.217324, dut result: 0.217324
Item31  Comp Pass! error percent: 0.000008%, golden result: 5.902744, dut result: 5.902744
