==========================================
Quad-core Simulation
Test case: ST16_RANDOM_TEST_2048X8
==========================================
===============================          0 Column Results    ======================================
Item0   Comp Pass! error percent: 0.000051%, golden result: 25.950563, dut result: 25.950577
===============================          1 Column Results    ======================================
Item0   Comp Pass! error percent: 0.004990%, golden result: 0.012205, dut result: 0.012205
Item1   Comp Pass! error percent: 0.000051%, golden result: 26.212152, dut result: 26.212166
===============================          2 Column Results    ======================================
Item0   Comp Pass! error percent: 0.000533%, golden result: 0.447360, dut result: 0.447362
Item1   Comp Pass! error percent: 0.000352%, golden result: 0.440265, dut result: 0.440267
Item2   Comp Pass! error percent: 0.000109%, golden result: 26.230772, dut result: 26.230801
===============================          3 Column Results    ======================================
Item0   Comp Pass! error percent: 0.001551%, golden result: 0.088397, dut result: 0.088395
Item1   Comp Pass! error percent: 0.000165%, golden result: 0.360341, dut result: 0.360341
Item2   Comp Pass! error percent: 0.000976%, golden result: 0.043523, dut result: 0.043523
Item3   Comp Pass! error percent: 0.000088%, golden result: 25.909485, dut result: 25.909508
===============================          4 Column Results    ======================================
Item0   Comp Pass! error percent: 0.000179%, golden result: 0.124780, dut result: 0.124779
Item1   Comp Pass! error percent: 0.000090%, golden result: 0.857364, dut result: 0.857365
Item2   Comp Pass! error percent: 0.000489%, golden result: 0.140176, dut result: 0.140177
Item3   Comp Pass! error percent: 0.002787%, golden result: 0.041708, dut result: 0.041707
Item4   Comp Pass! error percent: 0.000029%, golden result: 26.127369, dut result: 26.127377
===============================          5 Column Results    ======================================
Item0   Comp Pass! error percent: 0.000342%, golden result: 0.139248, dut result: 0.139247
Item1   Comp Pass! error percent: 0.000104%, golden result: 0.128546, dut result: 0.128546
Item2   Comp Pass! error percent: 0.000257%, golden result: 1.068147, dut result: 1.068149
Item3   Comp Pass! error percent: 0.000147%, golden result: 0.729654, dut result: 0.729655
Item4   Comp Pass! error percent: 0.000045%, golden result: 0.399461, dut result: 0.399462
Item5   Comp Pass! error percent: 0.000058%, golden result: 26.408039, dut result: 26.408054
===============================          6 Column Results    ======================================
Item0   Comp Pass! error percent: 0.000229%, golden result: 0.521323, dut result: 0.521324
Item1   Comp Pass! error percent: 0.000527%, golden result: 0.124320, dut result: 0.124321
Item2   Comp Pass! error percent: 0.036302%, golden result: 0.004597, dut result: 0.004599
Item3   Comp Pass! error percent: 0.000376%, golden result: 0.633708, dut result: 0.633711
Item4   Comp Pass! error percent: 0.000196%, golden result: 0.578710, dut result: 0.578711
Item5   Comp Pass! error percent: 0.000193%, golden result: 0.077236, dut result: 0.077236
Item6   Comp Pass! error percent: 0.000058%, golden result: 26.400867, dut result: 26.400883
===============================          7 Column Results    ======================================
Item0   Comp Pass! error percent: 0.000148%, golden result: 0.684517, dut result: 0.684516
Item1   Comp Pass! error percent: 0.000009%, golden result: 1.369167, dut result: 1.369167
Item2   Comp Pass! error percent: 0.000300%, golden result: 0.675578, dut result: 0.675580
Item3   Comp Pass! error percent: 0.000595%, golden result: 0.340609, dut result: 0.340611
Item4   Comp Pass! error percent: 0.000212%, golden result: 1.069926, dut result: 1.069928
Item5   Comp Pass! error percent: 0.000189%, golden result: 1.011728, dut result: 1.011730
Item6   Comp Pass! error percent: 0.000023%, golden result: 0.261366, dut result: 0.261366
Item7   Comp Pass! error percent: 0.000044%, golden result: 26.210007, dut result: 26.210018
