==========================================
Quad-core Simulation
Test case: ST16_RANDOM_TEST_192X8
==========================================
===============================          0 Column Results    ======================================
Item0   Comp Pass! error percent: 0.000012%, golden result: 8.003550, dut result: 8.003551
===============================          1 Column Results    ======================================
Item0   Comp Pass! error percent: 0.000000%, golden result: 1.235253, dut result: 1.235253
Item1   Comp Pass! error percent: 0.000025%, golden result: 7.745564, dut result: 7.745565
===============================          2 Column Results    ======================================
Item0   Comp Pass! error percent: 0.000044%, golden result: 0.958742, dut result: 0.958741
Item1   Comp Pass! error percent: 0.000176%, golden result: 0.152488, dut result: 0.152488
Item2   Comp Pass! error percent: 0.000025%, golden result: 7.632406, dut result: 7.632408
===============================          3 Column Results    ======================================
Item0   Comp Pass! error percent: 0.000172%, golden result: 0.486119, dut result: 0.486120
Item1   Comp Pass! error percent: 0.000107%, golden result: 0.614709, dut result: 0.614710
Item2   Comp Pass! error percent: 0.000131%, golden result: 0.544715, dut result: 0.544716
Item3   Comp Pass! error percent: 0.000000%, golden result: 7.965123, dut result: 7.965123
===============================          4 Column Results    ======================================
Item0   Comp Pass! error percent: 0.000088%, golden result: 0.406694, dut result: 0.406693
Item1   Comp Pass! error percent: 0.000207%, golden result: 0.086547, dut result: 0.086548
Item2   Comp Pass! error percent: 0.000115%, golden result: 0.826310, dut result: 0.826311
Item3   Comp Pass! error percent: 0.000074%, golden result: 1.289540, dut result: 1.289541
Item4   Comp Pass! error percent: 0.000018%, golden result: 7.834990, dut result: 7.834991
===============================          5 Column Results    ======================================
Item0   Comp Pass! error percent: 0.000021%, golden result: 0.430002, dut result: 0.430001
Item1   Comp Pass! error percent: 0.000031%, golden result: 0.382141, dut result: 0.382141
Item2   Comp Pass! error percent: 0.000000%, golden result: 0.724042, dut result: 0.724042
Item3   Comp Pass! error percent: 0.000008%, golden result: 0.191489, dut result: 0.191489
Item4   Comp Pass! error percent: 0.000057%, golden result: 1.043949, dut result: 1.043950
Item5   Comp Pass! error percent: 0.000000%, golden result: 7.809794, dut result: 7.809794
===============================          6 Column Results    ======================================
Item0   Comp Pass! error percent: 0.000069%, golden result: 0.858562, dut result: 0.858562
Item1   Comp Pass! error percent: 0.000139%, golden result: 0.598922, dut result: 0.598923
Item2   Comp Pass! error percent: 0.005148%, golden result: 0.008684, dut result: 0.008685
Item3   Comp Pass! error percent: 0.000166%, golden result: 0.232932, dut result: 0.232931
Item4   Comp Pass! error percent: 0.000144%, golden result: 0.310808, dut result: 0.310809
Item5   Comp Pass! error percent: 0.000000%, golden result: 0.536603, dut result: 0.536603
Item6   Comp Pass! error percent: 0.000024%, golden result: 8.049951, dut result: 8.049953
===============================          7 Column Results    ======================================
Item0   Comp Pass! error percent: 0.000399%, golden result: 0.056028, dut result: 0.056028
Item1   Comp Pass! error percent: 0.004427%, golden result: 0.008751, dut result: 0.008751
Item2   Comp Pass! error percent: 0.000068%, golden result: 0.220621, dut result: 0.220621
Item3   Comp Pass! error percent: 0.000892%, golden result: 0.113631, dut result: 0.113630
Item4   Comp Pass! error percent: 0.000029%, golden result: 0.808664, dut result: 0.808664
Item5   Comp Pass! error percent: 0.000091%, golden result: 0.326471, dut result: 0.326470
Item6   Comp Pass! error percent: 0.000353%, golden result: 0.124362, dut result: 0.124362
Item7   Comp Pass! error percent: 0.000037%, golden result: 7.749004, dut result: 7.749007
