==========================================
Quad-core Simulation
Test case: ST16_RANDOM_TEST_128X8
==========================================
===============================          0 Column Results    ======================================
Item0   Comp Pass! error percent: 0.000014%, golden result: 6.792026, dut result: 6.792027
===============================          1 Column Results    ======================================
Item0   Comp Pass! error percent: 0.000032%, golden result: 0.376537, dut result: 0.376537
Item1   Comp Pass! error percent: 0.000031%, golden result: 6.119631, dut result: 6.119633
===============================          2 Column Results    ======================================
Item0   Comp Pass! error percent: 0.000012%, golden result: 0.489655, dut result: 0.489655
Item1   Comp Pass! error percent: 0.000000%, golden result: 0.774230, dut result: 0.774230
Item2   Comp Pass! error percent: 0.000015%, golden result: 6.466195, dut result: 6.466196
===============================          3 Column Results    ======================================
Item0   Comp Pass! error percent: 0.000027%, golden result: 0.443530, dut result: 0.443530
Item1   Comp Pass! error percent: 0.000167%, golden result: 0.249991, dut result: 0.249991
Item2   Comp Pass! error percent: 0.000019%, golden result: 0.480200, dut result: 0.480200
Item3   Comp Pass! error percent: 0.000008%, golden result: 5.871727, dut result: 5.871728
===============================          4 Column Results    ======================================
Item0   Comp Pass! error percent: 0.000667%, golden result: 0.029047, dut result: 0.029047
Item1   Comp Pass! error percent: 0.000245%, golden result: 0.158042, dut result: 0.158043
Item2   Comp Pass! error percent: 0.000039%, golden result: 0.770483, dut result: 0.770484
Item3   Comp Pass! error percent: 0.000000%, golden result: 1.037086, dut result: 1.037086
Item4   Comp Pass! error percent: 0.000023%, golden result: 6.252440, dut result: 6.252441
===============================          5 Column Results    ======================================
Item0   Comp Pass! error percent: 0.000119%, golden result: 0.238848, dut result: 0.238848
Item1   Comp Pass! error percent: 0.000247%, golden result: 0.043705, dut result: 0.043705
Item2   Comp Pass! error percent: 0.000211%, golden result: 0.028265, dut result: 0.028265
Item3   Comp Pass! error percent: 0.000014%, golden result: 0.206401, dut result: 0.206401
Item4   Comp Pass! error percent: 0.000011%, golden result: 0.532700, dut result: 0.532700
Item5   Comp Pass! error percent: 0.000028%, golden result: 6.840870, dut result: 6.840872
===============================          6 Column Results    ======================================
Item0   Comp Pass! error percent: 0.000058%, golden result: 0.621281, dut result: 0.621281
Item1   Comp Pass! error percent: 0.000092%, golden result: 0.144996, dut result: 0.144997
Item2   Comp Pass! error percent: 0.000024%, golden result: 0.499749, dut result: 0.499749
Item3   Comp Pass! error percent: 0.000106%, golden result: 0.154050, dut result: 0.154050
Item4   Comp Pass! error percent: 0.000035%, golden result: 0.343876, dut result: 0.343876
Item5   Comp Pass! error percent: 0.000083%, golden result: 0.464155, dut result: 0.464154
Item6   Comp Pass! error percent: 0.000023%, golden result: 6.309893, dut result: 6.309892
===============================          7 Column Results    ======================================
Item0   Comp Pass! error percent: 0.000051%, golden result: 0.928027, dut result: 0.928027
Item1   Comp Pass! error percent: 0.000010%, golden result: 0.309029, dut result: 0.309029
Item2   Comp Pass! error percent: 0.000085%, golden result: 0.279512, dut result: 0.279512
Item3   Comp Pass! error percent: 0.000055%, golden result: 1.292975, dut result: 1.292976
Item4   Comp Pass! error percent: 0.000011%, golden result: 0.528327, dut result: 0.528327
Item5   Comp Pass! error percent: 0.000072%, golden result: 0.664995, dut result: 0.664994
Item6   Comp Pass! error percent: 0.000083%, golden result: 0.179841, dut result: 0.179841
Item7   Comp Pass! error percent: 0.000000%, golden result: 5.937406, dut result: 5.937406
